20:03:40.734 [main                     ] DEBUG Logger               - Configured Logger
20:03:40.763 [main                     ] DEBUG GameApplication      - Logging settings
Title: 90 Tank
Version: Version 0.3
Width: 816
Height: 672
Fullscreen: false
Intro: false
Profiling: false
Single step:false
App Mode: DEVELOPER
Menu Key: ESCAPE
Stage Style: DECORATED
Scene Factory: class com.csu.tank.TankApp$1

20:03:41.057 [JavaFX Application Thread] DEBUG FXGLApplication      - Initializing FXGL
20:03:41.061 [JavaFX Application Thread] INFO  Engine               - FXGL-17.1 (24.03.2022 17.34) on WINDOWS (J:17.0.1 FX:18)
20:03:41.061 [JavaFX Application Thread] DEBUG Engine               - JRE Vendor Name: Oracle Corporation
20:03:41.062 [JavaFX Application Thread] DEBUG Engine               - Running on OS: Windows 10 version 10.0
20:03:41.062 [JavaFX Application Thread] DEBUG Engine               - Architecture: amd64
20:03:41.062 [JavaFX Application Thread] INFO  Engine               - Source code and latest versions at: https://github.com/AlmasB/FXGL
20:03:41.062 [JavaFX Application Thread] INFO  Engine               -       Ask questions and discuss at: https://github.com/AlmasB/FXGL/discussions
20:03:41.063 [JavaFX Application Thread] INFO  Engine               -              Join the FXGL chat at: https://gitter.im/AlmasB/FXGL
20:03:41.134 [JavaFX Application Thread] DEBUG PrimaryStageWindow   - Creating a JavaFX scene
20:03:41.176 [JavaFX Application Thread] DEBUG PrimaryStageWindow   - Target settings size: 816.0 x 672.0
20:03:41.177 [JavaFX Application Thread] DEBUG PrimaryStageWindow   - Scaled scene size:    816.0 x 672.0
20:03:41.177 [JavaFX Application Thread] DEBUG PrimaryStageWindow   - Scaled ratio: (1.0, 1.0)
20:03:41.178 [JavaFX Application Thread] DEBUG PrimaryStageWindow   - Set initial scene to GameStartupScene
20:03:41.182 [JavaFX Application Thread] DEBUG PrimaryStageWindow   - Opening main window
20:03:41.352 [JavaFX Application Thread] DEBUG PrimaryStageWindow   - Window border size: (14.4000244140625, 37.5999755859375)
20:03:41.352 [JavaFX Application Thread] DEBUG PrimaryStageWindow   - Scaled size: 816.0 x 672.0
20:03:41.353 [JavaFX Application Thread] DEBUG PrimaryStageWindow   - Scaled ratio: (1.0, 1.0)
20:03:41.353 [JavaFX Application Thread] DEBUG PrimaryStageWindow   - Scene size: 816.0 x 672.0
20:03:41.353 [JavaFX Application Thread] DEBUG PrimaryStageWindow   - Stage size: 830.4000244140625 x 709.5999755859375
20:03:41.358 [FXGL Background Thread 1 ] DEBUG Engine               - Initializing environment variables
20:03:41.393 [FXGL Background Thread 1 ] DEBUG FXGLAssetLoaderServi - User app class for loading assets: class com.csu.tank.TankApp
20:03:41.393 [FXGL Background Thread 1 ] DEBUG GameApplicationServi - Applying CSS: fxgl_dark.css
20:03:41.394 [FXGL Background Thread 1 ] DEBUG FXGLAssetLoaderServi - Loading from file system: jar:file:///C:/Users/wangshifu/.m2/repository/com/github/almasb/fxgl/17.1/fxgl-17.1.jar!/fxglassets/ui/css/fxgl_dark.css
20:03:41.410 [FXGL Background Thread 1 ] DEBUG GameApplicationServi - Applying CSS: tankApp.css
20:03:41.412 [FXGL Background Thread 1 ] DEBUG FXGLAssetLoaderServi - Loading from file system: file:/C:/Users/wangshifu/IdeaProjects/git/target/classes/assets/ui/css/tankApp.css
20:03:41.414 [FXGL Background Thread 1 ] DEBUG GameApplicationServi - Initializing application scenes
20:03:41.420 [FXGL Background Thread 1 ] DEBUG GameWorld            - Game world initialized
20:03:41.466 [FXGL Background Thread 1 ] DEBUG PhysicsWorld         - Physics world initialized: appHeight=672, physics.ppm=50.0
20:03:41.466 [FXGL Background Thread 1 ] DEBUG PhysicsWorld         - Using strategy: BRUTE_FORCE
20:03:41.472 [FXGL Background Thread 1 ] DEBUG GameScene            - Game scene initialized: 816x672
20:03:41.475 [FXGL Background Thread 1 ] DEBUG FXGLAssetLoaderServi - Loading from file system: file:/C:/Users/wangshifu/IdeaProjects/git/target/classes/assets/textures/ui/logo.png
20:03:41.489 [FXGL Background Thread 1 ] DEBUG FXGLAssetLoaderServi - Loading from file system: file:/C:/Users/wangshifu/IdeaProjects/git/target/classes/assets/textures/ui/icon.png
20:03:41.506 [FXGL Background Thread 1 ] DEBUG FXGLAssetLoaderServi - Loading from file system: file:/C:/Users/wangshifu/IdeaProjects/git/target/classes/assets/textures/ui/tankLoading.png
20:03:41.533 [FXGL Background Thread 1 ] DEBUG FXGLAssetLoaderServi - Loading from file system: file:/C:/Users/wangshifu/IdeaProjects/git/target/classes/assets/textures/ui/fxgl.png
20:03:41.571 [FXGL Background Thread 1 ] DEBUG FXGL.DefaultMenu     - createMenuBodyGameMenu()
20:03:41.578 [FXGL Background Thread 1 ] DEBUG FXGL.DefaultMenu     - createOptionsMenu()
20:03:41.585 [FXGL Background Thread 1 ] DEBUG FXGLAssetLoaderServi - Loading from file system: jar:file:///C:/Users/wangshifu/.m2/repository/com/github/almasb/fxgl/17.1/fxgl-17.1.jar!/fxglassets/textures/particles/smoke.png
20:03:41.669 [FXGL Background Thread 1 ] DEBUG FXGLAssetLoaderServi - Loading from file system: jar:file:///C:/Users/wangshifu/.m2/repository/com/github/almasb/fxgl/17.1/fxgl-17.1.jar!/fxglassets/textures/particles/trace_horizontal.png
20:03:41.689 [FXGL Background Thread 1 ] DEBUG GameApplicationServi - Application scenes initialized
20:03:41.698 [FXGL Background Thread 1 ] DEBUG SystemBundleService  - Loading FXGL system data
20:03:41.703 [FXGL Background Thread 1 ] DEBUG FileSystemAccess     - Reading from: C:\Users\wangshifu\IdeaProjects\git\system\fxgl.bundle
20:03:41.708 [FXGL Background Thread 1 ] DEBUG SystemBundleService  - Bundle FXGL: {}
20:03:41.708 [FXGL Background Thread 1 ] DEBUG UpdaterService       - Checking for updates
20:03:41.711 [FXGL Background Thread 1 ] DEBUG FXGLApplication      - Loading default localization
20:03:41.711 [FXGL Background Thread 4 ] DEBUG FXGLApplication      - Loading fonts
20:03:41.711 [FXGL Background Thread 1 ] DEBUG FXGLAssetLoaderServi - Loading from file system: jar:file:///C:/Users/wangshifu/.m2/repository/com/github/almasb/fxgl/17.1/fxgl-17.1.jar!/fxglassets/languages/english.lang
20:03:41.711 [FXGL Background Thread 4 ] DEBUG FXGLAssetLoaderServi - Loading from file system: jar:file:///C:/Users/wangshifu/.m2/repository/com/github/almasb/fxgl/17.1/fxgl-17.1.jar!/fxglassets/ui/fonts/VarelaRound-Regular.ttf
20:03:41.730 [FXGL Background Thread 1 ] INFO  FXGLApplication      - FXGL initialization took: 0.371 sec
20:03:41.739 [JavaFX Application Thread] DEBUG Input                - Registered new binding: action0 - Backspace
20:03:41.739 [JavaFX Application Thread] DEBUG Input                - Registered new binding: action1 - F1
20:03:41.741 [JavaFX Application Thread] DEBUG Input                - Registered new binding: action2 - W
20:03:41.742 [JavaFX Application Thread] DEBUG Input                - Registered new binding: action3 - S
20:03:41.742 [JavaFX Application Thread] DEBUG Input                - Registered new binding: action4 - A
20:03:41.743 [JavaFX Application Thread] DEBUG Input                - Registered new binding: action5 - D
20:03:41.743 [JavaFX Application Thread] DEBUG Input                - Registered new binding: action6 - Space
20:03:41.743 [JavaFX Application Thread] DEBUG Input                - Registered new binding: action7 - Up
20:03:41.744 [JavaFX Application Thread] DEBUG Input                - Registered new binding: action8 - Down
20:03:41.744 [JavaFX Application Thread] DEBUG Input                - Registered new binding: action9 - Left
20:03:41.745 [JavaFX Application Thread] DEBUG Input                - Registered new binding: action10 - Right
20:03:41.745 [JavaFX Application Thread] DEBUG Input                - Registered new binding: action11 - Numpad 0
20:03:41.746 [JavaFX Application Thread] DEBUG Input                - Registered new binding: action12 - Enter
20:03:41.755 [JavaFX Application Thread] DEBUG FXGLAssetLoaderServi - Loading from file system: file:/C:/Users/wangshifu/IdeaProjects/git/target/classes/assets/textures/ui/cursor.png
20:03:41.760 [JavaFX Application Thread] DEBUG Input                - Registered new binding: Screenshot - CTRL+8
20:03:41.762 [JavaFX Application Thread] DEBUG Input                - Registered new binding: System info dump - CTRL+9
20:03:41.763 [JavaFX Application Thread] DEBUG Input                - Registered new binding: Restart - CTRL+R
20:03:41.766 [JavaFX Application Thread] DEBUG Input                - Registered new binding: Toggle Debug Camera - CTRL+7
20:03:41.766 [FXGL Background Thread 4 ] DEBUG FXGLAssetLoaderServi - Loading from file system: jar:file:///C:/Users/wangshifu/.m2/repository/com/github/almasb/fxgl/17.1/fxgl-17.1.jar!/fxglassets/ui/fonts/Abel-Regular.ttf
20:03:41.769 [FXGL Background Thread 4 ] DEBUG FXGLAssetLoaderServi - Loading from file system: jar:file:///C:/Users/wangshifu/.m2/repository/com/github/almasb/fxgl/17.1/fxgl-17.1.jar!/fxglassets/ui/fonts/TerminalLandMono-Regular.otf
20:03:41.772 [FXGL Background Thread 4 ] DEBUG FXGLAssetLoaderServi - Loading from file system: jar:file:///C:/Users/wangshifu/.m2/repository/com/github/almasb/fxgl/17.1/fxgl-17.1.jar!/fxglassets/ui/fonts/Courier-Prime.ttf
20:03:41.772 [JavaFX Application Thread] DEBUG LoopRunner           - Starting loop
20:03:41.772 [JavaFX Application Thread] DEBUG LoopRunner           - Initializing JavaFX AnimationTimerLoop
20:03:41.779 [JavaFX Application Thread] DEBUG Input                - Clearing active input actions
20:03:41.786 [JavaFX Application Thread] DEBUG GameApplicationServi - Removing overlay from GameStartupScene and adding to FXGLMainMenuDummyScene
20:03:41.787 [JavaFX Application Thread] DEBUG PrimaryStageWindow   - GameStartupScene -> FXGLMainMenuDummyScene
20:03:41.787 [JavaFX Application Thread] DEBUG PrimaryStageWindow   - Push state: GameMainMenu
20:03:41.787 [JavaFX Application Thread] DEBUG FXGLAssetLoaderServi - Loading from file system: file:/C:/Users/wangshifu/IdeaProjects/git/target/classes/assets/sounds/mainMenuLoad.wav
20:03:41.886 [JavaFX Application Thread] DEBUG Input                - Clearing active input actions
20:03:41.890 [JavaFX Application Thread] DEBUG GameApplicationServi - Removing overlay from FXGLMainMenuDummyScene and adding to GameMainMenu
20:03:41.891 [JavaFX Application Thread] DEBUG PrimaryStageWindow   - FXGLMainMenuDummyScene -> GameMainMenu
20:03:41.891 [JavaFX Application Thread] DEBUG FXGLApplication      - Registering font factories with UI factory
20:03:42.056 [FXGL Background Thread 2 ] WARN  UpdaterService       - Failed to find updates: javax.net.ssl.SSLHandshakeException: PKIX path building failed: sun.security.provider.certpath.SunCertPathBuilderException: unable to find valid certification path to requested target
20:03:43.897 [JavaFX Application Thread] DEBUG FXGLAssetLoaderServi - Loading from file system: file:/C:/Users/wangshifu/IdeaProjects/git/target/classes/assets/sounds/mainMenuHover.wav
20:03:44.711 [FXGL Background Thread 3 ] DEBUG Engine               - Logging environment variables
20:03:44.712 [FXGL Background Thread 3 ] DEBUG Engine               - achievements: []
20:03:44.713 [FXGL Background Thread 3 ] DEBUG Engine               - actualHeight: 672.0
20:03:44.713 [FXGL Background Thread 3 ] DEBUG Engine               - actualHeightProperty: ReadOnlyDoubleProperty [value: 672.0]
20:03:44.713 [FXGL Background Thread 3 ] DEBUG Engine               - actualWidth: 816.0
20:03:44.713 [FXGL Background Thread 3 ] DEBUG Engine               - actualWidthProperty: ReadOnlyDoubleProperty [value: 816.0]
20:03:44.714 [FXGL Background Thread 3 ] DEBUG Engine               - appIcon: ui/icon.png
20:03:44.714 [FXGL Background Thread 3 ] DEBUG Engine               - applicationMode: DEVELOPER
20:03:44.714 [FXGL Background Thread 3 ] DEBUG Engine               - cSSList: [fxgl_dark.css, tankApp.css]
20:03:44.714 [FXGL Background Thread 3 ] DEBUG Engine               - collisionDetectionStrategy: BRUTE_FORCE
20:03:44.714 [FXGL Background Thread 3 ] DEBUG Engine               - configClass: Optional.empty
20:03:44.715 [FXGL Background Thread 3 ] DEBUG Engine               - credits: []
20:03:44.716 [FXGL Background Thread 3 ] DEBUG Engine               - defaultCursor: CursorInfo(imageName=ui/cursor.png, hotspotX=0.0, hotspotY=0.0)
20:03:44.717 [FXGL Background Thread 3 ] DEBUG Engine               - devBBoxColorProperty: ObjectProperty [value: 0xff0000ff]
20:03:44.717 [FXGL Background Thread 3 ] DEBUG Engine               - devEnableDebugCameraProperty: BooleanProperty [value: false]
20:03:44.717 [FXGL Background Thread 3 ] DEBUG Engine               - devSensorColorProperty: ObjectProperty [value: 0xffff00ff]
20:03:44.717 [FXGL Background Thread 3 ] DEBUG Engine               - devShowBBoxProperty: BooleanProperty [value: false]
20:03:44.717 [FXGL Background Thread 3 ] DEBUG Engine               - devShowPositionProperty: BooleanProperty [value: false]
20:03:44.718 [FXGL Background Thread 3 ] DEBUG Engine               - enabledMenuItems: []
20:03:44.718 [FXGL Background Thread 3 ] DEBUG Engine               - engineServices: [class com.almasb.fxgl.app.services.FXGLAssetLoaderService, class com.almasb.fxgl.app.FXGLApplication$GameApplicationService, class com.almasb.fxgl.app.services.FXGLDialogService, class com.almasb.fxgl.app.services.IOTaskExecutorService, class com.almasb.fxgl.io.FileSystemService, class com.almasb.fxgl.localization.LocalizationService, class com.almasb.fxgl.app.services.SystemBundleService, class com.almasb.fxgl.profile.SaveLoadService, class com.almasb.fxgl.ui.FXGLUIFactoryServiceProvider, class com.almasb.fxgl.ui.FXGLDialogFactoryServiceProvider, class com.almasb.fxgl.audio.AudioPlayer, class com.almasb.fxgl.notification.impl.NotificationServiceProvider, class com.almasb.fxgl.achievement.AchievementService, class com.almasb.fxgl.cutscene.CutsceneService, class com.almasb.fxgl.minigames.MiniGameService, class com.almasb.fxgl.net.NetService, class com.almasb.fxgl.app.services.UpdaterService, class com.almasb.fxgl.dev.DevService]
20:03:44.719 [FXGL Background Thread 3 ] DEBUG Engine               - fontGame: Abel-Regular.ttf
20:03:44.719 [FXGL Background Thread 3 ] DEBUG Engine               - fontMono: TerminalLandMono-Regular.otf
20:03:44.719 [FXGL Background Thread 3 ] DEBUG Engine               - fontText: Courier-Prime.ttf
20:03:44.719 [FXGL Background Thread 3 ] DEBUG Engine               - fontUI: VarelaRound-Regular.ttf
20:03:44.719 [FXGL Background Thread 3 ] DEBUG Engine               - fullScreen: BooleanProperty [value: false]
20:03:44.719 [FXGL Background Thread 3 ] DEBUG Engine               - gameDifficulty: MEDIUM
20:03:44.719 [FXGL Background Thread 3 ] DEBUG Engine               - gameDifficultyProperty: ObjectProperty [value: MEDIUM]
20:03:44.720 [FXGL Background Thread 3 ] DEBUG Engine               - globalMusicVolume: 0.5
20:03:44.720 [FXGL Background Thread 3 ] DEBUG Engine               - globalMusicVolumeProperty: DoubleProperty [value: 0.5]
20:03:44.720 [FXGL Background Thread 3 ] DEBUG Engine               - globalSoundVolume: 0.5
20:03:44.720 [FXGL Background Thread 3 ] DEBUG Engine               - globalSoundVolumeProperty: DoubleProperty [value: 0.5]
20:03:44.721 [FXGL Background Thread 3 ] DEBUG Engine               - height: 672
20:03:44.721 [FXGL Background Thread 3 ] DEBUG Engine               - is3D: false
20:03:44.721 [FXGL Background Thread 3 ] DEBUG Engine               - isAndroid: false
20:03:44.721 [FXGL Background Thread 3 ] DEBUG Engine               - isBrowser: false
20:03:44.721 [FXGL Background Thread 3 ] DEBUG Engine               - isClickFeedbackEnabled: false
20:03:44.721 [FXGL Background Thread 3 ] DEBUG Engine               - isCloseConfirmation: false
20:03:44.721 [FXGL Background Thread 3 ] DEBUG Engine               - isDesktop: true
20:03:44.721 [FXGL Background Thread 3 ] DEBUG Engine               - isDeveloperMenuEnabled: false
20:03:44.721 [FXGL Background Thread 3 ] DEBUG Engine               - isEmbedded: false
20:03:44.721 [FXGL Background Thread 3 ] DEBUG Engine               - isEntityPreloadEnabled: true
20:03:44.721 [FXGL Background Thread 3 ] DEBUG Engine               - isExperimentalTiledLargeMap: false
20:03:44.721 [FXGL Background Thread 3 ] DEBUG Engine               - isFileSystemWriteAllowed: true
20:03:44.721 [FXGL Background Thread 3 ] DEBUG Engine               - isFullScreenAllowed: false
20:03:44.722 [FXGL Background Thread 3 ] DEBUG Engine               - isFullScreenFromStart: false
20:03:44.722 [FXGL Background Thread 3 ] DEBUG Engine               - isGameMenuEnabled: true
20:03:44.722 [FXGL Background Thread 3 ] DEBUG Engine               - isIOS: false
20:03:44.722 [FXGL Background Thread 3 ] DEBUG Engine               - isIntroEnabled: false
20:03:44.723 [FXGL Background Thread 3 ] DEBUG Engine               - isLinux: false
20:03:44.723 [FXGL Background Thread 3 ] DEBUG Engine               - isMac: false
20:03:44.723 [FXGL Background Thread 3 ] DEBUG Engine               - isMainMenuEnabled: true
20:03:44.723 [FXGL Background Thread 3 ] DEBUG Engine               - isManualResizeEnabled: false
20:03:44.723 [FXGL Background Thread 3 ] DEBUG Engine               - isMobile: false
20:03:44.723 [FXGL Background Thread 3 ] DEBUG Engine               - isNative: false
20:03:44.723 [FXGL Background Thread 3 ] DEBUG Engine               - isPauseMusicWhenMinimized: true
20:03:44.723 [FXGL Background Thread 3 ] DEBUG Engine               - isPreserveResizeRatio: false
20:03:44.723 [FXGL Background Thread 3 ] DEBUG Engine               - isProfilingEnabled: false
20:03:44.723 [FXGL Background Thread 3 ] DEBUG Engine               - isScaleAffectedOnResize: true
20:03:44.723 [FXGL Background Thread 3 ] DEBUG Engine               - isSingleStep: false
20:03:44.723 [FXGL Background Thread 3 ] DEBUG Engine               - isUserProfileEnabled: false
20:03:44.724 [FXGL Background Thread 3 ] DEBUG Engine               - isWindows: true
20:03:44.724 [FXGL Background Thread 3 ] DEBUG Engine               - language: ObjectProperty [value: ENGLISH]
20:03:44.724 [FXGL Background Thread 3 ] DEBUG Engine               - menuKey: ESCAPE
20:03:44.724 [FXGL Background Thread 3 ] DEBUG Engine               - mouseSensitivity: 0.2
20:03:44.724 [FXGL Background Thread 3 ] DEBUG Engine               - notificationViewClass: class com.almasb.fxgl.notification.view.XboxNotificationView
20:03:44.724 [FXGL Background Thread 3 ] DEBUG Engine               - pixelsPerMeter: 50.0
20:03:44.724 [FXGL Background Thread 3 ] DEBUG Engine               - platform: WINDOWS
20:03:44.724 [FXGL Background Thread 3 ] DEBUG Engine               - prefHeightProperty: ReadOnlyDoubleProperty [value: 672.0]
20:03:44.724 [FXGL Background Thread 3 ] DEBUG Engine               - prefWidthProperty: ReadOnlyDoubleProperty [value: 816.0]
20:03:44.725 [FXGL Background Thread 3 ] DEBUG Engine               - profileDir: profiles/
20:03:44.725 [FXGL Background Thread 3 ] DEBUG Engine               - profileName: StringProperty [value: DEFAULT]
20:03:44.725 [FXGL Background Thread 3 ] DEBUG Engine               - randomSeed: -1
20:03:44.725 [FXGL Background Thread 3 ] DEBUG Engine               - runtimeInfo: RuntimeInfo(platform=WINDOWS, version=17.1, build=24.03.2022 17.34)
20:03:44.725 [FXGL Background Thread 3 ] DEBUG Engine               - saveFileExt: sav
20:03:44.725 [FXGL Background Thread 3 ] DEBUG Engine               - scaledHeightProp$fxgl: DoubleProperty [bound, value: 672.0]
20:03:44.725 [FXGL Background Thread 3 ] DEBUG Engine               - scaledWidthProp$fxgl: DoubleProperty [bound, value: 816.0]
20:03:44.725 [FXGL Background Thread 3 ] DEBUG Engine               - sceneFactory: com.csu.tank.TankApp$1@42a28e76
20:03:44.726 [FXGL Background Thread 3 ] DEBUG Engine               - secondsIn24h: 60
20:03:44.726 [FXGL Background Thread 3 ] DEBUG Engine               - soundMenuBack: menu/back.wav
20:03:44.726 [FXGL Background Thread 3 ] DEBUG Engine               - soundMenuPress: menu/press.wav
20:03:44.726 [FXGL Background Thread 3 ] DEBUG Engine               - soundMenuSelect: menu/select.wav
20:03:44.726 [FXGL Background Thread 3 ] DEBUG Engine               - soundNotification: core/notification.wav
20:03:44.726 [FXGL Background Thread 3 ] DEBUG Engine               - stageStyle: DECORATED
20:03:44.726 [FXGL Background Thread 3 ] DEBUG Engine               - supportedLanguages: [ENGLISH, FRENCH, GERMAN, HUNGARIAN, RUSSIAN]
20:03:44.726 [FXGL Background Thread 3 ] DEBUG Engine               - ticksPerSecond: -1
20:03:44.726 [FXGL Background Thread 3 ] DEBUG Engine               - title: 90 Tank
20:03:44.726 [FXGL Background Thread 3 ] DEBUG Engine               - urlGithub: https://github.com/AlmasB/FXGL
20:03:44.726 [FXGL Background Thread 3 ] DEBUG Engine               - urlLeaderboard: http://fxgl-top.herokuapp.com/
20:03:44.726 [FXGL Background Thread 3 ] DEBUG Engine               - urlPOM: https://raw.githubusercontent.com/AlmasB/FXGL/release/README.md
20:03:44.726 [FXGL Background Thread 3 ] DEBUG Engine               - userAppClass: class com.csu.tank.TankApp
20:03:44.726 [FXGL Background Thread 3 ] DEBUG Engine               - version: Version 0.3
20:03:44.726 [FXGL Background Thread 3 ] DEBUG Engine               - versionCheckDays: 7
20:03:44.726 [FXGL Background Thread 3 ] DEBUG Engine               - width: 816
20:03:44.726 [FXGL Background Thread 3 ] DEBUG Engine               - Logging services
20:03:44.726 [FXGL Background Thread 3 ] DEBUG Engine               - class com.almasb.fxgl.app.services.FXGLAssetLoaderService
20:03:44.726 [FXGL Background Thread 3 ] DEBUG Engine               - class com.almasb.fxgl.app.FXGLApplication$GameApplicationService
20:03:44.726 [FXGL Background Thread 3 ] DEBUG Engine               - class com.almasb.fxgl.app.services.FXGLDialogService
20:03:44.726 [FXGL Background Thread 3 ] DEBUG Engine               - class com.almasb.fxgl.app.services.IOTaskExecutorService
20:03:44.727 [FXGL Background Thread 3 ] DEBUG Engine               - class com.almasb.fxgl.io.FileSystemService
20:03:44.727 [FXGL Background Thread 3 ] DEBUG Engine               - class com.almasb.fxgl.localization.LocalizationService
20:03:44.727 [FXGL Background Thread 3 ] DEBUG Engine               - class com.almasb.fxgl.app.services.SystemBundleService
20:03:44.727 [FXGL Background Thread 3 ] DEBUG Engine               - class com.almasb.fxgl.profile.SaveLoadService
20:03:44.727 [FXGL Background Thread 3 ] DEBUG Engine               - class com.almasb.fxgl.ui.FXGLUIFactoryServiceProvider
20:03:44.727 [FXGL Background Thread 3 ] DEBUG Engine               - class com.almasb.fxgl.ui.FXGLDialogFactoryServiceProvider
20:03:44.727 [FXGL Background Thread 3 ] DEBUG Engine               - class com.almasb.fxgl.audio.AudioPlayer
20:03:44.727 [FXGL Background Thread 3 ] DEBUG Engine               - class com.almasb.fxgl.notification.impl.NotificationServiceProvider
20:03:44.727 [FXGL Background Thread 3 ] DEBUG Engine               - class com.almasb.fxgl.achievement.AchievementService
20:03:44.727 [FXGL Background Thread 3 ] DEBUG Engine               - class com.almasb.fxgl.cutscene.CutsceneService
20:03:44.727 [FXGL Background Thread 3 ] DEBUG Engine               - class com.almasb.fxgl.minigames.MiniGameService
20:03:44.727 [FXGL Background Thread 3 ] DEBUG Engine               - class com.almasb.fxgl.net.NetService
20:03:44.727 [FXGL Background Thread 3 ] DEBUG Engine               - class com.almasb.fxgl.app.services.UpdaterService
20:03:44.727 [FXGL Background Thread 3 ] DEBUG Engine               - class com.almasb.fxgl.dev.DevService
20:03:45.646 [JavaFX Application Thread] DEBUG FXGLAssetLoaderServi - Loading from file system: file:/C:/Users/wangshifu/IdeaProjects/git/target/classes/assets/sounds/select.wav
20:03:45.649 [JavaFX Application Thread] DEBUG Menu                 - fireNewGame()
20:03:45.649 [JavaFX Application Thread] DEBUG GameApplicationServi - Starting new game
20:03:45.649 [JavaFX Application Thread] DEBUG PrimaryStageWindow   - Pop state: GameMainMenu
20:03:45.649 [JavaFX Application Thread] DEBUG Input                - Clearing active input actions
20:03:45.650 [JavaFX Application Thread] DEBUG GameApplicationServi - Removing overlay from GameMainMenu and adding to FXGLMainMenuDummyScene
20:03:45.651 [JavaFX Application Thread] DEBUG PrimaryStageWindow   - FXGLMainMenuDummyScene <- GameMainMenu
20:03:45.651 [JavaFX Application Thread] DEBUG Input                - Clearing active input actions
20:03:45.656 [JavaFX Application Thread] DEBUG GameApplicationServi - Removing overlay from FXGLMainMenuDummyScene and adding to GameLoadingScene
20:03:45.657 [JavaFX Application Thread] DEBUG PrimaryStageWindow   - FXGLMainMenuDummyScene -> GameLoadingScene
20:03:45.657 [JavaFX Application Thread] DEBUG GameApplicationServi - Clearing previous game
20:03:45.657 [JavaFX Application Thread] DEBUG GameScene            - Clearing game scene
20:03:45.657 [JavaFX Application Thread] DEBUG GameWorld            - Clearing game world
20:03:45.657 [JavaFX Application Thread] DEBUG PhysicsWorld         - Clearing physics world
20:03:45.659 [FXGL Background Thread 2 ] DEBUG FXGLApplication      - Initializing game
20:03:45.660 [FXGL Background Thread 2 ] DEBUG FXGLAssetLoaderServi - Loading from file system: file:/C:/Users/wangshifu/IdeaProjects/git/target/classes/assets/properties/game.properties
20:03:45.667 [FXGL Background Thread 2 ] DEBUG FXGLAssetLoaderServi - Loading from file system: file:/C:/Users/wangshifu/IdeaProjects/git/target/classes/assets/textures/map/stone.png
20:03:45.668 [FXGL Background Thread 2 ] DEBUG FXGLAssetLoaderServi - Loading from file system: file:/C:/Users/wangshifu/IdeaProjects/git/target/classes/assets/textures/map/brick.png
20:03:45.670 [FXGL Background Thread 2 ] DEBUG FXGLAssetLoaderServi - Loading from file system: file:/C:/Users/wangshifu/IdeaProjects/git/target/classes/assets/textures/map/sea_anim.png
20:03:45.671 [FXGL Background Thread 2 ] DEBUG FXGLAssetLoaderServi - Loading from file system: file:/C:/Users/wangshifu/IdeaProjects/git/target/classes/assets/textures/explode/explode_level_2.png
20:03:45.679 [FXGL Background Thread 2 ] INFO  FXGLApplication      - Game initialization took: 0.020 sec
20:03:45.681 [JavaFX Application Thread] DEBUG Input                - Clearing active input actions
20:03:45.686 [JavaFX Application Thread] DEBUG GameApplicationServi - Removing overlay from GameLoadingScene and adding to GameScene
20:03:45.687 [JavaFX Application Thread] DEBUG PrimaryStageWindow   - GameLoadingScene -> GameScene
20:03:46.841 [JavaFX Application Thread] DEBUG FXGLApplication      - Exiting FXGL
20:03:46.841 [JavaFX Application Thread] DEBUG LoopRunner           - Stopping loop
20:03:46.841 [JavaFX Application Thread] DEBUG SystemBundleService  - Saving FXGL system data
20:03:46.843 [JavaFX Application Thread] DEBUG FileSystemAccess     - Writing to: C:\Users\wangshifu\IdeaProjects\git\system\fxgl.bundle
20:03:46.845 [JavaFX Application Thread] DEBUG Async                - Shutting down background threads
20:03:46.845 [JavaFX Application Thread] DEBUG PrimaryStageWindow   - Closing main window
20:03:46.889 [JavaFX Application Thread] DEBUG Logger               - Closing Logger
