20:59:58.939 [main                     ] DEBUG Logger               - Configured Logger
20:59:58.965 [main                     ] DEBUG GameApplication      - Logging settings
Title: 90 Tank
Version: Version 0.3
Width: 816
Height: 672
Fullscreen: false
Intro: false
Profiling: false
Single step:false
App Mode: DEVELOPER
Menu Key: ESCAPE
Stage Style: DECORATED
Scene Factory: class com.csu.tank.TankApp$1

20:59:59.332 [JavaFX Application Thread] DEBUG FXGLApplication      - Initializing FXGL
20:59:59.338 [JavaFX Application Thread] INFO  Engine               - FXGL-17.1 (24.03.2022 17.34) on WINDOWS (J:17.0.1 FX:18)
20:59:59.338 [JavaFX Application Thread] DEBUG Engine               - JRE Vendor Name: Oracle Corporation
20:59:59.338 [JavaFX Application Thread] DEBUG Engine               - Running on OS: Windows 10 version 10.0
20:59:59.338 [JavaFX Application Thread] DEBUG Engine               - Architecture: amd64
20:59:59.338 [JavaFX Application Thread] INFO  Engine               - Source code and latest versions at: https://github.com/AlmasB/FXGL
20:59:59.339 [JavaFX Application Thread] INFO  Engine               -       Ask questions and discuss at: https://github.com/AlmasB/FXGL/discussions
20:59:59.339 [JavaFX Application Thread] INFO  Engine               -              Join the FXGL chat at: https://gitter.im/AlmasB/FXGL
20:59:59.428 [JavaFX Application Thread] DEBUG PrimaryStageWindow   - Creating a JavaFX scene
20:59:59.473 [JavaFX Application Thread] DEBUG PrimaryStageWindow   - Target settings size: 816.0 x 672.0
20:59:59.474 [JavaFX Application Thread] DEBUG PrimaryStageWindow   - Scaled scene size:    816.0 x 672.0
20:59:59.474 [JavaFX Application Thread] DEBUG PrimaryStageWindow   - Scaled ratio: (1.0, 1.0)
20:59:59.475 [JavaFX Application Thread] DEBUG PrimaryStageWindow   - Set initial scene to GameStartupScene
20:59:59.481 [JavaFX Application Thread] DEBUG PrimaryStageWindow   - Opening main window
20:59:59.647 [JavaFX Application Thread] DEBUG PrimaryStageWindow   - Window border size: (14.4000244140625, 37.5999755859375)
20:59:59.647 [JavaFX Application Thread] DEBUG PrimaryStageWindow   - Scaled size: 816.0 x 672.0
20:59:59.648 [JavaFX Application Thread] DEBUG PrimaryStageWindow   - Scaled ratio: (1.0, 1.0)
20:59:59.648 [JavaFX Application Thread] DEBUG PrimaryStageWindow   - Scene size: 816.0 x 672.0
20:59:59.648 [JavaFX Application Thread] DEBUG PrimaryStageWindow   - Stage size: 830.4000244140625 x 709.5999755859375
20:59:59.655 [FXGL Background Thread 1 ] DEBUG Engine               - Initializing environment variables
20:59:59.684 [FXGL Background Thread 1 ] DEBUG FXGLAssetLoaderServi - User app class for loading assets: class com.csu.tank.TankApp
20:59:59.685 [FXGL Background Thread 1 ] DEBUG GameApplicationServi - Applying CSS: fxgl_dark.css
20:59:59.685 [FXGL Background Thread 1 ] DEBUG FXGLAssetLoaderServi - Loading from file system: jar:file:///C:/Users/wangshifu/.m2/repository/com/github/almasb/fxgl/17.1/fxgl-17.1.jar!/fxglassets/ui/css/fxgl_dark.css
20:59:59.710 [FXGL Background Thread 1 ] DEBUG GameApplicationServi - Applying CSS: tankApp.css
20:59:59.710 [FXGL Background Thread 1 ] DEBUG FXGLAssetLoaderServi - Loading from file system: file:/C:/Users/wangshifu/IdeaProjects/git/target/classes/assets/ui/css/tankApp.css
20:59:59.713 [FXGL Background Thread 1 ] DEBUG GameApplicationServi - Initializing application scenes
20:59:59.717 [FXGL Background Thread 1 ] DEBUG GameWorld            - Game world initialized
20:59:59.767 [FXGL Background Thread 1 ] DEBUG PhysicsWorld         - Physics world initialized: appHeight=672, physics.ppm=50.0
20:59:59.768 [FXGL Background Thread 1 ] DEBUG PhysicsWorld         - Using strategy: BRUTE_FORCE
20:59:59.773 [FXGL Background Thread 1 ] DEBUG GameScene            - Game scene initialized: 816x672
20:59:59.776 [FXGL Background Thread 1 ] DEBUG FXGLAssetLoaderServi - Loading from file system: file:/C:/Users/wangshifu/IdeaProjects/git/target/classes/assets/textures/ui/logo.png
20:59:59.793 [FXGL Background Thread 1 ] DEBUG FXGLAssetLoaderServi - Loading from file system: file:/C:/Users/wangshifu/IdeaProjects/git/target/classes/assets/textures/ui/icon.png
20:59:59.803 [FXGL Background Thread 1 ] DEBUG FXGLAssetLoaderServi - Loading from file system: file:/C:/Users/wangshifu/IdeaProjects/git/target/classes/assets/textures/ui/tankLoading.png
20:59:59.831 [FXGL Background Thread 1 ] DEBUG FXGLAssetLoaderServi - Loading from file system: file:/C:/Users/wangshifu/IdeaProjects/git/target/classes/assets/textures/ui/fxgl.png
20:59:59.905 [FXGL Background Thread 1 ] DEBUG FXGL.DefaultMenu     - createMenuBodyGameMenu()
20:59:59.914 [FXGL Background Thread 1 ] DEBUG FXGL.DefaultMenu     - createOptionsMenu()
20:59:59.922 [FXGL Background Thread 1 ] DEBUG FXGLAssetLoaderServi - Loading from file system: jar:file:///C:/Users/wangshifu/.m2/repository/com/github/almasb/fxgl/17.1/fxgl-17.1.jar!/fxglassets/textures/particles/smoke.png
20:59:59.999 [FXGL Background Thread 1 ] DEBUG FXGLAssetLoaderServi - Loading from file system: jar:file:///C:/Users/wangshifu/.m2/repository/com/github/almasb/fxgl/17.1/fxgl-17.1.jar!/fxglassets/textures/particles/trace_horizontal.png
21:00:00.017 [FXGL Background Thread 1 ] DEBUG GameApplicationServi - Application scenes initialized
21:00:00.029 [FXGL Background Thread 1 ] DEBUG SystemBundleService  - Loading FXGL system data
21:00:00.037 [FXGL Background Thread 1 ] DEBUG FileSystemAccess     - Reading from: C:\Users\wangshifu\IdeaProjects\git\system\fxgl.bundle
21:00:00.044 [FXGL Background Thread 1 ] DEBUG SystemBundleService  - Bundle FXGL: {}
21:00:00.044 [FXGL Background Thread 1 ] DEBUG UpdaterService       - Checking for updates
21:00:00.046 [FXGL Background Thread 4 ] DEBUG FXGLApplication      - Loading fonts
21:00:00.047 [FXGL Background Thread 1 ] DEBUG FXGLApplication      - Loading default localization
21:00:00.047 [FXGL Background Thread 4 ] DEBUG FXGLAssetLoaderServi - Loading from file system: jar:file:///C:/Users/wangshifu/.m2/repository/com/github/almasb/fxgl/17.1/fxgl-17.1.jar!/fxglassets/ui/fonts/VarelaRound-Regular.ttf
21:00:00.047 [FXGL Background Thread 1 ] DEBUG FXGLAssetLoaderServi - Loading from file system: jar:file:///C:/Users/wangshifu/.m2/repository/com/github/almasb/fxgl/17.1/fxgl-17.1.jar!/fxglassets/languages/english.lang
21:00:00.076 [FXGL Background Thread 1 ] INFO  FXGLApplication      - FXGL initialization took: 0.421 sec
21:00:00.083 [JavaFX Application Thread] DEBUG Input                - Registered new binding: action0 - Backspace
21:00:00.084 [JavaFX Application Thread] DEBUG Input                - Registered new binding: action1 - F1
21:00:00.086 [JavaFX Application Thread] DEBUG Input                - Registered new binding: action2 - W
21:00:00.087 [JavaFX Application Thread] DEBUG Input                - Registered new binding: action3 - S
21:00:00.088 [JavaFX Application Thread] DEBUG Input                - Registered new binding: action4 - A
21:00:00.090 [JavaFX Application Thread] DEBUG Input                - Registered new binding: action5 - D
21:00:00.091 [JavaFX Application Thread] DEBUG Input                - Registered new binding: action6 - Space
21:00:00.092 [JavaFX Application Thread] DEBUG Input                - Registered new binding: action7 - Up
21:00:00.093 [JavaFX Application Thread] DEBUG Input                - Registered new binding: action8 - Down
21:00:00.094 [JavaFX Application Thread] DEBUG Input                - Registered new binding: action9 - Left
21:00:00.095 [JavaFX Application Thread] DEBUG Input                - Registered new binding: action10 - Right
21:00:00.096 [JavaFX Application Thread] DEBUG Input                - Registered new binding: action11 - Numpad 0
21:00:00.097 [JavaFX Application Thread] DEBUG Input                - Registered new binding: action12 - Enter
21:00:00.103 [FXGL Background Thread 4 ] DEBUG FXGLAssetLoaderServi - Loading from file system: jar:file:///C:/Users/wangshifu/.m2/repository/com/github/almasb/fxgl/17.1/fxgl-17.1.jar!/fxglassets/ui/fonts/Abel-Regular.ttf
21:00:00.106 [FXGL Background Thread 4 ] DEBUG FXGLAssetLoaderServi - Loading from file system: jar:file:///C:/Users/wangshifu/.m2/repository/com/github/almasb/fxgl/17.1/fxgl-17.1.jar!/fxglassets/ui/fonts/TerminalLandMono-Regular.otf
21:00:00.107 [JavaFX Application Thread] DEBUG FXGLAssetLoaderServi - Loading from file system: file:/C:/Users/wangshifu/IdeaProjects/git/target/classes/assets/textures/ui/cursor.png
21:00:00.111 [JavaFX Application Thread] DEBUG Input                - Registered new binding: Screenshot - CTRL+8
21:00:00.111 [FXGL Background Thread 4 ] DEBUG FXGLAssetLoaderServi - Loading from file system: jar:file:///C:/Users/wangshifu/.m2/repository/com/github/almasb/fxgl/17.1/fxgl-17.1.jar!/fxglassets/ui/fonts/Courier-Prime.ttf
21:00:00.112 [JavaFX Application Thread] DEBUG Input                - Registered new binding: System info dump - CTRL+9
21:00:00.113 [JavaFX Application Thread] DEBUG Input                - Registered new binding: Restart - CTRL+R
21:00:00.114 [JavaFX Application Thread] DEBUG Input                - Registered new binding: Toggle Debug Camera - CTRL+7
21:00:00.119 [JavaFX Application Thread] DEBUG LoopRunner           - Starting loop
21:00:00.119 [JavaFX Application Thread] DEBUG LoopRunner           - Initializing JavaFX AnimationTimerLoop
21:00:00.125 [JavaFX Application Thread] DEBUG Input                - Clearing active input actions
21:00:00.131 [JavaFX Application Thread] DEBUG GameApplicationServi - Removing overlay from GameStartupScene and adding to FXGLMainMenuDummyScene
21:00:00.132 [JavaFX Application Thread] DEBUG PrimaryStageWindow   - GameStartupScene -> FXGLMainMenuDummyScene
21:00:00.132 [JavaFX Application Thread] DEBUG PrimaryStageWindow   - Push state: GameMainMenu
21:00:00.132 [JavaFX Application Thread] DEBUG FXGLAssetLoaderServi - Loading from file system: file:/C:/Users/wangshifu/IdeaProjects/git/target/classes/assets/sounds/mainMenuLoad.wav
21:00:00.229 [JavaFX Application Thread] DEBUG Input                - Clearing active input actions
21:00:00.234 [JavaFX Application Thread] DEBUG GameApplicationServi - Removing overlay from FXGLMainMenuDummyScene and adding to GameMainMenu
21:00:00.235 [JavaFX Application Thread] DEBUG PrimaryStageWindow   - FXGLMainMenuDummyScene -> GameMainMenu
21:00:00.235 [JavaFX Application Thread] DEBUG FXGLApplication      - Registering font factories with UI factory
21:00:00.437 [FXGL Background Thread 2 ] WARN  UpdaterService       - Failed to find updates: javax.net.ssl.SSLHandshakeException: PKIX path building failed: sun.security.provider.certpath.SunCertPathBuilderException: unable to find valid certification path to requested target
21:00:02.235 [JavaFX Application Thread] DEBUG FXGLAssetLoaderServi - Loading from file system: file:/C:/Users/wangshifu/IdeaProjects/git/target/classes/assets/sounds/mainMenuHover.wav
21:00:02.816 [JavaFX Application Thread] DEBUG FXGLAssetLoaderServi - Loading from file system: file:/C:/Users/wangshifu/IdeaProjects/git/target/classes/assets/sounds/select.wav
21:00:02.822 [JavaFX Application Thread] DEBUG Menu                 - fireNewGame()
21:00:02.822 [JavaFX Application Thread] DEBUG GameApplicationServi - Starting new game
21:00:02.822 [JavaFX Application Thread] DEBUG PrimaryStageWindow   - Pop state: GameMainMenu
21:00:02.822 [JavaFX Application Thread] DEBUG Input                - Clearing active input actions
21:00:02.824 [JavaFX Application Thread] DEBUG GameApplicationServi - Removing overlay from GameMainMenu and adding to FXGLMainMenuDummyScene
21:00:02.824 [JavaFX Application Thread] DEBUG PrimaryStageWindow   - FXGLMainMenuDummyScene <- GameMainMenu
21:00:02.825 [JavaFX Application Thread] DEBUG Input                - Clearing active input actions
21:00:02.832 [JavaFX Application Thread] DEBUG GameApplicationServi - Removing overlay from FXGLMainMenuDummyScene and adding to GameLoadingScene
21:00:02.832 [JavaFX Application Thread] DEBUG PrimaryStageWindow   - FXGLMainMenuDummyScene -> GameLoadingScene
21:00:02.832 [JavaFX Application Thread] DEBUG GameApplicationServi - Clearing previous game
21:00:02.832 [JavaFX Application Thread] DEBUG GameScene            - Clearing game scene
21:00:02.833 [JavaFX Application Thread] DEBUG GameWorld            - Clearing game world
21:00:02.833 [JavaFX Application Thread] DEBUG PhysicsWorld         - Clearing physics world
21:00:02.834 [FXGL Background Thread 2 ] DEBUG FXGLApplication      - Initializing game
21:00:02.836 [FXGL Background Thread 2 ] DEBUG FXGLAssetLoaderServi - Loading from file system: file:/C:/Users/wangshifu/IdeaProjects/git/target/classes/assets/properties/game.properties
21:00:02.843 [FXGL Background Thread 2 ] DEBUG FXGLAssetLoaderServi - Loading from file system: file:/C:/Users/wangshifu/IdeaProjects/git/target/classes/assets/textures/map/stone.png
21:00:02.844 [FXGL Background Thread 2 ] DEBUG FXGLAssetLoaderServi - Loading from file system: file:/C:/Users/wangshifu/IdeaProjects/git/target/classes/assets/textures/map/brick.png
21:00:02.847 [FXGL Background Thread 2 ] DEBUG FXGLAssetLoaderServi - Loading from file system: file:/C:/Users/wangshifu/IdeaProjects/git/target/classes/assets/textures/map/sea_anim.png
21:00:02.848 [FXGL Background Thread 2 ] DEBUG FXGLAssetLoaderServi - Loading from file system: file:/C:/Users/wangshifu/IdeaProjects/git/target/classes/assets/textures/explode/explode_level_2.png
21:00:02.856 [FXGL Background Thread 2 ] INFO  FXGLApplication      - Game initialization took: 0.022 sec
21:00:02.857 [JavaFX Application Thread] DEBUG Input                - Clearing active input actions
21:00:02.860 [JavaFX Application Thread] DEBUG GameApplicationServi - Removing overlay from GameLoadingScene and adding to GameScene
21:00:02.860 [JavaFX Application Thread] DEBUG PrimaryStageWindow   - GameLoadingScene -> GameScene
21:00:03.048 [FXGL Background Thread 3 ] DEBUG Engine               - Logging environment variables
21:00:03.048 [FXGL Background Thread 3 ] DEBUG Engine               - achievements: []
21:00:03.049 [FXGL Background Thread 3 ] DEBUG Engine               - actualHeight: 672.0
21:00:03.049 [FXGL Background Thread 3 ] DEBUG Engine               - actualHeightProperty: ReadOnlyDoubleProperty [value: 672.0]
21:00:03.049 [FXGL Background Thread 3 ] DEBUG Engine               - actualWidth: 816.0
21:00:03.049 [FXGL Background Thread 3 ] DEBUG Engine               - actualWidthProperty: ReadOnlyDoubleProperty [value: 816.0]
21:00:03.049 [FXGL Background Thread 3 ] DEBUG Engine               - appIcon: ui/icon.png
21:00:03.049 [FXGL Background Thread 3 ] DEBUG Engine               - applicationMode: DEVELOPER
21:00:03.049 [FXGL Background Thread 3 ] DEBUG Engine               - cSSList: [fxgl_dark.css, tankApp.css]
21:00:03.049 [FXGL Background Thread 3 ] DEBUG Engine               - collisionDetectionStrategy: BRUTE_FORCE
21:00:03.049 [FXGL Background Thread 3 ] DEBUG Engine               - configClass: Optional.empty
21:00:03.049 [FXGL Background Thread 3 ] DEBUG Engine               - credits: []
21:00:03.050 [FXGL Background Thread 3 ] DEBUG Engine               - defaultCursor: CursorInfo(imageName=ui/cursor.png, hotspotX=0.0, hotspotY=0.0)
21:00:03.050 [FXGL Background Thread 3 ] DEBUG Engine               - devBBoxColorProperty: ObjectProperty [value: 0xff0000ff]
21:00:03.050 [FXGL Background Thread 3 ] DEBUG Engine               - devEnableDebugCameraProperty: BooleanProperty [value: false]
21:00:03.050 [FXGL Background Thread 3 ] DEBUG Engine               - devSensorColorProperty: ObjectProperty [value: 0xffff00ff]
21:00:03.050 [FXGL Background Thread 3 ] DEBUG Engine               - devShowBBoxProperty: BooleanProperty [value: false]
21:00:03.050 [FXGL Background Thread 3 ] DEBUG Engine               - devShowPositionProperty: BooleanProperty [value: false]
21:00:03.050 [FXGL Background Thread 3 ] DEBUG Engine               - enabledMenuItems: []
21:00:03.050 [FXGL Background Thread 3 ] DEBUG Engine               - engineServices: [class com.almasb.fxgl.app.services.FXGLAssetLoaderService, class com.almasb.fxgl.app.FXGLApplication$GameApplicationService, class com.almasb.fxgl.app.services.FXGLDialogService, class com.almasb.fxgl.app.services.IOTaskExecutorService, class com.almasb.fxgl.io.FileSystemService, class com.almasb.fxgl.localization.LocalizationService, class com.almasb.fxgl.app.services.SystemBundleService, class com.almasb.fxgl.profile.SaveLoadService, class com.almasb.fxgl.ui.FXGLUIFactoryServiceProvider, class com.almasb.fxgl.ui.FXGLDialogFactoryServiceProvider, class com.almasb.fxgl.audio.AudioPlayer, class com.almasb.fxgl.notification.impl.NotificationServiceProvider, class com.almasb.fxgl.achievement.AchievementService, class com.almasb.fxgl.cutscene.CutsceneService, class com.almasb.fxgl.minigames.MiniGameService, class com.almasb.fxgl.net.NetService, class com.almasb.fxgl.app.services.UpdaterService, class com.almasb.fxgl.dev.DevService]
21:00:03.051 [FXGL Background Thread 3 ] DEBUG Engine               - fontGame: Abel-Regular.ttf
21:00:03.051 [FXGL Background Thread 3 ] DEBUG Engine               - fontMono: TerminalLandMono-Regular.otf
21:00:03.051 [FXGL Background Thread 3 ] DEBUG Engine               - fontText: Courier-Prime.ttf
21:00:03.051 [FXGL Background Thread 3 ] DEBUG Engine               - fontUI: VarelaRound-Regular.ttf
21:00:03.052 [FXGL Background Thread 3 ] DEBUG Engine               - fullScreen: BooleanProperty [value: false]
21:00:03.052 [FXGL Background Thread 3 ] DEBUG Engine               - gameDifficulty: MEDIUM
21:00:03.052 [FXGL Background Thread 3 ] DEBUG Engine               - gameDifficultyProperty: ObjectProperty [value: MEDIUM]
21:00:03.052 [FXGL Background Thread 3 ] DEBUG Engine               - globalMusicVolume: 0.5
21:00:03.052 [FXGL Background Thread 3 ] DEBUG Engine               - globalMusicVolumeProperty: DoubleProperty [value: 0.5]
21:00:03.052 [FXGL Background Thread 3 ] DEBUG Engine               - globalSoundVolume: 0.5
21:00:03.052 [FXGL Background Thread 3 ] DEBUG Engine               - globalSoundVolumeProperty: DoubleProperty [value: 0.5]
21:00:03.052 [FXGL Background Thread 3 ] DEBUG Engine               - height: 672
21:00:03.052 [FXGL Background Thread 3 ] DEBUG Engine               - is3D: false
21:00:03.052 [FXGL Background Thread 3 ] DEBUG Engine               - isAndroid: false
21:00:03.052 [FXGL Background Thread 3 ] DEBUG Engine               - isBrowser: false
21:00:03.053 [FXGL Background Thread 3 ] DEBUG Engine               - isClickFeedbackEnabled: false
21:00:03.053 [FXGL Background Thread 3 ] DEBUG Engine               - isCloseConfirmation: false
21:00:03.053 [FXGL Background Thread 3 ] DEBUG Engine               - isDesktop: true
21:00:03.053 [FXGL Background Thread 3 ] DEBUG Engine               - isDeveloperMenuEnabled: false
21:00:03.053 [FXGL Background Thread 3 ] DEBUG Engine               - isEmbedded: false
21:00:03.053 [FXGL Background Thread 3 ] DEBUG Engine               - isEntityPreloadEnabled: true
21:00:03.053 [FXGL Background Thread 3 ] DEBUG Engine               - isExperimentalTiledLargeMap: false
21:00:03.053 [FXGL Background Thread 3 ] DEBUG Engine               - isFileSystemWriteAllowed: true
21:00:03.053 [FXGL Background Thread 3 ] DEBUG Engine               - isFullScreenAllowed: false
21:00:03.053 [FXGL Background Thread 3 ] DEBUG Engine               - isFullScreenFromStart: false
21:00:03.053 [FXGL Background Thread 3 ] DEBUG Engine               - isGameMenuEnabled: true
21:00:03.053 [FXGL Background Thread 3 ] DEBUG Engine               - isIOS: false
21:00:03.053 [FXGL Background Thread 3 ] DEBUG Engine               - isIntroEnabled: false
21:00:03.053 [FXGL Background Thread 3 ] DEBUG Engine               - isLinux: false
21:00:03.054 [FXGL Background Thread 3 ] DEBUG Engine               - isMac: false
21:00:03.054 [FXGL Background Thread 3 ] DEBUG Engine               - isMainMenuEnabled: true
21:00:03.054 [FXGL Background Thread 3 ] DEBUG Engine               - isManualResizeEnabled: false
21:00:03.054 [FXGL Background Thread 3 ] DEBUG Engine               - isMobile: false
21:00:03.054 [FXGL Background Thread 3 ] DEBUG Engine               - isNative: false
21:00:03.054 [FXGL Background Thread 3 ] DEBUG Engine               - isPauseMusicWhenMinimized: true
21:00:03.054 [FXGL Background Thread 3 ] DEBUG Engine               - isPreserveResizeRatio: false
21:00:03.054 [FXGL Background Thread 3 ] DEBUG Engine               - isProfilingEnabled: false
21:00:03.055 [FXGL Background Thread 3 ] DEBUG Engine               - isScaleAffectedOnResize: true
21:00:03.055 [FXGL Background Thread 3 ] DEBUG Engine               - isSingleStep: false
21:00:03.055 [FXGL Background Thread 3 ] DEBUG Engine               - isUserProfileEnabled: false
21:00:03.055 [FXGL Background Thread 3 ] DEBUG Engine               - isWindows: true
21:00:03.055 [FXGL Background Thread 3 ] DEBUG Engine               - language: ObjectProperty [value: ENGLISH]
21:00:03.055 [FXGL Background Thread 3 ] DEBUG Engine               - menuKey: ESCAPE
21:00:03.055 [FXGL Background Thread 3 ] DEBUG Engine               - mouseSensitivity: 0.2
21:00:03.055 [FXGL Background Thread 3 ] DEBUG Engine               - notificationViewClass: class com.almasb.fxgl.notification.view.XboxNotificationView
21:00:03.055 [FXGL Background Thread 3 ] DEBUG Engine               - pixelsPerMeter: 50.0
21:00:03.055 [FXGL Background Thread 3 ] DEBUG Engine               - platform: WINDOWS
21:00:03.055 [FXGL Background Thread 3 ] DEBUG Engine               - prefHeightProperty: ReadOnlyDoubleProperty [value: 672.0]
21:00:03.055 [FXGL Background Thread 3 ] DEBUG Engine               - prefWidthProperty: ReadOnlyDoubleProperty [value: 816.0]
21:00:03.055 [FXGL Background Thread 3 ] DEBUG Engine               - profileDir: profiles/
21:00:03.055 [FXGL Background Thread 3 ] DEBUG Engine               - profileName: StringProperty [value: DEFAULT]
21:00:03.055 [FXGL Background Thread 3 ] DEBUG Engine               - randomSeed: -1
21:00:03.056 [FXGL Background Thread 3 ] DEBUG Engine               - runtimeInfo: RuntimeInfo(platform=WINDOWS, version=17.1, build=24.03.2022 17.34)
21:00:03.056 [FXGL Background Thread 3 ] DEBUG Engine               - saveFileExt: sav
21:00:03.056 [FXGL Background Thread 3 ] DEBUG Engine               - scaledHeightProp$fxgl: DoubleProperty [bound, value: 672.0]
21:00:03.056 [FXGL Background Thread 3 ] DEBUG Engine               - scaledWidthProp$fxgl: DoubleProperty [bound, value: 816.0]
21:00:03.056 [FXGL Background Thread 3 ] DEBUG Engine               - sceneFactory: com.csu.tank.TankApp$1@239ae20c
21:00:03.056 [FXGL Background Thread 3 ] DEBUG Engine               - secondsIn24h: 60
21:00:03.057 [FXGL Background Thread 3 ] DEBUG Engine               - soundMenuBack: menu/back.wav
21:00:03.057 [FXGL Background Thread 3 ] DEBUG Engine               - soundMenuPress: menu/press.wav
21:00:03.057 [FXGL Background Thread 3 ] DEBUG Engine               - soundMenuSelect: menu/select.wav
21:00:03.057 [FXGL Background Thread 3 ] DEBUG Engine               - soundNotification: core/notification.wav
21:00:03.057 [FXGL Background Thread 3 ] DEBUG Engine               - stageStyle: DECORATED
21:00:03.057 [FXGL Background Thread 3 ] DEBUG Engine               - supportedLanguages: [ENGLISH, FRENCH, GERMAN, HUNGARIAN, RUSSIAN]
21:00:03.057 [FXGL Background Thread 3 ] DEBUG Engine               - ticksPerSecond: -1
21:00:03.057 [FXGL Background Thread 3 ] DEBUG Engine               - title: 90 Tank
21:00:03.057 [FXGL Background Thread 3 ] DEBUG Engine               - urlGithub: https://github.com/AlmasB/FXGL
21:00:03.057 [FXGL Background Thread 3 ] DEBUG Engine               - urlLeaderboard: http://fxgl-top.herokuapp.com/
21:00:03.057 [FXGL Background Thread 3 ] DEBUG Engine               - urlPOM: https://raw.githubusercontent.com/AlmasB/FXGL/release/README.md
21:00:03.057 [FXGL Background Thread 3 ] DEBUG Engine               - userAppClass: class com.csu.tank.TankApp
21:00:03.057 [FXGL Background Thread 3 ] DEBUG Engine               - version: Version 0.3
21:00:03.057 [FXGL Background Thread 3 ] DEBUG Engine               - versionCheckDays: 7
21:00:03.057 [FXGL Background Thread 3 ] DEBUG Engine               - width: 816
21:00:03.057 [FXGL Background Thread 3 ] DEBUG Engine               - Logging services
21:00:03.058 [FXGL Background Thread 3 ] DEBUG Engine               - class com.almasb.fxgl.app.services.FXGLAssetLoaderService
21:00:03.058 [FXGL Background Thread 3 ] DEBUG Engine               - class com.almasb.fxgl.app.FXGLApplication$GameApplicationService
21:00:03.058 [FXGL Background Thread 3 ] DEBUG Engine               - class com.almasb.fxgl.app.services.FXGLDialogService
21:00:03.058 [FXGL Background Thread 3 ] DEBUG Engine               - class com.almasb.fxgl.app.services.IOTaskExecutorService
21:00:03.058 [FXGL Background Thread 3 ] DEBUG Engine               - class com.almasb.fxgl.io.FileSystemService
21:00:03.058 [FXGL Background Thread 3 ] DEBUG Engine               - class com.almasb.fxgl.localization.LocalizationService
21:00:03.058 [FXGL Background Thread 3 ] DEBUG Engine               - class com.almasb.fxgl.app.services.SystemBundleService
21:00:03.058 [FXGL Background Thread 3 ] DEBUG Engine               - class com.almasb.fxgl.profile.SaveLoadService
21:00:03.058 [FXGL Background Thread 3 ] DEBUG Engine               - class com.almasb.fxgl.ui.FXGLUIFactoryServiceProvider
21:00:03.058 [FXGL Background Thread 3 ] DEBUG Engine               - class com.almasb.fxgl.ui.FXGLDialogFactoryServiceProvider
21:00:03.058 [FXGL Background Thread 3 ] DEBUG Engine               - class com.almasb.fxgl.audio.AudioPlayer
21:00:03.059 [FXGL Background Thread 3 ] DEBUG Engine               - class com.almasb.fxgl.notification.impl.NotificationServiceProvider
21:00:03.059 [FXGL Background Thread 3 ] DEBUG Engine               - class com.almasb.fxgl.achievement.AchievementService
21:00:03.059 [FXGL Background Thread 3 ] DEBUG Engine               - class com.almasb.fxgl.cutscene.CutsceneService
21:00:03.059 [FXGL Background Thread 3 ] DEBUG Engine               - class com.almasb.fxgl.minigames.MiniGameService
21:00:03.059 [FXGL Background Thread 3 ] DEBUG Engine               - class com.almasb.fxgl.net.NetService
21:00:03.059 [FXGL Background Thread 3 ] DEBUG Engine               - class com.almasb.fxgl.app.services.UpdaterService
21:00:03.059 [FXGL Background Thread 3 ] DEBUG Engine               - class com.almasb.fxgl.dev.DevService
21:00:04.403 [JavaFX Application Thread] WARN  TMXLevelLoader       - TiledMap generated from 1.8.4. Supported version: 1.4.2. Some features may not be parsed fully.
21:00:04.408 [JavaFX Application Thread] DEBUG TMXLevelLoader       - Parsed TiledMap: file:/C:/Users/wangshifu/IdeaProjects/git/ConstructMap/level0.tmx
21:00:04.409 [JavaFX Application Thread] DEBUG TMXLevelLoader       - Creating tile layer entities
21:00:04.410 [JavaFX Application Thread] DEBUG TMXLevelLoader       - Creating object layer entities
21:00:04.434 [JavaFX Application Thread] DEBUG GameWorld            - Clearing removable entities
21:00:04.435 [JavaFX Application Thread] DEBUG GameWorld            - Setting level: com.almasb.fxgl.entity.level.Level@2f0e5845
21:00:04.439 [JavaFX Application Thread] DEBUG FXGLAssetLoaderServi - Loading from file system: file:/C:/Users/wangshifu/IdeaProjects/git/target/classes/assets/sounds/start.wav
21:00:04.450 [JavaFX Application Thread] DEBUG FXGLAssetLoaderServi - Loading from file system: file:/C:/Users/wangshifu/IdeaProjects/git/target/classes/assets/textures/tank/H1U.png
21:00:04.456 [JavaFX Application Thread] DEBUG FXGLAssetLoaderServi - Loading from file system: file:/C:/Users/wangshifu/IdeaProjects/git/target/classes/assets/textures/item/armed_helmet.png
21:00:04.463 [JavaFX Application Thread] DEBUG FXGLAssetLoaderServi - Loading from file system: file:/C:/Users/wangshifu/IdeaProjects/git/target/classes/assets/textures/ui/enemy_pre.png
21:00:04.465 [JavaFX Application Thread] DEBUG FXGLAssetLoaderServi - Loading from file system: file:/C:/Users/wangshifu/IdeaProjects/git/target/classes/assets/textures/ui/levelFlag.png
21:00:04.466 [JavaFX Application Thread] DEBUG FXGLAssetLoaderServi - Loading from file system: file:/C:/Users/wangshifu/IdeaProjects/git/target/classes/assets/textures/ui/bulletLevel.png
21:00:04.469 [JavaFX Application Thread] DEBUG FXGLAssetLoaderServi - Loading from file system: file:/C:/Users/wangshifu/IdeaProjects/git/target/classes/assets/textures/tank/spawnTank.png
21:00:04.470 [JavaFX Application Thread] DEBUG FXGLAssetLoaderServi - Loading from file system: file:/C:/Users/wangshifu/IdeaProjects/git/target/classes/assets/textures/tank/E4U.png
21:00:04.472 [JavaFX Application Thread] DEBUG FXGLAssetLoaderServi - Loading from file system: file:/C:/Users/wangshifu/IdeaProjects/git/target/classes/assets/textures/tank/E9U.png
21:00:04.473 [JavaFX Application Thread] DEBUG FXGLAssetLoaderServi - Loading from file system: file:/C:/Users/wangshifu/IdeaProjects/git/target/classes/assets/textures/tank/E8U.png
21:00:05.564 [JavaFX Application Thread] DEBUG FXGLAssetLoaderServi - Loading from file system: file:/C:/Users/wangshifu/IdeaProjects/git/target/classes/assets/sounds/normalFire.wav
21:00:05.570 [JavaFX Application Thread] DEBUG FXGLAssetLoaderServi - Loading from file system: file:/C:/Users/wangshifu/IdeaProjects/git/target/classes/assets/textures/bullet/normal.png
21:00:05.629 [JavaFX Application Thread] DEBUG FXGLAssetLoaderServi - Loading from file system: file:/C:/Users/wangshifu/IdeaProjects/git/target/classes/assets/sounds/normalBomb.wav
21:00:07.206 [JavaFX Application Thread] DEBUG PrimaryStageWindow   - Push state: FXGLDefaultMenu
21:00:07.218 [JavaFX Application Thread] DEBUG Input                - Clearing active input actions
21:00:07.219 [JavaFX Application Thread] DEBUG GameApplicationServi - Removing overlay from GameScene and adding to FXGLDefaultMenu
21:00:07.220 [JavaFX Application Thread] DEBUG PrimaryStageWindow   - GameScene -> FXGLDefaultMenu
21:00:08.241 [JavaFX Application Thread] DEBUG Menu                 - fireExitToMainMenu()
21:00:08.243 [JavaFX Application Thread] DEBUG PrimaryStageWindow   - Push state: DialogSubScene
21:00:08.243 [JavaFX Application Thread] DEBUG Input                - Clearing active input actions
21:00:08.243 [JavaFX Application Thread] DEBUG GameApplicationServi - Removing overlay from FXGLDefaultMenu and adding to DialogSubScene
21:00:08.244 [JavaFX Application Thread] DEBUG PrimaryStageWindow   - FXGLDefaultMenu -> DialogSubScene
21:00:08.933 [JavaFX Application Thread] DEBUG PrimaryStageWindow   - Pop state: DialogSubScene
21:00:08.933 [JavaFX Application Thread] DEBUG Input                - Clearing active input actions
21:00:08.933 [JavaFX Application Thread] DEBUG GameApplicationServi - Removing overlay from DialogSubScene and adding to FXGLDefaultMenu
21:00:08.934 [JavaFX Application Thread] DEBUG PrimaryStageWindow   - FXGLDefaultMenu <- DialogSubScene
21:00:08.936 [JavaFX Application Thread] DEBUG PrimaryStageWindow   - Pop state: FXGLDefaultMenu
21:00:08.936 [JavaFX Application Thread] DEBUG Input                - Clearing active input actions
21:00:08.936 [JavaFX Application Thread] DEBUG GameApplicationServi - Removing overlay from FXGLDefaultMenu and adding to GameScene
21:00:08.936 [JavaFX Application Thread] DEBUG PrimaryStageWindow   - GameScene <- FXGLDefaultMenu
21:00:08.936 [JavaFX Application Thread] DEBUG Input                - Clearing active input actions
21:00:08.944 [JavaFX Application Thread] DEBUG GameApplicationServi - Removing overlay from GameScene and adding to FXGLMainMenuDummyScene
21:00:08.944 [JavaFX Application Thread] DEBUG PrimaryStageWindow   - GameScene -> FXGLMainMenuDummyScene
21:00:08.945 [JavaFX Application Thread] DEBUG PrimaryStageWindow   - Push state: GameMainMenu
21:00:08.945 [JavaFX Application Thread] DEBUG Input                - Clearing active input actions
21:00:08.947 [JavaFX Application Thread] DEBUG GameApplicationServi - Removing overlay from FXGLMainMenuDummyScene and adding to GameMainMenu
21:00:08.948 [JavaFX Application Thread] DEBUG PrimaryStageWindow   - FXGLMainMenuDummyScene -> GameMainMenu
21:00:09.542 [JavaFX Application Thread] DEBUG Menu                 - fireNewGame()
21:00:09.542 [JavaFX Application Thread] DEBUG GameApplicationServi - Starting new game
21:00:09.542 [JavaFX Application Thread] DEBUG PrimaryStageWindow   - Pop state: GameMainMenu
21:00:09.542 [JavaFX Application Thread] DEBUG Input                - Clearing active input actions
21:00:09.543 [JavaFX Application Thread] DEBUG GameApplicationServi - Removing overlay from GameMainMenu and adding to FXGLMainMenuDummyScene
21:00:09.543 [JavaFX Application Thread] DEBUG PrimaryStageWindow   - FXGLMainMenuDummyScene <- GameMainMenu
21:00:09.543 [JavaFX Application Thread] DEBUG Input                - Clearing active input actions
21:00:09.548 [JavaFX Application Thread] DEBUG GameApplicationServi - Removing overlay from FXGLMainMenuDummyScene and adding to GameLoadingScene
21:00:09.548 [JavaFX Application Thread] DEBUG PrimaryStageWindow   - FXGLMainMenuDummyScene -> GameLoadingScene
21:00:09.548 [JavaFX Application Thread] DEBUG GameApplicationServi - Clearing previous game
21:00:09.548 [JavaFX Application Thread] DEBUG GameScene            - Clearing game scene
21:00:09.548 [JavaFX Application Thread] DEBUG GameWorld            - Clearing game world
21:00:09.550 [JavaFX Application Thread] DEBUG PhysicsWorld         - Clearing physics world
21:00:09.550 [FXGL Background Thread 2 ] DEBUG FXGLApplication      - Initializing game
21:00:09.551 [FXGL Background Thread 2 ] INFO  FXGLApplication      - Game initialization took: 0.001 sec
21:00:09.556 [JavaFX Application Thread] DEBUG Input                - Clearing active input actions
21:00:09.560 [JavaFX Application Thread] DEBUG GameApplicationServi - Removing overlay from GameLoadingScene and adding to GameScene
21:00:09.560 [JavaFX Application Thread] DEBUG PrimaryStageWindow   - GameLoadingScene -> GameScene
21:00:11.058 [JavaFX Application Thread] WARN  TMXLevelLoader       - TiledMap generated from 1.8.4. Supported version: 1.4.2. Some features may not be parsed fully.
21:00:11.069 [JavaFX Application Thread] DEBUG TMXLevelLoader       - Parsed TiledMap: file:/C:/Users/wangshifu/IdeaProjects/git/ConstructMap/level0.tmx
21:00:11.069 [JavaFX Application Thread] DEBUG TMXLevelLoader       - Creating tile layer entities
21:00:11.069 [JavaFX Application Thread] DEBUG TMXLevelLoader       - Creating object layer entities
21:00:11.081 [JavaFX Application Thread] DEBUG GameWorld            - Clearing removable entities
21:00:11.081 [JavaFX Application Thread] DEBUG GameWorld            - Setting level: com.almasb.fxgl.entity.level.Level@677d70ae
21:00:11.087 [JavaFX Application Thread] DEBUG FXGLAssetLoaderServi - Loading from file system: file:/C:/Users/wangshifu/IdeaProjects/git/target/classes/assets/textures/tank/E2U.png
21:00:11.089 [JavaFX Application Thread] DEBUG FXGLAssetLoaderServi - Loading from file system: file:/C:/Users/wangshifu/IdeaProjects/git/target/classes/assets/textures/tank/E1U.png
21:00:15.187 [JavaFX Application Thread] DEBUG FXGLApplication      - Exiting FXGL
21:00:15.187 [JavaFX Application Thread] DEBUG LoopRunner           - Stopping loop
21:00:15.187 [JavaFX Application Thread] DEBUG SystemBundleService  - Saving FXGL system data
21:00:15.191 [JavaFX Application Thread] DEBUG FileSystemAccess     - Writing to: C:\Users\wangshifu\IdeaProjects\git\system\fxgl.bundle
21:00:15.192 [JavaFX Application Thread] DEBUG Async                - Shutting down background threads
21:00:15.192 [JavaFX Application Thread] DEBUG PrimaryStageWindow   - Closing main window
21:00:15.224 [JavaFX Application Thread] DEBUG Logger               - Closing Logger
