10:35:43.463 [main                     ] DEBUG Logger               - Configured Logger
10:35:43.485 [main                     ] DEBUG GameApplication      - Logging settings
Title: 90 Tank
Version: Version 0.3
Width: 816
Height: 672
Fullscreen: false
Intro: false
Profiling: false
Single step:false
App Mode: DEVELOPER
Menu Key: ESCAPE
Stage Style: DECORATED
Scene Factory: class com.csu.tank.TankApp$1

10:35:43.763 [JavaFX Application Thread] DEBUG FXGLApplication      - Initializing FXGL
10:35:43.768 [JavaFX Application Thread] INFO  Engine               - FXGL-17.1 (24.03.2022 17.34) on WINDOWS (J:17.0.1 FX:18)
10:35:43.768 [JavaFX Application Thread] DEBUG Engine               - JRE Vendor Name: Oracle Corporation
10:35:43.768 [JavaFX Application Thread] DEBUG Engine               - Running on OS: Windows 10 version 10.0
10:35:43.768 [JavaFX Application Thread] DEBUG Engine               - Architecture: amd64
10:35:43.768 [JavaFX Application Thread] INFO  Engine               - Source code and latest versions at: https://github.com/AlmasB/FXGL
10:35:43.769 [JavaFX Application Thread] INFO  Engine               -       Ask questions and discuss at: https://github.com/AlmasB/FXGL/discussions
10:35:43.769 [JavaFX Application Thread] INFO  Engine               -              Join the FXGL chat at: https://gitter.im/AlmasB/FXGL
10:35:43.836 [JavaFX Application Thread] DEBUG PrimaryStageWindow   - Creating a JavaFX scene
10:35:43.873 [JavaFX Application Thread] DEBUG PrimaryStageWindow   - Target settings size: 816.0 x 672.0
10:35:43.873 [JavaFX Application Thread] DEBUG PrimaryStageWindow   - Scaled scene size:    816.0 x 672.0
10:35:43.873 [JavaFX Application Thread] DEBUG PrimaryStageWindow   - Scaled ratio: (1.0, 1.0)
10:35:43.874 [JavaFX Application Thread] DEBUG PrimaryStageWindow   - Set initial scene to GameStartupScene
10:35:43.878 [JavaFX Application Thread] DEBUG PrimaryStageWindow   - Opening main window
10:35:44.035 [JavaFX Application Thread] DEBUG PrimaryStageWindow   - Window border size: (14.4000244140625, 37.5999755859375)
10:35:44.035 [JavaFX Application Thread] DEBUG PrimaryStageWindow   - Scaled size: 816.0 x 672.0
10:35:44.035 [JavaFX Application Thread] DEBUG PrimaryStageWindow   - Scaled ratio: (1.0, 1.0)
10:35:44.036 [JavaFX Application Thread] DEBUG PrimaryStageWindow   - Scene size: 816.0 x 672.0
10:35:44.036 [JavaFX Application Thread] DEBUG PrimaryStageWindow   - Stage size: 830.4000244140625 x 709.5999755859375
10:35:44.041 [FXGL Background Thread 1 ] DEBUG Engine               - Initializing environment variables
10:35:44.070 [FXGL Background Thread 1 ] DEBUG FXGLAssetLoaderServi - User app class for loading assets: class com.csu.tank.TankApp
10:35:44.071 [FXGL Background Thread 1 ] DEBUG GameApplicationServi - Applying CSS: fxgl_dark.css
10:35:44.072 [FXGL Background Thread 1 ] DEBUG FXGLAssetLoaderServi - Loading from file system: jar:file:///C:/Users/wangshifu/.m2/repository/com/github/almasb/fxgl/17.1/fxgl-17.1.jar!/fxglassets/ui/css/fxgl_dark.css
10:35:44.093 [FXGL Background Thread 1 ] DEBUG GameApplicationServi - Applying CSS: tankApp.css
10:35:44.094 [FXGL Background Thread 1 ] DEBUG FXGLAssetLoaderServi - Loading from file system: file:/C:/Users/wangshifu/IdeaProjects/git/target/classes/assets/ui/css/tankApp.css
10:35:44.095 [FXGL Background Thread 1 ] DEBUG GameApplicationServi - Initializing application scenes
10:35:44.097 [FXGL Background Thread 1 ] DEBUG GameWorld            - Game world initialized
10:35:44.147 [FXGL Background Thread 1 ] DEBUG PhysicsWorld         - Physics world initialized: appHeight=672, physics.ppm=50.0
10:35:44.147 [FXGL Background Thread 1 ] DEBUG PhysicsWorld         - Using strategy: BRUTE_FORCE
10:35:44.151 [FXGL Background Thread 1 ] DEBUG GameScene            - Game scene initialized: 816x672
10:35:44.154 [FXGL Background Thread 1 ] DEBUG FXGLAssetLoaderServi - Loading from file system: file:/C:/Users/wangshifu/IdeaProjects/git/target/classes/assets/textures/ui/logo.png
10:35:44.168 [FXGL Background Thread 1 ] DEBUG FXGLAssetLoaderServi - Loading from file system: file:/C:/Users/wangshifu/IdeaProjects/git/target/classes/assets/textures/ui/icon.png
10:35:44.180 [FXGL Background Thread 1 ] DEBUG FXGLAssetLoaderServi - Loading from file system: file:/C:/Users/wangshifu/IdeaProjects/git/target/classes/assets/textures/ui/tankLoading.png
10:35:44.200 [FXGL Background Thread 1 ] DEBUG FXGLAssetLoaderServi - Loading from file system: file:/C:/Users/wangshifu/IdeaProjects/git/target/classes/assets/textures/ui/fxgl.png
10:35:44.236 [FXGL Background Thread 1 ] DEBUG FXGL.DefaultMenu     - createMenuBodyGameMenu()
10:35:44.243 [FXGL Background Thread 1 ] DEBUG FXGL.DefaultMenu     - createOptionsMenu()
10:35:44.250 [FXGL Background Thread 1 ] DEBUG FXGLAssetLoaderServi - Loading from file system: jar:file:///C:/Users/wangshifu/.m2/repository/com/github/almasb/fxgl/17.1/fxgl-17.1.jar!/fxglassets/textures/particles/smoke.png
10:35:44.324 [FXGL Background Thread 1 ] DEBUG FXGLAssetLoaderServi - Loading from file system: jar:file:///C:/Users/wangshifu/.m2/repository/com/github/almasb/fxgl/17.1/fxgl-17.1.jar!/fxglassets/textures/particles/trace_horizontal.png
10:35:44.347 [FXGL Background Thread 1 ] DEBUG GameApplicationServi - Application scenes initialized
10:35:44.359 [FXGL Background Thread 1 ] DEBUG SystemBundleService  - Loading FXGL system data
10:35:44.365 [FXGL Background Thread 1 ] DEBUG FileSystemAccess     - Reading from: C:\Users\wangshifu\IdeaProjects\git\system\fxgl.bundle
10:35:44.370 [FXGL Background Thread 1 ] DEBUG SystemBundleService  - Bundle FXGL: {}
10:35:44.370 [FXGL Background Thread 1 ] DEBUG UpdaterService       - Checking for updates
10:35:44.374 [FXGL Background Thread 4 ] DEBUG FXGLApplication      - Loading fonts
10:35:44.375 [FXGL Background Thread 4 ] DEBUG FXGLAssetLoaderServi - Loading from file system: jar:file:///C:/Users/wangshifu/.m2/repository/com/github/almasb/fxgl/17.1/fxgl-17.1.jar!/fxglassets/ui/fonts/VarelaRound-Regular.ttf
10:35:44.375 [FXGL Background Thread 1 ] DEBUG FXGLApplication      - Loading default localization
10:35:44.377 [FXGL Background Thread 1 ] DEBUG FXGLAssetLoaderServi - Loading from file system: jar:file:///C:/Users/wangshifu/.m2/repository/com/github/almasb/fxgl/17.1/fxgl-17.1.jar!/fxglassets/languages/english.lang
10:35:44.404 [FXGL Background Thread 1 ] INFO  FXGLApplication      - FXGL initialization took: 0.363 sec
10:35:44.417 [JavaFX Application Thread] DEBUG Input                - Registered new binding: action0 - Backspace
10:35:44.418 [JavaFX Application Thread] DEBUG Input                - Registered new binding: action1 - W
10:35:44.420 [JavaFX Application Thread] DEBUG Input                - Registered new binding: action2 - S
10:35:44.420 [JavaFX Application Thread] DEBUG Input                - Registered new binding: action3 - A
10:35:44.421 [JavaFX Application Thread] DEBUG Input                - Registered new binding: action4 - D
10:35:44.422 [JavaFX Application Thread] DEBUG Input                - Registered new binding: action5 - Space
10:35:44.422 [JavaFX Application Thread] DEBUG Input                - Registered new binding: action6 - Up
10:35:44.423 [JavaFX Application Thread] DEBUG Input                - Registered new binding: action7 - Down
10:35:44.424 [JavaFX Application Thread] DEBUG Input                - Registered new binding: action8 - Left
10:35:44.424 [JavaFX Application Thread] DEBUG Input                - Registered new binding: action9 - Right
10:35:44.425 [JavaFX Application Thread] DEBUG Input                - Registered new binding: action10 - Numpad 0
10:35:44.425 [JavaFX Application Thread] DEBUG Input                - Registered new binding: action11 - Enter
10:35:44.434 [JavaFX Application Thread] DEBUG FXGLAssetLoaderServi - Loading from file system: file:/C:/Users/wangshifu/IdeaProjects/git/target/classes/assets/textures/ui/cursor.png
10:35:44.436 [JavaFX Application Thread] DEBUG Input                - Registered new binding: Screenshot - CTRL+8
10:35:44.437 [FXGL Background Thread 4 ] DEBUG FXGLAssetLoaderServi - Loading from file system: jar:file:///C:/Users/wangshifu/.m2/repository/com/github/almasb/fxgl/17.1/fxgl-17.1.jar!/fxglassets/ui/fonts/Abel-Regular.ttf
10:35:44.437 [JavaFX Application Thread] DEBUG Input                - Registered new binding: System info dump - CTRL+9
10:35:44.437 [JavaFX Application Thread] DEBUG Input                - Registered new binding: Restart - CTRL+R
10:35:44.438 [JavaFX Application Thread] DEBUG Input                - Registered new binding: Toggle Debug Camera - CTRL+7
10:35:44.440 [FXGL Background Thread 4 ] DEBUG FXGLAssetLoaderServi - Loading from file system: jar:file:///C:/Users/wangshifu/.m2/repository/com/github/almasb/fxgl/17.1/fxgl-17.1.jar!/fxglassets/ui/fonts/TerminalLandMono-Regular.otf
10:35:44.440 [JavaFX Application Thread] DEBUG LoopRunner           - Starting loop
10:35:44.440 [JavaFX Application Thread] DEBUG LoopRunner           - Initializing JavaFX AnimationTimerLoop
10:35:44.443 [JavaFX Application Thread] DEBUG Input                - Clearing active input actions
10:35:44.450 [JavaFX Application Thread] DEBUG GameApplicationServi - Removing overlay from GameStartupScene and adding to FXGLMainMenuDummyScene
10:35:44.450 [JavaFX Application Thread] DEBUG PrimaryStageWindow   - GameStartupScene -> FXGLMainMenuDummyScene
10:35:44.450 [JavaFX Application Thread] DEBUG PrimaryStageWindow   - Push state: GameMainMenu
10:35:44.451 [JavaFX Application Thread] DEBUG FXGLAssetLoaderServi - Loading from file system: file:/C:/Users/wangshifu/IdeaProjects/git/target/classes/assets/sounds/mainMenuLoad.wav
10:35:44.453 [FXGL Background Thread 4 ] DEBUG FXGLAssetLoaderServi - Loading from file system: jar:file:///C:/Users/wangshifu/.m2/repository/com/github/almasb/fxgl/17.1/fxgl-17.1.jar!/fxglassets/ui/fonts/Courier-Prime.ttf
10:35:44.532 [JavaFX Application Thread] DEBUG Input                - Clearing active input actions
10:35:44.537 [JavaFX Application Thread] DEBUG GameApplicationServi - Removing overlay from FXGLMainMenuDummyScene and adding to GameMainMenu
10:35:44.538 [JavaFX Application Thread] DEBUG PrimaryStageWindow   - FXGLMainMenuDummyScene -> GameMainMenu
10:35:44.621 [JavaFX Application Thread] DEBUG FXGLApplication      - Registering font factories with UI factory
10:35:44.694 [FXGL Background Thread 2 ] WARN  UpdaterService       - Failed to find updates: javax.net.ssl.SSLHandshakeException: PKIX path building failed: sun.security.provider.certpath.SunCertPathBuilderException: unable to find valid certification path to requested target
10:35:46.544 [JavaFX Application Thread] DEBUG FXGLAssetLoaderServi - Loading from file system: file:/C:/Users/wangshifu/IdeaProjects/git/target/classes/assets/sounds/mainMenuHover.wav
10:35:47.373 [FXGL Background Thread 3 ] DEBUG Engine               - Logging environment variables
10:35:47.373 [FXGL Background Thread 3 ] DEBUG Engine               - achievements: []
10:35:47.373 [FXGL Background Thread 3 ] DEBUG Engine               - actualHeight: 672.0
10:35:47.373 [FXGL Background Thread 3 ] DEBUG Engine               - actualHeightProperty: ReadOnlyDoubleProperty [value: 672.0]
10:35:47.373 [FXGL Background Thread 3 ] DEBUG Engine               - actualWidth: 816.0
10:35:47.373 [FXGL Background Thread 3 ] DEBUG Engine               - actualWidthProperty: ReadOnlyDoubleProperty [value: 816.0]
10:35:47.373 [FXGL Background Thread 3 ] DEBUG Engine               - appIcon: ui/icon.png
10:35:47.373 [FXGL Background Thread 3 ] DEBUG Engine               - applicationMode: DEVELOPER
10:35:47.373 [FXGL Background Thread 3 ] DEBUG Engine               - cSSList: [fxgl_dark.css, tankApp.css]
10:35:47.373 [FXGL Background Thread 3 ] DEBUG Engine               - collisionDetectionStrategy: BRUTE_FORCE
10:35:47.375 [FXGL Background Thread 3 ] DEBUG Engine               - configClass: Optional.empty
10:35:47.375 [FXGL Background Thread 3 ] DEBUG Engine               - credits: []
10:35:47.376 [FXGL Background Thread 3 ] DEBUG Engine               - defaultCursor: CursorInfo(imageName=ui/cursor.png, hotspotX=0.0, hotspotY=0.0)
10:35:47.377 [FXGL Background Thread 3 ] DEBUG Engine               - devBBoxColorProperty: ObjectProperty [value: 0xff0000ff]
10:35:47.377 [FXGL Background Thread 3 ] DEBUG Engine               - devEnableDebugCameraProperty: BooleanProperty [value: false]
10:35:47.378 [FXGL Background Thread 3 ] DEBUG Engine               - devSensorColorProperty: ObjectProperty [value: 0xffff00ff]
10:35:47.378 [FXGL Background Thread 3 ] DEBUG Engine               - devShowBBoxProperty: BooleanProperty [value: false]
10:35:47.378 [FXGL Background Thread 3 ] DEBUG Engine               - devShowPositionProperty: BooleanProperty [value: false]
10:35:47.378 [FXGL Background Thread 3 ] DEBUG Engine               - enabledMenuItems: []
10:35:47.378 [FXGL Background Thread 3 ] DEBUG Engine               - engineServices: [class com.almasb.fxgl.app.services.FXGLAssetLoaderService, class com.almasb.fxgl.app.FXGLApplication$GameApplicationService, class com.almasb.fxgl.app.services.FXGLDialogService, class com.almasb.fxgl.app.services.IOTaskExecutorService, class com.almasb.fxgl.io.FileSystemService, class com.almasb.fxgl.localization.LocalizationService, class com.almasb.fxgl.app.services.SystemBundleService, class com.almasb.fxgl.profile.SaveLoadService, class com.almasb.fxgl.ui.FXGLUIFactoryServiceProvider, class com.almasb.fxgl.ui.FXGLDialogFactoryServiceProvider, class com.almasb.fxgl.audio.AudioPlayer, class com.almasb.fxgl.notification.impl.NotificationServiceProvider, class com.almasb.fxgl.achievement.AchievementService, class com.almasb.fxgl.cutscene.CutsceneService, class com.almasb.fxgl.minigames.MiniGameService, class com.almasb.fxgl.net.NetService, class com.almasb.fxgl.app.services.UpdaterService, class com.almasb.fxgl.dev.DevService]
10:35:47.378 [FXGL Background Thread 3 ] DEBUG Engine               - fontGame: Abel-Regular.ttf
10:35:47.378 [FXGL Background Thread 3 ] DEBUG Engine               - fontMono: TerminalLandMono-Regular.otf
10:35:47.378 [FXGL Background Thread 3 ] DEBUG Engine               - fontText: Courier-Prime.ttf
10:35:47.378 [FXGL Background Thread 3 ] DEBUG Engine               - fontUI: VarelaRound-Regular.ttf
10:35:47.378 [FXGL Background Thread 3 ] DEBUG Engine               - fullScreen: BooleanProperty [value: false]
10:35:47.378 [FXGL Background Thread 3 ] DEBUG Engine               - gameDifficulty: MEDIUM
10:35:47.379 [FXGL Background Thread 3 ] DEBUG Engine               - gameDifficultyProperty: ObjectProperty [value: MEDIUM]
10:35:47.379 [FXGL Background Thread 3 ] DEBUG Engine               - globalMusicVolume: 0.5
10:35:47.379 [FXGL Background Thread 3 ] DEBUG Engine               - globalMusicVolumeProperty: DoubleProperty [value: 0.5]
10:35:47.379 [FXGL Background Thread 3 ] DEBUG Engine               - globalSoundVolume: 0.5
10:35:47.379 [FXGL Background Thread 3 ] DEBUG Engine               - globalSoundVolumeProperty: DoubleProperty [value: 0.5]
10:35:47.379 [FXGL Background Thread 3 ] DEBUG Engine               - height: 672
10:35:47.379 [FXGL Background Thread 3 ] DEBUG Engine               - is3D: false
10:35:47.379 [FXGL Background Thread 3 ] DEBUG Engine               - isAndroid: false
10:35:47.379 [FXGL Background Thread 3 ] DEBUG Engine               - isBrowser: false
10:35:47.380 [FXGL Background Thread 3 ] DEBUG Engine               - isClickFeedbackEnabled: false
10:35:47.380 [FXGL Background Thread 3 ] DEBUG Engine               - isCloseConfirmation: false
10:35:47.380 [FXGL Background Thread 3 ] DEBUG Engine               - isDesktop: true
10:35:47.380 [FXGL Background Thread 3 ] DEBUG Engine               - isDeveloperMenuEnabled: false
10:35:47.380 [FXGL Background Thread 3 ] DEBUG Engine               - isEmbedded: false
10:35:47.380 [FXGL Background Thread 3 ] DEBUG Engine               - isEntityPreloadEnabled: true
10:35:47.380 [FXGL Background Thread 3 ] DEBUG Engine               - isExperimentalTiledLargeMap: false
10:35:47.380 [FXGL Background Thread 3 ] DEBUG Engine               - isFileSystemWriteAllowed: true
10:35:47.380 [FXGL Background Thread 3 ] DEBUG Engine               - isFullScreenAllowed: false
10:35:47.380 [FXGL Background Thread 3 ] DEBUG Engine               - isFullScreenFromStart: false
10:35:47.380 [FXGL Background Thread 3 ] DEBUG Engine               - isGameMenuEnabled: true
10:35:47.380 [FXGL Background Thread 3 ] DEBUG Engine               - isIOS: false
10:35:47.380 [FXGL Background Thread 3 ] DEBUG Engine               - isIntroEnabled: false
10:35:47.380 [FXGL Background Thread 3 ] DEBUG Engine               - isLinux: false
10:35:47.380 [FXGL Background Thread 3 ] DEBUG Engine               - isMac: false
10:35:47.380 [FXGL Background Thread 3 ] DEBUG Engine               - isMainMenuEnabled: true
10:35:47.380 [FXGL Background Thread 3 ] DEBUG Engine               - isManualResizeEnabled: false
10:35:47.381 [FXGL Background Thread 3 ] DEBUG Engine               - isMobile: false
10:35:47.381 [FXGL Background Thread 3 ] DEBUG Engine               - isNative: false
10:35:47.381 [FXGL Background Thread 3 ] DEBUG Engine               - isPauseMusicWhenMinimized: true
10:35:47.381 [FXGL Background Thread 3 ] DEBUG Engine               - isPreserveResizeRatio: false
10:35:47.381 [FXGL Background Thread 3 ] DEBUG Engine               - isProfilingEnabled: false
10:35:47.381 [FXGL Background Thread 3 ] DEBUG Engine               - isScaleAffectedOnResize: true
10:35:47.381 [FXGL Background Thread 3 ] DEBUG Engine               - isSingleStep: false
10:35:47.381 [FXGL Background Thread 3 ] DEBUG Engine               - isUserProfileEnabled: false
10:35:47.381 [FXGL Background Thread 3 ] DEBUG Engine               - isWindows: true
10:35:47.381 [FXGL Background Thread 3 ] DEBUG Engine               - language: ObjectProperty [value: ENGLISH]
10:35:47.381 [FXGL Background Thread 3 ] DEBUG Engine               - menuKey: ESCAPE
10:35:47.382 [FXGL Background Thread 3 ] DEBUG Engine               - mouseSensitivity: 0.2
10:35:47.382 [FXGL Background Thread 3 ] DEBUG Engine               - notificationViewClass: class com.almasb.fxgl.notification.view.XboxNotificationView
10:35:47.382 [FXGL Background Thread 3 ] DEBUG Engine               - pixelsPerMeter: 50.0
10:35:47.382 [FXGL Background Thread 3 ] DEBUG Engine               - platform: WINDOWS
10:35:47.382 [FXGL Background Thread 3 ] DEBUG Engine               - prefHeightProperty: ReadOnlyDoubleProperty [value: 672.0]
10:35:47.382 [FXGL Background Thread 3 ] DEBUG Engine               - prefWidthProperty: ReadOnlyDoubleProperty [value: 816.0]
10:35:47.382 [FXGL Background Thread 3 ] DEBUG Engine               - profileDir: profiles/
10:35:47.382 [FXGL Background Thread 3 ] DEBUG Engine               - profileName: StringProperty [value: DEFAULT]
10:35:47.382 [FXGL Background Thread 3 ] DEBUG Engine               - randomSeed: -1
10:35:47.382 [FXGL Background Thread 3 ] DEBUG Engine               - runtimeInfo: RuntimeInfo(platform=WINDOWS, version=17.1, build=24.03.2022 17.34)
10:35:47.383 [FXGL Background Thread 3 ] DEBUG Engine               - saveFileExt: sav
10:35:47.383 [FXGL Background Thread 3 ] DEBUG Engine               - scaledHeightProp$fxgl: DoubleProperty [bound, value: 672.0]
10:35:47.383 [FXGL Background Thread 3 ] DEBUG Engine               - scaledWidthProp$fxgl: DoubleProperty [bound, value: 816.0]
10:35:47.383 [FXGL Background Thread 3 ] DEBUG Engine               - sceneFactory: com.csu.tank.TankApp$1@53239c56
10:35:47.383 [FXGL Background Thread 3 ] DEBUG Engine               - secondsIn24h: 60
10:35:47.383 [FXGL Background Thread 3 ] DEBUG Engine               - soundMenuBack: menu/back.wav
10:35:47.383 [FXGL Background Thread 3 ] DEBUG Engine               - soundMenuPress: menu/press.wav
10:35:47.383 [FXGL Background Thread 3 ] DEBUG Engine               - soundMenuSelect: menu/select.wav
10:35:47.383 [FXGL Background Thread 3 ] DEBUG Engine               - soundNotification: core/notification.wav
10:35:47.383 [FXGL Background Thread 3 ] DEBUG Engine               - stageStyle: DECORATED
10:35:47.383 [FXGL Background Thread 3 ] DEBUG Engine               - supportedLanguages: [ENGLISH, FRENCH, GERMAN, HUNGARIAN, RUSSIAN]
10:35:47.383 [FXGL Background Thread 3 ] DEBUG Engine               - ticksPerSecond: -1
10:35:47.383 [FXGL Background Thread 3 ] DEBUG Engine               - title: 90 Tank
10:35:47.383 [FXGL Background Thread 3 ] DEBUG Engine               - urlGithub: https://github.com/AlmasB/FXGL
10:35:47.384 [FXGL Background Thread 3 ] DEBUG Engine               - urlLeaderboard: http://fxgl-top.herokuapp.com/
10:35:47.384 [FXGL Background Thread 3 ] DEBUG Engine               - urlPOM: https://raw.githubusercontent.com/AlmasB/FXGL/release/README.md
10:35:47.384 [FXGL Background Thread 3 ] DEBUG Engine               - userAppClass: class com.csu.tank.TankApp
10:35:47.384 [FXGL Background Thread 3 ] DEBUG Engine               - version: Version 0.3
10:35:47.384 [FXGL Background Thread 3 ] DEBUG Engine               - versionCheckDays: 7
10:35:47.384 [FXGL Background Thread 3 ] DEBUG Engine               - width: 816
10:35:47.384 [FXGL Background Thread 3 ] DEBUG Engine               - Logging services
10:35:47.384 [FXGL Background Thread 3 ] DEBUG Engine               - class com.almasb.fxgl.app.services.FXGLAssetLoaderService
10:35:47.384 [FXGL Background Thread 3 ] DEBUG Engine               - class com.almasb.fxgl.app.FXGLApplication$GameApplicationService
10:35:47.384 [FXGL Background Thread 3 ] DEBUG Engine               - class com.almasb.fxgl.app.services.FXGLDialogService
10:35:47.384 [FXGL Background Thread 3 ] DEBUG Engine               - class com.almasb.fxgl.app.services.IOTaskExecutorService
10:35:47.384 [FXGL Background Thread 3 ] DEBUG Engine               - class com.almasb.fxgl.io.FileSystemService
10:35:47.384 [FXGL Background Thread 3 ] DEBUG Engine               - class com.almasb.fxgl.localization.LocalizationService
10:35:47.384 [FXGL Background Thread 3 ] DEBUG Engine               - class com.almasb.fxgl.app.services.SystemBundleService
10:35:47.384 [FXGL Background Thread 3 ] DEBUG Engine               - class com.almasb.fxgl.profile.SaveLoadService
10:35:47.384 [FXGL Background Thread 3 ] DEBUG Engine               - class com.almasb.fxgl.ui.FXGLUIFactoryServiceProvider
10:35:47.384 [FXGL Background Thread 3 ] DEBUG Engine               - class com.almasb.fxgl.ui.FXGLDialogFactoryServiceProvider
10:35:47.384 [FXGL Background Thread 3 ] DEBUG Engine               - class com.almasb.fxgl.audio.AudioPlayer
10:35:47.384 [FXGL Background Thread 3 ] DEBUG Engine               - class com.almasb.fxgl.notification.impl.NotificationServiceProvider
10:35:47.384 [FXGL Background Thread 3 ] DEBUG Engine               - class com.almasb.fxgl.achievement.AchievementService
10:35:47.384 [FXGL Background Thread 3 ] DEBUG Engine               - class com.almasb.fxgl.cutscene.CutsceneService
10:35:47.384 [FXGL Background Thread 3 ] DEBUG Engine               - class com.almasb.fxgl.minigames.MiniGameService
10:35:47.384 [FXGL Background Thread 3 ] DEBUG Engine               - class com.almasb.fxgl.net.NetService
10:35:47.384 [FXGL Background Thread 3 ] DEBUG Engine               - class com.almasb.fxgl.app.services.UpdaterService
10:35:47.384 [FXGL Background Thread 3 ] DEBUG Engine               - class com.almasb.fxgl.dev.DevService
10:35:47.482 [JavaFX Application Thread] DEBUG FXGLAssetLoaderServi - Loading from file system: file:/C:/Users/wangshifu/IdeaProjects/git/target/classes/assets/sounds/select.wav
10:35:47.487 [JavaFX Application Thread] DEBUG Menu                 - fireNewGame()
10:35:47.487 [JavaFX Application Thread] DEBUG GameApplicationServi - Starting new game
10:35:47.487 [JavaFX Application Thread] DEBUG PrimaryStageWindow   - Pop state: GameMainMenu
10:35:47.487 [JavaFX Application Thread] DEBUG Input                - Clearing active input actions
10:35:47.487 [JavaFX Application Thread] DEBUG GameApplicationServi - Removing overlay from GameMainMenu and adding to FXGLMainMenuDummyScene
10:35:47.488 [JavaFX Application Thread] DEBUG PrimaryStageWindow   - FXGLMainMenuDummyScene <- GameMainMenu
10:35:47.488 [JavaFX Application Thread] DEBUG Input                - Clearing active input actions
10:35:47.496 [JavaFX Application Thread] DEBUG GameApplicationServi - Removing overlay from FXGLMainMenuDummyScene and adding to GameLoadingScene
10:35:47.496 [JavaFX Application Thread] DEBUG PrimaryStageWindow   - FXGLMainMenuDummyScene -> GameLoadingScene
10:35:47.496 [JavaFX Application Thread] DEBUG GameApplicationServi - Clearing previous game
10:35:47.496 [JavaFX Application Thread] DEBUG GameScene            - Clearing game scene
10:35:47.498 [JavaFX Application Thread] DEBUG GameWorld            - Clearing game world
10:35:47.498 [JavaFX Application Thread] DEBUG PhysicsWorld         - Clearing physics world
10:35:47.500 [FXGL Background Thread 2 ] DEBUG FXGLApplication      - Initializing game
10:35:47.503 [FXGL Background Thread 2 ] DEBUG FXGLAssetLoaderServi - Loading from file system: file:/C:/Users/wangshifu/IdeaProjects/git/target/classes/assets/properties/game.properties
10:35:47.508 [FXGL Background Thread 2 ] DEBUG FXGLAssetLoaderServi - Loading from file system: file:/C:/Users/wangshifu/IdeaProjects/git/target/classes/assets/textures/map/stone.png
10:35:47.509 [FXGL Background Thread 2 ] DEBUG FXGLAssetLoaderServi - Loading from file system: file:/C:/Users/wangshifu/IdeaProjects/git/target/classes/assets/textures/map/brick.png
10:35:47.512 [FXGL Background Thread 2 ] DEBUG FXGLAssetLoaderServi - Loading from file system: file:/C:/Users/wangshifu/IdeaProjects/git/target/classes/assets/textures/map/sea_anim.png
10:35:47.512 [FXGL Background Thread 2 ] DEBUG FXGLAssetLoaderServi - Loading from file system: file:/C:/Users/wangshifu/IdeaProjects/git/target/classes/assets/textures/explode/explode_level_2.png
10:35:47.520 [FXGL Background Thread 2 ] INFO  FXGLApplication      - Game initialization took: 0.020 sec
10:35:47.520 [JavaFX Application Thread] DEBUG Input                - Clearing active input actions
10:35:47.527 [JavaFX Application Thread] DEBUG GameApplicationServi - Removing overlay from GameLoadingScene and adding to GameScene
10:35:47.527 [JavaFX Application Thread] DEBUG PrimaryStageWindow   - GameLoadingScene -> GameScene
10:35:49.053 [JavaFX Application Thread] WARN  TMXLevelLoader       - TiledMap generated from 1.8.4. Supported version: 1.4.2. Some features may not be parsed fully.
10:35:49.059 [JavaFX Application Thread] DEBUG TMXLevelLoader       - Parsed TiledMap: file:/C:/Users/wangshifu/IdeaProjects/git/ConstructMap/level0.tmx
10:35:49.060 [JavaFX Application Thread] DEBUG TMXLevelLoader       - Creating tile layer entities
10:35:49.061 [JavaFX Application Thread] DEBUG TMXLevelLoader       - Creating object layer entities
10:35:49.082 [JavaFX Application Thread] DEBUG GameWorld            - Clearing removable entities
10:35:49.083 [JavaFX Application Thread] DEBUG GameWorld            - Setting level: com.almasb.fxgl.entity.level.Level@7da749a
10:35:49.087 [JavaFX Application Thread] DEBUG FXGLAssetLoaderServi - Loading from file system: file:/C:/Users/wangshifu/IdeaProjects/git/target/classes/assets/sounds/start.wav
10:35:49.096 [JavaFX Application Thread] DEBUG FXGLAssetLoaderServi - Loading from file system: file:/C:/Users/wangshifu/IdeaProjects/git/target/classes/assets/textures/tank/H1U.png
10:35:49.100 [JavaFX Application Thread] DEBUG FXGLAssetLoaderServi - Loading from file system: file:/C:/Users/wangshifu/IdeaProjects/git/target/classes/assets/textures/item/armed_helmet.png
10:35:49.110 [JavaFX Application Thread] DEBUG FXGLAssetLoaderServi - Loading from file system: file:/C:/Users/wangshifu/IdeaProjects/git/target/classes/assets/textures/tank/H2U.png
10:35:49.114 [JavaFX Application Thread] DEBUG FXGLAssetLoaderServi - Loading from file system: file:/C:/Users/wangshifu/IdeaProjects/git/target/classes/assets/textures/ui/enemy_pre.png
10:35:49.115 [JavaFX Application Thread] DEBUG FXGLAssetLoaderServi - Loading from file system: file:/C:/Users/wangshifu/IdeaProjects/git/target/classes/assets/textures/ui/levelFlag.png
10:35:49.116 [JavaFX Application Thread] DEBUG FXGLAssetLoaderServi - Loading from file system: file:/C:/Users/wangshifu/IdeaProjects/git/target/classes/assets/textures/ui/bulletLevel.png
10:35:49.119 [JavaFX Application Thread] DEBUG FXGLAssetLoaderServi - Loading from file system: file:/C:/Users/wangshifu/IdeaProjects/git/target/classes/assets/textures/tank/spawnTank.png
10:35:49.120 [JavaFX Application Thread] DEBUG FXGLAssetLoaderServi - Loading from file system: file:/C:/Users/wangshifu/IdeaProjects/git/target/classes/assets/textures/tank/E7U.png
10:35:49.123 [JavaFX Application Thread] DEBUG FXGLAssetLoaderServi - Loading from file system: file:/C:/Users/wangshifu/IdeaProjects/git/target/classes/assets/textures/tank/E3U.png
10:35:50.236 [JavaFX Application Thread] DEBUG FXGLAssetLoaderServi - Loading from file system: file:/C:/Users/wangshifu/IdeaProjects/git/target/classes/assets/sounds/normalFire.wav
10:35:50.238 [JavaFX Application Thread] DEBUG FXGLAssetLoaderServi - Loading from file system: file:/C:/Users/wangshifu/IdeaProjects/git/target/classes/assets/textures/bullet/normal.png
10:35:54.650 [JavaFX Application Thread] DEBUG FXGLAssetLoaderServi - Loading from file system: file:/C:/Users/wangshifu/IdeaProjects/git/target/classes/assets/sounds/normalBomb.wav
10:35:54.659 [JavaFX Application Thread] DEBUG FXGLAssetLoaderServi - Loading from file system: file:/C:/Users/wangshifu/IdeaProjects/git/target/classes/assets/textures/item/time.png
10:35:57.325 [JavaFX Application Thread] DEBUG FXGLAssetLoaderServi - Loading from file system: file:/C:/Users/wangshifu/IdeaProjects/git/target/classes/assets/textures/item/bomb.png
10:36:02.107 [JavaFX Application Thread] DEBUG FXGLAssetLoaderServi - Loading from file system: file:/C:/Users/wangshifu/IdeaProjects/git/target/classes/assets/sounds/Win.wav
10:36:02.112 [JavaFX Application Thread] DEBUG FXGLAssetLoaderServi - Loading from file system: file:/C:/Users/wangshifu/IdeaProjects/git/target/classes/assets/textures/item/ship.png
10:36:03.483 [JavaFX Application Thread] DEBUG PrimaryStageWindow   - Push state: SuccessScene
10:36:03.484 [JavaFX Application Thread] DEBUG Input                - Clearing active input actions
10:36:03.485 [JavaFX Application Thread] DEBUG GameApplicationServi - Removing overlay from GameScene and adding to SuccessScene
10:36:03.485 [JavaFX Application Thread] DEBUG PrimaryStageWindow   - GameScene -> SuccessScene
10:36:05.499 [JavaFX Application Thread] DEBUG PrimaryStageWindow   - Pop state: SuccessScene
10:36:05.499 [JavaFX Application Thread] DEBUG Input                - Clearing active input actions
10:36:05.499 [JavaFX Application Thread] DEBUG GameApplicationServi - Removing overlay from SuccessScene and adding to GameScene
10:36:05.499 [JavaFX Application Thread] DEBUG PrimaryStageWindow   - GameScene <- SuccessScene
10:36:07.008 [JavaFX Application Thread] WARN  TMXLevelLoader       - TiledMap generated from 1.10.2. Supported version: 1.4.2. Some features may not be parsed fully.
10:36:07.022 [JavaFX Application Thread] DEBUG TMXLevelLoader       - Parsed TiledMap: file:/C:/Users/wangshifu/IdeaProjects/git/target/classes/assets/levels/level1.tmx
10:36:07.022 [JavaFX Application Thread] DEBUG TMXLevelLoader       - Creating tile layer entities
10:36:07.022 [JavaFX Application Thread] DEBUG TMXLevelLoader       - Creating object layer entities
10:36:07.058 [JavaFX Application Thread] DEBUG GameWorld            - Clearing removable entities
10:36:07.059 [JavaFX Application Thread] DEBUG GameWorld            - Setting level: com.almasb.fxgl.entity.level.Level@11fb3735
10:36:07.067 [JavaFX Application Thread] DEBUG FXGLAssetLoaderServi - Loading from file system: file:/C:/Users/wangshifu/IdeaProjects/git/target/classes/assets/textures/tank/E1U.png
10:36:07.070 [JavaFX Application Thread] DEBUG FXGLAssetLoaderServi - Loading from file system: file:/C:/Users/wangshifu/IdeaProjects/git/target/classes/assets/textures/tank/E9U.png
10:36:08.729 [JavaFX Application Thread] DEBUG FXGLApplication      - Exiting FXGL
10:36:08.729 [JavaFX Application Thread] DEBUG LoopRunner           - Stopping loop
10:36:08.729 [JavaFX Application Thread] DEBUG SystemBundleService  - Saving FXGL system data
10:36:08.731 [JavaFX Application Thread] DEBUG FileSystemAccess     - Writing to: C:\Users\wangshifu\IdeaProjects\git\system\fxgl.bundle
10:36:08.732 [JavaFX Application Thread] DEBUG Async                - Shutting down background threads
10:36:08.732 [JavaFX Application Thread] DEBUG PrimaryStageWindow   - Closing main window
10:36:08.763 [JavaFX Application Thread] DEBUG Logger               - Closing Logger
