09:48:23.802 [main                     ] DEBUG Logger               - Configured Logger
09:48:23.828 [main                     ] DEBUG GameApplication      - Logging settings
Title: 90 Tank
Version: Version 0.3
Width: 816
Height: 672
Fullscreen: false
Intro: false
Profiling: false
Single step:false
App Mode: DEVELOPER
Menu Key: ESCAPE
Stage Style: DECORATED
Scene Factory: class com.csu.tank.TankApp$1

09:48:24.105 [JavaFX Application Thread] DEBUG FXGLApplication      - Initializing FXGL
09:48:24.109 [JavaFX Application Thread] INFO  Engine               - FXGL-17.1 (24.03.2022 17.34) on WINDOWS (J:17.0.1 FX:18)
09:48:24.110 [JavaFX Application Thread] DEBUG Engine               - JRE Vendor Name: Oracle Corporation
09:48:24.110 [JavaFX Application Thread] DEBUG Engine               - Running on OS: Windows 10 version 10.0
09:48:24.110 [JavaFX Application Thread] DEBUG Engine               - Architecture: amd64
09:48:24.110 [JavaFX Application Thread] INFO  Engine               - Source code and latest versions at: https://github.com/AlmasB/FXGL
09:48:24.110 [JavaFX Application Thread] INFO  Engine               -       Ask questions and discuss at: https://github.com/AlmasB/FXGL/discussions
09:48:24.110 [JavaFX Application Thread] INFO  Engine               -              Join the FXGL chat at: https://gitter.im/AlmasB/FXGL
09:48:24.176 [JavaFX Application Thread] DEBUG PrimaryStageWindow   - Creating a JavaFX scene
09:48:24.218 [JavaFX Application Thread] DEBUG PrimaryStageWindow   - Target settings size: 816.0 x 672.0
09:48:24.218 [JavaFX Application Thread] DEBUG PrimaryStageWindow   - Scaled scene size:    816.0 x 672.0
09:48:24.218 [JavaFX Application Thread] DEBUG PrimaryStageWindow   - Scaled ratio: (1.0, 1.0)
09:48:24.219 [JavaFX Application Thread] DEBUG PrimaryStageWindow   - Set initial scene to GameStartupScene
09:48:24.224 [JavaFX Application Thread] DEBUG PrimaryStageWindow   - Opening main window
09:48:24.388 [JavaFX Application Thread] DEBUG PrimaryStageWindow   - Window border size: (14.4000244140625, 37.5999755859375)
09:48:24.389 [JavaFX Application Thread] DEBUG PrimaryStageWindow   - Scaled size: 816.0 x 672.0
09:48:24.389 [JavaFX Application Thread] DEBUG PrimaryStageWindow   - Scaled ratio: (1.0, 1.0)
09:48:24.389 [JavaFX Application Thread] DEBUG PrimaryStageWindow   - Scene size: 816.0 x 672.0
09:48:24.389 [JavaFX Application Thread] DEBUG PrimaryStageWindow   - Stage size: 830.4000244140625 x 709.5999755859375
09:48:24.395 [FXGL Background Thread 1 ] DEBUG Engine               - Initializing environment variables
09:48:24.422 [FXGL Background Thread 1 ] DEBUG FXGLAssetLoaderServi - User app class for loading assets: class com.csu.tank.TankApp
09:48:24.422 [FXGL Background Thread 1 ] DEBUG GameApplicationServi - Applying CSS: fxgl_dark.css
09:48:24.423 [FXGL Background Thread 1 ] DEBUG FXGLAssetLoaderServi - Loading from file system: jar:file:///C:/Users/wangshifu/.m2/repository/com/github/almasb/fxgl/17.1/fxgl-17.1.jar!/fxglassets/ui/css/fxgl_dark.css
09:48:24.438 [FXGL Background Thread 1 ] DEBUG GameApplicationServi - Applying CSS: tankApp.css
09:48:24.438 [FXGL Background Thread 1 ] DEBUG FXGLAssetLoaderServi - Loading from file system: file:/C:/Users/wangshifu/IdeaProjects/FXGL_Tank-main/target/classes/assets/ui/css/tankApp.css
09:48:24.439 [FXGL Background Thread 1 ] DEBUG GameApplicationServi - Initializing application scenes
09:48:24.443 [FXGL Background Thread 1 ] DEBUG GameWorld            - Game world initialized
09:48:24.485 [FXGL Background Thread 1 ] DEBUG PhysicsWorld         - Physics world initialized: appHeight=672, physics.ppm=50.0
09:48:24.485 [FXGL Background Thread 1 ] DEBUG PhysicsWorld         - Using strategy: BRUTE_FORCE
09:48:24.490 [FXGL Background Thread 1 ] DEBUG GameScene            - Game scene initialized: 816x672
09:48:24.493 [FXGL Background Thread 1 ] DEBUG FXGLAssetLoaderServi - Loading from file system: file:/C:/Users/wangshifu/IdeaProjects/FXGL_Tank-main/target/classes/assets/textures/ui/logo.png
09:48:24.508 [FXGL Background Thread 1 ] DEBUG FXGLAssetLoaderServi - Loading from file system: file:/C:/Users/wangshifu/IdeaProjects/FXGL_Tank-main/target/classes/assets/textures/ui/icon.png
09:48:24.519 [FXGL Background Thread 1 ] DEBUG FXGLAssetLoaderServi - Loading from file system: file:/C:/Users/wangshifu/IdeaProjects/FXGL_Tank-main/target/classes/assets/textures/ui/tankLoading.png
09:48:24.543 [FXGL Background Thread 1 ] DEBUG FXGLAssetLoaderServi - Loading from file system: file:/C:/Users/wangshifu/IdeaProjects/FXGL_Tank-main/target/classes/assets/textures/ui/fxgl.png
09:48:24.579 [FXGL Background Thread 1 ] DEBUG FXGL.DefaultMenu     - createMenuBodyGameMenu()
09:48:24.585 [FXGL Background Thread 1 ] DEBUG FXGL.DefaultMenu     - createOptionsMenu()
09:48:24.592 [FXGL Background Thread 1 ] DEBUG FXGLAssetLoaderServi - Loading from file system: jar:file:///C:/Users/wangshifu/.m2/repository/com/github/almasb/fxgl/17.1/fxgl-17.1.jar!/fxglassets/textures/particles/smoke.png
09:48:24.695 [FXGL Background Thread 1 ] DEBUG FXGLAssetLoaderServi - Loading from file system: jar:file:///C:/Users/wangshifu/.m2/repository/com/github/almasb/fxgl/17.1/fxgl-17.1.jar!/fxglassets/textures/particles/trace_horizontal.png
09:48:24.715 [FXGL Background Thread 1 ] DEBUG GameApplicationServi - Application scenes initialized
09:48:24.725 [FXGL Background Thread 1 ] DEBUG SystemBundleService  - Loading FXGL system data
09:48:24.730 [FXGL Background Thread 1 ] DEBUG FileSystemAccess     - Reading from: C:\Users\wangshifu\IdeaProjects\FXGL_Tank-main\system\fxgl.bundle
09:48:24.736 [FXGL Background Thread 1 ] DEBUG SystemBundleService  - Bundle FXGL: {}
09:48:24.736 [FXGL Background Thread 1 ] DEBUG UpdaterService       - Checking for updates
09:48:24.738 [FXGL Background Thread 4 ] DEBUG FXGLApplication      - Loading fonts
09:48:24.738 [FXGL Background Thread 1 ] DEBUG FXGLApplication      - Loading default localization
09:48:24.739 [FXGL Background Thread 4 ] DEBUG FXGLAssetLoaderServi - Loading from file system: jar:file:///C:/Users/wangshifu/.m2/repository/com/github/almasb/fxgl/17.1/fxgl-17.1.jar!/fxglassets/ui/fonts/VarelaRound-Regular.ttf
09:48:24.739 [FXGL Background Thread 1 ] DEBUG FXGLAssetLoaderServi - Loading from file system: jar:file:///C:/Users/wangshifu/.m2/repository/com/github/almasb/fxgl/17.1/fxgl-17.1.jar!/fxglassets/languages/english.lang
09:48:24.760 [FXGL Background Thread 1 ] INFO  FXGLApplication      - FXGL initialization took: 0.365 sec
09:48:24.771 [JavaFX Application Thread] DEBUG Input                - Registered new binding: action0 - Num Lock
09:48:24.772 [JavaFX Application Thread] DEBUG Input                - Registered new binding: action1 - W
09:48:24.773 [JavaFX Application Thread] DEBUG Input                - Registered new binding: action2 - S
09:48:24.773 [JavaFX Application Thread] DEBUG Input                - Registered new binding: action3 - A
09:48:24.774 [JavaFX Application Thread] DEBUG Input                - Registered new binding: action4 - D
09:48:24.775 [JavaFX Application Thread] DEBUG Input                - Registered new binding: action5 - Space
09:48:24.775 [JavaFX Application Thread] DEBUG Input                - Registered new binding: action6 - Up
09:48:24.776 [JavaFX Application Thread] DEBUG Input                - Registered new binding: action7 - Down
09:48:24.776 [JavaFX Application Thread] DEBUG Input                - Registered new binding: action8 - Left
09:48:24.776 [JavaFX Application Thread] DEBUG Input                - Registered new binding: action9 - Right
09:48:24.777 [JavaFX Application Thread] DEBUG Input                - Registered new binding: action10 - 0
09:48:24.782 [JavaFX Application Thread] DEBUG FXGLAssetLoaderServi - Loading from file system: file:/C:/Users/wangshifu/IdeaProjects/FXGL_Tank-main/target/classes/assets/textures/ui/cursor.png
09:48:24.784 [JavaFX Application Thread] DEBUG Input                - Registered new binding: Screenshot - CTRL+8
09:48:24.785 [JavaFX Application Thread] DEBUG Input                - Registered new binding: System info dump - CTRL+9
09:48:24.786 [JavaFX Application Thread] DEBUG Input                - Registered new binding: Restart - CTRL+R
09:48:24.789 [JavaFX Application Thread] DEBUG Input                - Registered new binding: Toggle Debug Camera - CTRL+7
09:48:24.796 [JavaFX Application Thread] DEBUG LoopRunner           - Starting loop
09:48:24.798 [JavaFX Application Thread] DEBUG LoopRunner           - Initializing JavaFX AnimationTimerLoop
09:48:24.805 [JavaFX Application Thread] DEBUG Input                - Clearing active input actions
09:48:24.813 [FXGL Background Thread 4 ] DEBUG FXGLAssetLoaderServi - Loading from file system: jar:file:///C:/Users/wangshifu/.m2/repository/com/github/almasb/fxgl/17.1/fxgl-17.1.jar!/fxglassets/ui/fonts/Abel-Regular.ttf
09:48:24.814 [JavaFX Application Thread] DEBUG GameApplicationServi - Removing overlay from GameStartupScene and adding to FXGLMainMenuDummyScene
09:48:24.814 [JavaFX Application Thread] DEBUG PrimaryStageWindow   - GameStartupScene -> FXGLMainMenuDummyScene
09:48:24.814 [JavaFX Application Thread] DEBUG PrimaryStageWindow   - Push state: GameMainMenu
09:48:24.815 [JavaFX Application Thread] DEBUG FXGLAssetLoaderServi - Loading from file system: file:/C:/Users/wangshifu/IdeaProjects/FXGL_Tank-main/target/classes/assets/sounds/mainMenuLoad.wav
09:48:24.816 [FXGL Background Thread 4 ] DEBUG FXGLAssetLoaderServi - Loading from file system: jar:file:///C:/Users/wangshifu/.m2/repository/com/github/almasb/fxgl/17.1/fxgl-17.1.jar!/fxglassets/ui/fonts/TerminalLandMono-Regular.otf
09:48:24.819 [FXGL Background Thread 4 ] DEBUG FXGLAssetLoaderServi - Loading from file system: jar:file:///C:/Users/wangshifu/.m2/repository/com/github/almasb/fxgl/17.1/fxgl-17.1.jar!/fxglassets/ui/fonts/Courier-Prime.ttf
09:48:24.906 [JavaFX Application Thread] DEBUG Input                - Clearing active input actions
09:48:24.912 [JavaFX Application Thread] DEBUG GameApplicationServi - Removing overlay from FXGLMainMenuDummyScene and adding to GameMainMenu
09:48:24.912 [JavaFX Application Thread] DEBUG PrimaryStageWindow   - FXGLMainMenuDummyScene -> GameMainMenu
09:48:25.005 [JavaFX Application Thread] DEBUG FXGLApplication      - Registering font factories with UI factory
09:48:25.104 [FXGL Background Thread 2 ] WARN  UpdaterService       - Failed to find updates: javax.net.ssl.SSLHandshakeException: PKIX path building failed: sun.security.provider.certpath.SunCertPathBuilderException: unable to find valid certification path to requested target
09:48:26.914 [JavaFX Application Thread] DEBUG FXGLAssetLoaderServi - Loading from file system: file:/C:/Users/wangshifu/IdeaProjects/FXGL_Tank-main/target/classes/assets/sounds/mainMenuHover.wav
09:48:27.740 [FXGL Background Thread 3 ] DEBUG Engine               - Logging environment variables
09:48:27.741 [FXGL Background Thread 3 ] DEBUG Engine               - achievements: []
09:48:27.741 [FXGL Background Thread 3 ] DEBUG Engine               - actualHeight: 672.0
09:48:27.741 [FXGL Background Thread 3 ] DEBUG Engine               - actualHeightProperty: ReadOnlyDoubleProperty [value: 672.0]
09:48:27.742 [FXGL Background Thread 3 ] DEBUG Engine               - actualWidth: 816.0
09:48:27.742 [FXGL Background Thread 3 ] DEBUG Engine               - actualWidthProperty: ReadOnlyDoubleProperty [value: 816.0]
09:48:27.742 [FXGL Background Thread 3 ] DEBUG Engine               - appIcon: ui/icon.png
09:48:27.742 [FXGL Background Thread 3 ] DEBUG Engine               - applicationMode: DEVELOPER
09:48:27.742 [FXGL Background Thread 3 ] DEBUG Engine               - cSSList: [fxgl_dark.css, tankApp.css]
09:48:27.742 [FXGL Background Thread 3 ] DEBUG Engine               - collisionDetectionStrategy: BRUTE_FORCE
09:48:27.743 [FXGL Background Thread 3 ] DEBUG Engine               - configClass: Optional.empty
09:48:27.743 [FXGL Background Thread 3 ] DEBUG Engine               - credits: []
09:48:27.745 [FXGL Background Thread 3 ] DEBUG Engine               - defaultCursor: CursorInfo(imageName=ui/cursor.png, hotspotX=0.0, hotspotY=0.0)
09:48:27.745 [FXGL Background Thread 3 ] DEBUG Engine               - devBBoxColorProperty: ObjectProperty [value: 0xff0000ff]
09:48:27.746 [FXGL Background Thread 3 ] DEBUG Engine               - devEnableDebugCameraProperty: BooleanProperty [value: false]
09:48:27.746 [FXGL Background Thread 3 ] DEBUG Engine               - devSensorColorProperty: ObjectProperty [value: 0xffff00ff]
09:48:27.746 [FXGL Background Thread 3 ] DEBUG Engine               - devShowBBoxProperty: BooleanProperty [value: false]
09:48:27.746 [FXGL Background Thread 3 ] DEBUG Engine               - devShowPositionProperty: BooleanProperty [value: false]
09:48:27.746 [FXGL Background Thread 3 ] DEBUG Engine               - enabledMenuItems: []
09:48:27.747 [FXGL Background Thread 3 ] DEBUG Engine               - engineServices: [class com.almasb.fxgl.app.services.FXGLAssetLoaderService, class com.almasb.fxgl.app.FXGLApplication$GameApplicationService, class com.almasb.fxgl.app.services.FXGLDialogService, class com.almasb.fxgl.app.services.IOTaskExecutorService, class com.almasb.fxgl.io.FileSystemService, class com.almasb.fxgl.localization.LocalizationService, class com.almasb.fxgl.app.services.SystemBundleService, class com.almasb.fxgl.profile.SaveLoadService, class com.almasb.fxgl.ui.FXGLUIFactoryServiceProvider, class com.almasb.fxgl.ui.FXGLDialogFactoryServiceProvider, class com.almasb.fxgl.audio.AudioPlayer, class com.almasb.fxgl.notification.impl.NotificationServiceProvider, class com.almasb.fxgl.achievement.AchievementService, class com.almasb.fxgl.cutscene.CutsceneService, class com.almasb.fxgl.minigames.MiniGameService, class com.almasb.fxgl.net.NetService, class com.almasb.fxgl.app.services.UpdaterService, class com.almasb.fxgl.dev.DevService]
09:48:27.747 [FXGL Background Thread 3 ] DEBUG Engine               - fontGame: Abel-Regular.ttf
09:48:27.747 [FXGL Background Thread 3 ] DEBUG Engine               - fontMono: TerminalLandMono-Regular.otf
09:48:27.747 [FXGL Background Thread 3 ] DEBUG Engine               - fontText: Courier-Prime.ttf
09:48:27.747 [FXGL Background Thread 3 ] DEBUG Engine               - fontUI: VarelaRound-Regular.ttf
09:48:27.747 [FXGL Background Thread 3 ] DEBUG Engine               - fullScreen: BooleanProperty [value: false]
09:48:27.747 [FXGL Background Thread 3 ] DEBUG Engine               - gameDifficulty: MEDIUM
09:48:27.747 [FXGL Background Thread 3 ] DEBUG Engine               - gameDifficultyProperty: ObjectProperty [value: MEDIUM]
09:48:27.747 [FXGL Background Thread 3 ] DEBUG Engine               - globalMusicVolume: 0.5
09:48:27.747 [FXGL Background Thread 3 ] DEBUG Engine               - globalMusicVolumeProperty: DoubleProperty [value: 0.5]
09:48:27.747 [FXGL Background Thread 3 ] DEBUG Engine               - globalSoundVolume: 0.5
09:48:27.748 [FXGL Background Thread 3 ] DEBUG Engine               - globalSoundVolumeProperty: DoubleProperty [value: 0.5]
09:48:27.748 [FXGL Background Thread 3 ] DEBUG Engine               - height: 672
09:48:27.748 [FXGL Background Thread 3 ] DEBUG Engine               - is3D: false
09:48:27.748 [FXGL Background Thread 3 ] DEBUG Engine               - isAndroid: false
09:48:27.748 [FXGL Background Thread 3 ] DEBUG Engine               - isBrowser: false
09:48:27.748 [FXGL Background Thread 3 ] DEBUG Engine               - isClickFeedbackEnabled: false
09:48:27.748 [FXGL Background Thread 3 ] DEBUG Engine               - isCloseConfirmation: false
09:48:27.748 [FXGL Background Thread 3 ] DEBUG Engine               - isDesktop: true
09:48:27.748 [FXGL Background Thread 3 ] DEBUG Engine               - isDeveloperMenuEnabled: false
09:48:27.748 [FXGL Background Thread 3 ] DEBUG Engine               - isEmbedded: false
09:48:27.749 [FXGL Background Thread 3 ] DEBUG Engine               - isEntityPreloadEnabled: true
09:48:27.749 [FXGL Background Thread 3 ] DEBUG Engine               - isExperimentalTiledLargeMap: false
09:48:27.749 [FXGL Background Thread 3 ] DEBUG Engine               - isFileSystemWriteAllowed: true
09:48:27.749 [FXGL Background Thread 3 ] DEBUG Engine               - isFullScreenAllowed: false
09:48:27.749 [FXGL Background Thread 3 ] DEBUG Engine               - isFullScreenFromStart: false
09:48:27.749 [FXGL Background Thread 3 ] DEBUG Engine               - isGameMenuEnabled: true
09:48:27.749 [FXGL Background Thread 3 ] DEBUG Engine               - isIOS: false
09:48:27.749 [FXGL Background Thread 3 ] DEBUG Engine               - isIntroEnabled: false
09:48:27.750 [FXGL Background Thread 3 ] DEBUG Engine               - isLinux: false
09:48:27.750 [FXGL Background Thread 3 ] DEBUG Engine               - isMac: false
09:48:27.750 [FXGL Background Thread 3 ] DEBUG Engine               - isMainMenuEnabled: true
09:48:27.750 [FXGL Background Thread 3 ] DEBUG Engine               - isManualResizeEnabled: false
09:48:27.750 [FXGL Background Thread 3 ] DEBUG Engine               - isMobile: false
09:48:27.750 [FXGL Background Thread 3 ] DEBUG Engine               - isNative: false
09:48:27.750 [FXGL Background Thread 3 ] DEBUG Engine               - isPauseMusicWhenMinimized: true
09:48:27.750 [FXGL Background Thread 3 ] DEBUG Engine               - isPreserveResizeRatio: false
09:48:27.750 [FXGL Background Thread 3 ] DEBUG Engine               - isProfilingEnabled: false
09:48:27.750 [FXGL Background Thread 3 ] DEBUG Engine               - isScaleAffectedOnResize: true
09:48:27.750 [FXGL Background Thread 3 ] DEBUG Engine               - isSingleStep: false
09:48:27.750 [FXGL Background Thread 3 ] DEBUG Engine               - isUserProfileEnabled: false
09:48:27.750 [FXGL Background Thread 3 ] DEBUG Engine               - isWindows: true
09:48:27.750 [FXGL Background Thread 3 ] DEBUG Engine               - language: ObjectProperty [value: ENGLISH]
09:48:27.750 [FXGL Background Thread 3 ] DEBUG Engine               - menuKey: ESCAPE
09:48:27.750 [FXGL Background Thread 3 ] DEBUG Engine               - mouseSensitivity: 0.2
09:48:27.750 [FXGL Background Thread 3 ] DEBUG Engine               - notificationViewClass: class com.almasb.fxgl.notification.view.XboxNotificationView
09:48:27.750 [FXGL Background Thread 3 ] DEBUG Engine               - pixelsPerMeter: 50.0
09:48:27.751 [FXGL Background Thread 3 ] DEBUG Engine               - platform: WINDOWS
09:48:27.751 [FXGL Background Thread 3 ] DEBUG Engine               - prefHeightProperty: ReadOnlyDoubleProperty [value: 672.0]
09:48:27.751 [FXGL Background Thread 3 ] DEBUG Engine               - prefWidthProperty: ReadOnlyDoubleProperty [value: 816.0]
09:48:27.751 [FXGL Background Thread 3 ] DEBUG Engine               - profileDir: profiles/
09:48:27.751 [FXGL Background Thread 3 ] DEBUG Engine               - profileName: StringProperty [value: DEFAULT]
09:48:27.752 [FXGL Background Thread 3 ] DEBUG Engine               - randomSeed: -1
09:48:27.752 [FXGL Background Thread 3 ] DEBUG Engine               - runtimeInfo: RuntimeInfo(platform=WINDOWS, version=17.1, build=24.03.2022 17.34)
09:48:27.753 [FXGL Background Thread 3 ] DEBUG Engine               - saveFileExt: sav
09:48:27.753 [FXGL Background Thread 3 ] DEBUG Engine               - scaledHeightProp$fxgl: DoubleProperty [bound, value: 672.0]
09:48:27.753 [FXGL Background Thread 3 ] DEBUG Engine               - scaledWidthProp$fxgl: DoubleProperty [bound, value: 816.0]
09:48:27.753 [FXGL Background Thread 3 ] DEBUG Engine               - sceneFactory: com.csu.tank.TankApp$1@c68dec3
09:48:27.753 [FXGL Background Thread 3 ] DEBUG Engine               - secondsIn24h: 60
09:48:27.753 [FXGL Background Thread 3 ] DEBUG Engine               - soundMenuBack: menu/back.wav
09:48:27.753 [FXGL Background Thread 3 ] DEBUG Engine               - soundMenuPress: menu/press.wav
09:48:27.753 [FXGL Background Thread 3 ] DEBUG Engine               - soundMenuSelect: menu/select.wav
09:48:27.754 [FXGL Background Thread 3 ] DEBUG Engine               - soundNotification: core/notification.wav
09:48:27.754 [FXGL Background Thread 3 ] DEBUG Engine               - stageStyle: DECORATED
09:48:27.754 [FXGL Background Thread 3 ] DEBUG Engine               - supportedLanguages: [ENGLISH, FRENCH, GERMAN, HUNGARIAN, RUSSIAN]
09:48:27.754 [FXGL Background Thread 3 ] DEBUG Engine               - ticksPerSecond: -1
09:48:27.754 [FXGL Background Thread 3 ] DEBUG Engine               - title: 90 Tank
09:48:27.754 [FXGL Background Thread 3 ] DEBUG Engine               - urlGithub: https://github.com/AlmasB/FXGL
09:48:27.754 [FXGL Background Thread 3 ] DEBUG Engine               - urlLeaderboard: http://fxgl-top.herokuapp.com/
09:48:27.754 [FXGL Background Thread 3 ] DEBUG Engine               - urlPOM: https://raw.githubusercontent.com/AlmasB/FXGL/release/README.md
09:48:27.754 [FXGL Background Thread 3 ] DEBUG Engine               - userAppClass: class com.csu.tank.TankApp
09:48:27.754 [FXGL Background Thread 3 ] DEBUG Engine               - version: Version 0.3
09:48:27.754 [FXGL Background Thread 3 ] DEBUG Engine               - versionCheckDays: 7
09:48:27.754 [FXGL Background Thread 3 ] DEBUG Engine               - width: 816
09:48:27.755 [FXGL Background Thread 3 ] DEBUG Engine               - Logging services
09:48:27.755 [FXGL Background Thread 3 ] DEBUG Engine               - class com.almasb.fxgl.app.services.FXGLAssetLoaderService
09:48:27.755 [FXGL Background Thread 3 ] DEBUG Engine               - class com.almasb.fxgl.app.FXGLApplication$GameApplicationService
09:48:27.755 [FXGL Background Thread 3 ] DEBUG Engine               - class com.almasb.fxgl.app.services.FXGLDialogService
09:48:27.756 [FXGL Background Thread 3 ] DEBUG Engine               - class com.almasb.fxgl.app.services.IOTaskExecutorService
09:48:27.756 [FXGL Background Thread 3 ] DEBUG Engine               - class com.almasb.fxgl.io.FileSystemService
09:48:27.756 [FXGL Background Thread 3 ] DEBUG Engine               - class com.almasb.fxgl.localization.LocalizationService
09:48:27.756 [FXGL Background Thread 3 ] DEBUG Engine               - class com.almasb.fxgl.app.services.SystemBundleService
09:48:27.756 [FXGL Background Thread 3 ] DEBUG Engine               - class com.almasb.fxgl.profile.SaveLoadService
09:48:27.756 [FXGL Background Thread 3 ] DEBUG Engine               - class com.almasb.fxgl.ui.FXGLUIFactoryServiceProvider
09:48:27.756 [FXGL Background Thread 3 ] DEBUG Engine               - class com.almasb.fxgl.ui.FXGLDialogFactoryServiceProvider
09:48:27.756 [FXGL Background Thread 3 ] DEBUG Engine               - class com.almasb.fxgl.audio.AudioPlayer
09:48:27.756 [FXGL Background Thread 3 ] DEBUG Engine               - class com.almasb.fxgl.notification.impl.NotificationServiceProvider
09:48:27.757 [FXGL Background Thread 3 ] DEBUG Engine               - class com.almasb.fxgl.achievement.AchievementService
09:48:27.757 [FXGL Background Thread 3 ] DEBUG Engine               - class com.almasb.fxgl.cutscene.CutsceneService
09:48:27.757 [FXGL Background Thread 3 ] DEBUG Engine               - class com.almasb.fxgl.minigames.MiniGameService
09:48:27.757 [FXGL Background Thread 3 ] DEBUG Engine               - class com.almasb.fxgl.net.NetService
09:48:27.757 [FXGL Background Thread 3 ] DEBUG Engine               - class com.almasb.fxgl.app.services.UpdaterService
09:48:27.758 [FXGL Background Thread 3 ] DEBUG Engine               - class com.almasb.fxgl.dev.DevService
09:48:29.360 [JavaFX Application Thread] DEBUG FXGLAssetLoaderServi - Loading from file system: file:/C:/Users/wangshifu/IdeaProjects/FXGL_Tank-main/target/classes/assets/sounds/select.wav
09:48:29.363 [JavaFX Application Thread] DEBUG Menu                 - fireNewGame()
09:48:29.363 [JavaFX Application Thread] DEBUG GameApplicationServi - Starting new game
09:48:29.363 [JavaFX Application Thread] DEBUG PrimaryStageWindow   - Pop state: GameMainMenu
09:48:29.363 [JavaFX Application Thread] DEBUG Input                - Clearing active input actions
09:48:29.364 [JavaFX Application Thread] DEBUG GameApplicationServi - Removing overlay from GameMainMenu and adding to FXGLMainMenuDummyScene
09:48:29.365 [JavaFX Application Thread] DEBUG PrimaryStageWindow   - FXGLMainMenuDummyScene <- GameMainMenu
09:48:29.365 [JavaFX Application Thread] DEBUG Input                - Clearing active input actions
09:48:29.372 [JavaFX Application Thread] DEBUG GameApplicationServi - Removing overlay from FXGLMainMenuDummyScene and adding to GameLoadingScene
09:48:29.372 [JavaFX Application Thread] DEBUG PrimaryStageWindow   - FXGLMainMenuDummyScene -> GameLoadingScene
09:48:29.373 [JavaFX Application Thread] DEBUG GameApplicationServi - Clearing previous game
09:48:29.373 [JavaFX Application Thread] DEBUG GameScene            - Clearing game scene
09:48:29.373 [JavaFX Application Thread] DEBUG GameWorld            - Clearing game world
09:48:29.373 [JavaFX Application Thread] DEBUG PhysicsWorld         - Clearing physics world
09:48:29.374 [FXGL Background Thread 2 ] DEBUG FXGLApplication      - Initializing game
09:48:29.375 [FXGL Background Thread 2 ] DEBUG FXGLAssetLoaderServi - Loading from file system: file:/C:/Users/wangshifu/IdeaProjects/FXGL_Tank-main/target/classes/assets/properties/game.properties
09:48:29.382 [FXGL Background Thread 2 ] DEBUG FXGLAssetLoaderServi - Loading from file system: file:/C:/Users/wangshifu/IdeaProjects/FXGL_Tank-main/target/classes/assets/textures/map/stone.png
09:48:29.383 [FXGL Background Thread 2 ] DEBUG FXGLAssetLoaderServi - Loading from file system: file:/C:/Users/wangshifu/IdeaProjects/FXGL_Tank-main/target/classes/assets/textures/map/brick.png
09:48:29.385 [FXGL Background Thread 2 ] DEBUG FXGLAssetLoaderServi - Loading from file system: file:/C:/Users/wangshifu/IdeaProjects/FXGL_Tank-main/target/classes/assets/textures/map/sea_anim.png
09:48:29.386 [FXGL Background Thread 2 ] DEBUG FXGLAssetLoaderServi - Loading from file system: file:/C:/Users/wangshifu/IdeaProjects/FXGL_Tank-main/target/classes/assets/textures/explode/explode_level_2.png
09:48:29.395 [FXGL Background Thread 2 ] INFO  FXGLApplication      - Game initialization took: 0.021 sec
09:48:29.396 [JavaFX Application Thread] DEBUG Input                - Clearing active input actions
09:48:29.400 [JavaFX Application Thread] DEBUG GameApplicationServi - Removing overlay from GameLoadingScene and adding to GameScene
09:48:29.401 [JavaFX Application Thread] DEBUG PrimaryStageWindow   - GameLoadingScene -> GameScene
09:48:30.936 [JavaFX Application Thread] WARN  TMXLevelLoader       - TiledMap generated from 1.8.4. Supported version: 1.4.2. Some features may not be parsed fully.
09:48:30.942 [JavaFX Application Thread] DEBUG TMXLevelLoader       - Parsed TiledMap: file:/C:/Users/wangshifu/IdeaProjects/FXGL_Tank-main/ConstructMap/level0.tmx
09:48:30.943 [JavaFX Application Thread] DEBUG TMXLevelLoader       - Creating tile layer entities
09:48:30.943 [JavaFX Application Thread] DEBUG TMXLevelLoader       - Creating object layer entities
09:48:30.963 [JavaFX Application Thread] DEBUG GameWorld            - Clearing removable entities
09:48:30.963 [JavaFX Application Thread] DEBUG GameWorld            - Setting level: com.almasb.fxgl.entity.level.Level@1e296b41
09:48:30.966 [JavaFX Application Thread] DEBUG FXGLAssetLoaderServi - Loading from file system: file:/C:/Users/wangshifu/IdeaProjects/FXGL_Tank-main/target/classes/assets/sounds/start.wav
09:48:30.974 [JavaFX Application Thread] DEBUG LoopRunner           - Stopping loop
09:48:30.975 [JavaFX Application Thread] FATAL FXGLApplication      - Uncaught Exception:
java.lang.IllegalArgumentException: Property spawnPlayer does not exist
	at com.almasb.fxgl.core@17.1/com.almasb.fxgl.core.collection.PropertyMap.get(PropertyMap.kt:251)
	at com.almasb.fxgl.core@17.1/com.almasb.fxgl.core.collection.PropertyMap.intProperty(PropertyMap.kt:162)
	at com.almasb.fxgl.core@17.1/com.almasb.fxgl.core.collection.PropertyMap.increment(PropertyMap.kt:143)
	at com.almasb.fxgl.all@17.1/com.almasb.fxgl.dsl.FXGL$Companion.inc(FXGL.kt:326)
	at com.almasb.fxgl.all@17.1/com.almasb.fxgl.dsl.FXGL.inc(FXGL.kt)
	at FXGL_Tank/com.csu.tank.GameEntityFactory.newPlayer(GameEntityFactory.java:60)
	at java.base/jdk.internal.reflect.NativeMethodAccessorImpl.invoke0(Native Method)
	at java.base/jdk.internal.reflect.NativeMethodAccessorImpl.invoke(NativeMethodAccessorImpl.java:77)
	at java.base/jdk.internal.reflect.DelegatingMethodAccessorImpl.invoke(DelegatingMethodAccessorImpl.java:43)
	at java.base/java.lang.reflect.Method.invoke(Method.java:568)
	at com.almasb.fxgl.core@17.1/com.almasb.fxgl.core.reflect.ReflectionUtils.call(ReflectionUtils.java:104)
	at com.almasb.fxgl.core@17.1/com.almasb.fxgl.core.reflect.ReflectionUtils.lambda$mapToFunction$3(ReflectionUtils.java:111)
	at com.almasb.fxgl.entity@17.1/com.almasb.fxgl.entity.GameWorld$create$2.invoke(GameWorld.kt:430)
	at com.almasb.fxgl.entity@17.1/com.almasb.fxgl.entity.GameWorld$create$2.invoke(GameWorld.kt:430)
	at com.almasb.fxgl.core@17.1/com.almasb.fxgl.core.util.DSLKt.tryCatchRoot(DSL.kt:34)
	at com.almasb.fxgl.entity@17.1/com.almasb.fxgl.entity.GameWorld.create(GameWorld.kt:430)
	at com.almasb.fxgl.entity@17.1/com.almasb.fxgl.entity.GameWorld.spawn(GameWorld.kt:396)
	at com.almasb.fxgl.entity@17.1/com.almasb.fxgl.entity.GameWorld.spawn(GameWorld.kt:384)
	at com.almasb.fxgl.all@17.1/com.almasb.fxgl.dsl.FXGL$Companion.spawn(FXGL.kt:557)
	at com.almasb.fxgl.all@17.1/com.almasb.fxgl.dsl.FXGL.spawn(FXGL.kt)
	at FXGL_Tank/com.csu.tank.TankApp.startLevel(TankApp.java:332)
	at FXGL_Tank/com.csu.tank.TankApp.lambda$buildAndStartLevel$6(TankApp.java:297)
	at javafx.graphics@18/javafx.animation.Animation.runHandler(Animation.java:1102)
	at javafx.graphics@18/javafx.animation.Animation.finished(Animation.java:1096)
	at javafx.graphics@18/javafx.animation.AnimationAccessorImpl.finished(AnimationAccessorImpl.java:49)
	at javafx.graphics@18/com.sun.scenario.animation.shared.SingleLoopClipEnvelope.timePulse(SingleLoopClipEnvelope.java:107)
	at javafx.graphics@18/javafx.animation.Animation.doTimePulse(Animation.java:1189)
	at javafx.graphics@18/javafx.animation.Animation$1.lambda$timePulse$0(Animation.java:207)
	at java.base/java.security.AccessController.doPrivileged(AccessController.java:399)
	at javafx.graphics@18/javafx.animation.Animation$1.timePulse(Animation.java:206)
	at javafx.graphics@18/com.sun.scenario.animation.AbstractPrimaryTimer.timePulseImpl(AbstractPrimaryTimer.java:343)
	at javafx.graphics@18/com.sun.scenario.animation.AbstractPrimaryTimer$MainLoop.run(AbstractPrimaryTimer.java:266)
	at javafx.graphics@18/com.sun.javafx.tk.quantum.QuantumToolkit.pulse(QuantumToolkit.java:571)
	at javafx.graphics@18/com.sun.javafx.tk.quantum.QuantumToolkit.pulse(QuantumToolkit.java:555)
	at javafx.graphics@18/com.sun.javafx.tk.quantum.QuantumToolkit.pulseFromQueue(QuantumToolkit.java:548)
	at javafx.graphics@18/com.sun.javafx.tk.quantum.QuantumToolkit.lambda$runToolkit$11(QuantumToolkit.java:352)
	at javafx.graphics@18/com.sun.glass.ui.InvokeLaterDispatcher$Future.run(InvokeLaterDispatcher.java:96)
	at javafx.graphics@18/com.sun.glass.ui.win.WinApplication._runLoop(Native Method)
	at javafx.graphics@18/com.sun.glass.ui.win.WinApplication.lambda$runLoop$3(WinApplication.java:184)
	at java.base/java.lang.Thread.run(Thread.java:833)

09:48:30.975 [JavaFX Application Thread] FATAL FXGLApplication      - Application will now exit
09:48:30.989 [JavaFX Application Thread] DEBUG PrimaryStageWindow   - Push state: ErrorSubScene
09:48:30.989 [JavaFX Application Thread] DEBUG Input                - Clearing active input actions
09:48:30.990 [JavaFX Application Thread] DEBUG GameApplicationServi - Removing overlay from GameScene and adding to ErrorSubScene
09:48:30.990 [JavaFX Application Thread] DEBUG PrimaryStageWindow   - GameScene -> ErrorSubScene
09:48:37.322 [JavaFX Application Thread] DEBUG FXGLApplication      - Exiting FXGL
09:48:37.323 [JavaFX Application Thread] DEBUG Async                - Shutting down background threads
09:48:37.323 [JavaFX Application Thread] DEBUG PrimaryStageWindow   - Closing main window
09:48:37.358 [JavaFX Application Thread] DEBUG Logger               - Closing Logger
