09:41:43.942 [main                     ] DEBUG Logger               - Configured Logger
09:41:43.965 [main                     ] DEBUG GameApplication      - Logging settings
Title: 90 Tank
Version: Version 0.3
Width: 816
Height: 672
Fullscreen: false
Intro: false
Profiling: false
Single step:false
App Mode: DEVELOPER
Menu Key: ESCAPE
Stage Style: DECORATED
Scene Factory: class com.csu.tank.TankApp$1

09:41:44.266 [JavaFX Application Thread] DEBUG FXGLApplication      - Initializing FXGL
09:41:44.271 [JavaFX Application Thread] INFO  Engine               - FXGL-17.1 (24.03.2022 17.34) on WINDOWS (J:17.0.1 FX:18)
09:41:44.271 [JavaFX Application Thread] DEBUG Engine               - JRE Vendor Name: Oracle Corporation
09:41:44.272 [JavaFX Application Thread] DEBUG Engine               - Running on OS: Windows 10 version 10.0
09:41:44.272 [JavaFX Application Thread] DEBUG Engine               - Architecture: amd64
09:41:44.272 [JavaFX Application Thread] INFO  Engine               - Source code and latest versions at: https://github.com/AlmasB/FXGL
09:41:44.272 [JavaFX Application Thread] INFO  Engine               -       Ask questions and discuss at: https://github.com/AlmasB/FXGL/discussions
09:41:44.272 [JavaFX Application Thread] INFO  Engine               -              Join the FXGL chat at: https://gitter.im/AlmasB/FXGL
09:41:44.340 [JavaFX Application Thread] DEBUG PrimaryStageWindow   - Creating a JavaFX scene
09:41:44.380 [JavaFX Application Thread] DEBUG PrimaryStageWindow   - Target settings size: 816.0 x 672.0
09:41:44.380 [JavaFX Application Thread] DEBUG PrimaryStageWindow   - Scaled scene size:    816.0 x 672.0
09:41:44.380 [JavaFX Application Thread] DEBUG PrimaryStageWindow   - Scaled ratio: (1.0, 1.0)
09:41:44.381 [JavaFX Application Thread] DEBUG PrimaryStageWindow   - Set initial scene to GameStartupScene
09:41:44.385 [JavaFX Application Thread] DEBUG PrimaryStageWindow   - Opening main window
09:41:44.527 [JavaFX Application Thread] DEBUG PrimaryStageWindow   - Window border size: (14.4000244140625, 37.5999755859375)
09:41:44.528 [JavaFX Application Thread] DEBUG PrimaryStageWindow   - Scaled size: 816.0 x 672.0
09:41:44.528 [JavaFX Application Thread] DEBUG PrimaryStageWindow   - Scaled ratio: (1.0, 1.0)
09:41:44.528 [JavaFX Application Thread] DEBUG PrimaryStageWindow   - Scene size: 816.0 x 672.0
09:41:44.528 [JavaFX Application Thread] DEBUG PrimaryStageWindow   - Stage size: 830.4000244140625 x 709.5999755859375
09:41:44.535 [FXGL Background Thread 1 ] DEBUG Engine               - Initializing environment variables
09:41:44.566 [FXGL Background Thread 1 ] DEBUG FXGLAssetLoaderServi - User app class for loading assets: class com.csu.tank.TankApp
09:41:44.566 [FXGL Background Thread 1 ] DEBUG GameApplicationServi - Applying CSS: fxgl_dark.css
09:41:44.567 [FXGL Background Thread 1 ] DEBUG FXGLAssetLoaderServi - Loading from file system: jar:file:///C:/Users/wangshifu/.m2/repository/com/github/almasb/fxgl/17.1/fxgl-17.1.jar!/fxglassets/ui/css/fxgl_dark.css
09:41:44.585 [FXGL Background Thread 1 ] DEBUG GameApplicationServi - Applying CSS: tankApp.css
09:41:44.586 [FXGL Background Thread 1 ] DEBUG FXGLAssetLoaderServi - Loading from file system: file:/C:/Users/wangshifu/IdeaProjects/FXGL_Tank-main/target/classes/assets/ui/css/tankApp.css
09:41:44.587 [FXGL Background Thread 1 ] DEBUG GameApplicationServi - Initializing application scenes
09:41:44.589 [FXGL Background Thread 1 ] DEBUG GameWorld            - Game world initialized
09:41:44.633 [FXGL Background Thread 1 ] DEBUG PhysicsWorld         - Physics world initialized: appHeight=672, physics.ppm=50.0
09:41:44.633 [FXGL Background Thread 1 ] DEBUG PhysicsWorld         - Using strategy: BRUTE_FORCE
09:41:44.638 [FXGL Background Thread 1 ] DEBUG GameScene            - Game scene initialized: 816x672
09:41:44.641 [FXGL Background Thread 1 ] DEBUG FXGLAssetLoaderServi - Loading from file system: file:/C:/Users/wangshifu/IdeaProjects/FXGL_Tank-main/target/classes/assets/textures/ui/logo.png
09:41:44.653 [FXGL Background Thread 1 ] DEBUG FXGLAssetLoaderServi - Loading from file system: file:/C:/Users/wangshifu/IdeaProjects/FXGL_Tank-main/target/classes/assets/textures/ui/icon.png
09:41:44.667 [FXGL Background Thread 1 ] DEBUG FXGLAssetLoaderServi - Loading from file system: file:/C:/Users/wangshifu/IdeaProjects/FXGL_Tank-main/target/classes/assets/textures/ui/tankLoading.png
09:41:44.695 [FXGL Background Thread 1 ] DEBUG FXGLAssetLoaderServi - Loading from file system: file:/C:/Users/wangshifu/IdeaProjects/FXGL_Tank-main/target/classes/assets/textures/ui/fxgl.png
09:41:44.729 [FXGL Background Thread 1 ] DEBUG FXGL.DefaultMenu     - createMenuBodyGameMenu()
09:41:44.735 [FXGL Background Thread 1 ] DEBUG FXGL.DefaultMenu     - createOptionsMenu()
09:41:44.742 [FXGL Background Thread 1 ] DEBUG FXGLAssetLoaderServi - Loading from file system: jar:file:///C:/Users/wangshifu/.m2/repository/com/github/almasb/fxgl/17.1/fxgl-17.1.jar!/fxglassets/textures/particles/smoke.png
09:41:44.843 [FXGL Background Thread 1 ] DEBUG FXGLAssetLoaderServi - Loading from file system: jar:file:///C:/Users/wangshifu/.m2/repository/com/github/almasb/fxgl/17.1/fxgl-17.1.jar!/fxglassets/textures/particles/trace_horizontal.png
09:41:44.865 [FXGL Background Thread 1 ] DEBUG GameApplicationServi - Application scenes initialized
09:41:44.876 [FXGL Background Thread 1 ] DEBUG SystemBundleService  - Loading FXGL system data
09:41:44.881 [FXGL Background Thread 1 ] DEBUG FileSystemAccess     - Reading from: C:\Users\wangshifu\IdeaProjects\FXGL_Tank-main\system\fxgl.bundle
09:41:44.887 [FXGL Background Thread 1 ] DEBUG SystemBundleService  - Bundle FXGL: {}
09:41:44.887 [FXGL Background Thread 1 ] DEBUG UpdaterService       - Checking for updates
09:41:44.890 [FXGL Background Thread 4 ] DEBUG FXGLApplication      - Loading fonts
09:41:44.891 [FXGL Background Thread 1 ] DEBUG FXGLApplication      - Loading default localization
09:41:44.891 [FXGL Background Thread 4 ] DEBUG FXGLAssetLoaderServi - Loading from file system: jar:file:///C:/Users/wangshifu/.m2/repository/com/github/almasb/fxgl/17.1/fxgl-17.1.jar!/fxglassets/ui/fonts/VarelaRound-Regular.ttf
09:41:44.891 [FXGL Background Thread 1 ] DEBUG FXGLAssetLoaderServi - Loading from file system: jar:file:///C:/Users/wangshifu/.m2/repository/com/github/almasb/fxgl/17.1/fxgl-17.1.jar!/fxglassets/languages/english.lang
09:41:44.919 [FXGL Background Thread 1 ] INFO  FXGLApplication      - FXGL initialization took: 0.384 sec
09:41:44.930 [JavaFX Application Thread] DEBUG Input                - Registered new binding: action0 - Num Lock
09:41:44.932 [JavaFX Application Thread] DEBUG Input                - Registered new binding: action1 - W
09:41:44.932 [JavaFX Application Thread] DEBUG Input                - Registered new binding: action2 - S
09:41:44.933 [JavaFX Application Thread] DEBUG Input                - Registered new binding: action3 - A
09:41:44.933 [JavaFX Application Thread] DEBUG Input                - Registered new binding: action4 - D
09:41:44.934 [JavaFX Application Thread] DEBUG Input                - Registered new binding: action5 - Space
09:41:44.934 [JavaFX Application Thread] DEBUG Input                - Registered new binding: action6 - Up
09:41:44.934 [JavaFX Application Thread] DEBUG Input                - Registered new binding: action7 - Down
09:41:44.935 [JavaFX Application Thread] DEBUG Input                - Registered new binding: action8 - Left
09:41:44.935 [JavaFX Application Thread] DEBUG Input                - Registered new binding: action9 - Right
09:41:44.937 [JavaFX Application Thread] DEBUG Input                - Registered new binding: action10 - 0
09:41:44.941 [JavaFX Application Thread] DEBUG FXGLAssetLoaderServi - Loading from file system: file:/C:/Users/wangshifu/IdeaProjects/FXGL_Tank-main/target/classes/assets/textures/ui/cursor.png
09:41:44.947 [JavaFX Application Thread] DEBUG Input                - Registered new binding: Screenshot - CTRL+8
09:41:44.949 [JavaFX Application Thread] DEBUG Input                - Registered new binding: System info dump - CTRL+9
09:41:44.949 [JavaFX Application Thread] DEBUG Input                - Registered new binding: Restart - CTRL+R
09:41:44.950 [JavaFX Application Thread] DEBUG Input                - Registered new binding: Toggle Debug Camera - CTRL+7
09:41:44.953 [JavaFX Application Thread] DEBUG LoopRunner           - Starting loop
09:41:44.953 [JavaFX Application Thread] DEBUG LoopRunner           - Initializing JavaFX AnimationTimerLoop
09:41:44.961 [JavaFX Application Thread] DEBUG Input                - Clearing active input actions
09:41:44.970 [JavaFX Application Thread] DEBUG GameApplicationServi - Removing overlay from GameStartupScene and adding to FXGLMainMenuDummyScene
09:41:44.970 [JavaFX Application Thread] DEBUG PrimaryStageWindow   - GameStartupScene -> FXGLMainMenuDummyScene
09:41:44.970 [JavaFX Application Thread] DEBUG PrimaryStageWindow   - Push state: GameMainMenu
09:41:44.971 [JavaFX Application Thread] DEBUG FXGLAssetLoaderServi - Loading from file system: file:/C:/Users/wangshifu/IdeaProjects/FXGL_Tank-main/target/classes/assets/sounds/mainMenuLoad.wav
09:41:44.975 [FXGL Background Thread 4 ] DEBUG FXGLAssetLoaderServi - Loading from file system: jar:file:///C:/Users/wangshifu/.m2/repository/com/github/almasb/fxgl/17.1/fxgl-17.1.jar!/fxglassets/ui/fonts/Abel-Regular.ttf
09:41:44.978 [FXGL Background Thread 4 ] DEBUG FXGLAssetLoaderServi - Loading from file system: jar:file:///C:/Users/wangshifu/.m2/repository/com/github/almasb/fxgl/17.1/fxgl-17.1.jar!/fxglassets/ui/fonts/TerminalLandMono-Regular.otf
09:41:44.991 [FXGL Background Thread 4 ] DEBUG FXGLAssetLoaderServi - Loading from file system: jar:file:///C:/Users/wangshifu/.m2/repository/com/github/almasb/fxgl/17.1/fxgl-17.1.jar!/fxglassets/ui/fonts/Courier-Prime.ttf
09:41:45.068 [JavaFX Application Thread] DEBUG Input                - Clearing active input actions
09:41:45.074 [JavaFX Application Thread] DEBUG GameApplicationServi - Removing overlay from FXGLMainMenuDummyScene and adding to GameMainMenu
09:41:45.075 [JavaFX Application Thread] DEBUG PrimaryStageWindow   - FXGLMainMenuDummyScene -> GameMainMenu
09:41:45.191 [JavaFX Application Thread] DEBUG FXGLApplication      - Registering font factories with UI factory
09:41:45.255 [FXGL Background Thread 2 ] WARN  UpdaterService       - Failed to find updates: javax.net.ssl.SSLHandshakeException: PKIX path building failed: sun.security.provider.certpath.SunCertPathBuilderException: unable to find valid certification path to requested target
09:41:47.074 [JavaFX Application Thread] DEBUG FXGLAssetLoaderServi - Loading from file system: file:/C:/Users/wangshifu/IdeaProjects/FXGL_Tank-main/target/classes/assets/sounds/mainMenuHover.wav
09:41:47.891 [FXGL Background Thread 3 ] DEBUG Engine               - Logging environment variables
09:41:47.891 [FXGL Background Thread 3 ] DEBUG Engine               - achievements: []
09:41:47.891 [FXGL Background Thread 3 ] DEBUG Engine               - actualHeight: 672.0
09:41:47.891 [FXGL Background Thread 3 ] DEBUG Engine               - actualHeightProperty: ReadOnlyDoubleProperty [value: 672.0]
09:41:47.891 [FXGL Background Thread 3 ] DEBUG Engine               - actualWidth: 816.0
09:41:47.892 [FXGL Background Thread 3 ] DEBUG Engine               - actualWidthProperty: ReadOnlyDoubleProperty [value: 816.0]
09:41:47.892 [FXGL Background Thread 3 ] DEBUG Engine               - appIcon: ui/icon.png
09:41:47.892 [FXGL Background Thread 3 ] DEBUG Engine               - applicationMode: DEVELOPER
09:41:47.892 [FXGL Background Thread 3 ] DEBUG Engine               - cSSList: [fxgl_dark.css, tankApp.css]
09:41:47.892 [FXGL Background Thread 3 ] DEBUG Engine               - collisionDetectionStrategy: BRUTE_FORCE
09:41:47.893 [FXGL Background Thread 3 ] DEBUG Engine               - configClass: Optional.empty
09:41:47.893 [FXGL Background Thread 3 ] DEBUG Engine               - credits: []
09:41:47.894 [FXGL Background Thread 3 ] DEBUG Engine               - defaultCursor: CursorInfo(imageName=ui/cursor.png, hotspotX=0.0, hotspotY=0.0)
09:41:47.894 [FXGL Background Thread 3 ] DEBUG Engine               - devBBoxColorProperty: ObjectProperty [value: 0xff0000ff]
09:41:47.895 [FXGL Background Thread 3 ] DEBUG Engine               - devEnableDebugCameraProperty: BooleanProperty [value: false]
09:41:47.895 [FXGL Background Thread 3 ] DEBUG Engine               - devSensorColorProperty: ObjectProperty [value: 0xffff00ff]
09:41:47.895 [FXGL Background Thread 3 ] DEBUG Engine               - devShowBBoxProperty: BooleanProperty [value: false]
09:41:47.895 [FXGL Background Thread 3 ] DEBUG Engine               - devShowPositionProperty: BooleanProperty [value: false]
09:41:47.896 [FXGL Background Thread 3 ] DEBUG Engine               - enabledMenuItems: []
09:41:47.897 [FXGL Background Thread 3 ] DEBUG Engine               - engineServices: [class com.almasb.fxgl.app.services.FXGLAssetLoaderService, class com.almasb.fxgl.app.FXGLApplication$GameApplicationService, class com.almasb.fxgl.app.services.FXGLDialogService, class com.almasb.fxgl.app.services.IOTaskExecutorService, class com.almasb.fxgl.io.FileSystemService, class com.almasb.fxgl.localization.LocalizationService, class com.almasb.fxgl.app.services.SystemBundleService, class com.almasb.fxgl.profile.SaveLoadService, class com.almasb.fxgl.ui.FXGLUIFactoryServiceProvider, class com.almasb.fxgl.ui.FXGLDialogFactoryServiceProvider, class com.almasb.fxgl.audio.AudioPlayer, class com.almasb.fxgl.notification.impl.NotificationServiceProvider, class com.almasb.fxgl.achievement.AchievementService, class com.almasb.fxgl.cutscene.CutsceneService, class com.almasb.fxgl.minigames.MiniGameService, class com.almasb.fxgl.net.NetService, class com.almasb.fxgl.app.services.UpdaterService, class com.almasb.fxgl.dev.DevService]
09:41:47.897 [FXGL Background Thread 3 ] DEBUG Engine               - fontGame: Abel-Regular.ttf
09:41:47.897 [FXGL Background Thread 3 ] DEBUG Engine               - fontMono: TerminalLandMono-Regular.otf
09:41:47.898 [FXGL Background Thread 3 ] DEBUG Engine               - fontText: Courier-Prime.ttf
09:41:47.898 [FXGL Background Thread 3 ] DEBUG Engine               - fontUI: VarelaRound-Regular.ttf
09:41:47.899 [FXGL Background Thread 3 ] DEBUG Engine               - fullScreen: BooleanProperty [value: false]
09:41:47.899 [FXGL Background Thread 3 ] DEBUG Engine               - gameDifficulty: MEDIUM
09:41:47.899 [FXGL Background Thread 3 ] DEBUG Engine               - gameDifficultyProperty: ObjectProperty [value: MEDIUM]
09:41:47.899 [FXGL Background Thread 3 ] DEBUG Engine               - globalMusicVolume: 0.5
09:41:47.899 [FXGL Background Thread 3 ] DEBUG Engine               - globalMusicVolumeProperty: DoubleProperty [value: 0.5]
09:41:47.900 [FXGL Background Thread 3 ] DEBUG Engine               - globalSoundVolume: 0.5
09:41:47.900 [FXGL Background Thread 3 ] DEBUG Engine               - globalSoundVolumeProperty: DoubleProperty [value: 0.5]
09:41:47.900 [FXGL Background Thread 3 ] DEBUG Engine               - height: 672
09:41:47.900 [FXGL Background Thread 3 ] DEBUG Engine               - is3D: false
09:41:47.900 [FXGL Background Thread 3 ] DEBUG Engine               - isAndroid: false
09:41:47.900 [FXGL Background Thread 3 ] DEBUG Engine               - isBrowser: false
09:41:47.900 [FXGL Background Thread 3 ] DEBUG Engine               - isClickFeedbackEnabled: false
09:41:47.900 [FXGL Background Thread 3 ] DEBUG Engine               - isCloseConfirmation: false
09:41:47.900 [FXGL Background Thread 3 ] DEBUG Engine               - isDesktop: true
09:41:47.900 [FXGL Background Thread 3 ] DEBUG Engine               - isDeveloperMenuEnabled: false
09:41:47.900 [FXGL Background Thread 3 ] DEBUG Engine               - isEmbedded: false
09:41:47.901 [FXGL Background Thread 3 ] DEBUG Engine               - isEntityPreloadEnabled: true
09:41:47.901 [FXGL Background Thread 3 ] DEBUG Engine               - isExperimentalTiledLargeMap: false
09:41:47.901 [FXGL Background Thread 3 ] DEBUG Engine               - isFileSystemWriteAllowed: true
09:41:47.901 [FXGL Background Thread 3 ] DEBUG Engine               - isFullScreenAllowed: false
09:41:47.901 [FXGL Background Thread 3 ] DEBUG Engine               - isFullScreenFromStart: false
09:41:47.901 [FXGL Background Thread 3 ] DEBUG Engine               - isGameMenuEnabled: true
09:41:47.901 [FXGL Background Thread 3 ] DEBUG Engine               - isIOS: false
09:41:47.901 [FXGL Background Thread 3 ] DEBUG Engine               - isIntroEnabled: false
09:41:47.901 [FXGL Background Thread 3 ] DEBUG Engine               - isLinux: false
09:41:47.902 [FXGL Background Thread 3 ] DEBUG Engine               - isMac: false
09:41:47.902 [FXGL Background Thread 3 ] DEBUG Engine               - isMainMenuEnabled: true
09:41:47.902 [FXGL Background Thread 3 ] DEBUG Engine               - isManualResizeEnabled: false
09:41:47.902 [FXGL Background Thread 3 ] DEBUG Engine               - isMobile: false
09:41:47.902 [FXGL Background Thread 3 ] DEBUG Engine               - isNative: false
09:41:47.902 [FXGL Background Thread 3 ] DEBUG Engine               - isPauseMusicWhenMinimized: true
09:41:47.902 [FXGL Background Thread 3 ] DEBUG Engine               - isPreserveResizeRatio: false
09:41:47.902 [FXGL Background Thread 3 ] DEBUG Engine               - isProfilingEnabled: false
09:41:47.902 [FXGL Background Thread 3 ] DEBUG Engine               - isScaleAffectedOnResize: true
09:41:47.902 [FXGL Background Thread 3 ] DEBUG Engine               - isSingleStep: false
09:41:47.902 [FXGL Background Thread 3 ] DEBUG Engine               - isUserProfileEnabled: false
09:41:47.902 [FXGL Background Thread 3 ] DEBUG Engine               - isWindows: true
09:41:47.902 [FXGL Background Thread 3 ] DEBUG Engine               - language: ObjectProperty [value: ENGLISH]
09:41:47.902 [FXGL Background Thread 3 ] DEBUG Engine               - menuKey: ESCAPE
09:41:47.902 [FXGL Background Thread 3 ] DEBUG Engine               - mouseSensitivity: 0.2
09:41:47.902 [FXGL Background Thread 3 ] DEBUG Engine               - notificationViewClass: class com.almasb.fxgl.notification.view.XboxNotificationView
09:41:47.902 [FXGL Background Thread 3 ] DEBUG Engine               - pixelsPerMeter: 50.0
09:41:47.902 [FXGL Background Thread 3 ] DEBUG Engine               - platform: WINDOWS
09:41:47.903 [FXGL Background Thread 3 ] DEBUG Engine               - prefHeightProperty: ReadOnlyDoubleProperty [value: 672.0]
09:41:47.903 [FXGL Background Thread 3 ] DEBUG Engine               - prefWidthProperty: ReadOnlyDoubleProperty [value: 816.0]
09:41:47.903 [FXGL Background Thread 3 ] DEBUG Engine               - profileDir: profiles/
09:41:47.903 [FXGL Background Thread 3 ] DEBUG Engine               - profileName: StringProperty [value: DEFAULT]
09:41:47.903 [FXGL Background Thread 3 ] DEBUG Engine               - randomSeed: -1
09:41:47.903 [FXGL Background Thread 3 ] DEBUG Engine               - runtimeInfo: RuntimeInfo(platform=WINDOWS, version=17.1, build=24.03.2022 17.34)
09:41:47.903 [FXGL Background Thread 3 ] DEBUG Engine               - saveFileExt: sav
09:41:47.903 [FXGL Background Thread 3 ] DEBUG Engine               - scaledHeightProp$fxgl: DoubleProperty [bound, value: 672.0]
09:41:47.903 [FXGL Background Thread 3 ] DEBUG Engine               - scaledWidthProp$fxgl: DoubleProperty [bound, value: 816.0]
09:41:47.903 [FXGL Background Thread 3 ] DEBUG Engine               - sceneFactory: com.csu.tank.TankApp$1@3bedce93
09:41:47.903 [FXGL Background Thread 3 ] DEBUG Engine               - secondsIn24h: 60
09:41:47.903 [FXGL Background Thread 3 ] DEBUG Engine               - soundMenuBack: menu/back.wav
09:41:47.904 [FXGL Background Thread 3 ] DEBUG Engine               - soundMenuPress: menu/press.wav
09:41:47.904 [FXGL Background Thread 3 ] DEBUG Engine               - soundMenuSelect: menu/select.wav
09:41:47.904 [FXGL Background Thread 3 ] DEBUG Engine               - soundNotification: core/notification.wav
09:41:47.904 [FXGL Background Thread 3 ] DEBUG Engine               - stageStyle: DECORATED
09:41:47.904 [FXGL Background Thread 3 ] DEBUG Engine               - supportedLanguages: [ENGLISH, FRENCH, GERMAN, HUNGARIAN, RUSSIAN]
09:41:47.904 [FXGL Background Thread 3 ] DEBUG Engine               - ticksPerSecond: -1
09:41:47.904 [FXGL Background Thread 3 ] DEBUG Engine               - title: 90 Tank
09:41:47.904 [FXGL Background Thread 3 ] DEBUG Engine               - urlGithub: https://github.com/AlmasB/FXGL
09:41:47.904 [FXGL Background Thread 3 ] DEBUG Engine               - urlLeaderboard: http://fxgl-top.herokuapp.com/
09:41:47.904 [FXGL Background Thread 3 ] DEBUG Engine               - urlPOM: https://raw.githubusercontent.com/AlmasB/FXGL/release/README.md
09:41:47.904 [FXGL Background Thread 3 ] DEBUG Engine               - userAppClass: class com.csu.tank.TankApp
09:41:47.904 [FXGL Background Thread 3 ] DEBUG Engine               - version: Version 0.3
09:41:47.904 [FXGL Background Thread 3 ] DEBUG Engine               - versionCheckDays: 7
09:41:47.904 [FXGL Background Thread 3 ] DEBUG Engine               - width: 816
09:41:47.904 [FXGL Background Thread 3 ] DEBUG Engine               - Logging services
09:41:47.904 [FXGL Background Thread 3 ] DEBUG Engine               - class com.almasb.fxgl.app.services.FXGLAssetLoaderService
09:41:47.904 [FXGL Background Thread 3 ] DEBUG Engine               - class com.almasb.fxgl.app.FXGLApplication$GameApplicationService
09:41:47.905 [FXGL Background Thread 3 ] DEBUG Engine               - class com.almasb.fxgl.app.services.FXGLDialogService
09:41:47.905 [FXGL Background Thread 3 ] DEBUG Engine               - class com.almasb.fxgl.app.services.IOTaskExecutorService
09:41:47.905 [FXGL Background Thread 3 ] DEBUG Engine               - class com.almasb.fxgl.io.FileSystemService
09:41:47.905 [FXGL Background Thread 3 ] DEBUG Engine               - class com.almasb.fxgl.localization.LocalizationService
09:41:47.905 [FXGL Background Thread 3 ] DEBUG Engine               - class com.almasb.fxgl.app.services.SystemBundleService
09:41:47.905 [FXGL Background Thread 3 ] DEBUG Engine               - class com.almasb.fxgl.profile.SaveLoadService
09:41:47.905 [FXGL Background Thread 3 ] DEBUG Engine               - class com.almasb.fxgl.ui.FXGLUIFactoryServiceProvider
09:41:47.905 [FXGL Background Thread 3 ] DEBUG Engine               - class com.almasb.fxgl.ui.FXGLDialogFactoryServiceProvider
09:41:47.905 [FXGL Background Thread 3 ] DEBUG Engine               - class com.almasb.fxgl.audio.AudioPlayer
09:41:47.905 [FXGL Background Thread 3 ] DEBUG Engine               - class com.almasb.fxgl.notification.impl.NotificationServiceProvider
09:41:47.905 [FXGL Background Thread 3 ] DEBUG Engine               - class com.almasb.fxgl.achievement.AchievementService
09:41:47.905 [FXGL Background Thread 3 ] DEBUG Engine               - class com.almasb.fxgl.cutscene.CutsceneService
09:41:47.905 [FXGL Background Thread 3 ] DEBUG Engine               - class com.almasb.fxgl.minigames.MiniGameService
09:41:47.905 [FXGL Background Thread 3 ] DEBUG Engine               - class com.almasb.fxgl.net.NetService
09:41:47.905 [FXGL Background Thread 3 ] DEBUG Engine               - class com.almasb.fxgl.app.services.UpdaterService
09:41:47.905 [FXGL Background Thread 3 ] DEBUG Engine               - class com.almasb.fxgl.dev.DevService
09:41:48.945 [JavaFX Application Thread] DEBUG FXGLAssetLoaderServi - Loading from file system: file:/C:/Users/wangshifu/IdeaProjects/FXGL_Tank-main/target/classes/assets/sounds/select.wav
09:41:48.949 [JavaFX Application Thread] DEBUG Menu                 - fireNewGame()
09:41:48.949 [JavaFX Application Thread] DEBUG GameApplicationServi - Starting new game
09:41:48.949 [JavaFX Application Thread] DEBUG PrimaryStageWindow   - Pop state: GameMainMenu
09:41:48.949 [JavaFX Application Thread] DEBUG Input                - Clearing active input actions
09:41:48.951 [JavaFX Application Thread] DEBUG GameApplicationServi - Removing overlay from GameMainMenu and adding to FXGLMainMenuDummyScene
09:41:48.952 [JavaFX Application Thread] DEBUG PrimaryStageWindow   - FXGLMainMenuDummyScene <- GameMainMenu
09:41:48.952 [JavaFX Application Thread] DEBUG Input                - Clearing active input actions
09:41:48.959 [JavaFX Application Thread] DEBUG GameApplicationServi - Removing overlay from FXGLMainMenuDummyScene and adding to GameLoadingScene
09:41:48.960 [JavaFX Application Thread] DEBUG PrimaryStageWindow   - FXGLMainMenuDummyScene -> GameLoadingScene
09:41:48.960 [JavaFX Application Thread] DEBUG GameApplicationServi - Clearing previous game
09:41:48.960 [JavaFX Application Thread] DEBUG GameScene            - Clearing game scene
09:41:48.960 [JavaFX Application Thread] DEBUG GameWorld            - Clearing game world
09:41:48.960 [JavaFX Application Thread] DEBUG PhysicsWorld         - Clearing physics world
09:41:48.962 [FXGL Background Thread 2 ] DEBUG FXGLApplication      - Initializing game
09:41:48.965 [FXGL Background Thread 2 ] DEBUG FXGLAssetLoaderServi - Loading from file system: file:/C:/Users/wangshifu/IdeaProjects/FXGL_Tank-main/target/classes/assets/properties/game.properties
09:41:48.971 [FXGL Background Thread 2 ] DEBUG FXGLAssetLoaderServi - Loading from file system: file:/C:/Users/wangshifu/IdeaProjects/FXGL_Tank-main/target/classes/assets/textures/map/stone.png
09:41:48.972 [FXGL Background Thread 2 ] DEBUG FXGLAssetLoaderServi - Loading from file system: file:/C:/Users/wangshifu/IdeaProjects/FXGL_Tank-main/target/classes/assets/textures/map/brick.png
09:41:48.974 [FXGL Background Thread 2 ] DEBUG FXGLAssetLoaderServi - Loading from file system: file:/C:/Users/wangshifu/IdeaProjects/FXGL_Tank-main/target/classes/assets/textures/map/sea_anim.png
09:41:48.975 [FXGL Background Thread 2 ] DEBUG FXGLAssetLoaderServi - Loading from file system: file:/C:/Users/wangshifu/IdeaProjects/FXGL_Tank-main/target/classes/assets/textures/explode/explode_level_2.png
09:41:48.984 [FXGL Background Thread 2 ] INFO  FXGLApplication      - Game initialization took: 0.022 sec
09:41:48.984 [JavaFX Application Thread] DEBUG Input                - Clearing active input actions
09:41:48.988 [JavaFX Application Thread] DEBUG GameApplicationServi - Removing overlay from GameLoadingScene and adding to GameScene
09:41:48.988 [JavaFX Application Thread] DEBUG PrimaryStageWindow   - GameLoadingScene -> GameScene
09:41:50.501 [JavaFX Application Thread] WARN  TMXLevelLoader       - TiledMap generated from 1.8.4. Supported version: 1.4.2. Some features may not be parsed fully.
09:41:50.506 [JavaFX Application Thread] DEBUG TMXLevelLoader       - Parsed TiledMap: file:/C:/Users/wangshifu/IdeaProjects/FXGL_Tank-main/ConstructMap/level0.tmx
09:41:50.507 [JavaFX Application Thread] DEBUG TMXLevelLoader       - Creating tile layer entities
09:41:50.508 [JavaFX Application Thread] DEBUG TMXLevelLoader       - Creating object layer entities
09:41:50.536 [JavaFX Application Thread] DEBUG GameWorld            - Clearing removable entities
09:41:50.536 [JavaFX Application Thread] DEBUG GameWorld            - Setting level: com.almasb.fxgl.entity.level.Level@6cc756df
09:41:50.540 [JavaFX Application Thread] DEBUG FXGLAssetLoaderServi - Loading from file system: file:/C:/Users/wangshifu/IdeaProjects/FXGL_Tank-main/target/classes/assets/sounds/start.wav
09:41:50.548 [JavaFX Application Thread] DEBUG FXGLAssetLoaderServi - Loading from file system: file:/C:/Users/wangshifu/IdeaProjects/FXGL_Tank-main/target/classes/assets/textures/tank/H1U.png
09:41:50.552 [JavaFX Application Thread] DEBUG FXGLAssetLoaderServi - Loading from file system: file:/C:/Users/wangshifu/IdeaProjects/FXGL_Tank-main/target/classes/assets/textures/item/armed_helmet.png
09:41:50.558 [JavaFX Application Thread] DEBUG FXGLAssetLoaderServi - Loading from file system: file:/C:/Users/wangshifu/IdeaProjects/FXGL_Tank-main/target/classes/assets/textures/ui/enemy_pre.png
09:41:50.560 [JavaFX Application Thread] DEBUG FXGLAssetLoaderServi - Loading from file system: file:/C:/Users/wangshifu/IdeaProjects/FXGL_Tank-main/target/classes/assets/textures/ui/levelFlag.png
09:41:50.561 [JavaFX Application Thread] DEBUG FXGLAssetLoaderServi - Loading from file system: file:/C:/Users/wangshifu/IdeaProjects/FXGL_Tank-main/target/classes/assets/textures/ui/bulletLevel.png
09:41:50.565 [JavaFX Application Thread] DEBUG FXGLAssetLoaderServi - Loading from file system: file:/C:/Users/wangshifu/IdeaProjects/FXGL_Tank-main/target/classes/assets/textures/tank/spawnTank.png
09:41:50.566 [JavaFX Application Thread] DEBUG FXGLAssetLoaderServi - Loading from file system: file:/C:/Users/wangshifu/IdeaProjects/FXGL_Tank-main/target/classes/assets/textures/tank/E2U.png
09:41:50.568 [JavaFX Application Thread] DEBUG FXGLAssetLoaderServi - Loading from file system: file:/C:/Users/wangshifu/IdeaProjects/FXGL_Tank-main/target/classes/assets/textures/tank/E4U.png
09:41:50.570 [JavaFX Application Thread] DEBUG FXGLAssetLoaderServi - Loading from file system: file:/C:/Users/wangshifu/IdeaProjects/FXGL_Tank-main/target/classes/assets/textures/tank/E3U.png
09:41:51.607 [JavaFX Application Thread] DEBUG FXGLAssetLoaderServi - Loading from file system: file:/C:/Users/wangshifu/IdeaProjects/FXGL_Tank-main/target/classes/assets/sounds/normalFire.wav
09:41:51.611 [JavaFX Application Thread] DEBUG FXGLAssetLoaderServi - Loading from file system: file:/C:/Users/wangshifu/IdeaProjects/FXGL_Tank-main/target/classes/assets/textures/bullet/normal.png
09:42:02.580 [JavaFX Application Thread] DEBUG FXGLApplication      - Exiting FXGL
09:42:02.580 [JavaFX Application Thread] DEBUG LoopRunner           - Stopping loop
09:42:02.580 [JavaFX Application Thread] DEBUG SystemBundleService  - Saving FXGL system data
09:42:02.582 [JavaFX Application Thread] DEBUG FileSystemAccess     - Writing to: C:\Users\wangshifu\IdeaProjects\FXGL_Tank-main\system\fxgl.bundle
09:42:02.584 [JavaFX Application Thread] DEBUG Async                - Shutting down background threads
09:42:02.584 [JavaFX Application Thread] DEBUG PrimaryStageWindow   - Closing main window
09:42:02.613 [JavaFX Application Thread] DEBUG Logger               - Closing Logger
