10:02:01.289 [main                     ] DEBUG Logger               - Configured Logger
10:02:01.314 [main                     ] DEBUG GameApplication      - Logging settings
Title: 90 Tank
Version: Version 0.3
Width: 816
Height: 672
Fullscreen: false
Intro: false
Profiling: false
Single step:false
App Mode: DEVELOPER
Menu Key: ESCAPE
Stage Style: DECORATED
Scene Factory: class com.csu.tank.TankApp$1

10:02:01.607 [JavaFX Application Thread] DEBUG FXGLApplication      - Initializing FXGL
10:02:01.612 [JavaFX Application Thread] INFO  Engine               - FXGL-17.1 (24.03.2022 17.34) on WINDOWS (J:17.0.1 FX:18)
10:02:01.613 [JavaFX Application Thread] DEBUG Engine               - JRE Vendor Name: Oracle Corporation
10:02:01.613 [JavaFX Application Thread] DEBUG Engine               - Running on OS: Windows 10 version 10.0
10:02:01.613 [JavaFX Application Thread] DEBUG Engine               - Architecture: amd64
10:02:01.613 [JavaFX Application Thread] INFO  Engine               - Source code and latest versions at: https://github.com/AlmasB/FXGL
10:02:01.613 [JavaFX Application Thread] INFO  Engine               -       Ask questions and discuss at: https://github.com/AlmasB/FXGL/discussions
10:02:01.613 [JavaFX Application Thread] INFO  Engine               -              Join the FXGL chat at: https://gitter.im/AlmasB/FXGL
10:02:01.680 [JavaFX Application Thread] DEBUG PrimaryStageWindow   - Creating a JavaFX scene
10:02:01.721 [JavaFX Application Thread] DEBUG PrimaryStageWindow   - Target settings size: 816.0 x 672.0
10:02:01.721 [JavaFX Application Thread] DEBUG PrimaryStageWindow   - Scaled scene size:    816.0 x 672.0
10:02:01.721 [JavaFX Application Thread] DEBUG PrimaryStageWindow   - Scaled ratio: (1.0, 1.0)
10:02:01.722 [JavaFX Application Thread] DEBUG PrimaryStageWindow   - Set initial scene to GameStartupScene
10:02:01.727 [JavaFX Application Thread] DEBUG PrimaryStageWindow   - Opening main window
10:02:01.874 [JavaFX Application Thread] DEBUG PrimaryStageWindow   - Window border size: (14.4000244140625, 37.5999755859375)
10:02:01.874 [JavaFX Application Thread] DEBUG PrimaryStageWindow   - Scaled size: 816.0 x 672.0
10:02:01.874 [JavaFX Application Thread] DEBUG PrimaryStageWindow   - Scaled ratio: (1.0, 1.0)
10:02:01.874 [JavaFX Application Thread] DEBUG PrimaryStageWindow   - Scene size: 816.0 x 672.0
10:02:01.874 [JavaFX Application Thread] DEBUG PrimaryStageWindow   - Stage size: 830.4000244140625 x 709.5999755859375
10:02:01.881 [FXGL Background Thread 1 ] DEBUG Engine               - Initializing environment variables
10:02:01.910 [FXGL Background Thread 1 ] DEBUG FXGLAssetLoaderServi - User app class for loading assets: class com.csu.tank.TankApp
10:02:01.910 [FXGL Background Thread 1 ] DEBUG GameApplicationServi - Applying CSS: fxgl_dark.css
10:02:01.911 [FXGL Background Thread 1 ] DEBUG FXGLAssetLoaderServi - Loading from file system: jar:file:///C:/Users/wangshifu/.m2/repository/com/github/almasb/fxgl/17.1/fxgl-17.1.jar!/fxglassets/ui/css/fxgl_dark.css
10:02:01.927 [FXGL Background Thread 1 ] DEBUG GameApplicationServi - Applying CSS: tankApp.css
10:02:01.928 [FXGL Background Thread 1 ] DEBUG FXGLAssetLoaderServi - Loading from file system: file:/C:/Users/wangshifu/IdeaProjects/FXGL_Tank-main/target/classes/assets/ui/css/tankApp.css
10:02:01.929 [FXGL Background Thread 1 ] DEBUG GameApplicationServi - Initializing application scenes
10:02:01.933 [FXGL Background Thread 1 ] DEBUG GameWorld            - Game world initialized
10:02:01.982 [FXGL Background Thread 1 ] DEBUG PhysicsWorld         - Physics world initialized: appHeight=672, physics.ppm=50.0
10:02:01.982 [FXGL Background Thread 1 ] DEBUG PhysicsWorld         - Using strategy: BRUTE_FORCE
10:02:01.986 [FXGL Background Thread 1 ] DEBUG GameScene            - Game scene initialized: 816x672
10:02:01.989 [FXGL Background Thread 1 ] DEBUG FXGLAssetLoaderServi - Loading from file system: file:/C:/Users/wangshifu/IdeaProjects/FXGL_Tank-main/target/classes/assets/textures/ui/logo.png
10:02:02.002 [FXGL Background Thread 1 ] DEBUG FXGLAssetLoaderServi - Loading from file system: file:/C:/Users/wangshifu/IdeaProjects/FXGL_Tank-main/target/classes/assets/textures/ui/icon.png
10:02:02.017 [FXGL Background Thread 1 ] DEBUG FXGLAssetLoaderServi - Loading from file system: file:/C:/Users/wangshifu/IdeaProjects/FXGL_Tank-main/target/classes/assets/textures/ui/tankLoading.png
10:02:02.047 [FXGL Background Thread 1 ] DEBUG FXGLAssetLoaderServi - Loading from file system: file:/C:/Users/wangshifu/IdeaProjects/FXGL_Tank-main/target/classes/assets/textures/ui/fxgl.png
10:02:02.087 [FXGL Background Thread 1 ] DEBUG FXGL.DefaultMenu     - createMenuBodyGameMenu()
10:02:02.094 [FXGL Background Thread 1 ] DEBUG FXGL.DefaultMenu     - createOptionsMenu()
10:02:02.101 [FXGL Background Thread 1 ] DEBUG FXGLAssetLoaderServi - Loading from file system: jar:file:///C:/Users/wangshifu/.m2/repository/com/github/almasb/fxgl/17.1/fxgl-17.1.jar!/fxglassets/textures/particles/smoke.png
10:02:02.188 [FXGL Background Thread 1 ] DEBUG FXGLAssetLoaderServi - Loading from file system: jar:file:///C:/Users/wangshifu/.m2/repository/com/github/almasb/fxgl/17.1/fxgl-17.1.jar!/fxglassets/textures/particles/trace_horizontal.png
10:02:02.204 [FXGL Background Thread 1 ] DEBUG GameApplicationServi - Application scenes initialized
10:02:02.212 [FXGL Background Thread 1 ] DEBUG SystemBundleService  - Loading FXGL system data
10:02:02.217 [FXGL Background Thread 1 ] DEBUG FileSystemAccess     - Reading from: C:\Users\wangshifu\IdeaProjects\FXGL_Tank-main\system\fxgl.bundle
10:02:02.223 [FXGL Background Thread 1 ] DEBUG SystemBundleService  - Bundle FXGL: {}
10:02:02.223 [FXGL Background Thread 1 ] DEBUG UpdaterService       - Checking for updates
10:02:02.226 [FXGL Background Thread 1 ] DEBUG FXGLApplication      - Loading default localization
10:02:02.226 [FXGL Background Thread 4 ] DEBUG FXGLApplication      - Loading fonts
10:02:02.226 [FXGL Background Thread 4 ] DEBUG FXGLAssetLoaderServi - Loading from file system: jar:file:///C:/Users/wangshifu/.m2/repository/com/github/almasb/fxgl/17.1/fxgl-17.1.jar!/fxglassets/ui/fonts/VarelaRound-Regular.ttf
10:02:02.227 [FXGL Background Thread 1 ] DEBUG FXGLAssetLoaderServi - Loading from file system: jar:file:///C:/Users/wangshifu/.m2/repository/com/github/almasb/fxgl/17.1/fxgl-17.1.jar!/fxglassets/languages/english.lang
10:02:02.251 [FXGL Background Thread 1 ] INFO  FXGLApplication      - FXGL initialization took: 0.371 sec
10:02:02.264 [JavaFX Application Thread] DEBUG Input                - Registered new binding: action0 - Num Lock
10:02:02.267 [JavaFX Application Thread] DEBUG Input                - Registered new binding: action1 - W
10:02:02.268 [JavaFX Application Thread] DEBUG Input                - Registered new binding: action2 - S
10:02:02.269 [JavaFX Application Thread] DEBUG Input                - Registered new binding: action3 - A
10:02:02.271 [JavaFX Application Thread] DEBUG Input                - Registered new binding: action4 - D
10:02:02.272 [JavaFX Application Thread] DEBUG Input                - Registered new binding: action5 - Space
10:02:02.274 [JavaFX Application Thread] DEBUG Input                - Registered new binding: action6 - Up
10:02:02.275 [JavaFX Application Thread] DEBUG Input                - Registered new binding: action7 - Down
10:02:02.276 [JavaFX Application Thread] DEBUG Input                - Registered new binding: action8 - Left
10:02:02.278 [JavaFX Application Thread] DEBUG Input                - Registered new binding: action9 - Right
10:02:02.279 [JavaFX Application Thread] DEBUG Input                - Registered new binding: action10 - 0
10:02:02.286 [FXGL Background Thread 4 ] DEBUG FXGLAssetLoaderServi - Loading from file system: jar:file:///C:/Users/wangshifu/.m2/repository/com/github/almasb/fxgl/17.1/fxgl-17.1.jar!/fxglassets/ui/fonts/Abel-Regular.ttf
10:02:02.290 [FXGL Background Thread 4 ] DEBUG FXGLAssetLoaderServi - Loading from file system: jar:file:///C:/Users/wangshifu/.m2/repository/com/github/almasb/fxgl/17.1/fxgl-17.1.jar!/fxglassets/ui/fonts/TerminalLandMono-Regular.otf
10:02:02.291 [JavaFX Application Thread] DEBUG FXGLAssetLoaderServi - Loading from file system: file:/C:/Users/wangshifu/IdeaProjects/FXGL_Tank-main/target/classes/assets/textures/ui/cursor.png
10:02:02.294 [FXGL Background Thread 4 ] DEBUG FXGLAssetLoaderServi - Loading from file system: jar:file:///C:/Users/wangshifu/.m2/repository/com/github/almasb/fxgl/17.1/fxgl-17.1.jar!/fxglassets/ui/fonts/Courier-Prime.ttf
10:02:02.297 [JavaFX Application Thread] DEBUG Input                - Registered new binding: Screenshot - CTRL+8
10:02:02.298 [JavaFX Application Thread] DEBUG Input                - Registered new binding: System info dump - CTRL+9
10:02:02.299 [JavaFX Application Thread] DEBUG Input                - Registered new binding: Restart - CTRL+R
10:02:02.301 [JavaFX Application Thread] DEBUG Input                - Registered new binding: Toggle Debug Camera - CTRL+7
10:02:02.307 [JavaFX Application Thread] DEBUG LoopRunner           - Starting loop
10:02:02.307 [JavaFX Application Thread] DEBUG LoopRunner           - Initializing JavaFX AnimationTimerLoop
10:02:02.313 [JavaFX Application Thread] DEBUG Input                - Clearing active input actions
10:02:02.321 [JavaFX Application Thread] DEBUG GameApplicationServi - Removing overlay from GameStartupScene and adding to FXGLMainMenuDummyScene
10:02:02.321 [JavaFX Application Thread] DEBUG PrimaryStageWindow   - GameStartupScene -> FXGLMainMenuDummyScene
10:02:02.321 [JavaFX Application Thread] DEBUG PrimaryStageWindow   - Push state: GameMainMenu
10:02:02.322 [JavaFX Application Thread] DEBUG FXGLAssetLoaderServi - Loading from file system: file:/C:/Users/wangshifu/IdeaProjects/FXGL_Tank-main/target/classes/assets/sounds/mainMenuLoad.wav
10:02:02.413 [JavaFX Application Thread] DEBUG Input                - Clearing active input actions
10:02:02.418 [JavaFX Application Thread] DEBUG GameApplicationServi - Removing overlay from FXGLMainMenuDummyScene and adding to GameMainMenu
10:02:02.418 [JavaFX Application Thread] DEBUG PrimaryStageWindow   - FXGLMainMenuDummyScene -> GameMainMenu
10:02:02.418 [JavaFX Application Thread] DEBUG FXGLApplication      - Registering font factories with UI factory
10:02:02.594 [FXGL Background Thread 2 ] WARN  UpdaterService       - Failed to find updates: javax.net.ssl.SSLHandshakeException: PKIX path building failed: sun.security.provider.certpath.SunCertPathBuilderException: unable to find valid certification path to requested target
10:02:03.576 [JavaFX Application Thread] DEBUG LoopRunner           - Pausing loop
10:02:05.225 [FXGL Background Thread 3 ] DEBUG Engine               - Logging environment variables
10:02:05.225 [FXGL Background Thread 3 ] DEBUG Engine               - achievements: []
10:02:05.226 [FXGL Background Thread 3 ] DEBUG Engine               - actualHeight: 672.0
10:02:05.226 [FXGL Background Thread 3 ] DEBUG Engine               - actualHeightProperty: ReadOnlyDoubleProperty [value: 672.0]
10:02:05.227 [FXGL Background Thread 3 ] DEBUG Engine               - actualWidth: 816.0
10:02:05.228 [FXGL Background Thread 3 ] DEBUG Engine               - actualWidthProperty: ReadOnlyDoubleProperty [value: 816.0]
10:02:05.228 [FXGL Background Thread 3 ] DEBUG Engine               - appIcon: ui/icon.png
10:02:05.228 [FXGL Background Thread 3 ] DEBUG Engine               - applicationMode: DEVELOPER
10:02:05.228 [FXGL Background Thread 3 ] DEBUG Engine               - cSSList: [fxgl_dark.css, tankApp.css]
10:02:05.228 [FXGL Background Thread 3 ] DEBUG Engine               - collisionDetectionStrategy: BRUTE_FORCE
10:02:05.229 [FXGL Background Thread 3 ] DEBUG Engine               - configClass: Optional.empty
10:02:05.229 [FXGL Background Thread 3 ] DEBUG Engine               - credits: []
10:02:05.230 [FXGL Background Thread 3 ] DEBUG Engine               - defaultCursor: CursorInfo(imageName=ui/cursor.png, hotspotX=0.0, hotspotY=0.0)
10:02:05.230 [FXGL Background Thread 3 ] DEBUG Engine               - devBBoxColorProperty: ObjectProperty [value: 0xff0000ff]
10:02:05.230 [FXGL Background Thread 3 ] DEBUG Engine               - devEnableDebugCameraProperty: BooleanProperty [value: false]
10:02:05.231 [FXGL Background Thread 3 ] DEBUG Engine               - devSensorColorProperty: ObjectProperty [value: 0xffff00ff]
10:02:05.231 [FXGL Background Thread 3 ] DEBUG Engine               - devShowBBoxProperty: BooleanProperty [value: false]
10:02:05.231 [FXGL Background Thread 3 ] DEBUG Engine               - devShowPositionProperty: BooleanProperty [value: false]
10:02:05.231 [FXGL Background Thread 3 ] DEBUG Engine               - enabledMenuItems: []
10:02:05.231 [FXGL Background Thread 3 ] DEBUG Engine               - engineServices: [class com.almasb.fxgl.app.services.FXGLAssetLoaderService, class com.almasb.fxgl.app.FXGLApplication$GameApplicationService, class com.almasb.fxgl.app.services.FXGLDialogService, class com.almasb.fxgl.app.services.IOTaskExecutorService, class com.almasb.fxgl.io.FileSystemService, class com.almasb.fxgl.localization.LocalizationService, class com.almasb.fxgl.app.services.SystemBundleService, class com.almasb.fxgl.profile.SaveLoadService, class com.almasb.fxgl.ui.FXGLUIFactoryServiceProvider, class com.almasb.fxgl.ui.FXGLDialogFactoryServiceProvider, class com.almasb.fxgl.audio.AudioPlayer, class com.almasb.fxgl.notification.impl.NotificationServiceProvider, class com.almasb.fxgl.achievement.AchievementService, class com.almasb.fxgl.cutscene.CutsceneService, class com.almasb.fxgl.minigames.MiniGameService, class com.almasb.fxgl.net.NetService, class com.almasb.fxgl.app.services.UpdaterService, class com.almasb.fxgl.dev.DevService]
10:02:05.232 [FXGL Background Thread 3 ] DEBUG Engine               - fontGame: Abel-Regular.ttf
10:02:05.232 [FXGL Background Thread 3 ] DEBUG Engine               - fontMono: TerminalLandMono-Regular.otf
10:02:05.232 [FXGL Background Thread 3 ] DEBUG Engine               - fontText: Courier-Prime.ttf
10:02:05.232 [FXGL Background Thread 3 ] DEBUG Engine               - fontUI: VarelaRound-Regular.ttf
10:02:05.232 [FXGL Background Thread 3 ] DEBUG Engine               - fullScreen: BooleanProperty [value: false]
10:02:05.232 [FXGL Background Thread 3 ] DEBUG Engine               - gameDifficulty: MEDIUM
10:02:05.232 [FXGL Background Thread 3 ] DEBUG Engine               - gameDifficultyProperty: ObjectProperty [value: MEDIUM]
10:02:05.232 [FXGL Background Thread 3 ] DEBUG Engine               - globalMusicVolume: 0.5
10:02:05.232 [FXGL Background Thread 3 ] DEBUG Engine               - globalMusicVolumeProperty: DoubleProperty [value: 0.5]
10:02:05.232 [FXGL Background Thread 3 ] DEBUG Engine               - globalSoundVolume: 0.5
10:02:05.232 [FXGL Background Thread 3 ] DEBUG Engine               - globalSoundVolumeProperty: DoubleProperty [value: 0.5]
10:02:05.233 [FXGL Background Thread 3 ] DEBUG Engine               - height: 672
10:02:05.233 [FXGL Background Thread 3 ] DEBUG Engine               - is3D: false
10:02:05.233 [FXGL Background Thread 3 ] DEBUG Engine               - isAndroid: false
10:02:05.233 [FXGL Background Thread 3 ] DEBUG Engine               - isBrowser: false
10:02:05.233 [FXGL Background Thread 3 ] DEBUG Engine               - isClickFeedbackEnabled: false
10:02:05.233 [FXGL Background Thread 3 ] DEBUG Engine               - isCloseConfirmation: false
10:02:05.233 [FXGL Background Thread 3 ] DEBUG Engine               - isDesktop: true
10:02:05.233 [FXGL Background Thread 3 ] DEBUG Engine               - isDeveloperMenuEnabled: false
10:02:05.233 [FXGL Background Thread 3 ] DEBUG Engine               - isEmbedded: false
10:02:05.233 [FXGL Background Thread 3 ] DEBUG Engine               - isEntityPreloadEnabled: true
10:02:05.233 [FXGL Background Thread 3 ] DEBUG Engine               - isExperimentalTiledLargeMap: false
10:02:05.234 [FXGL Background Thread 3 ] DEBUG Engine               - isFileSystemWriteAllowed: true
10:02:05.234 [FXGL Background Thread 3 ] DEBUG Engine               - isFullScreenAllowed: false
10:02:05.234 [FXGL Background Thread 3 ] DEBUG Engine               - isFullScreenFromStart: false
10:02:05.235 [FXGL Background Thread 3 ] DEBUG Engine               - isGameMenuEnabled: true
10:02:05.236 [FXGL Background Thread 3 ] DEBUG Engine               - isIOS: false
10:02:05.236 [FXGL Background Thread 3 ] DEBUG Engine               - isIntroEnabled: false
10:02:05.236 [FXGL Background Thread 3 ] DEBUG Engine               - isLinux: false
10:02:05.236 [FXGL Background Thread 3 ] DEBUG Engine               - isMac: false
10:02:05.236 [FXGL Background Thread 3 ] DEBUG Engine               - isMainMenuEnabled: true
10:02:05.237 [FXGL Background Thread 3 ] DEBUG Engine               - isManualResizeEnabled: false
10:02:05.237 [FXGL Background Thread 3 ] DEBUG Engine               - isMobile: false
10:02:05.237 [FXGL Background Thread 3 ] DEBUG Engine               - isNative: false
10:02:05.237 [FXGL Background Thread 3 ] DEBUG Engine               - isPauseMusicWhenMinimized: true
10:02:05.237 [FXGL Background Thread 3 ] DEBUG Engine               - isPreserveResizeRatio: false
10:02:05.237 [FXGL Background Thread 3 ] DEBUG Engine               - isProfilingEnabled: false
10:02:05.237 [FXGL Background Thread 3 ] DEBUG Engine               - isScaleAffectedOnResize: true
10:02:05.237 [FXGL Background Thread 3 ] DEBUG Engine               - isSingleStep: false
10:02:05.238 [FXGL Background Thread 3 ] DEBUG Engine               - isUserProfileEnabled: false
10:02:05.238 [FXGL Background Thread 3 ] DEBUG Engine               - isWindows: true
10:02:05.238 [FXGL Background Thread 3 ] DEBUG Engine               - language: ObjectProperty [value: ENGLISH]
10:02:05.238 [FXGL Background Thread 3 ] DEBUG Engine               - menuKey: ESCAPE
10:02:05.238 [FXGL Background Thread 3 ] DEBUG Engine               - mouseSensitivity: 0.2
10:02:05.238 [FXGL Background Thread 3 ] DEBUG Engine               - notificationViewClass: class com.almasb.fxgl.notification.view.XboxNotificationView
10:02:05.238 [FXGL Background Thread 3 ] DEBUG Engine               - pixelsPerMeter: 50.0
10:02:05.238 [FXGL Background Thread 3 ] DEBUG Engine               - platform: WINDOWS
10:02:05.238 [FXGL Background Thread 3 ] DEBUG Engine               - prefHeightProperty: ReadOnlyDoubleProperty [value: 672.0]
10:02:05.238 [FXGL Background Thread 3 ] DEBUG Engine               - prefWidthProperty: ReadOnlyDoubleProperty [value: 816.0]
10:02:05.239 [FXGL Background Thread 3 ] DEBUG Engine               - profileDir: profiles/
10:02:05.239 [FXGL Background Thread 3 ] DEBUG Engine               - profileName: StringProperty [value: DEFAULT]
10:02:05.239 [FXGL Background Thread 3 ] DEBUG Engine               - randomSeed: -1
10:02:05.239 [FXGL Background Thread 3 ] DEBUG Engine               - runtimeInfo: RuntimeInfo(platform=WINDOWS, version=17.1, build=24.03.2022 17.34)
10:02:05.239 [FXGL Background Thread 3 ] DEBUG Engine               - saveFileExt: sav
10:02:05.239 [FXGL Background Thread 3 ] DEBUG Engine               - scaledHeightProp$fxgl: DoubleProperty [bound, value: 672.0]
10:02:05.239 [FXGL Background Thread 3 ] DEBUG Engine               - scaledWidthProp$fxgl: DoubleProperty [bound, value: 816.0]
10:02:05.239 [FXGL Background Thread 3 ] DEBUG Engine               - sceneFactory: com.csu.tank.TankApp$1@413e02d1
10:02:05.241 [FXGL Background Thread 3 ] DEBUG Engine               - secondsIn24h: 60
10:02:05.241 [FXGL Background Thread 3 ] DEBUG Engine               - soundMenuBack: menu/back.wav
10:02:05.241 [FXGL Background Thread 3 ] DEBUG Engine               - soundMenuPress: menu/press.wav
10:02:05.241 [FXGL Background Thread 3 ] DEBUG Engine               - soundMenuSelect: menu/select.wav
10:02:05.241 [FXGL Background Thread 3 ] DEBUG Engine               - soundNotification: core/notification.wav
10:02:05.241 [FXGL Background Thread 3 ] DEBUG Engine               - stageStyle: DECORATED
10:02:05.241 [FXGL Background Thread 3 ] DEBUG Engine               - supportedLanguages: [ENGLISH, FRENCH, GERMAN, HUNGARIAN, RUSSIAN]
10:02:05.241 [FXGL Background Thread 3 ] DEBUG Engine               - ticksPerSecond: -1
10:02:05.241 [FXGL Background Thread 3 ] DEBUG Engine               - title: 90 Tank
10:02:05.241 [FXGL Background Thread 3 ] DEBUG Engine               - urlGithub: https://github.com/AlmasB/FXGL
10:02:05.241 [FXGL Background Thread 3 ] DEBUG Engine               - urlLeaderboard: http://fxgl-top.herokuapp.com/
10:02:05.241 [FXGL Background Thread 3 ] DEBUG Engine               - urlPOM: https://raw.githubusercontent.com/AlmasB/FXGL/release/README.md
10:02:05.241 [FXGL Background Thread 3 ] DEBUG Engine               - userAppClass: class com.csu.tank.TankApp
10:02:05.241 [FXGL Background Thread 3 ] DEBUG Engine               - version: Version 0.3
10:02:05.241 [FXGL Background Thread 3 ] DEBUG Engine               - versionCheckDays: 7
10:02:05.241 [FXGL Background Thread 3 ] DEBUG Engine               - width: 816
10:02:05.241 [FXGL Background Thread 3 ] DEBUG Engine               - Logging services
10:02:05.241 [FXGL Background Thread 3 ] DEBUG Engine               - class com.almasb.fxgl.app.services.FXGLAssetLoaderService
10:02:05.242 [FXGL Background Thread 3 ] DEBUG Engine               - class com.almasb.fxgl.app.FXGLApplication$GameApplicationService
10:02:05.242 [FXGL Background Thread 3 ] DEBUG Engine               - class com.almasb.fxgl.app.services.FXGLDialogService
10:02:05.242 [FXGL Background Thread 3 ] DEBUG Engine               - class com.almasb.fxgl.app.services.IOTaskExecutorService
10:02:05.242 [FXGL Background Thread 3 ] DEBUG Engine               - class com.almasb.fxgl.io.FileSystemService
10:02:05.242 [FXGL Background Thread 3 ] DEBUG Engine               - class com.almasb.fxgl.localization.LocalizationService
10:02:05.242 [FXGL Background Thread 3 ] DEBUG Engine               - class com.almasb.fxgl.app.services.SystemBundleService
10:02:05.242 [FXGL Background Thread 3 ] DEBUG Engine               - class com.almasb.fxgl.profile.SaveLoadService
10:02:05.242 [FXGL Background Thread 3 ] DEBUG Engine               - class com.almasb.fxgl.ui.FXGLUIFactoryServiceProvider
10:02:05.242 [FXGL Background Thread 3 ] DEBUG Engine               - class com.almasb.fxgl.ui.FXGLDialogFactoryServiceProvider
10:02:05.242 [FXGL Background Thread 3 ] DEBUG Engine               - class com.almasb.fxgl.audio.AudioPlayer
10:02:05.242 [FXGL Background Thread 3 ] DEBUG Engine               - class com.almasb.fxgl.notification.impl.NotificationServiceProvider
10:02:05.242 [FXGL Background Thread 3 ] DEBUG Engine               - class com.almasb.fxgl.achievement.AchievementService
10:02:05.242 [FXGL Background Thread 3 ] DEBUG Engine               - class com.almasb.fxgl.cutscene.CutsceneService
10:02:05.242 [FXGL Background Thread 3 ] DEBUG Engine               - class com.almasb.fxgl.minigames.MiniGameService
10:02:05.243 [FXGL Background Thread 3 ] DEBUG Engine               - class com.almasb.fxgl.net.NetService
10:02:05.243 [FXGL Background Thread 3 ] DEBUG Engine               - class com.almasb.fxgl.app.services.UpdaterService
10:02:05.243 [FXGL Background Thread 3 ] DEBUG Engine               - class com.almasb.fxgl.dev.DevService
10:02:10.553 [JavaFX Application Thread] DEBUG LoopRunner           - Resuming loop
10:02:10.562 [JavaFX Application Thread] DEBUG FXGLAssetLoaderServi - Loading from file system: file:/C:/Users/wangshifu/IdeaProjects/FXGL_Tank-main/target/classes/assets/sounds/mainMenuHover.wav
10:02:17.041 [JavaFX Application Thread] DEBUG FXGLAssetLoaderServi - Loading from file system: file:/C:/Users/wangshifu/IdeaProjects/FXGL_Tank-main/target/classes/assets/sounds/select.wav
10:02:17.046 [JavaFX Application Thread] DEBUG Menu                 - fireNewGame()
10:02:17.046 [JavaFX Application Thread] DEBUG GameApplicationServi - Starting new game
10:02:17.046 [JavaFX Application Thread] DEBUG PrimaryStageWindow   - Pop state: GameMainMenu
10:02:17.046 [JavaFX Application Thread] DEBUG Input                - Clearing active input actions
10:02:17.047 [JavaFX Application Thread] DEBUG GameApplicationServi - Removing overlay from GameMainMenu and adding to FXGLMainMenuDummyScene
10:02:17.047 [JavaFX Application Thread] DEBUG PrimaryStageWindow   - FXGLMainMenuDummyScene <- GameMainMenu
10:02:17.047 [JavaFX Application Thread] DEBUG Input                - Clearing active input actions
10:02:17.053 [JavaFX Application Thread] DEBUG GameApplicationServi - Removing overlay from FXGLMainMenuDummyScene and adding to GameLoadingScene
10:02:17.055 [JavaFX Application Thread] DEBUG PrimaryStageWindow   - FXGLMainMenuDummyScene -> GameLoadingScene
10:02:17.055 [JavaFX Application Thread] DEBUG GameApplicationServi - Clearing previous game
10:02:17.055 [JavaFX Application Thread] DEBUG GameScene            - Clearing game scene
10:02:17.055 [JavaFX Application Thread] DEBUG GameWorld            - Clearing game world
10:02:17.055 [JavaFX Application Thread] DEBUG PhysicsWorld         - Clearing physics world
10:02:17.057 [FXGL Background Thread 2 ] DEBUG FXGLApplication      - Initializing game
10:02:17.059 [FXGL Background Thread 2 ] DEBUG FXGLAssetLoaderServi - Loading from file system: file:/C:/Users/wangshifu/IdeaProjects/FXGL_Tank-main/target/classes/assets/properties/game.properties
10:02:17.064 [FXGL Background Thread 2 ] DEBUG FXGLAssetLoaderServi - Loading from file system: file:/C:/Users/wangshifu/IdeaProjects/FXGL_Tank-main/target/classes/assets/textures/map/stone.png
10:02:17.065 [FXGL Background Thread 2 ] DEBUG FXGLAssetLoaderServi - Loading from file system: file:/C:/Users/wangshifu/IdeaProjects/FXGL_Tank-main/target/classes/assets/textures/map/brick.png
10:02:17.068 [FXGL Background Thread 2 ] DEBUG FXGLAssetLoaderServi - Loading from file system: file:/C:/Users/wangshifu/IdeaProjects/FXGL_Tank-main/target/classes/assets/textures/map/sea_anim.png
10:02:17.068 [FXGL Background Thread 2 ] DEBUG FXGLAssetLoaderServi - Loading from file system: file:/C:/Users/wangshifu/IdeaProjects/FXGL_Tank-main/target/classes/assets/textures/explode/explode_level_2.png
10:02:17.077 [FXGL Background Thread 2 ] INFO  FXGLApplication      - Game initialization took: 0.020 sec
10:02:17.078 [JavaFX Application Thread] DEBUG Input                - Clearing active input actions
10:02:17.082 [JavaFX Application Thread] DEBUG GameApplicationServi - Removing overlay from GameLoadingScene and adding to GameScene
10:02:17.083 [JavaFX Application Thread] DEBUG PrimaryStageWindow   - GameLoadingScene -> GameScene
10:02:18.600 [JavaFX Application Thread] WARN  TMXLevelLoader       - TiledMap generated from 1.8.4. Supported version: 1.4.2. Some features may not be parsed fully.
10:02:18.612 [JavaFX Application Thread] DEBUG TMXLevelLoader       - Parsed TiledMap: file:/C:/Users/wangshifu/IdeaProjects/FXGL_Tank-main/ConstructMap/level0.tmx
10:02:18.613 [JavaFX Application Thread] DEBUG TMXLevelLoader       - Creating tile layer entities
10:02:18.613 [JavaFX Application Thread] DEBUG TMXLevelLoader       - Creating object layer entities
10:02:18.635 [JavaFX Application Thread] DEBUG GameWorld            - Clearing removable entities
10:02:18.637 [JavaFX Application Thread] DEBUG GameWorld            - Setting level: com.almasb.fxgl.entity.level.Level@89fa2e8
10:02:18.642 [JavaFX Application Thread] DEBUG FXGLAssetLoaderServi - Loading from file system: file:/C:/Users/wangshifu/IdeaProjects/FXGL_Tank-main/target/classes/assets/sounds/start.wav
10:02:18.650 [JavaFX Application Thread] DEBUG FXGLAssetLoaderServi - Loading from file system: file:/C:/Users/wangshifu/IdeaProjects/FXGL_Tank-main/target/classes/assets/textures/tank/H1U.png
10:02:18.657 [JavaFX Application Thread] DEBUG FXGLAssetLoaderServi - Loading from file system: file:/C:/Users/wangshifu/IdeaProjects/FXGL_Tank-main/target/classes/assets/textures/item/armed_helmet.png
10:02:18.663 [JavaFX Application Thread] DEBUG FXGLAssetLoaderServi - Loading from file system: file:/C:/Users/wangshifu/IdeaProjects/FXGL_Tank-main/target/classes/assets/textures/tank/H2U.png
10:02:18.667 [JavaFX Application Thread] DEBUG FXGLAssetLoaderServi - Loading from file system: file:/C:/Users/wangshifu/IdeaProjects/FXGL_Tank-main/target/classes/assets/textures/ui/enemy_pre.png
10:02:18.668 [JavaFX Application Thread] DEBUG FXGLAssetLoaderServi - Loading from file system: file:/C:/Users/wangshifu/IdeaProjects/FXGL_Tank-main/target/classes/assets/textures/ui/levelFlag.png
10:02:18.669 [JavaFX Application Thread] DEBUG FXGLAssetLoaderServi - Loading from file system: file:/C:/Users/wangshifu/IdeaProjects/FXGL_Tank-main/target/classes/assets/textures/ui/bulletLevel.png
10:02:18.672 [JavaFX Application Thread] DEBUG FXGLAssetLoaderServi - Loading from file system: file:/C:/Users/wangshifu/IdeaProjects/FXGL_Tank-main/target/classes/assets/textures/tank/spawnTank.png
10:02:18.675 [JavaFX Application Thread] DEBUG FXGLAssetLoaderServi - Loading from file system: file:/C:/Users/wangshifu/IdeaProjects/FXGL_Tank-main/target/classes/assets/textures/tank/E9U.png
10:02:18.676 [JavaFX Application Thread] DEBUG FXGLAssetLoaderServi - Loading from file system: file:/C:/Users/wangshifu/IdeaProjects/FXGL_Tank-main/target/classes/assets/textures/tank/E10U.png
10:02:18.678 [JavaFX Application Thread] DEBUG FXGLAssetLoaderServi - Loading from file system: file:/C:/Users/wangshifu/IdeaProjects/FXGL_Tank-main/target/classes/assets/textures/tank/E12U.png
10:02:19.748 [JavaFX Application Thread] DEBUG FXGLAssetLoaderServi - Loading from file system: file:/C:/Users/wangshifu/IdeaProjects/FXGL_Tank-main/target/classes/assets/sounds/normalFire.wav
10:02:19.752 [JavaFX Application Thread] DEBUG FXGLAssetLoaderServi - Loading from file system: file:/C:/Users/wangshifu/IdeaProjects/FXGL_Tank-main/target/classes/assets/textures/bullet/normal.png
10:02:21.266 [JavaFX Application Thread] DEBUG FXGLAssetLoaderServi - Loading from file system: file:/C:/Users/wangshifu/IdeaProjects/FXGL_Tank-main/target/classes/assets/sounds/normalBomb.wav
10:03:02.306 [JavaFX Application Thread] DEBUG FXGLAssetLoaderServi - Loading from file system: file:/C:/Users/wangshifu/IdeaProjects/FXGL_Tank-main/target/classes/assets/textures/ui/GameOver.png
10:03:02.309 [JavaFX Application Thread] DEBUG PrimaryStageWindow   - Push state: FailedScene
10:03:02.309 [JavaFX Application Thread] DEBUG FXGLAssetLoaderServi - Loading from file system: file:/C:/Users/wangshifu/IdeaProjects/FXGL_Tank-main/target/classes/assets/sounds/GameOver.wav
10:03:02.318 [JavaFX Application Thread] DEBUG Input                - Clearing active input actions
10:03:02.318 [JavaFX Application Thread] DEBUG GameApplicationServi - Removing overlay from GameScene and adding to FailedScene
10:03:02.319 [JavaFX Application Thread] DEBUG PrimaryStageWindow   - GameScene -> FailedScene
10:03:06.128 [JavaFX Application Thread] DEBUG PrimaryStageWindow   - Pop state: FailedScene
10:03:06.128 [JavaFX Application Thread] DEBUG Input                - Clearing active input actions
10:03:06.128 [JavaFX Application Thread] DEBUG GameApplicationServi - Removing overlay from FailedScene and adding to GameScene
10:03:06.128 [JavaFX Application Thread] DEBUG PrimaryStageWindow   - GameScene <- FailedScene
10:03:06.129 [JavaFX Application Thread] DEBUG Input                - Clearing active input actions
10:03:06.135 [JavaFX Application Thread] DEBUG GameApplicationServi - Removing overlay from GameScene and adding to FXGLMainMenuDummyScene
10:03:06.135 [JavaFX Application Thread] DEBUG PrimaryStageWindow   - GameScene -> FXGLMainMenuDummyScene
10:03:06.135 [JavaFX Application Thread] DEBUG PrimaryStageWindow   - Push state: GameMainMenu
10:03:06.135 [JavaFX Application Thread] DEBUG Input                - Clearing active input actions
10:03:06.137 [JavaFX Application Thread] DEBUG GameApplicationServi - Removing overlay from FXGLMainMenuDummyScene and adding to GameMainMenu
10:03:06.137 [JavaFX Application Thread] DEBUG PrimaryStageWindow   - FXGLMainMenuDummyScene -> GameMainMenu
10:03:06.849 [JavaFX Application Thread] DEBUG Menu                 - fireNewGame()
10:03:06.849 [JavaFX Application Thread] DEBUG GameApplicationServi - Starting new game
10:03:06.849 [JavaFX Application Thread] DEBUG PrimaryStageWindow   - Pop state: GameMainMenu
10:03:06.849 [JavaFX Application Thread] DEBUG Input                - Clearing active input actions
10:03:06.849 [JavaFX Application Thread] DEBUG GameApplicationServi - Removing overlay from GameMainMenu and adding to FXGLMainMenuDummyScene
10:03:06.849 [JavaFX Application Thread] DEBUG PrimaryStageWindow   - FXGLMainMenuDummyScene <- GameMainMenu
10:03:06.849 [JavaFX Application Thread] DEBUG Input                - Clearing active input actions
10:03:06.852 [JavaFX Application Thread] DEBUG GameApplicationServi - Removing overlay from FXGLMainMenuDummyScene and adding to GameLoadingScene
10:03:06.853 [JavaFX Application Thread] DEBUG PrimaryStageWindow   - FXGLMainMenuDummyScene -> GameLoadingScene
10:03:06.853 [JavaFX Application Thread] DEBUG GameApplicationServi - Clearing previous game
10:03:06.853 [JavaFX Application Thread] DEBUG GameScene            - Clearing game scene
10:03:06.853 [JavaFX Application Thread] DEBUG GameWorld            - Clearing game world
10:03:06.853 [JavaFX Application Thread] DEBUG PhysicsWorld         - Clearing physics world
10:03:06.854 [FXGL Background Thread 2 ] DEBUG FXGLApplication      - Initializing game
10:03:06.855 [FXGL Background Thread 2 ] INFO  FXGLApplication      - Game initialization took: 0.001 sec
10:03:06.859 [JavaFX Application Thread] DEBUG Input                - Clearing active input actions
10:03:06.862 [JavaFX Application Thread] DEBUG GameApplicationServi - Removing overlay from GameLoadingScene and adding to GameScene
10:03:06.862 [JavaFX Application Thread] DEBUG PrimaryStageWindow   - GameLoadingScene -> GameScene
10:03:08.362 [JavaFX Application Thread] WARN  TMXLevelLoader       - TiledMap generated from 1.8.4. Supported version: 1.4.2. Some features may not be parsed fully.
10:03:08.369 [JavaFX Application Thread] DEBUG TMXLevelLoader       - Parsed TiledMap: file:/C:/Users/wangshifu/IdeaProjects/FXGL_Tank-main/ConstructMap/level0.tmx
10:03:08.369 [JavaFX Application Thread] DEBUG TMXLevelLoader       - Creating tile layer entities
10:03:08.369 [JavaFX Application Thread] DEBUG TMXLevelLoader       - Creating object layer entities
10:03:08.379 [JavaFX Application Thread] DEBUG GameWorld            - Clearing removable entities
10:03:08.379 [JavaFX Application Thread] DEBUG GameWorld            - Setting level: com.almasb.fxgl.entity.level.Level@2c663ecb
10:03:08.387 [JavaFX Application Thread] DEBUG FXGLAssetLoaderServi - Loading from file system: file:/C:/Users/wangshifu/IdeaProjects/FXGL_Tank-main/target/classes/assets/textures/tank/E8U.png
10:03:08.389 [JavaFX Application Thread] DEBUG FXGLAssetLoaderServi - Loading from file system: file:/C:/Users/wangshifu/IdeaProjects/FXGL_Tank-main/target/classes/assets/textures/tank/E1U.png
10:03:08.392 [JavaFX Application Thread] DEBUG FXGLAssetLoaderServi - Loading from file system: file:/C:/Users/wangshifu/IdeaProjects/FXGL_Tank-main/target/classes/assets/textures/tank/E4U.png
10:03:10.973 [JavaFX Application Thread] DEBUG FXGLApplication      - Exiting FXGL
10:03:10.973 [JavaFX Application Thread] DEBUG LoopRunner           - Stopping loop
10:03:10.973 [JavaFX Application Thread] DEBUG SystemBundleService  - Saving FXGL system data
10:03:10.975 [JavaFX Application Thread] DEBUG FileSystemAccess     - Writing to: C:\Users\wangshifu\IdeaProjects\FXGL_Tank-main\system\fxgl.bundle
10:03:10.977 [JavaFX Application Thread] DEBUG Async                - Shutting down background threads
10:03:10.977 [JavaFX Application Thread] DEBUG PrimaryStageWindow   - Closing main window
10:03:11.010 [JavaFX Application Thread] DEBUG Logger               - Closing Logger
