10:34:38.858 [main                     ] DEBUG Logger               - Configured Logger
10:34:38.881 [main                     ] DEBUG GameApplication      - Logging settings
Title: 90 Tank
Version: Version 0.3
Width: 816
Height: 672
Fullscreen: false
Intro: false
Profiling: false
Single step:false
App Mode: DEVELOPER
Menu Key: ESCAPE
Stage Style: DECORATED
Scene Factory: class com.csu.tank.TankApp$1

10:34:39.154 [JavaFX Application Thread] DEBUG FXGLApplication      - Initializing FXGL
10:34:39.159 [JavaFX Application Thread] INFO  Engine               - FXGL-17.1 (24.03.2022 17.34) on WINDOWS (J:17.0.1 FX:18)
10:34:39.159 [JavaFX Application Thread] DEBUG Engine               - JRE Vendor Name: Oracle Corporation
10:34:39.159 [JavaFX Application Thread] DEBUG Engine               - Running on OS: Windows 10 version 10.0
10:34:39.159 [JavaFX Application Thread] DEBUG Engine               - Architecture: amd64
10:34:39.159 [JavaFX Application Thread] INFO  Engine               - Source code and latest versions at: https://github.com/AlmasB/FXGL
10:34:39.160 [JavaFX Application Thread] INFO  Engine               -       Ask questions and discuss at: https://github.com/AlmasB/FXGL/discussions
10:34:39.160 [JavaFX Application Thread] INFO  Engine               -              Join the FXGL chat at: https://gitter.im/AlmasB/FXGL
10:34:39.225 [JavaFX Application Thread] DEBUG PrimaryStageWindow   - Creating a JavaFX scene
10:34:39.264 [JavaFX Application Thread] DEBUG PrimaryStageWindow   - Target settings size: 816.0 x 672.0
10:34:39.264 [JavaFX Application Thread] DEBUG PrimaryStageWindow   - Scaled scene size:    816.0 x 672.0
10:34:39.264 [JavaFX Application Thread] DEBUG PrimaryStageWindow   - Scaled ratio: (1.0, 1.0)
10:34:39.265 [JavaFX Application Thread] DEBUG PrimaryStageWindow   - Set initial scene to GameStartupScene
10:34:39.269 [JavaFX Application Thread] DEBUG PrimaryStageWindow   - Opening main window
10:34:39.419 [JavaFX Application Thread] DEBUG PrimaryStageWindow   - Window border size: (14.4000244140625, 37.5999755859375)
10:34:39.420 [JavaFX Application Thread] DEBUG PrimaryStageWindow   - Scaled size: 816.0 x 672.0
10:34:39.420 [JavaFX Application Thread] DEBUG PrimaryStageWindow   - Scaled ratio: (1.0, 1.0)
10:34:39.420 [JavaFX Application Thread] DEBUG PrimaryStageWindow   - Scene size: 816.0 x 672.0
10:34:39.420 [JavaFX Application Thread] DEBUG PrimaryStageWindow   - Stage size: 830.4000244140625 x 709.5999755859375
10:34:39.426 [FXGL Background Thread 1 ] DEBUG Engine               - Initializing environment variables
10:34:39.452 [FXGL Background Thread 1 ] DEBUG FXGLAssetLoaderServi - User app class for loading assets: class com.csu.tank.TankApp
10:34:39.452 [FXGL Background Thread 1 ] DEBUG GameApplicationServi - Applying CSS: fxgl_dark.css
10:34:39.453 [FXGL Background Thread 1 ] DEBUG FXGLAssetLoaderServi - Loading from file system: jar:file:///C:/Users/wangshifu/.m2/repository/com/github/almasb/fxgl/17.1/fxgl-17.1.jar!/fxglassets/ui/css/fxgl_dark.css
10:34:39.473 [FXGL Background Thread 1 ] DEBUG GameApplicationServi - Applying CSS: tankApp.css
10:34:39.474 [FXGL Background Thread 1 ] DEBUG FXGLAssetLoaderServi - Loading from file system: file:/C:/Users/wangshifu/IdeaProjects/git/target/classes/assets/ui/css/tankApp.css
10:34:39.476 [FXGL Background Thread 1 ] DEBUG GameApplicationServi - Initializing application scenes
10:34:39.482 [FXGL Background Thread 1 ] DEBUG GameWorld            - Game world initialized
10:34:39.536 [FXGL Background Thread 1 ] DEBUG PhysicsWorld         - Physics world initialized: appHeight=672, physics.ppm=50.0
10:34:39.536 [FXGL Background Thread 1 ] DEBUG PhysicsWorld         - Using strategy: BRUTE_FORCE
10:34:39.540 [FXGL Background Thread 1 ] DEBUG GameScene            - Game scene initialized: 816x672
10:34:39.543 [FXGL Background Thread 1 ] DEBUG FXGLAssetLoaderServi - Loading from file system: file:/C:/Users/wangshifu/IdeaProjects/git/target/classes/assets/textures/ui/logo.png
10:34:39.555 [FXGL Background Thread 1 ] DEBUG FXGLAssetLoaderServi - Loading from file system: file:/C:/Users/wangshifu/IdeaProjects/git/target/classes/assets/textures/ui/icon.png
10:34:39.572 [FXGL Background Thread 1 ] DEBUG FXGLAssetLoaderServi - Loading from file system: file:/C:/Users/wangshifu/IdeaProjects/git/target/classes/assets/textures/ui/tankLoading.png
10:34:39.593 [FXGL Background Thread 1 ] DEBUG FXGLAssetLoaderServi - Loading from file system: file:/C:/Users/wangshifu/IdeaProjects/git/target/classes/assets/textures/ui/fxgl.png
10:34:39.633 [FXGL Background Thread 1 ] DEBUG FXGL.DefaultMenu     - createMenuBodyGameMenu()
10:34:39.640 [FXGL Background Thread 1 ] DEBUG FXGL.DefaultMenu     - createOptionsMenu()
10:34:39.648 [FXGL Background Thread 1 ] DEBUG FXGLAssetLoaderServi - Loading from file system: jar:file:///C:/Users/wangshifu/.m2/repository/com/github/almasb/fxgl/17.1/fxgl-17.1.jar!/fxglassets/textures/particles/smoke.png
10:34:39.710 [FXGL Background Thread 1 ] DEBUG FXGLAssetLoaderServi - Loading from file system: jar:file:///C:/Users/wangshifu/.m2/repository/com/github/almasb/fxgl/17.1/fxgl-17.1.jar!/fxglassets/textures/particles/trace_horizontal.png
10:34:39.728 [FXGL Background Thread 1 ] DEBUG GameApplicationServi - Application scenes initialized
10:34:39.739 [FXGL Background Thread 1 ] DEBUG SystemBundleService  - Loading FXGL system data
10:34:39.744 [FXGL Background Thread 1 ] DEBUG FileSystemAccess     - Reading from: C:\Users\wangshifu\IdeaProjects\git\system\fxgl.bundle
10:34:39.748 [FXGL Background Thread 1 ] DEBUG SystemBundleService  - Bundle FXGL: {}
10:34:39.748 [FXGL Background Thread 1 ] DEBUG UpdaterService       - Checking for updates
10:34:39.751 [FXGL Background Thread 4 ] DEBUG FXGLApplication      - Loading fonts
10:34:39.751 [FXGL Background Thread 1 ] DEBUG FXGLApplication      - Loading default localization
10:34:39.751 [FXGL Background Thread 4 ] DEBUG FXGLAssetLoaderServi - Loading from file system: jar:file:///C:/Users/wangshifu/.m2/repository/com/github/almasb/fxgl/17.1/fxgl-17.1.jar!/fxglassets/ui/fonts/VarelaRound-Regular.ttf
10:34:39.752 [FXGL Background Thread 1 ] DEBUG FXGLAssetLoaderServi - Loading from file system: jar:file:///C:/Users/wangshifu/.m2/repository/com/github/almasb/fxgl/17.1/fxgl-17.1.jar!/fxglassets/languages/english.lang
10:34:39.775 [FXGL Background Thread 1 ] INFO  FXGLApplication      - FXGL initialization took: 0.349 sec
10:34:39.793 [JavaFX Application Thread] DEBUG Input                - Registered new binding: action0 - Backspace
10:34:39.795 [JavaFX Application Thread] DEBUG Input                - Registered new binding: action1 - W
10:34:39.796 [JavaFX Application Thread] DEBUG Input                - Registered new binding: action2 - S
10:34:39.797 [JavaFX Application Thread] DEBUG Input                - Registered new binding: action3 - A
10:34:39.797 [JavaFX Application Thread] DEBUG Input                - Registered new binding: action4 - D
10:34:39.798 [JavaFX Application Thread] DEBUG Input                - Registered new binding: action5 - Space
10:34:39.799 [JavaFX Application Thread] DEBUG Input                - Registered new binding: action6 - Up
10:34:39.800 [JavaFX Application Thread] DEBUG Input                - Registered new binding: action7 - Down
10:34:39.801 [JavaFX Application Thread] DEBUG Input                - Registered new binding: action8 - Left
10:34:39.802 [JavaFX Application Thread] DEBUG Input                - Registered new binding: action9 - Right
10:34:39.802 [FXGL Background Thread 4 ] DEBUG FXGLAssetLoaderServi - Loading from file system: jar:file:///C:/Users/wangshifu/.m2/repository/com/github/almasb/fxgl/17.1/fxgl-17.1.jar!/fxglassets/ui/fonts/Abel-Regular.ttf
10:34:39.803 [JavaFX Application Thread] DEBUG Input                - Registered new binding: action10 - Numpad 0
10:34:39.804 [JavaFX Application Thread] DEBUG LoopRunner           - Stopping loop
10:34:39.804 [JavaFX Application Thread] DEBUG LoopRunner           - Initializing JavaFX AnimationTimerLoop
10:34:39.812 [JavaFX Application Thread] FATAL FXGLApplication      - Uncaught Exception:
java.lang.IllegalArgumentException: Cannot bind to illegal key: SHIFT
	at com.almasb.fxgl.core@17.1/com.almasb.fxgl.input.Input.addAction(Input.kt:444)
	at com.almasb.fxgl.core@17.1/com.almasb.fxgl.input.Input.addAction$default(Input.kt:443)
	at com.almasb.fxgl.all@17.1/com.almasb.fxgl.dsl.FXGL$Companion.onKey(FXGL.kt:498)
	at com.almasb.fxgl.all@17.1/com.almasb.fxgl.dsl.FXGL$Companion.onKey(FXGL.kt:494)
	at com.almasb.fxgl.all@17.1/com.almasb.fxgl.dsl.FXGL.onKey(FXGL.kt)
	at FXGL_Tank/com.csu.tank.TankApp.initInput(TankApp.java:150)
	at com.almasb.fxgl.all@17.1/com.almasb.fxgl.app.FXGLApplication$GameApplicationService.onMainLoopStarting(FXGLApplication.kt:529)
	at com.almasb.fxgl.all@17.1/com.almasb.fxgl.app.Engine.startLoop(Engine.kt:150)
	at com.almasb.fxgl.all@17.1/com.almasb.fxgl.app.FXGLApplication.startImpl$lambda-3(FXGLApplication.kt:145)
	at com.almasb.fxgl.core@17.1/com.almasb.fxgl.core.concurrent.IOTask.succeed(IOTask.java:164)
	at com.almasb.fxgl.core@17.1/com.almasb.fxgl.core.concurrent.IOTask$1.succeeded(IOTask.java:153)
	at javafx.graphics@18/javafx.concurrent.Task.setState(Task.java:726)
	at javafx.graphics@18/javafx.concurrent.Task$TaskCallable.lambda$call$1(Task.java:1437)
	at javafx.graphics@18/com.sun.javafx.application.PlatformImpl.lambda$runLater$10(PlatformImpl.java:457)
	at java.base/java.security.AccessController.doPrivileged(AccessController.java:399)
	at javafx.graphics@18/com.sun.javafx.application.PlatformImpl.lambda$runLater$11(PlatformImpl.java:456)
	at javafx.graphics@18/com.sun.glass.ui.InvokeLaterDispatcher$Future.run(InvokeLaterDispatcher.java:96)
	at javafx.graphics@18/com.sun.glass.ui.win.WinApplication._runLoop(Native Method)
	at javafx.graphics@18/com.sun.glass.ui.win.WinApplication.lambda$runLoop$3(WinApplication.java:184)
	at java.base/java.lang.Thread.run(Thread.java:833)

10:34:39.812 [JavaFX Application Thread] FATAL FXGLApplication      - Application will now exit
10:34:39.815 [FXGL Background Thread 4 ] DEBUG FXGLAssetLoaderServi - Loading from file system: jar:file:///C:/Users/wangshifu/.m2/repository/com/github/almasb/fxgl/17.1/fxgl-17.1.jar!/fxglassets/ui/fonts/TerminalLandMono-Regular.otf
10:34:39.818 [FXGL Background Thread 4 ] DEBUG FXGLAssetLoaderServi - Loading from file system: jar:file:///C:/Users/wangshifu/.m2/repository/com/github/almasb/fxgl/17.1/fxgl-17.1.jar!/fxglassets/ui/fonts/Courier-Prime.ttf
10:34:39.836 [JavaFX Application Thread] DEBUG PrimaryStageWindow   - Push state: ErrorSubScene
10:34:39.836 [JavaFX Application Thread] DEBUG Input                - Clearing active input actions
10:34:39.850 [JavaFX Application Thread] DEBUG GameApplicationServi - Removing overlay from GameStartupScene and adding to ErrorSubScene
10:34:39.850 [JavaFX Application Thread] DEBUG PrimaryStageWindow   - GameStartupScene -> ErrorSubScene
10:34:39.850 [JavaFX Application Thread] DEBUG FXGLApplication      - Registering font factories with UI factory
10:34:40.047 [FXGL Background Thread 2 ] WARN  UpdaterService       - Failed to find updates: javax.net.ssl.SSLHandshakeException: PKIX path building failed: sun.security.provider.certpath.SunCertPathBuilderException: unable to find valid certification path to requested target
10:34:42.753 [FXGL Background Thread 3 ] DEBUG Engine               - Logging environment variables
10:34:42.754 [FXGL Background Thread 3 ] DEBUG Engine               - achievements: []
10:34:42.754 [FXGL Background Thread 3 ] DEBUG Engine               - actualHeight: 672.0
10:34:42.754 [FXGL Background Thread 3 ] DEBUG Engine               - actualHeightProperty: ReadOnlyDoubleProperty [value: 672.0]
10:34:42.754 [FXGL Background Thread 3 ] DEBUG Engine               - actualWidth: 816.0
10:34:42.755 [FXGL Background Thread 3 ] DEBUG Engine               - actualWidthProperty: ReadOnlyDoubleProperty [value: 816.0]
10:34:42.755 [FXGL Background Thread 3 ] DEBUG Engine               - appIcon: ui/icon.png
10:34:42.755 [FXGL Background Thread 3 ] DEBUG Engine               - applicationMode: DEVELOPER
10:34:42.755 [FXGL Background Thread 3 ] DEBUG Engine               - cSSList: [fxgl_dark.css, tankApp.css]
10:34:42.755 [FXGL Background Thread 3 ] DEBUG Engine               - collisionDetectionStrategy: BRUTE_FORCE
10:34:42.755 [FXGL Background Thread 3 ] DEBUG Engine               - configClass: Optional.empty
10:34:42.755 [FXGL Background Thread 3 ] DEBUG Engine               - credits: []
10:34:42.758 [FXGL Background Thread 3 ] DEBUG Engine               - defaultCursor: CursorInfo(imageName=ui/cursor.png, hotspotX=0.0, hotspotY=0.0)
10:34:42.758 [FXGL Background Thread 3 ] DEBUG Engine               - devBBoxColorProperty: ObjectProperty [value: 0xff0000ff]
10:34:42.758 [FXGL Background Thread 3 ] DEBUG Engine               - devEnableDebugCameraProperty: BooleanProperty [value: false]
10:34:42.758 [FXGL Background Thread 3 ] DEBUG Engine               - devSensorColorProperty: ObjectProperty [value: 0xffff00ff]
10:34:42.758 [FXGL Background Thread 3 ] DEBUG Engine               - devShowBBoxProperty: BooleanProperty [value: false]
10:34:42.758 [FXGL Background Thread 3 ] DEBUG Engine               - devShowPositionProperty: BooleanProperty [value: false]
10:34:42.759 [FXGL Background Thread 3 ] DEBUG Engine               - enabledMenuItems: []
10:34:42.759 [FXGL Background Thread 3 ] DEBUG Engine               - engineServices: [class com.almasb.fxgl.app.services.FXGLAssetLoaderService, class com.almasb.fxgl.app.FXGLApplication$GameApplicationService, class com.almasb.fxgl.app.services.FXGLDialogService, class com.almasb.fxgl.app.services.IOTaskExecutorService, class com.almasb.fxgl.io.FileSystemService, class com.almasb.fxgl.localization.LocalizationService, class com.almasb.fxgl.app.services.SystemBundleService, class com.almasb.fxgl.profile.SaveLoadService, class com.almasb.fxgl.ui.FXGLUIFactoryServiceProvider, class com.almasb.fxgl.ui.FXGLDialogFactoryServiceProvider, class com.almasb.fxgl.audio.AudioPlayer, class com.almasb.fxgl.notification.impl.NotificationServiceProvider, class com.almasb.fxgl.achievement.AchievementService, class com.almasb.fxgl.cutscene.CutsceneService, class com.almasb.fxgl.minigames.MiniGameService, class com.almasb.fxgl.net.NetService, class com.almasb.fxgl.app.services.UpdaterService, class com.almasb.fxgl.dev.DevService]
10:34:42.759 [FXGL Background Thread 3 ] DEBUG Engine               - fontGame: Abel-Regular.ttf
10:34:42.759 [FXGL Background Thread 3 ] DEBUG Engine               - fontMono: TerminalLandMono-Regular.otf
10:34:42.759 [FXGL Background Thread 3 ] DEBUG Engine               - fontText: Courier-Prime.ttf
10:34:42.760 [FXGL Background Thread 3 ] DEBUG Engine               - fontUI: VarelaRound-Regular.ttf
10:34:42.760 [FXGL Background Thread 3 ] DEBUG Engine               - fullScreen: BooleanProperty [value: false]
10:34:42.760 [FXGL Background Thread 3 ] DEBUG Engine               - gameDifficulty: MEDIUM
10:34:42.760 [FXGL Background Thread 3 ] DEBUG Engine               - gameDifficultyProperty: ObjectProperty [value: MEDIUM]
10:34:42.760 [FXGL Background Thread 3 ] DEBUG Engine               - globalMusicVolume: 0.5
10:34:42.760 [FXGL Background Thread 3 ] DEBUG Engine               - globalMusicVolumeProperty: DoubleProperty [value: 0.5]
10:34:42.760 [FXGL Background Thread 3 ] DEBUG Engine               - globalSoundVolume: 0.5
10:34:42.760 [FXGL Background Thread 3 ] DEBUG Engine               - globalSoundVolumeProperty: DoubleProperty [value: 0.5]
10:34:42.761 [FXGL Background Thread 3 ] DEBUG Engine               - height: 672
10:34:42.761 [FXGL Background Thread 3 ] DEBUG Engine               - is3D: false
10:34:42.761 [FXGL Background Thread 3 ] DEBUG Engine               - isAndroid: false
10:34:42.761 [FXGL Background Thread 3 ] DEBUG Engine               - isBrowser: false
10:34:42.761 [FXGL Background Thread 3 ] DEBUG Engine               - isClickFeedbackEnabled: false
10:34:42.761 [FXGL Background Thread 3 ] DEBUG Engine               - isCloseConfirmation: false
10:34:42.761 [FXGL Background Thread 3 ] DEBUG Engine               - isDesktop: true
10:34:42.761 [FXGL Background Thread 3 ] DEBUG Engine               - isDeveloperMenuEnabled: false
10:34:42.761 [FXGL Background Thread 3 ] DEBUG Engine               - isEmbedded: false
10:34:42.761 [FXGL Background Thread 3 ] DEBUG Engine               - isEntityPreloadEnabled: true
10:34:42.761 [FXGL Background Thread 3 ] DEBUG Engine               - isExperimentalTiledLargeMap: false
10:34:42.761 [FXGL Background Thread 3 ] DEBUG Engine               - isFileSystemWriteAllowed: true
10:34:42.762 [FXGL Background Thread 3 ] DEBUG Engine               - isFullScreenAllowed: false
10:34:42.762 [FXGL Background Thread 3 ] DEBUG Engine               - isFullScreenFromStart: false
10:34:42.762 [FXGL Background Thread 3 ] DEBUG Engine               - isGameMenuEnabled: true
10:34:42.762 [FXGL Background Thread 3 ] DEBUG Engine               - isIOS: false
10:34:42.762 [FXGL Background Thread 3 ] DEBUG Engine               - isIntroEnabled: false
10:34:42.762 [FXGL Background Thread 3 ] DEBUG Engine               - isLinux: false
10:34:42.762 [FXGL Background Thread 3 ] DEBUG Engine               - isMac: false
10:34:42.762 [FXGL Background Thread 3 ] DEBUG Engine               - isMainMenuEnabled: true
10:34:42.763 [FXGL Background Thread 3 ] DEBUG Engine               - isManualResizeEnabled: false
10:34:42.763 [FXGL Background Thread 3 ] DEBUG Engine               - isMobile: false
10:34:42.763 [FXGL Background Thread 3 ] DEBUG Engine               - isNative: false
10:34:42.763 [FXGL Background Thread 3 ] DEBUG Engine               - isPauseMusicWhenMinimized: true
10:34:42.763 [FXGL Background Thread 3 ] DEBUG Engine               - isPreserveResizeRatio: false
10:34:42.763 [FXGL Background Thread 3 ] DEBUG Engine               - isProfilingEnabled: false
10:34:42.763 [FXGL Background Thread 3 ] DEBUG Engine               - isScaleAffectedOnResize: true
10:34:42.763 [FXGL Background Thread 3 ] DEBUG Engine               - isSingleStep: false
10:34:42.763 [FXGL Background Thread 3 ] DEBUG Engine               - isUserProfileEnabled: false
10:34:42.764 [FXGL Background Thread 3 ] DEBUG Engine               - isWindows: true
10:34:42.764 [FXGL Background Thread 3 ] DEBUG Engine               - language: ObjectProperty [value: ENGLISH]
10:34:42.764 [FXGL Background Thread 3 ] DEBUG Engine               - menuKey: ESCAPE
10:34:42.764 [FXGL Background Thread 3 ] DEBUG Engine               - mouseSensitivity: 0.2
10:34:42.764 [FXGL Background Thread 3 ] DEBUG Engine               - notificationViewClass: class com.almasb.fxgl.notification.view.XboxNotificationView
10:34:42.764 [FXGL Background Thread 3 ] DEBUG Engine               - pixelsPerMeter: 50.0
10:34:42.764 [FXGL Background Thread 3 ] DEBUG Engine               - platform: WINDOWS
10:34:42.764 [FXGL Background Thread 3 ] DEBUG Engine               - prefHeightProperty: ReadOnlyDoubleProperty [value: 672.0]
10:34:42.764 [FXGL Background Thread 3 ] DEBUG Engine               - prefWidthProperty: ReadOnlyDoubleProperty [value: 816.0]
10:34:42.764 [FXGL Background Thread 3 ] DEBUG Engine               - profileDir: profiles/
10:34:42.764 [FXGL Background Thread 3 ] DEBUG Engine               - profileName: StringProperty [value: DEFAULT]
10:34:42.764 [FXGL Background Thread 3 ] DEBUG Engine               - randomSeed: -1
10:34:42.765 [FXGL Background Thread 3 ] DEBUG Engine               - runtimeInfo: RuntimeInfo(platform=WINDOWS, version=17.1, build=24.03.2022 17.34)
10:34:42.765 [FXGL Background Thread 3 ] DEBUG Engine               - saveFileExt: sav
10:34:42.765 [FXGL Background Thread 3 ] DEBUG Engine               - scaledHeightProp$fxgl: DoubleProperty [bound, value: 672.0]
10:34:42.765 [FXGL Background Thread 3 ] DEBUG Engine               - scaledWidthProp$fxgl: DoubleProperty [bound, value: 816.0]
10:34:42.765 [FXGL Background Thread 3 ] DEBUG Engine               - sceneFactory: com.csu.tank.TankApp$1@3c790fb7
10:34:42.766 [FXGL Background Thread 3 ] DEBUG Engine               - secondsIn24h: 60
10:34:42.766 [FXGL Background Thread 3 ] DEBUG Engine               - soundMenuBack: menu/back.wav
10:34:42.766 [FXGL Background Thread 3 ] DEBUG Engine               - soundMenuPress: menu/press.wav
10:34:42.766 [FXGL Background Thread 3 ] DEBUG Engine               - soundMenuSelect: menu/select.wav
10:34:42.766 [FXGL Background Thread 3 ] DEBUG Engine               - soundNotification: core/notification.wav
10:34:42.766 [FXGL Background Thread 3 ] DEBUG Engine               - stageStyle: DECORATED
10:34:42.766 [FXGL Background Thread 3 ] DEBUG Engine               - supportedLanguages: [ENGLISH, FRENCH, GERMAN, HUNGARIAN, RUSSIAN]
10:34:42.766 [FXGL Background Thread 3 ] DEBUG Engine               - ticksPerSecond: -1
10:34:42.766 [FXGL Background Thread 3 ] DEBUG Engine               - title: 90 Tank
10:34:42.766 [FXGL Background Thread 3 ] DEBUG Engine               - urlGithub: https://github.com/AlmasB/FXGL
10:34:42.766 [FXGL Background Thread 3 ] DEBUG Engine               - urlLeaderboard: http://fxgl-top.herokuapp.com/
10:34:42.767 [FXGL Background Thread 3 ] DEBUG Engine               - urlPOM: https://raw.githubusercontent.com/AlmasB/FXGL/release/README.md
10:34:42.767 [FXGL Background Thread 3 ] DEBUG Engine               - userAppClass: class com.csu.tank.TankApp
10:34:42.767 [FXGL Background Thread 3 ] DEBUG Engine               - version: Version 0.3
10:34:42.767 [FXGL Background Thread 3 ] DEBUG Engine               - versionCheckDays: 7
10:34:42.767 [FXGL Background Thread 3 ] DEBUG Engine               - width: 816
10:34:42.767 [FXGL Background Thread 3 ] DEBUG Engine               - Logging services
10:34:42.767 [FXGL Background Thread 3 ] DEBUG Engine               - class com.almasb.fxgl.app.services.FXGLAssetLoaderService
10:34:42.767 [FXGL Background Thread 3 ] DEBUG Engine               - class com.almasb.fxgl.app.FXGLApplication$GameApplicationService
10:34:42.767 [FXGL Background Thread 3 ] DEBUG Engine               - class com.almasb.fxgl.app.services.FXGLDialogService
10:34:42.767 [FXGL Background Thread 3 ] DEBUG Engine               - class com.almasb.fxgl.app.services.IOTaskExecutorService
10:34:42.767 [FXGL Background Thread 3 ] DEBUG Engine               - class com.almasb.fxgl.io.FileSystemService
10:34:42.767 [FXGL Background Thread 3 ] DEBUG Engine               - class com.almasb.fxgl.localization.LocalizationService
10:34:42.767 [FXGL Background Thread 3 ] DEBUG Engine               - class com.almasb.fxgl.app.services.SystemBundleService
10:34:42.767 [FXGL Background Thread 3 ] DEBUG Engine               - class com.almasb.fxgl.profile.SaveLoadService
10:34:42.767 [FXGL Background Thread 3 ] DEBUG Engine               - class com.almasb.fxgl.ui.FXGLUIFactoryServiceProvider
10:34:42.768 [FXGL Background Thread 3 ] DEBUG Engine               - class com.almasb.fxgl.ui.FXGLDialogFactoryServiceProvider
10:34:42.768 [FXGL Background Thread 3 ] DEBUG Engine               - class com.almasb.fxgl.audio.AudioPlayer
10:34:42.768 [FXGL Background Thread 3 ] DEBUG Engine               - class com.almasb.fxgl.notification.impl.NotificationServiceProvider
10:34:42.768 [FXGL Background Thread 3 ] DEBUG Engine               - class com.almasb.fxgl.achievement.AchievementService
10:34:42.768 [FXGL Background Thread 3 ] DEBUG Engine               - class com.almasb.fxgl.cutscene.CutsceneService
10:34:42.768 [FXGL Background Thread 3 ] DEBUG Engine               - class com.almasb.fxgl.minigames.MiniGameService
10:34:42.768 [FXGL Background Thread 3 ] DEBUG Engine               - class com.almasb.fxgl.net.NetService
10:34:42.768 [FXGL Background Thread 3 ] DEBUG Engine               - class com.almasb.fxgl.app.services.UpdaterService
10:34:42.768 [FXGL Background Thread 3 ] DEBUG Engine               - class com.almasb.fxgl.dev.DevService
10:34:43.540 [JavaFX Application Thread] DEBUG FXGLApplication      - Exiting FXGL
10:34:43.541 [JavaFX Application Thread] DEBUG Async                - Shutting down background threads
10:34:43.541 [JavaFX Application Thread] DEBUG PrimaryStageWindow   - Closing main window
10:34:43.578 [JavaFX Application Thread] DEBUG Logger               - Closing Logger
