10:30:56.937 [main                     ] DEBUG Logger               - Configured Logger
10:30:56.959 [main                     ] DEBUG GameApplication      - Logging settings
Title: 90 Tank
Version: Version 0.3
Width: 816
Height: 672
Fullscreen: false
Intro: false
Profiling: false
Single step:false
App Mode: DEVELOPER
Menu Key: ESCAPE
Stage Style: DECORATED
Scene Factory: class com.csu.tank.TankApp$1

10:30:57.252 [JavaFX Application Thread] DEBUG FXGLApplication      - Initializing FXGL
10:30:57.258 [JavaFX Application Thread] INFO  Engine               - FXGL-17.1 (24.03.2022 17.34) on WINDOWS (J:17.0.1 FX:18)
10:30:57.259 [JavaFX Application Thread] DEBUG Engine               - JRE Vendor Name: Oracle Corporation
10:30:57.259 [JavaFX Application Thread] DEBUG Engine               - Running on OS: Windows 10 version 10.0
10:30:57.259 [JavaFX Application Thread] DEBUG Engine               - Architecture: amd64
10:30:57.259 [JavaFX Application Thread] INFO  Engine               - Source code and latest versions at: https://github.com/AlmasB/FXGL
10:30:57.260 [JavaFX Application Thread] INFO  Engine               -       Ask questions and discuss at: https://github.com/AlmasB/FXGL/discussions
10:30:57.260 [JavaFX Application Thread] INFO  Engine               -              Join the FXGL chat at: https://gitter.im/AlmasB/FXGL
10:30:57.330 [JavaFX Application Thread] DEBUG PrimaryStageWindow   - Creating a JavaFX scene
10:30:57.369 [JavaFX Application Thread] DEBUG PrimaryStageWindow   - Target settings size: 816.0 x 672.0
10:30:57.370 [JavaFX Application Thread] DEBUG PrimaryStageWindow   - Scaled scene size:    816.0 x 672.0
10:30:57.370 [JavaFX Application Thread] DEBUG PrimaryStageWindow   - Scaled ratio: (1.0, 1.0)
10:30:57.371 [JavaFX Application Thread] DEBUG PrimaryStageWindow   - Set initial scene to GameStartupScene
10:30:57.375 [JavaFX Application Thread] DEBUG PrimaryStageWindow   - Opening main window
10:30:57.527 [JavaFX Application Thread] DEBUG PrimaryStageWindow   - Window border size: (14.4000244140625, 37.5999755859375)
10:30:57.527 [JavaFX Application Thread] DEBUG PrimaryStageWindow   - Scaled size: 816.0 x 672.0
10:30:57.528 [JavaFX Application Thread] DEBUG PrimaryStageWindow   - Scaled ratio: (1.0, 1.0)
10:30:57.528 [JavaFX Application Thread] DEBUG PrimaryStageWindow   - Scene size: 816.0 x 672.0
10:30:57.528 [JavaFX Application Thread] DEBUG PrimaryStageWindow   - Stage size: 830.4000244140625 x 709.5999755859375
10:30:57.535 [FXGL Background Thread 1 ] DEBUG Engine               - Initializing environment variables
10:30:57.559 [FXGL Background Thread 1 ] DEBUG FXGLAssetLoaderServi - User app class for loading assets: class com.csu.tank.TankApp
10:30:57.559 [FXGL Background Thread 1 ] DEBUG GameApplicationServi - Applying CSS: fxgl_dark.css
10:30:57.561 [FXGL Background Thread 1 ] DEBUG FXGLAssetLoaderServi - Loading from file system: jar:file:///C:/Users/wangshifu/.m2/repository/com/github/almasb/fxgl/17.1/fxgl-17.1.jar!/fxglassets/ui/css/fxgl_dark.css
10:30:57.582 [FXGL Background Thread 1 ] DEBUG GameApplicationServi - Applying CSS: tankApp.css
10:30:57.582 [FXGL Background Thread 1 ] DEBUG FXGLAssetLoaderServi - Loading from file system: file:/C:/Users/wangshifu/IdeaProjects/git/target/classes/assets/ui/css/tankApp.css
10:30:57.584 [FXGL Background Thread 1 ] DEBUG GameApplicationServi - Initializing application scenes
10:30:57.588 [FXGL Background Thread 1 ] DEBUG GameWorld            - Game world initialized
10:30:57.631 [FXGL Background Thread 1 ] DEBUG PhysicsWorld         - Physics world initialized: appHeight=672, physics.ppm=50.0
10:30:57.631 [FXGL Background Thread 1 ] DEBUG PhysicsWorld         - Using strategy: BRUTE_FORCE
10:30:57.636 [FXGL Background Thread 1 ] DEBUG GameScene            - Game scene initialized: 816x672
10:30:57.640 [FXGL Background Thread 1 ] DEBUG FXGLAssetLoaderServi - Loading from file system: file:/C:/Users/wangshifu/IdeaProjects/git/target/classes/assets/textures/ui/logo.png
10:30:57.653 [FXGL Background Thread 1 ] DEBUG FXGLAssetLoaderServi - Loading from file system: file:/C:/Users/wangshifu/IdeaProjects/git/target/classes/assets/textures/ui/icon.png
10:30:57.665 [FXGL Background Thread 1 ] DEBUG FXGLAssetLoaderServi - Loading from file system: file:/C:/Users/wangshifu/IdeaProjects/git/target/classes/assets/textures/ui/tankLoading.png
10:30:57.691 [FXGL Background Thread 1 ] DEBUG FXGLAssetLoaderServi - Loading from file system: file:/C:/Users/wangshifu/IdeaProjects/git/target/classes/assets/textures/ui/fxgl.png
10:30:57.728 [FXGL Background Thread 1 ] DEBUG FXGL.DefaultMenu     - createMenuBodyGameMenu()
10:30:57.735 [FXGL Background Thread 1 ] DEBUG FXGL.DefaultMenu     - createOptionsMenu()
10:30:57.742 [FXGL Background Thread 1 ] DEBUG FXGLAssetLoaderServi - Loading from file system: jar:file:///C:/Users/wangshifu/.m2/repository/com/github/almasb/fxgl/17.1/fxgl-17.1.jar!/fxglassets/textures/particles/smoke.png
10:30:57.809 [FXGL Background Thread 1 ] DEBUG FXGLAssetLoaderServi - Loading from file system: jar:file:///C:/Users/wangshifu/.m2/repository/com/github/almasb/fxgl/17.1/fxgl-17.1.jar!/fxglassets/textures/particles/trace_horizontal.png
10:30:57.831 [FXGL Background Thread 1 ] DEBUG GameApplicationServi - Application scenes initialized
10:30:57.841 [FXGL Background Thread 1 ] DEBUG SystemBundleService  - Loading FXGL system data
10:30:57.844 [FXGL Background Thread 1 ] DEBUG FileSystemAccess     - Reading from: C:\Users\wangshifu\IdeaProjects\git\system\fxgl.bundle
10:30:57.850 [FXGL Background Thread 1 ] DEBUG SystemBundleService  - Bundle FXGL: {}
10:30:57.850 [FXGL Background Thread 1 ] DEBUG UpdaterService       - Checking for updates
10:30:57.853 [FXGL Background Thread 4 ] DEBUG FXGLApplication      - Loading fonts
10:30:57.853 [FXGL Background Thread 4 ] DEBUG FXGLAssetLoaderServi - Loading from file system: jar:file:///C:/Users/wangshifu/.m2/repository/com/github/almasb/fxgl/17.1/fxgl-17.1.jar!/fxglassets/ui/fonts/VarelaRound-Regular.ttf
10:30:57.854 [FXGL Background Thread 1 ] DEBUG FXGLApplication      - Loading default localization
10:30:57.854 [FXGL Background Thread 1 ] DEBUG FXGLAssetLoaderServi - Loading from file system: jar:file:///C:/Users/wangshifu/.m2/repository/com/github/almasb/fxgl/17.1/fxgl-17.1.jar!/fxglassets/languages/english.lang
10:30:57.874 [FXGL Background Thread 1 ] INFO  FXGLApplication      - FXGL initialization took: 0.340 sec
10:30:57.888 [JavaFX Application Thread] DEBUG Input                - Registered new binding: action0 - Backspace
10:30:57.890 [JavaFX Application Thread] DEBUG Input                - Registered new binding: action1 - W
10:30:57.891 [JavaFX Application Thread] DEBUG Input                - Registered new binding: action2 - S
10:30:57.892 [JavaFX Application Thread] DEBUG Input                - Registered new binding: action3 - A
10:30:57.893 [JavaFX Application Thread] DEBUG Input                - Registered new binding: action4 - D
10:30:57.894 [JavaFX Application Thread] DEBUG Input                - Registered new binding: action5 - Space
10:30:57.895 [JavaFX Application Thread] DEBUG Input                - Registered new binding: action6 - Up
10:30:57.896 [JavaFX Application Thread] DEBUG Input                - Registered new binding: action7 - Down
10:30:57.897 [JavaFX Application Thread] DEBUG Input                - Registered new binding: action8 - Left
10:30:57.899 [JavaFX Application Thread] DEBUG Input                - Registered new binding: action9 - Right
10:30:57.900 [JavaFX Application Thread] DEBUG Input                - Registered new binding: action10 - 0
10:30:57.906 [FXGL Background Thread 4 ] DEBUG FXGLAssetLoaderServi - Loading from file system: jar:file:///C:/Users/wangshifu/.m2/repository/com/github/almasb/fxgl/17.1/fxgl-17.1.jar!/fxglassets/ui/fonts/Abel-Regular.ttf
10:30:57.909 [FXGL Background Thread 4 ] DEBUG FXGLAssetLoaderServi - Loading from file system: jar:file:///C:/Users/wangshifu/.m2/repository/com/github/almasb/fxgl/17.1/fxgl-17.1.jar!/fxglassets/ui/fonts/TerminalLandMono-Regular.otf
10:30:57.909 [JavaFX Application Thread] DEBUG FXGLAssetLoaderServi - Loading from file system: file:/C:/Users/wangshifu/IdeaProjects/git/target/classes/assets/textures/ui/cursor.png
10:30:57.912 [FXGL Background Thread 4 ] DEBUG FXGLAssetLoaderServi - Loading from file system: jar:file:///C:/Users/wangshifu/.m2/repository/com/github/almasb/fxgl/17.1/fxgl-17.1.jar!/fxglassets/ui/fonts/Courier-Prime.ttf
10:30:57.913 [JavaFX Application Thread] DEBUG Input                - Registered new binding: Screenshot - CTRL+8
10:30:57.914 [JavaFX Application Thread] DEBUG Input                - Registered new binding: System info dump - CTRL+9
10:30:57.915 [JavaFX Application Thread] DEBUG Input                - Registered new binding: Restart - CTRL+R
10:30:57.916 [JavaFX Application Thread] DEBUG Input                - Registered new binding: Toggle Debug Camera - CTRL+7
10:30:57.922 [JavaFX Application Thread] DEBUG LoopRunner           - Starting loop
10:30:57.922 [JavaFX Application Thread] DEBUG LoopRunner           - Initializing JavaFX AnimationTimerLoop
10:30:57.927 [JavaFX Application Thread] DEBUG Input                - Clearing active input actions
10:30:57.932 [JavaFX Application Thread] DEBUG GameApplicationServi - Removing overlay from GameStartupScene and adding to FXGLMainMenuDummyScene
10:30:57.932 [JavaFX Application Thread] DEBUG PrimaryStageWindow   - GameStartupScene -> FXGLMainMenuDummyScene
10:30:57.933 [JavaFX Application Thread] DEBUG PrimaryStageWindow   - Push state: GameMainMenu
10:30:57.933 [JavaFX Application Thread] DEBUG FXGLAssetLoaderServi - Loading from file system: file:/C:/Users/wangshifu/IdeaProjects/git/target/classes/assets/sounds/mainMenuLoad.wav
10:30:58.014 [JavaFX Application Thread] DEBUG Input                - Clearing active input actions
10:30:58.023 [JavaFX Application Thread] DEBUG GameApplicationServi - Removing overlay from FXGLMainMenuDummyScene and adding to GameMainMenu
10:30:58.023 [JavaFX Application Thread] DEBUG PrimaryStageWindow   - FXGLMainMenuDummyScene -> GameMainMenu
10:30:58.023 [JavaFX Application Thread] DEBUG FXGLApplication      - Registering font factories with UI factory
10:30:58.203 [FXGL Background Thread 2 ] WARN  UpdaterService       - Failed to find updates: javax.net.ssl.SSLHandshakeException: PKIX path building failed: sun.security.provider.certpath.SunCertPathBuilderException: unable to find valid certification path to requested target
10:31:00.029 [JavaFX Application Thread] DEBUG FXGLAssetLoaderServi - Loading from file system: file:/C:/Users/wangshifu/IdeaProjects/git/target/classes/assets/sounds/mainMenuHover.wav
10:31:00.853 [FXGL Background Thread 3 ] DEBUG Engine               - Logging environment variables
10:31:00.854 [FXGL Background Thread 3 ] DEBUG Engine               - achievements: []
10:31:00.855 [FXGL Background Thread 3 ] DEBUG Engine               - actualHeight: 672.0
10:31:00.855 [FXGL Background Thread 3 ] DEBUG Engine               - actualHeightProperty: ReadOnlyDoubleProperty [value: 672.0]
10:31:00.855 [FXGL Background Thread 3 ] DEBUG Engine               - actualWidth: 816.0
10:31:00.856 [FXGL Background Thread 3 ] DEBUG Engine               - actualWidthProperty: ReadOnlyDoubleProperty [value: 816.0]
10:31:00.857 [FXGL Background Thread 3 ] DEBUG Engine               - appIcon: ui/icon.png
10:31:00.857 [FXGL Background Thread 3 ] DEBUG Engine               - applicationMode: DEVELOPER
10:31:00.857 [FXGL Background Thread 3 ] DEBUG Engine               - cSSList: [fxgl_dark.css, tankApp.css]
10:31:00.858 [FXGL Background Thread 3 ] DEBUG Engine               - collisionDetectionStrategy: BRUTE_FORCE
10:31:00.858 [FXGL Background Thread 3 ] DEBUG Engine               - configClass: Optional.empty
10:31:00.858 [FXGL Background Thread 3 ] DEBUG Engine               - credits: []
10:31:00.859 [FXGL Background Thread 3 ] DEBUG Engine               - defaultCursor: CursorInfo(imageName=ui/cursor.png, hotspotX=0.0, hotspotY=0.0)
10:31:00.859 [FXGL Background Thread 3 ] DEBUG Engine               - devBBoxColorProperty: ObjectProperty [value: 0xff0000ff]
10:31:00.860 [FXGL Background Thread 3 ] DEBUG Engine               - devEnableDebugCameraProperty: BooleanProperty [value: false]
10:31:00.860 [FXGL Background Thread 3 ] DEBUG Engine               - devSensorColorProperty: ObjectProperty [value: 0xffff00ff]
10:31:00.860 [FXGL Background Thread 3 ] DEBUG Engine               - devShowBBoxProperty: BooleanProperty [value: false]
10:31:00.860 [FXGL Background Thread 3 ] DEBUG Engine               - devShowPositionProperty: BooleanProperty [value: false]
10:31:00.861 [FXGL Background Thread 3 ] DEBUG Engine               - enabledMenuItems: []
10:31:00.861 [FXGL Background Thread 3 ] DEBUG Engine               - engineServices: [class com.almasb.fxgl.app.services.FXGLAssetLoaderService, class com.almasb.fxgl.app.FXGLApplication$GameApplicationService, class com.almasb.fxgl.app.services.FXGLDialogService, class com.almasb.fxgl.app.services.IOTaskExecutorService, class com.almasb.fxgl.io.FileSystemService, class com.almasb.fxgl.localization.LocalizationService, class com.almasb.fxgl.app.services.SystemBundleService, class com.almasb.fxgl.profile.SaveLoadService, class com.almasb.fxgl.ui.FXGLUIFactoryServiceProvider, class com.almasb.fxgl.ui.FXGLDialogFactoryServiceProvider, class com.almasb.fxgl.audio.AudioPlayer, class com.almasb.fxgl.notification.impl.NotificationServiceProvider, class com.almasb.fxgl.achievement.AchievementService, class com.almasb.fxgl.cutscene.CutsceneService, class com.almasb.fxgl.minigames.MiniGameService, class com.almasb.fxgl.net.NetService, class com.almasb.fxgl.app.services.UpdaterService, class com.almasb.fxgl.dev.DevService]
10:31:00.861 [FXGL Background Thread 3 ] DEBUG Engine               - fontGame: Abel-Regular.ttf
10:31:00.861 [FXGL Background Thread 3 ] DEBUG Engine               - fontMono: TerminalLandMono-Regular.otf
10:31:00.862 [FXGL Background Thread 3 ] DEBUG Engine               - fontText: Courier-Prime.ttf
10:31:00.862 [FXGL Background Thread 3 ] DEBUG Engine               - fontUI: VarelaRound-Regular.ttf
10:31:00.862 [FXGL Background Thread 3 ] DEBUG Engine               - fullScreen: BooleanProperty [value: false]
10:31:00.862 [FXGL Background Thread 3 ] DEBUG Engine               - gameDifficulty: MEDIUM
10:31:00.862 [FXGL Background Thread 3 ] DEBUG Engine               - gameDifficultyProperty: ObjectProperty [value: MEDIUM]
10:31:00.862 [FXGL Background Thread 3 ] DEBUG Engine               - globalMusicVolume: 0.5
10:31:00.863 [FXGL Background Thread 3 ] DEBUG Engine               - globalMusicVolumeProperty: DoubleProperty [value: 0.5]
10:31:00.863 [FXGL Background Thread 3 ] DEBUG Engine               - globalSoundVolume: 0.5
10:31:00.863 [FXGL Background Thread 3 ] DEBUG Engine               - globalSoundVolumeProperty: DoubleProperty [value: 0.5]
10:31:00.863 [FXGL Background Thread 3 ] DEBUG Engine               - height: 672
10:31:00.863 [FXGL Background Thread 3 ] DEBUG Engine               - is3D: false
10:31:00.863 [FXGL Background Thread 3 ] DEBUG Engine               - isAndroid: false
10:31:00.863 [FXGL Background Thread 3 ] DEBUG Engine               - isBrowser: false
10:31:00.863 [FXGL Background Thread 3 ] DEBUG Engine               - isClickFeedbackEnabled: false
10:31:00.864 [FXGL Background Thread 3 ] DEBUG Engine               - isCloseConfirmation: false
10:31:00.864 [FXGL Background Thread 3 ] DEBUG Engine               - isDesktop: true
10:31:00.864 [FXGL Background Thread 3 ] DEBUG Engine               - isDeveloperMenuEnabled: false
10:31:00.864 [FXGL Background Thread 3 ] DEBUG Engine               - isEmbedded: false
10:31:00.864 [FXGL Background Thread 3 ] DEBUG Engine               - isEntityPreloadEnabled: true
10:31:00.864 [FXGL Background Thread 3 ] DEBUG Engine               - isExperimentalTiledLargeMap: false
10:31:00.864 [FXGL Background Thread 3 ] DEBUG Engine               - isFileSystemWriteAllowed: true
10:31:00.864 [FXGL Background Thread 3 ] DEBUG Engine               - isFullScreenAllowed: false
10:31:00.864 [FXGL Background Thread 3 ] DEBUG Engine               - isFullScreenFromStart: false
10:31:00.864 [FXGL Background Thread 3 ] DEBUG Engine               - isGameMenuEnabled: true
10:31:00.864 [FXGL Background Thread 3 ] DEBUG Engine               - isIOS: false
10:31:00.865 [FXGL Background Thread 3 ] DEBUG Engine               - isIntroEnabled: false
10:31:00.865 [FXGL Background Thread 3 ] DEBUG Engine               - isLinux: false
10:31:00.865 [FXGL Background Thread 3 ] DEBUG Engine               - isMac: false
10:31:00.865 [FXGL Background Thread 3 ] DEBUG Engine               - isMainMenuEnabled: true
10:31:00.865 [FXGL Background Thread 3 ] DEBUG Engine               - isManualResizeEnabled: false
10:31:00.865 [FXGL Background Thread 3 ] DEBUG Engine               - isMobile: false
10:31:00.865 [FXGL Background Thread 3 ] DEBUG Engine               - isNative: false
10:31:00.865 [FXGL Background Thread 3 ] DEBUG Engine               - isPauseMusicWhenMinimized: true
10:31:00.865 [FXGL Background Thread 3 ] DEBUG Engine               - isPreserveResizeRatio: false
10:31:00.865 [FXGL Background Thread 3 ] DEBUG Engine               - isProfilingEnabled: false
10:31:00.865 [FXGL Background Thread 3 ] DEBUG Engine               - isScaleAffectedOnResize: true
10:31:00.865 [FXGL Background Thread 3 ] DEBUG Engine               - isSingleStep: false
10:31:00.865 [FXGL Background Thread 3 ] DEBUG Engine               - isUserProfileEnabled: false
10:31:00.865 [FXGL Background Thread 3 ] DEBUG Engine               - isWindows: true
10:31:00.865 [FXGL Background Thread 3 ] DEBUG Engine               - language: ObjectProperty [value: ENGLISH]
10:31:00.865 [FXGL Background Thread 3 ] DEBUG Engine               - menuKey: ESCAPE
10:31:00.866 [FXGL Background Thread 3 ] DEBUG Engine               - mouseSensitivity: 0.2
10:31:00.866 [FXGL Background Thread 3 ] DEBUG Engine               - notificationViewClass: class com.almasb.fxgl.notification.view.XboxNotificationView
10:31:00.866 [FXGL Background Thread 3 ] DEBUG Engine               - pixelsPerMeter: 50.0
10:31:00.866 [FXGL Background Thread 3 ] DEBUG Engine               - platform: WINDOWS
10:31:00.866 [FXGL Background Thread 3 ] DEBUG Engine               - prefHeightProperty: ReadOnlyDoubleProperty [value: 672.0]
10:31:00.866 [FXGL Background Thread 3 ] DEBUG Engine               - prefWidthProperty: ReadOnlyDoubleProperty [value: 816.0]
10:31:00.866 [FXGL Background Thread 3 ] DEBUG Engine               - profileDir: profiles/
10:31:00.866 [FXGL Background Thread 3 ] DEBUG Engine               - profileName: StringProperty [value: DEFAULT]
10:31:00.866 [FXGL Background Thread 3 ] DEBUG Engine               - randomSeed: -1
10:31:00.867 [FXGL Background Thread 3 ] DEBUG Engine               - runtimeInfo: RuntimeInfo(platform=WINDOWS, version=17.1, build=24.03.2022 17.34)
10:31:00.867 [FXGL Background Thread 3 ] DEBUG Engine               - saveFileExt: sav
10:31:00.867 [FXGL Background Thread 3 ] DEBUG Engine               - scaledHeightProp$fxgl: DoubleProperty [bound, value: 672.0]
10:31:00.867 [FXGL Background Thread 3 ] DEBUG Engine               - scaledWidthProp$fxgl: DoubleProperty [bound, value: 816.0]
10:31:00.867 [FXGL Background Thread 3 ] DEBUG Engine               - sceneFactory: com.csu.tank.TankApp$1@2da4d05a
10:31:00.867 [FXGL Background Thread 3 ] DEBUG Engine               - secondsIn24h: 60
10:31:00.867 [FXGL Background Thread 3 ] DEBUG Engine               - soundMenuBack: menu/back.wav
10:31:00.867 [FXGL Background Thread 3 ] DEBUG Engine               - soundMenuPress: menu/press.wav
10:31:00.867 [FXGL Background Thread 3 ] DEBUG Engine               - soundMenuSelect: menu/select.wav
10:31:00.867 [FXGL Background Thread 3 ] DEBUG Engine               - soundNotification: core/notification.wav
10:31:00.867 [FXGL Background Thread 3 ] DEBUG Engine               - stageStyle: DECORATED
10:31:00.867 [FXGL Background Thread 3 ] DEBUG Engine               - supportedLanguages: [ENGLISH, FRENCH, GERMAN, HUNGARIAN, RUSSIAN]
10:31:00.867 [FXGL Background Thread 3 ] DEBUG Engine               - ticksPerSecond: -1
10:31:00.867 [FXGL Background Thread 3 ] DEBUG Engine               - title: 90 Tank
10:31:00.868 [FXGL Background Thread 3 ] DEBUG Engine               - urlGithub: https://github.com/AlmasB/FXGL
10:31:00.868 [FXGL Background Thread 3 ] DEBUG Engine               - urlLeaderboard: http://fxgl-top.herokuapp.com/
10:31:00.868 [FXGL Background Thread 3 ] DEBUG Engine               - urlPOM: https://raw.githubusercontent.com/AlmasB/FXGL/release/README.md
10:31:00.868 [FXGL Background Thread 3 ] DEBUG Engine               - userAppClass: class com.csu.tank.TankApp
10:31:00.868 [FXGL Background Thread 3 ] DEBUG Engine               - version: Version 0.3
10:31:00.868 [FXGL Background Thread 3 ] DEBUG Engine               - versionCheckDays: 7
10:31:00.868 [FXGL Background Thread 3 ] DEBUG Engine               - width: 816
10:31:00.868 [FXGL Background Thread 3 ] DEBUG Engine               - Logging services
10:31:00.868 [FXGL Background Thread 3 ] DEBUG Engine               - class com.almasb.fxgl.app.services.FXGLAssetLoaderService
10:31:00.868 [FXGL Background Thread 3 ] DEBUG Engine               - class com.almasb.fxgl.app.FXGLApplication$GameApplicationService
10:31:00.868 [FXGL Background Thread 3 ] DEBUG Engine               - class com.almasb.fxgl.app.services.FXGLDialogService
10:31:00.868 [FXGL Background Thread 3 ] DEBUG Engine               - class com.almasb.fxgl.app.services.IOTaskExecutorService
10:31:00.868 [FXGL Background Thread 3 ] DEBUG Engine               - class com.almasb.fxgl.io.FileSystemService
10:31:00.868 [FXGL Background Thread 3 ] DEBUG Engine               - class com.almasb.fxgl.localization.LocalizationService
10:31:00.868 [FXGL Background Thread 3 ] DEBUG Engine               - class com.almasb.fxgl.app.services.SystemBundleService
10:31:00.868 [FXGL Background Thread 3 ] DEBUG Engine               - class com.almasb.fxgl.profile.SaveLoadService
10:31:00.868 [FXGL Background Thread 3 ] DEBUG Engine               - class com.almasb.fxgl.ui.FXGLUIFactoryServiceProvider
10:31:00.868 [FXGL Background Thread 3 ] DEBUG Engine               - class com.almasb.fxgl.ui.FXGLDialogFactoryServiceProvider
10:31:00.869 [FXGL Background Thread 3 ] DEBUG Engine               - class com.almasb.fxgl.audio.AudioPlayer
10:31:00.869 [FXGL Background Thread 3 ] DEBUG Engine               - class com.almasb.fxgl.notification.impl.NotificationServiceProvider
10:31:00.869 [FXGL Background Thread 3 ] DEBUG Engine               - class com.almasb.fxgl.achievement.AchievementService
10:31:00.869 [FXGL Background Thread 3 ] DEBUG Engine               - class com.almasb.fxgl.cutscene.CutsceneService
10:31:00.869 [FXGL Background Thread 3 ] DEBUG Engine               - class com.almasb.fxgl.minigames.MiniGameService
10:31:00.869 [FXGL Background Thread 3 ] DEBUG Engine               - class com.almasb.fxgl.net.NetService
10:31:00.869 [FXGL Background Thread 3 ] DEBUG Engine               - class com.almasb.fxgl.app.services.UpdaterService
10:31:00.869 [FXGL Background Thread 3 ] DEBUG Engine               - class com.almasb.fxgl.dev.DevService
10:31:07.484 [JavaFX Application Thread] DEBUG FXGLAssetLoaderServi - Loading from file system: file:/C:/Users/wangshifu/IdeaProjects/git/target/classes/assets/sounds/select.wav
10:31:07.490 [JavaFX Application Thread] DEBUG Menu                 - fireNewGame()
10:31:07.490 [JavaFX Application Thread] DEBUG GameApplicationServi - Starting new game
10:31:07.490 [JavaFX Application Thread] DEBUG PrimaryStageWindow   - Pop state: GameMainMenu
10:31:07.490 [JavaFX Application Thread] DEBUG Input                - Clearing active input actions
10:31:07.491 [JavaFX Application Thread] DEBUG GameApplicationServi - Removing overlay from GameMainMenu and adding to FXGLMainMenuDummyScene
10:31:07.491 [JavaFX Application Thread] DEBUG PrimaryStageWindow   - FXGLMainMenuDummyScene <- GameMainMenu
10:31:07.491 [JavaFX Application Thread] DEBUG Input                - Clearing active input actions
10:31:07.503 [JavaFX Application Thread] DEBUG GameApplicationServi - Removing overlay from FXGLMainMenuDummyScene and adding to GameLoadingScene
10:31:07.503 [JavaFX Application Thread] DEBUG PrimaryStageWindow   - FXGLMainMenuDummyScene -> GameLoadingScene
10:31:07.503 [JavaFX Application Thread] DEBUG GameApplicationServi - Clearing previous game
10:31:07.503 [JavaFX Application Thread] DEBUG GameScene            - Clearing game scene
10:31:07.503 [JavaFX Application Thread] DEBUG GameWorld            - Clearing game world
10:31:07.503 [JavaFX Application Thread] DEBUG PhysicsWorld         - Clearing physics world
10:31:07.504 [FXGL Background Thread 2 ] DEBUG FXGLApplication      - Initializing game
10:31:07.506 [FXGL Background Thread 2 ] DEBUG FXGLAssetLoaderServi - Loading from file system: file:/C:/Users/wangshifu/IdeaProjects/git/target/classes/assets/properties/game.properties
10:31:07.515 [FXGL Background Thread 2 ] DEBUG FXGLAssetLoaderServi - Loading from file system: file:/C:/Users/wangshifu/IdeaProjects/git/target/classes/assets/textures/map/stone.png
10:31:07.516 [FXGL Background Thread 2 ] DEBUG FXGLAssetLoaderServi - Loading from file system: file:/C:/Users/wangshifu/IdeaProjects/git/target/classes/assets/textures/map/brick.png
10:31:07.519 [FXGL Background Thread 2 ] DEBUG FXGLAssetLoaderServi - Loading from file system: file:/C:/Users/wangshifu/IdeaProjects/git/target/classes/assets/textures/map/sea_anim.png
10:31:07.521 [FXGL Background Thread 2 ] DEBUG FXGLAssetLoaderServi - Loading from file system: file:/C:/Users/wangshifu/IdeaProjects/git/target/classes/assets/textures/explode/explode_level_2.png
10:31:07.529 [FXGL Background Thread 2 ] INFO  FXGLApplication      - Game initialization took: 0.026 sec
10:31:07.530 [JavaFX Application Thread] DEBUG Input                - Clearing active input actions
10:31:07.534 [JavaFX Application Thread] DEBUG GameApplicationServi - Removing overlay from GameLoadingScene and adding to GameScene
10:31:07.535 [JavaFX Application Thread] DEBUG PrimaryStageWindow   - GameLoadingScene -> GameScene
10:31:09.061 [JavaFX Application Thread] WARN  TMXLevelLoader       - TiledMap generated from 1.8.4. Supported version: 1.4.2. Some features may not be parsed fully.
10:31:09.068 [JavaFX Application Thread] DEBUG TMXLevelLoader       - Parsed TiledMap: file:/C:/Users/wangshifu/IdeaProjects/git/ConstructMap/level0.tmx
10:31:09.070 [JavaFX Application Thread] DEBUG TMXLevelLoader       - Creating tile layer entities
10:31:09.070 [JavaFX Application Thread] DEBUG TMXLevelLoader       - Creating object layer entities
10:31:09.093 [JavaFX Application Thread] DEBUG GameWorld            - Clearing removable entities
10:31:09.093 [JavaFX Application Thread] DEBUG GameWorld            - Setting level: com.almasb.fxgl.entity.level.Level@fd9dc93
10:31:09.098 [JavaFX Application Thread] DEBUG FXGLAssetLoaderServi - Loading from file system: file:/C:/Users/wangshifu/IdeaProjects/git/target/classes/assets/sounds/start.wav
10:31:09.112 [JavaFX Application Thread] DEBUG FXGLAssetLoaderServi - Loading from file system: file:/C:/Users/wangshifu/IdeaProjects/git/target/classes/assets/textures/tank/H1U.png
10:31:09.119 [JavaFX Application Thread] DEBUG FXGLAssetLoaderServi - Loading from file system: file:/C:/Users/wangshifu/IdeaProjects/git/target/classes/assets/textures/item/armed_helmet.png
10:31:09.124 [JavaFX Application Thread] DEBUG FXGLAssetLoaderServi - Loading from file system: file:/C:/Users/wangshifu/IdeaProjects/git/target/classes/assets/textures/tank/H2U.png
10:31:09.128 [JavaFX Application Thread] DEBUG FXGLAssetLoaderServi - Loading from file system: file:/C:/Users/wangshifu/IdeaProjects/git/target/classes/assets/textures/ui/enemy_pre.png
10:31:09.129 [JavaFX Application Thread] DEBUG FXGLAssetLoaderServi - Loading from file system: file:/C:/Users/wangshifu/IdeaProjects/git/target/classes/assets/textures/ui/levelFlag.png
10:31:09.130 [JavaFX Application Thread] DEBUG FXGLAssetLoaderServi - Loading from file system: file:/C:/Users/wangshifu/IdeaProjects/git/target/classes/assets/textures/ui/bulletLevel.png
10:31:09.133 [JavaFX Application Thread] DEBUG FXGLAssetLoaderServi - Loading from file system: file:/C:/Users/wangshifu/IdeaProjects/git/target/classes/assets/textures/tank/spawnTank.png
10:31:09.135 [JavaFX Application Thread] DEBUG FXGLAssetLoaderServi - Loading from file system: file:/C:/Users/wangshifu/IdeaProjects/git/target/classes/assets/textures/tank/E11U.png
10:31:09.138 [JavaFX Application Thread] DEBUG FXGLAssetLoaderServi - Loading from file system: file:/C:/Users/wangshifu/IdeaProjects/git/target/classes/assets/textures/tank/E4U.png
10:31:09.139 [JavaFX Application Thread] DEBUG FXGLAssetLoaderServi - Loading from file system: file:/C:/Users/wangshifu/IdeaProjects/git/target/classes/assets/textures/tank/E10U.png
10:31:10.223 [JavaFX Application Thread] DEBUG FXGLAssetLoaderServi - Loading from file system: file:/C:/Users/wangshifu/IdeaProjects/git/target/classes/assets/sounds/normalFire.wav
10:31:10.225 [JavaFX Application Thread] DEBUG FXGLAssetLoaderServi - Loading from file system: file:/C:/Users/wangshifu/IdeaProjects/git/target/classes/assets/textures/bullet/normal.png
10:31:13.533 [JavaFX Application Thread] DEBUG FXGLAssetLoaderServi - Loading from file system: file:/C:/Users/wangshifu/IdeaProjects/git/target/classes/assets/sounds/normalBomb.wav
10:31:14.529 [JavaFX Application Thread] DEBUG FXGLApplication      - Exiting FXGL
10:31:14.529 [JavaFX Application Thread] DEBUG LoopRunner           - Stopping loop
10:31:14.529 [JavaFX Application Thread] DEBUG SystemBundleService  - Saving FXGL system data
10:31:14.530 [JavaFX Application Thread] DEBUG FileSystemAccess     - Writing to: C:\Users\wangshifu\IdeaProjects\git\system\fxgl.bundle
10:31:14.532 [JavaFX Application Thread] DEBUG Async                - Shutting down background threads
10:31:14.532 [JavaFX Application Thread] DEBUG PrimaryStageWindow   - Closing main window
10:31:14.555 [JavaFX Application Thread] DEBUG Logger               - Closing Logger
