21:41:14.098 [main                     ] DEBUG Logger               - Configured Logger
21:41:14.121 [main                     ] DEBUG GameApplication      - Logging settings
Title: 90 Tank
Version: Version 0.3
Width: 816
Height: 672
Fullscreen: false
Intro: false
Profiling: false
Single step:false
App Mode: DEVELOPER
Menu Key: ESCAPE
Stage Style: DECORATED
Scene Factory: class com.csu.tank.TankApp$1

21:41:14.411 [JavaFX Application Thread] DEBUG FXGLApplication      - Initializing FXGL
21:41:14.419 [JavaFX Application Thread] INFO  Engine               - FXGL-17.1 (24.03.2022 17.34) on WINDOWS (J:17.0.1 FX:18)
21:41:14.420 [JavaFX Application Thread] DEBUG Engine               - JRE Vendor Name: Oracle Corporation
21:41:14.420 [JavaFX Application Thread] DEBUG Engine               - Running on OS: Windows 10 version 10.0
21:41:14.420 [JavaFX Application Thread] DEBUG Engine               - Architecture: amd64
21:41:14.421 [JavaFX Application Thread] INFO  Engine               - Source code and latest versions at: https://github.com/AlmasB/FXGL
21:41:14.421 [JavaFX Application Thread] INFO  Engine               -       Ask questions and discuss at: https://github.com/AlmasB/FXGL/discussions
21:41:14.421 [JavaFX Application Thread] INFO  Engine               -              Join the FXGL chat at: https://gitter.im/AlmasB/FXGL
21:41:14.485 [JavaFX Application Thread] DEBUG PrimaryStageWindow   - Creating a JavaFX scene
21:41:14.525 [JavaFX Application Thread] DEBUG PrimaryStageWindow   - Target settings size: 816.0 x 672.0
21:41:14.525 [JavaFX Application Thread] DEBUG PrimaryStageWindow   - Scaled scene size:    816.0 x 672.0
21:41:14.525 [JavaFX Application Thread] DEBUG PrimaryStageWindow   - Scaled ratio: (1.0, 1.0)
21:41:14.526 [JavaFX Application Thread] DEBUG PrimaryStageWindow   - Set initial scene to GameStartupScene
21:41:14.531 [JavaFX Application Thread] DEBUG PrimaryStageWindow   - Opening main window
21:41:14.710 [JavaFX Application Thread] DEBUG PrimaryStageWindow   - Window border size: (14.4000244140625, 37.5999755859375)
21:41:14.710 [JavaFX Application Thread] DEBUG PrimaryStageWindow   - Scaled size: 816.0 x 672.0
21:41:14.710 [JavaFX Application Thread] DEBUG PrimaryStageWindow   - Scaled ratio: (1.0, 1.0)
21:41:14.711 [JavaFX Application Thread] DEBUG PrimaryStageWindow   - Scene size: 816.0 x 672.0
21:41:14.711 [JavaFX Application Thread] DEBUG PrimaryStageWindow   - Stage size: 830.4000244140625 x 709.5999755859375
21:41:14.718 [FXGL Background Thread 1 ] DEBUG Engine               - Initializing environment variables
21:41:14.744 [FXGL Background Thread 1 ] DEBUG FXGLAssetLoaderServi - User app class for loading assets: class com.csu.tank.TankApp
21:41:14.744 [FXGL Background Thread 1 ] DEBUG GameApplicationServi - Applying CSS: fxgl_dark.css
21:41:14.745 [FXGL Background Thread 1 ] DEBUG FXGLAssetLoaderServi - Loading from file system: jar:file:///C:/Users/wangshifu/.m2/repository/com/github/almasb/fxgl/17.1/fxgl-17.1.jar!/fxglassets/ui/css/fxgl_dark.css
21:41:14.767 [FXGL Background Thread 1 ] DEBUG GameApplicationServi - Applying CSS: tankApp.css
21:41:14.767 [FXGL Background Thread 1 ] DEBUG FXGLAssetLoaderServi - Loading from file system: file:/C:/Users/wangshifu/IdeaProjects/git/target/classes/assets/ui/css/tankApp.css
21:41:14.769 [FXGL Background Thread 1 ] DEBUG GameApplicationServi - Initializing application scenes
21:41:14.772 [FXGL Background Thread 1 ] DEBUG GameWorld            - Game world initialized
21:41:14.826 [FXGL Background Thread 1 ] DEBUG PhysicsWorld         - Physics world initialized: appHeight=672, physics.ppm=50.0
21:41:14.826 [FXGL Background Thread 1 ] DEBUG PhysicsWorld         - Using strategy: BRUTE_FORCE
21:41:14.831 [FXGL Background Thread 1 ] DEBUG GameScene            - Game scene initialized: 816x672
21:41:14.835 [FXGL Background Thread 1 ] DEBUG FXGLAssetLoaderServi - Loading from file system: file:/C:/Users/wangshifu/IdeaProjects/git/target/classes/assets/textures/ui/logo.png
21:41:14.848 [FXGL Background Thread 1 ] DEBUG FXGLAssetLoaderServi - Loading from file system: file:/C:/Users/wangshifu/IdeaProjects/git/target/classes/assets/textures/ui/icon.png
21:41:14.867 [FXGL Background Thread 1 ] DEBUG FXGLAssetLoaderServi - Loading from file system: file:/C:/Users/wangshifu/IdeaProjects/git/target/classes/assets/textures/ui/tankLoading.png
21:41:14.897 [FXGL Background Thread 1 ] DEBUG FXGLAssetLoaderServi - Loading from file system: file:/C:/Users/wangshifu/IdeaProjects/git/target/classes/assets/textures/ui/fxgl.png
21:41:14.945 [FXGL Background Thread 1 ] DEBUG FXGL.DefaultMenu     - createMenuBodyGameMenu()
21:41:14.954 [FXGL Background Thread 1 ] DEBUG FXGL.DefaultMenu     - createOptionsMenu()
21:41:14.963 [FXGL Background Thread 1 ] DEBUG FXGLAssetLoaderServi - Loading from file system: jar:file:///C:/Users/wangshifu/.m2/repository/com/github/almasb/fxgl/17.1/fxgl-17.1.jar!/fxglassets/textures/particles/smoke.png
21:41:15.053 [FXGL Background Thread 1 ] DEBUG FXGLAssetLoaderServi - Loading from file system: jar:file:///C:/Users/wangshifu/.m2/repository/com/github/almasb/fxgl/17.1/fxgl-17.1.jar!/fxglassets/textures/particles/trace_horizontal.png
21:41:15.083 [FXGL Background Thread 1 ] DEBUG GameApplicationServi - Application scenes initialized
21:41:15.098 [FXGL Background Thread 1 ] DEBUG SystemBundleService  - Loading FXGL system data
21:41:15.107 [FXGL Background Thread 1 ] DEBUG FileSystemAccess     - Reading from: C:\Users\wangshifu\IdeaProjects\git\system\fxgl.bundle
21:41:15.116 [FXGL Background Thread 1 ] DEBUG SystemBundleService  - Bundle FXGL: {}
21:41:15.116 [FXGL Background Thread 1 ] DEBUG UpdaterService       - Checking for updates
21:41:15.120 [FXGL Background Thread 4 ] DEBUG FXGLApplication      - Loading fonts
21:41:15.121 [FXGL Background Thread 1 ] DEBUG FXGLApplication      - Loading default localization
21:41:15.121 [FXGL Background Thread 4 ] DEBUG FXGLAssetLoaderServi - Loading from file system: jar:file:///C:/Users/wangshifu/.m2/repository/com/github/almasb/fxgl/17.1/fxgl-17.1.jar!/fxglassets/ui/fonts/VarelaRound-Regular.ttf
21:41:15.122 [FXGL Background Thread 1 ] DEBUG FXGLAssetLoaderServi - Loading from file system: jar:file:///C:/Users/wangshifu/.m2/repository/com/github/almasb/fxgl/17.1/fxgl-17.1.jar!/fxglassets/languages/english.lang
21:41:15.146 [FXGL Background Thread 1 ] INFO  FXGLApplication      - FXGL initialization took: 0.428 sec
21:41:15.158 [JavaFX Application Thread] DEBUG Input                - Registered new binding: action0 - Backspace
21:41:15.160 [JavaFX Application Thread] DEBUG Input                - Registered new binding: action1 - F1
21:41:15.161 [JavaFX Application Thread] DEBUG Input                - Registered new binding: action2 - W
21:41:15.162 [JavaFX Application Thread] DEBUG Input                - Registered new binding: action3 - S
21:41:15.163 [JavaFX Application Thread] DEBUG Input                - Registered new binding: action4 - A
21:41:15.163 [JavaFX Application Thread] DEBUG Input                - Registered new binding: action5 - D
21:41:15.164 [JavaFX Application Thread] DEBUG Input                - Registered new binding: action6 - Space
21:41:15.164 [JavaFX Application Thread] DEBUG Input                - Registered new binding: action7 - Up
21:41:15.165 [JavaFX Application Thread] DEBUG Input                - Registered new binding: action8 - Down
21:41:15.167 [JavaFX Application Thread] DEBUG Input                - Registered new binding: action9 - Left
21:41:15.168 [JavaFX Application Thread] DEBUG Input                - Registered new binding: action10 - Right
21:41:15.170 [JavaFX Application Thread] DEBUG Input                - Registered new binding: action11 - Numpad 0
21:41:15.170 [JavaFX Application Thread] DEBUG Input                - Registered new binding: action12 - Enter
21:41:15.185 [JavaFX Application Thread] DEBUG FXGLAssetLoaderServi - Loading from file system: file:/C:/Users/wangshifu/IdeaProjects/git/target/classes/assets/textures/ui/cursor.png
21:41:15.190 [JavaFX Application Thread] DEBUG Input                - Registered new binding: Screenshot - CTRL+8
21:41:15.192 [JavaFX Application Thread] DEBUG Input                - Registered new binding: System info dump - CTRL+9
21:41:15.193 [JavaFX Application Thread] DEBUG Input                - Registered new binding: Restart - CTRL+R
21:41:15.197 [JavaFX Application Thread] DEBUG Input                - Registered new binding: Toggle Debug Camera - CTRL+7
21:41:15.200 [FXGL Background Thread 4 ] DEBUG FXGLAssetLoaderServi - Loading from file system: jar:file:///C:/Users/wangshifu/.m2/repository/com/github/almasb/fxgl/17.1/fxgl-17.1.jar!/fxglassets/ui/fonts/Abel-Regular.ttf
21:41:15.203 [JavaFX Application Thread] DEBUG LoopRunner           - Starting loop
21:41:15.203 [JavaFX Application Thread] DEBUG LoopRunner           - Initializing JavaFX AnimationTimerLoop
21:41:15.204 [FXGL Background Thread 4 ] DEBUG FXGLAssetLoaderServi - Loading from file system: jar:file:///C:/Users/wangshifu/.m2/repository/com/github/almasb/fxgl/17.1/fxgl-17.1.jar!/fxglassets/ui/fonts/TerminalLandMono-Regular.otf
21:41:15.207 [JavaFX Application Thread] DEBUG Input                - Clearing active input actions
21:41:15.209 [FXGL Background Thread 4 ] DEBUG FXGLAssetLoaderServi - Loading from file system: jar:file:///C:/Users/wangshifu/.m2/repository/com/github/almasb/fxgl/17.1/fxgl-17.1.jar!/fxglassets/ui/fonts/Courier-Prime.ttf
21:41:15.221 [JavaFX Application Thread] DEBUG GameApplicationServi - Removing overlay from GameStartupScene and adding to FXGLMainMenuDummyScene
21:41:15.222 [JavaFX Application Thread] DEBUG PrimaryStageWindow   - GameStartupScene -> FXGLMainMenuDummyScene
21:41:15.222 [JavaFX Application Thread] DEBUG PrimaryStageWindow   - Push state: GameMainMenu
21:41:15.223 [JavaFX Application Thread] DEBUG FXGLAssetLoaderServi - Loading from file system: file:/C:/Users/wangshifu/IdeaProjects/git/target/classes/assets/sounds/mainMenuLoad.wav
21:41:15.317 [JavaFX Application Thread] DEBUG Input                - Clearing active input actions
21:41:15.321 [JavaFX Application Thread] DEBUG GameApplicationServi - Removing overlay from FXGLMainMenuDummyScene and adding to GameMainMenu
21:41:15.322 [JavaFX Application Thread] DEBUG PrimaryStageWindow   - FXGLMainMenuDummyScene -> GameMainMenu
21:41:15.414 [JavaFX Application Thread] DEBUG FXGLApplication      - Registering font factories with UI factory
21:41:15.466 [FXGL Background Thread 2 ] WARN  UpdaterService       - Failed to find updates: javax.net.ssl.SSLHandshakeException: PKIX path building failed: sun.security.provider.certpath.SunCertPathBuilderException: unable to find valid certification path to requested target
21:41:17.569 [JavaFX Application Thread] DEBUG FXGLAssetLoaderServi - Loading from file system: file:/C:/Users/wangshifu/IdeaProjects/git/target/classes/assets/sounds/mainMenuHover.wav
21:41:18.120 [FXGL Background Thread 3 ] DEBUG Engine               - Logging environment variables
21:41:18.121 [FXGL Background Thread 3 ] DEBUG Engine               - achievements: []
21:41:18.121 [FXGL Background Thread 3 ] DEBUG Engine               - actualHeight: 672.0
21:41:18.121 [FXGL Background Thread 3 ] DEBUG Engine               - actualHeightProperty: ReadOnlyDoubleProperty [value: 672.0]
21:41:18.122 [FXGL Background Thread 3 ] DEBUG Engine               - actualWidth: 816.0
21:41:18.122 [FXGL Background Thread 3 ] DEBUG Engine               - actualWidthProperty: ReadOnlyDoubleProperty [value: 816.0]
21:41:18.123 [FXGL Background Thread 3 ] DEBUG Engine               - appIcon: ui/icon.png
21:41:18.123 [FXGL Background Thread 3 ] DEBUG Engine               - applicationMode: DEVELOPER
21:41:18.123 [FXGL Background Thread 3 ] DEBUG Engine               - cSSList: [fxgl_dark.css, tankApp.css]
21:41:18.123 [FXGL Background Thread 3 ] DEBUG Engine               - collisionDetectionStrategy: BRUTE_FORCE
21:41:18.124 [FXGL Background Thread 3 ] DEBUG Engine               - configClass: Optional.empty
21:41:18.124 [FXGL Background Thread 3 ] DEBUG Engine               - credits: []
21:41:18.125 [FXGL Background Thread 3 ] DEBUG Engine               - defaultCursor: CursorInfo(imageName=ui/cursor.png, hotspotX=0.0, hotspotY=0.0)
21:41:18.126 [FXGL Background Thread 3 ] DEBUG Engine               - devBBoxColorProperty: ObjectProperty [value: 0xff0000ff]
21:41:18.126 [FXGL Background Thread 3 ] DEBUG Engine               - devEnableDebugCameraProperty: BooleanProperty [value: false]
21:41:18.127 [FXGL Background Thread 3 ] DEBUG Engine               - devSensorColorProperty: ObjectProperty [value: 0xffff00ff]
21:41:18.127 [FXGL Background Thread 3 ] DEBUG Engine               - devShowBBoxProperty: BooleanProperty [value: false]
21:41:18.127 [FXGL Background Thread 3 ] DEBUG Engine               - devShowPositionProperty: BooleanProperty [value: false]
21:41:18.127 [FXGL Background Thread 3 ] DEBUG Engine               - enabledMenuItems: []
21:41:18.127 [FXGL Background Thread 3 ] DEBUG Engine               - engineServices: [class com.almasb.fxgl.app.services.FXGLAssetLoaderService, class com.almasb.fxgl.app.FXGLApplication$GameApplicationService, class com.almasb.fxgl.app.services.FXGLDialogService, class com.almasb.fxgl.app.services.IOTaskExecutorService, class com.almasb.fxgl.io.FileSystemService, class com.almasb.fxgl.localization.LocalizationService, class com.almasb.fxgl.app.services.SystemBundleService, class com.almasb.fxgl.profile.SaveLoadService, class com.almasb.fxgl.ui.FXGLUIFactoryServiceProvider, class com.almasb.fxgl.ui.FXGLDialogFactoryServiceProvider, class com.almasb.fxgl.audio.AudioPlayer, class com.almasb.fxgl.notification.impl.NotificationServiceProvider, class com.almasb.fxgl.achievement.AchievementService, class com.almasb.fxgl.cutscene.CutsceneService, class com.almasb.fxgl.minigames.MiniGameService, class com.almasb.fxgl.net.NetService, class com.almasb.fxgl.app.services.UpdaterService, class com.almasb.fxgl.dev.DevService]
21:41:18.128 [FXGL Background Thread 3 ] DEBUG Engine               - fontGame: Abel-Regular.ttf
21:41:18.128 [FXGL Background Thread 3 ] DEBUG Engine               - fontMono: TerminalLandMono-Regular.otf
21:41:18.128 [FXGL Background Thread 3 ] DEBUG Engine               - fontText: Courier-Prime.ttf
21:41:18.128 [FXGL Background Thread 3 ] DEBUG Engine               - fontUI: VarelaRound-Regular.ttf
21:41:18.128 [FXGL Background Thread 3 ] DEBUG Engine               - fullScreen: BooleanProperty [value: false]
21:41:18.128 [FXGL Background Thread 3 ] DEBUG Engine               - gameDifficulty: MEDIUM
21:41:18.128 [FXGL Background Thread 3 ] DEBUG Engine               - gameDifficultyProperty: ObjectProperty [value: MEDIUM]
21:41:18.128 [FXGL Background Thread 3 ] DEBUG Engine               - globalMusicVolume: 0.5
21:41:18.128 [FXGL Background Thread 3 ] DEBUG Engine               - globalMusicVolumeProperty: DoubleProperty [value: 0.5]
21:41:18.129 [FXGL Background Thread 3 ] DEBUG Engine               - globalSoundVolume: 0.5
21:41:18.129 [FXGL Background Thread 3 ] DEBUG Engine               - globalSoundVolumeProperty: DoubleProperty [value: 0.5]
21:41:18.129 [FXGL Background Thread 3 ] DEBUG Engine               - height: 672
21:41:18.129 [FXGL Background Thread 3 ] DEBUG Engine               - is3D: false
21:41:18.129 [FXGL Background Thread 3 ] DEBUG Engine               - isAndroid: false
21:41:18.129 [FXGL Background Thread 3 ] DEBUG Engine               - isBrowser: false
21:41:18.129 [FXGL Background Thread 3 ] DEBUG Engine               - isClickFeedbackEnabled: false
21:41:18.129 [FXGL Background Thread 3 ] DEBUG Engine               - isCloseConfirmation: false
21:41:18.129 [FXGL Background Thread 3 ] DEBUG Engine               - isDesktop: true
21:41:18.129 [FXGL Background Thread 3 ] DEBUG Engine               - isDeveloperMenuEnabled: false
21:41:18.129 [FXGL Background Thread 3 ] DEBUG Engine               - isEmbedded: false
21:41:18.129 [FXGL Background Thread 3 ] DEBUG Engine               - isEntityPreloadEnabled: true
21:41:18.129 [FXGL Background Thread 3 ] DEBUG Engine               - isExperimentalTiledLargeMap: false
21:41:18.130 [FXGL Background Thread 3 ] DEBUG Engine               - isFileSystemWriteAllowed: true
21:41:18.130 [FXGL Background Thread 3 ] DEBUG Engine               - isFullScreenAllowed: false
21:41:18.130 [FXGL Background Thread 3 ] DEBUG Engine               - isFullScreenFromStart: false
21:41:18.130 [FXGL Background Thread 3 ] DEBUG Engine               - isGameMenuEnabled: true
21:41:18.130 [FXGL Background Thread 3 ] DEBUG Engine               - isIOS: false
21:41:18.130 [FXGL Background Thread 3 ] DEBUG Engine               - isIntroEnabled: false
21:41:18.131 [FXGL Background Thread 3 ] DEBUG Engine               - isLinux: false
21:41:18.131 [FXGL Background Thread 3 ] DEBUG Engine               - isMac: false
21:41:18.131 [FXGL Background Thread 3 ] DEBUG Engine               - isMainMenuEnabled: true
21:41:18.131 [FXGL Background Thread 3 ] DEBUG Engine               - isManualResizeEnabled: false
21:41:18.131 [FXGL Background Thread 3 ] DEBUG Engine               - isMobile: false
21:41:18.131 [FXGL Background Thread 3 ] DEBUG Engine               - isNative: false
21:41:18.131 [FXGL Background Thread 3 ] DEBUG Engine               - isPauseMusicWhenMinimized: true
21:41:18.131 [FXGL Background Thread 3 ] DEBUG Engine               - isPreserveResizeRatio: false
21:41:18.131 [FXGL Background Thread 3 ] DEBUG Engine               - isProfilingEnabled: false
21:41:18.131 [FXGL Background Thread 3 ] DEBUG Engine               - isScaleAffectedOnResize: true
21:41:18.132 [FXGL Background Thread 3 ] DEBUG Engine               - isSingleStep: false
21:41:18.132 [FXGL Background Thread 3 ] DEBUG Engine               - isUserProfileEnabled: false
21:41:18.132 [FXGL Background Thread 3 ] DEBUG Engine               - isWindows: true
21:41:18.132 [FXGL Background Thread 3 ] DEBUG Engine               - language: ObjectProperty [value: ENGLISH]
21:41:18.132 [FXGL Background Thread 3 ] DEBUG Engine               - menuKey: ESCAPE
21:41:18.132 [FXGL Background Thread 3 ] DEBUG Engine               - mouseSensitivity: 0.2
21:41:18.132 [FXGL Background Thread 3 ] DEBUG Engine               - notificationViewClass: class com.almasb.fxgl.notification.view.XboxNotificationView
21:41:18.132 [FXGL Background Thread 3 ] DEBUG Engine               - pixelsPerMeter: 50.0
21:41:18.132 [FXGL Background Thread 3 ] DEBUG Engine               - platform: WINDOWS
21:41:18.132 [FXGL Background Thread 3 ] DEBUG Engine               - prefHeightProperty: ReadOnlyDoubleProperty [value: 672.0]
21:41:18.132 [FXGL Background Thread 3 ] DEBUG Engine               - prefWidthProperty: ReadOnlyDoubleProperty [value: 816.0]
21:41:18.132 [FXGL Background Thread 3 ] DEBUG Engine               - profileDir: profiles/
21:41:18.132 [FXGL Background Thread 3 ] DEBUG Engine               - profileName: StringProperty [value: DEFAULT]
21:41:18.132 [FXGL Background Thread 3 ] DEBUG Engine               - randomSeed: -1
21:41:18.132 [FXGL Background Thread 3 ] DEBUG Engine               - runtimeInfo: RuntimeInfo(platform=WINDOWS, version=17.1, build=24.03.2022 17.34)
21:41:18.132 [FXGL Background Thread 3 ] DEBUG Engine               - saveFileExt: sav
21:41:18.132 [FXGL Background Thread 3 ] DEBUG Engine               - scaledHeightProp$fxgl: DoubleProperty [bound, value: 672.0]
21:41:18.132 [FXGL Background Thread 3 ] DEBUG Engine               - scaledWidthProp$fxgl: DoubleProperty [bound, value: 816.0]
21:41:18.132 [FXGL Background Thread 3 ] DEBUG Engine               - sceneFactory: com.csu.tank.TankApp$1@3ed4436f
21:41:18.132 [FXGL Background Thread 3 ] DEBUG Engine               - secondsIn24h: 60
21:41:18.132 [FXGL Background Thread 3 ] DEBUG Engine               - soundMenuBack: menu/back.wav
21:41:18.132 [FXGL Background Thread 3 ] DEBUG Engine               - soundMenuPress: menu/press.wav
21:41:18.133 [FXGL Background Thread 3 ] DEBUG Engine               - soundMenuSelect: menu/select.wav
21:41:18.133 [FXGL Background Thread 3 ] DEBUG Engine               - soundNotification: core/notification.wav
21:41:18.133 [FXGL Background Thread 3 ] DEBUG Engine               - stageStyle: DECORATED
21:41:18.133 [FXGL Background Thread 3 ] DEBUG Engine               - supportedLanguages: [ENGLISH, FRENCH, GERMAN, HUNGARIAN, RUSSIAN]
21:41:18.133 [FXGL Background Thread 3 ] DEBUG Engine               - ticksPerSecond: -1
21:41:18.133 [FXGL Background Thread 3 ] DEBUG Engine               - title: 90 Tank
21:41:18.133 [FXGL Background Thread 3 ] DEBUG Engine               - urlGithub: https://github.com/AlmasB/FXGL
21:41:18.133 [FXGL Background Thread 3 ] DEBUG Engine               - urlLeaderboard: http://fxgl-top.herokuapp.com/
21:41:18.133 [FXGL Background Thread 3 ] DEBUG Engine               - urlPOM: https://raw.githubusercontent.com/AlmasB/FXGL/release/README.md
21:41:18.133 [FXGL Background Thread 3 ] DEBUG Engine               - userAppClass: class com.csu.tank.TankApp
21:41:18.133 [FXGL Background Thread 3 ] DEBUG Engine               - version: Version 0.3
21:41:18.133 [FXGL Background Thread 3 ] DEBUG Engine               - versionCheckDays: 7
21:41:18.133 [FXGL Background Thread 3 ] DEBUG Engine               - width: 816
21:41:18.133 [FXGL Background Thread 3 ] DEBUG Engine               - Logging services
21:41:18.133 [FXGL Background Thread 3 ] DEBUG Engine               - class com.almasb.fxgl.app.services.FXGLAssetLoaderService
21:41:18.133 [FXGL Background Thread 3 ] DEBUG Engine               - class com.almasb.fxgl.app.FXGLApplication$GameApplicationService
21:41:18.133 [FXGL Background Thread 3 ] DEBUG Engine               - class com.almasb.fxgl.app.services.FXGLDialogService
21:41:18.133 [FXGL Background Thread 3 ] DEBUG Engine               - class com.almasb.fxgl.app.services.IOTaskExecutorService
21:41:18.135 [FXGL Background Thread 3 ] DEBUG Engine               - class com.almasb.fxgl.io.FileSystemService
21:41:18.135 [FXGL Background Thread 3 ] DEBUG Engine               - class com.almasb.fxgl.localization.LocalizationService
21:41:18.135 [FXGL Background Thread 3 ] DEBUG Engine               - class com.almasb.fxgl.app.services.SystemBundleService
21:41:18.135 [FXGL Background Thread 3 ] DEBUG Engine               - class com.almasb.fxgl.profile.SaveLoadService
21:41:18.135 [FXGL Background Thread 3 ] DEBUG Engine               - class com.almasb.fxgl.ui.FXGLUIFactoryServiceProvider
21:41:18.135 [FXGL Background Thread 3 ] DEBUG Engine               - class com.almasb.fxgl.ui.FXGLDialogFactoryServiceProvider
21:41:18.135 [FXGL Background Thread 3 ] DEBUG Engine               - class com.almasb.fxgl.audio.AudioPlayer
21:41:18.135 [FXGL Background Thread 3 ] DEBUG Engine               - class com.almasb.fxgl.notification.impl.NotificationServiceProvider
21:41:18.135 [FXGL Background Thread 3 ] DEBUG Engine               - class com.almasb.fxgl.achievement.AchievementService
21:41:18.135 [FXGL Background Thread 3 ] DEBUG Engine               - class com.almasb.fxgl.cutscene.CutsceneService
21:41:18.135 [FXGL Background Thread 3 ] DEBUG Engine               - class com.almasb.fxgl.minigames.MiniGameService
21:41:18.135 [FXGL Background Thread 3 ] DEBUG Engine               - class com.almasb.fxgl.net.NetService
21:41:18.135 [FXGL Background Thread 3 ] DEBUG Engine               - class com.almasb.fxgl.app.services.UpdaterService
21:41:18.135 [FXGL Background Thread 3 ] DEBUG Engine               - class com.almasb.fxgl.dev.DevService
21:41:20.363 [JavaFX Application Thread] DEBUG FXGLAssetLoaderServi - Loading from file system: file:/C:/Users/wangshifu/IdeaProjects/git/target/classes/assets/sounds/select.wav
21:41:20.367 [JavaFX Application Thread] DEBUG Menu                 - fireNewGame()
21:41:20.367 [JavaFX Application Thread] DEBUG GameApplicationServi - Starting new game
21:41:20.367 [JavaFX Application Thread] DEBUG PrimaryStageWindow   - Pop state: GameMainMenu
21:41:20.367 [JavaFX Application Thread] DEBUG Input                - Clearing active input actions
21:41:20.368 [JavaFX Application Thread] DEBUG GameApplicationServi - Removing overlay from GameMainMenu and adding to FXGLMainMenuDummyScene
21:41:20.368 [JavaFX Application Thread] DEBUG PrimaryStageWindow   - FXGLMainMenuDummyScene <- GameMainMenu
21:41:20.369 [JavaFX Application Thread] DEBUG Input                - Clearing active input actions
21:41:20.378 [JavaFX Application Thread] DEBUG GameApplicationServi - Removing overlay from FXGLMainMenuDummyScene and adding to GameLoadingScene
21:41:20.378 [JavaFX Application Thread] DEBUG PrimaryStageWindow   - FXGLMainMenuDummyScene -> GameLoadingScene
21:41:20.379 [JavaFX Application Thread] DEBUG GameApplicationServi - Clearing previous game
21:41:20.379 [JavaFX Application Thread] DEBUG GameScene            - Clearing game scene
21:41:20.379 [JavaFX Application Thread] DEBUG GameWorld            - Clearing game world
21:41:20.379 [JavaFX Application Thread] DEBUG PhysicsWorld         - Clearing physics world
21:41:20.380 [FXGL Background Thread 2 ] DEBUG FXGLApplication      - Initializing game
21:41:20.381 [FXGL Background Thread 2 ] DEBUG FXGLAssetLoaderServi - Loading from file system: file:/C:/Users/wangshifu/IdeaProjects/git/target/classes/assets/properties/game.properties
21:41:20.388 [FXGL Background Thread 2 ] DEBUG FXGLAssetLoaderServi - Loading from file system: file:/C:/Users/wangshifu/IdeaProjects/git/target/classes/assets/textures/map/stone.png
21:41:20.389 [FXGL Background Thread 2 ] DEBUG FXGLAssetLoaderServi - Loading from file system: file:/C:/Users/wangshifu/IdeaProjects/git/target/classes/assets/textures/map/brick.png
21:41:20.391 [FXGL Background Thread 2 ] DEBUG FXGLAssetLoaderServi - Loading from file system: file:/C:/Users/wangshifu/IdeaProjects/git/target/classes/assets/textures/map/sea_anim.png
21:41:20.392 [FXGL Background Thread 2 ] DEBUG FXGLAssetLoaderServi - Loading from file system: file:/C:/Users/wangshifu/IdeaProjects/git/target/classes/assets/textures/explode/explode_level_2.png
21:41:20.401 [FXGL Background Thread 2 ] INFO  FXGLApplication      - Game initialization took: 0.020 sec
21:41:20.401 [JavaFX Application Thread] DEBUG Input                - Clearing active input actions
21:41:20.407 [JavaFX Application Thread] DEBUG GameApplicationServi - Removing overlay from GameLoadingScene and adding to GameScene
21:41:20.408 [JavaFX Application Thread] DEBUG PrimaryStageWindow   - GameLoadingScene -> GameScene
21:41:21.926 [JavaFX Application Thread] WARN  TMXLevelLoader       - TiledMap generated from 1.10.2. Supported version: 1.4.2. Some features may not be parsed fully.
21:41:21.938 [JavaFX Application Thread] DEBUG TMXLevelLoader       - Parsed TiledMap: file:/C:/Users/wangshifu/IdeaProjects/git/target/classes/assets/levels/vs.tmx
21:41:21.939 [JavaFX Application Thread] DEBUG TMXLevelLoader       - Creating tile layer entities
21:41:21.940 [JavaFX Application Thread] DEBUG TMXLevelLoader       - Creating object layer entities
21:41:21.997 [JavaFX Application Thread] DEBUG GameWorld            - Clearing removable entities
21:41:21.999 [JavaFX Application Thread] DEBUG GameWorld            - Setting level: com.almasb.fxgl.entity.level.Level@13b656c1
21:41:22.016 [JavaFX Application Thread] DEBUG FXGLAssetLoaderServi - Loading from file system: file:/C:/Users/wangshifu/IdeaProjects/git/target/classes/assets/textures/tank/H1U.png
21:41:22.021 [JavaFX Application Thread] DEBUG FXGLAssetLoaderServi - Loading from file system: file:/C:/Users/wangshifu/IdeaProjects/git/target/classes/assets/textures/tank/H2U.png
21:41:29.519 [JavaFX Application Thread] DEBUG FXGLAssetLoaderServi - Loading from file system: file:/C:/Users/wangshifu/IdeaProjects/git/target/classes/assets/sounds/normalFire.wav
21:41:29.523 [JavaFX Application Thread] DEBUG FXGLAssetLoaderServi - Loading from file system: file:/C:/Users/wangshifu/IdeaProjects/git/target/classes/assets/textures/bullet/normal.png
21:41:30.174 [JavaFX Application Thread] DEBUG FXGLAssetLoaderServi - Loading from file system: file:/C:/Users/wangshifu/IdeaProjects/git/target/classes/assets/sounds/normalBomb.wav
21:41:32.494 [JavaFX Application Thread] DEBUG FXGLAssetLoaderServi - Loading from file system: file:/C:/Users/wangshifu/IdeaProjects/git/target/classes/assets/textures/ui/GameOver.png
21:41:32.496 [JavaFX Application Thread] DEBUG PrimaryStageWindow   - Push state: FailedScene
21:41:32.496 [JavaFX Application Thread] DEBUG FXGLAssetLoaderServi - Loading from file system: file:/C:/Users/wangshifu/IdeaProjects/git/target/classes/assets/sounds/GameOver.wav
21:41:32.501 [JavaFX Application Thread] DEBUG Input                - Clearing active input actions
21:41:32.501 [JavaFX Application Thread] DEBUG GameApplicationServi - Removing overlay from GameScene and adding to FailedScene
21:41:32.501 [JavaFX Application Thread] DEBUG PrimaryStageWindow   - GameScene -> FailedScene
21:41:35.685 [JavaFX Application Thread] DEBUG FXGLApplication      - Exiting FXGL
21:41:35.685 [JavaFX Application Thread] DEBUG LoopRunner           - Stopping loop
21:41:35.685 [JavaFX Application Thread] DEBUG SystemBundleService  - Saving FXGL system data
21:41:35.687 [JavaFX Application Thread] DEBUG FileSystemAccess     - Writing to: C:\Users\wangshifu\IdeaProjects\git\system\fxgl.bundle
21:41:35.689 [JavaFX Application Thread] DEBUG Async                - Shutting down background threads
21:41:35.689 [JavaFX Application Thread] DEBUG PrimaryStageWindow   - Closing main window
21:41:35.733 [JavaFX Application Thread] DEBUG Logger               - Closing Logger
