19:22:11.430 [main                     ] DEBUG Logger               - Configured Logger
19:22:11.457 [main                     ] DEBUG GameApplication      - Logging settings
Title: 90 Tank
Version: Version 0.3
Width: 816
Height: 672
Fullscreen: false
Intro: false
Profiling: false
Single step:false
App Mode: DEVELOPER
Menu Key: ESCAPE
Stage Style: DECORATED
Scene Factory: class com.csu.tank.TankApp$1

19:22:11.750 [JavaFX Application Thread] DEBUG FXGLApplication      - Initializing FXGL
19:22:11.756 [JavaFX Application Thread] INFO  Engine               - FXGL-17.1 (24.03.2022 17.34) on WINDOWS (J:17.0.1 FX:18)
19:22:11.756 [JavaFX Application Thread] DEBUG Engine               - JRE Vendor Name: Oracle Corporation
19:22:11.756 [JavaFX Application Thread] DEBUG Engine               - Running on OS: Windows 10 version 10.0
19:22:11.756 [JavaFX Application Thread] DEBUG Engine               - Architecture: amd64
19:22:11.757 [JavaFX Application Thread] INFO  Engine               - Source code and latest versions at: https://github.com/AlmasB/FXGL
19:22:11.757 [JavaFX Application Thread] INFO  Engine               -       Ask questions and discuss at: https://github.com/AlmasB/FXGL/discussions
19:22:11.757 [JavaFX Application Thread] INFO  Engine               -              Join the FXGL chat at: https://gitter.im/AlmasB/FXGL
19:22:11.825 [JavaFX Application Thread] DEBUG PrimaryStageWindow   - Creating a JavaFX scene
19:22:11.862 [JavaFX Application Thread] DEBUG PrimaryStageWindow   - Target settings size: 816.0 x 672.0
19:22:11.863 [JavaFX Application Thread] DEBUG PrimaryStageWindow   - Scaled scene size:    816.0 x 672.0
19:22:11.863 [JavaFX Application Thread] DEBUG PrimaryStageWindow   - Scaled ratio: (1.0, 1.0)
19:22:11.864 [JavaFX Application Thread] DEBUG PrimaryStageWindow   - Set initial scene to GameStartupScene
19:22:11.868 [JavaFX Application Thread] DEBUG PrimaryStageWindow   - Opening main window
19:22:12.027 [JavaFX Application Thread] DEBUG PrimaryStageWindow   - Window border size: (14.4000244140625, 37.5999755859375)
19:22:12.027 [JavaFX Application Thread] DEBUG PrimaryStageWindow   - Scaled size: 816.0 x 672.0
19:22:12.027 [JavaFX Application Thread] DEBUG PrimaryStageWindow   - Scaled ratio: (1.0, 1.0)
19:22:12.028 [JavaFX Application Thread] DEBUG PrimaryStageWindow   - Scene size: 816.0 x 672.0
19:22:12.028 [JavaFX Application Thread] DEBUG PrimaryStageWindow   - Stage size: 830.4000244140625 x 709.5999755859375
19:22:12.033 [FXGL Background Thread 1 ] DEBUG Engine               - Initializing environment variables
19:22:12.063 [FXGL Background Thread 1 ] DEBUG FXGLAssetLoaderServi - User app class for loading assets: class com.csu.tank.TankApp
19:22:12.063 [FXGL Background Thread 1 ] DEBUG GameApplicationServi - Applying CSS: fxgl_dark.css
19:22:12.064 [FXGL Background Thread 1 ] DEBUG FXGLAssetLoaderServi - Loading from file system: jar:file:///C:/Users/wangshifu/.m2/repository/com/github/almasb/fxgl/17.1/fxgl-17.1.jar!/fxglassets/ui/css/fxgl_dark.css
19:22:12.080 [FXGL Background Thread 1 ] DEBUG GameApplicationServi - Applying CSS: tankApp.css
19:22:12.080 [FXGL Background Thread 1 ] DEBUG FXGLAssetLoaderServi - Loading from file system: file:/C:/Users/wangshifu/IdeaProjects/git/target/classes/assets/ui/css/tankApp.css
19:22:12.081 [FXGL Background Thread 1 ] DEBUG GameApplicationServi - Initializing application scenes
19:22:12.083 [FXGL Background Thread 1 ] DEBUG GameWorld            - Game world initialized
19:22:12.128 [FXGL Background Thread 1 ] DEBUG PhysicsWorld         - Physics world initialized: appHeight=672, physics.ppm=50.0
19:22:12.128 [FXGL Background Thread 1 ] DEBUG PhysicsWorld         - Using strategy: BRUTE_FORCE
19:22:12.133 [FXGL Background Thread 1 ] DEBUG GameScene            - Game scene initialized: 816x672
19:22:12.137 [FXGL Background Thread 1 ] DEBUG FXGLAssetLoaderServi - Loading from file system: file:/C:/Users/wangshifu/IdeaProjects/git/target/classes/assets/textures/ui/logo.png
19:22:12.154 [FXGL Background Thread 1 ] DEBUG FXGLAssetLoaderServi - Loading from file system: file:/C:/Users/wangshifu/IdeaProjects/git/target/classes/assets/textures/ui/icon.png
19:22:12.168 [FXGL Background Thread 1 ] DEBUG FXGLAssetLoaderServi - Loading from file system: file:/C:/Users/wangshifu/IdeaProjects/git/target/classes/assets/textures/ui/tankLoading.png
19:22:12.194 [FXGL Background Thread 1 ] DEBUG FXGLAssetLoaderServi - Loading from file system: file:/C:/Users/wangshifu/IdeaProjects/git/target/classes/assets/textures/ui/fxgl.png
19:22:12.232 [FXGL Background Thread 1 ] DEBUG FXGL.DefaultMenu     - createMenuBodyGameMenu()
19:22:12.240 [FXGL Background Thread 1 ] DEBUG FXGL.DefaultMenu     - createOptionsMenu()
19:22:12.247 [FXGL Background Thread 1 ] DEBUG FXGLAssetLoaderServi - Loading from file system: jar:file:///C:/Users/wangshifu/.m2/repository/com/github/almasb/fxgl/17.1/fxgl-17.1.jar!/fxglassets/textures/particles/smoke.png
19:22:12.342 [FXGL Background Thread 1 ] DEBUG FXGLAssetLoaderServi - Loading from file system: jar:file:///C:/Users/wangshifu/.m2/repository/com/github/almasb/fxgl/17.1/fxgl-17.1.jar!/fxglassets/textures/particles/trace_horizontal.png
19:22:12.360 [FXGL Background Thread 1 ] DEBUG GameApplicationServi - Application scenes initialized
19:22:12.367 [FXGL Background Thread 1 ] DEBUG SystemBundleService  - Loading FXGL system data
19:22:12.371 [FXGL Background Thread 1 ] DEBUG FileSystemAccess     - Reading from: C:\Users\wangshifu\IdeaProjects\git\system\fxgl.bundle
19:22:12.376 [FXGL Background Thread 1 ] DEBUG SystemBundleService  - Bundle FXGL: {}
19:22:12.376 [FXGL Background Thread 1 ] DEBUG UpdaterService       - Checking for updates
19:22:12.379 [FXGL Background Thread 4 ] DEBUG FXGLApplication      - Loading fonts
19:22:12.379 [FXGL Background Thread 1 ] DEBUG FXGLApplication      - Loading default localization
19:22:12.380 [FXGL Background Thread 4 ] DEBUG FXGLAssetLoaderServi - Loading from file system: jar:file:///C:/Users/wangshifu/.m2/repository/com/github/almasb/fxgl/17.1/fxgl-17.1.jar!/fxglassets/ui/fonts/VarelaRound-Regular.ttf
19:22:12.380 [FXGL Background Thread 1 ] DEBUG FXGLAssetLoaderServi - Loading from file system: jar:file:///C:/Users/wangshifu/.m2/repository/com/github/almasb/fxgl/17.1/fxgl-17.1.jar!/fxglassets/languages/english.lang
19:22:12.400 [FXGL Background Thread 1 ] INFO  FXGLApplication      - FXGL initialization took: 0.367 sec
19:22:12.411 [JavaFX Application Thread] DEBUG Input                - Registered new binding: action0 - Backspace
19:22:12.412 [JavaFX Application Thread] DEBUG Input                - Registered new binding: action1 - F1
19:22:12.413 [JavaFX Application Thread] DEBUG Input                - Registered new binding: action2 - W
19:22:12.414 [JavaFX Application Thread] DEBUG Input                - Registered new binding: action3 - S
19:22:12.414 [JavaFX Application Thread] DEBUG Input                - Registered new binding: action4 - A
19:22:12.414 [JavaFX Application Thread] DEBUG Input                - Registered new binding: action5 - D
19:22:12.415 [JavaFX Application Thread] DEBUG Input                - Registered new binding: action6 - Space
19:22:12.415 [JavaFX Application Thread] DEBUG Input                - Registered new binding: action7 - Up
19:22:12.415 [JavaFX Application Thread] DEBUG Input                - Registered new binding: action8 - Down
19:22:12.416 [JavaFX Application Thread] DEBUG Input                - Registered new binding: action9 - Left
19:22:12.416 [JavaFX Application Thread] DEBUG Input                - Registered new binding: action10 - Right
19:22:12.417 [JavaFX Application Thread] DEBUG Input                - Registered new binding: action11 - Numpad 0
19:22:12.417 [JavaFX Application Thread] DEBUG Input                - Registered new binding: action12 - Enter
19:22:12.430 [JavaFX Application Thread] DEBUG FXGLAssetLoaderServi - Loading from file system: file:/C:/Users/wangshifu/IdeaProjects/git/target/classes/assets/textures/ui/cursor.png
19:22:12.435 [JavaFX Application Thread] DEBUG Input                - Registered new binding: Screenshot - CTRL+8
19:22:12.437 [JavaFX Application Thread] DEBUG Input                - Registered new binding: System info dump - CTRL+9
19:22:12.437 [FXGL Background Thread 4 ] DEBUG FXGLAssetLoaderServi - Loading from file system: jar:file:///C:/Users/wangshifu/.m2/repository/com/github/almasb/fxgl/17.1/fxgl-17.1.jar!/fxglassets/ui/fonts/Abel-Regular.ttf
19:22:12.438 [JavaFX Application Thread] DEBUG Input                - Registered new binding: Restart - CTRL+R
19:22:12.440 [FXGL Background Thread 4 ] DEBUG FXGLAssetLoaderServi - Loading from file system: jar:file:///C:/Users/wangshifu/.m2/repository/com/github/almasb/fxgl/17.1/fxgl-17.1.jar!/fxglassets/ui/fonts/TerminalLandMono-Regular.otf
19:22:12.441 [JavaFX Application Thread] DEBUG Input                - Registered new binding: Toggle Debug Camera - CTRL+7
19:22:12.444 [FXGL Background Thread 4 ] DEBUG FXGLAssetLoaderServi - Loading from file system: jar:file:///C:/Users/wangshifu/.m2/repository/com/github/almasb/fxgl/17.1/fxgl-17.1.jar!/fxglassets/ui/fonts/Courier-Prime.ttf
19:22:12.447 [JavaFX Application Thread] DEBUG LoopRunner           - Starting loop
19:22:12.448 [JavaFX Application Thread] DEBUG LoopRunner           - Initializing JavaFX AnimationTimerLoop
19:22:12.454 [JavaFX Application Thread] DEBUG Input                - Clearing active input actions
19:22:12.460 [JavaFX Application Thread] DEBUG GameApplicationServi - Removing overlay from GameStartupScene and adding to FXGLMainMenuDummyScene
19:22:12.460 [JavaFX Application Thread] DEBUG PrimaryStageWindow   - GameStartupScene -> FXGLMainMenuDummyScene
19:22:12.460 [JavaFX Application Thread] DEBUG PrimaryStageWindow   - Push state: GameMainMenu
19:22:12.461 [JavaFX Application Thread] DEBUG FXGLAssetLoaderServi - Loading from file system: file:/C:/Users/wangshifu/IdeaProjects/git/target/classes/assets/sounds/mainMenuLoad.wav
19:22:12.544 [JavaFX Application Thread] DEBUG Input                - Clearing active input actions
19:22:12.548 [JavaFX Application Thread] DEBUG GameApplicationServi - Removing overlay from FXGLMainMenuDummyScene and adding to GameMainMenu
19:22:12.549 [JavaFX Application Thread] DEBUG PrimaryStageWindow   - FXGLMainMenuDummyScene -> GameMainMenu
19:22:12.550 [JavaFX Application Thread] DEBUG FXGLApplication      - Registering font factories with UI factory
19:22:12.708 [FXGL Background Thread 2 ] WARN  UpdaterService       - Failed to find updates: javax.net.ssl.SSLHandshakeException: PKIX path building failed: sun.security.provider.certpath.SunCertPathBuilderException: unable to find valid certification path to requested target
19:22:14.546 [JavaFX Application Thread] DEBUG FXGLAssetLoaderServi - Loading from file system: file:/C:/Users/wangshifu/IdeaProjects/git/target/classes/assets/sounds/mainMenuHover.wav
19:22:15.380 [FXGL Background Thread 3 ] DEBUG Engine               - Logging environment variables
19:22:15.380 [FXGL Background Thread 3 ] DEBUG Engine               - achievements: []
19:22:15.380 [FXGL Background Thread 3 ] DEBUG Engine               - actualHeight: 672.0
19:22:15.380 [FXGL Background Thread 3 ] DEBUG Engine               - actualHeightProperty: ReadOnlyDoubleProperty [value: 672.0]
19:22:15.380 [FXGL Background Thread 3 ] DEBUG Engine               - actualWidth: 816.0
19:22:15.381 [FXGL Background Thread 3 ] DEBUG Engine               - actualWidthProperty: ReadOnlyDoubleProperty [value: 816.0]
19:22:15.381 [FXGL Background Thread 3 ] DEBUG Engine               - appIcon: ui/icon.png
19:22:15.381 [FXGL Background Thread 3 ] DEBUG Engine               - applicationMode: DEVELOPER
19:22:15.381 [FXGL Background Thread 3 ] DEBUG Engine               - cSSList: [fxgl_dark.css, tankApp.css]
19:22:15.381 [FXGL Background Thread 3 ] DEBUG Engine               - collisionDetectionStrategy: BRUTE_FORCE
19:22:15.381 [FXGL Background Thread 3 ] DEBUG Engine               - configClass: Optional.empty
19:22:15.382 [FXGL Background Thread 3 ] DEBUG Engine               - credits: []
19:22:15.383 [FXGL Background Thread 3 ] DEBUG Engine               - defaultCursor: CursorInfo(imageName=ui/cursor.png, hotspotX=0.0, hotspotY=0.0)
19:22:15.384 [FXGL Background Thread 3 ] DEBUG Engine               - devBBoxColorProperty: ObjectProperty [value: 0xff0000ff]
19:22:15.384 [FXGL Background Thread 3 ] DEBUG Engine               - devEnableDebugCameraProperty: BooleanProperty [value: false]
19:22:15.384 [FXGL Background Thread 3 ] DEBUG Engine               - devSensorColorProperty: ObjectProperty [value: 0xffff00ff]
19:22:15.384 [FXGL Background Thread 3 ] DEBUG Engine               - devShowBBoxProperty: BooleanProperty [value: false]
19:22:15.384 [FXGL Background Thread 3 ] DEBUG Engine               - devShowPositionProperty: BooleanProperty [value: false]
19:22:15.384 [FXGL Background Thread 3 ] DEBUG Engine               - enabledMenuItems: []
19:22:15.385 [FXGL Background Thread 3 ] DEBUG Engine               - engineServices: [class com.almasb.fxgl.app.services.FXGLAssetLoaderService, class com.almasb.fxgl.app.FXGLApplication$GameApplicationService, class com.almasb.fxgl.app.services.FXGLDialogService, class com.almasb.fxgl.app.services.IOTaskExecutorService, class com.almasb.fxgl.io.FileSystemService, class com.almasb.fxgl.localization.LocalizationService, class com.almasb.fxgl.app.services.SystemBundleService, class com.almasb.fxgl.profile.SaveLoadService, class com.almasb.fxgl.ui.FXGLUIFactoryServiceProvider, class com.almasb.fxgl.ui.FXGLDialogFactoryServiceProvider, class com.almasb.fxgl.audio.AudioPlayer, class com.almasb.fxgl.notification.impl.NotificationServiceProvider, class com.almasb.fxgl.achievement.AchievementService, class com.almasb.fxgl.cutscene.CutsceneService, class com.almasb.fxgl.minigames.MiniGameService, class com.almasb.fxgl.net.NetService, class com.almasb.fxgl.app.services.UpdaterService, class com.almasb.fxgl.dev.DevService]
19:22:15.385 [FXGL Background Thread 3 ] DEBUG Engine               - fontGame: Abel-Regular.ttf
19:22:15.385 [FXGL Background Thread 3 ] DEBUG Engine               - fontMono: TerminalLandMono-Regular.otf
19:22:15.385 [FXGL Background Thread 3 ] DEBUG Engine               - fontText: Courier-Prime.ttf
19:22:15.385 [FXGL Background Thread 3 ] DEBUG Engine               - fontUI: VarelaRound-Regular.ttf
19:22:15.385 [FXGL Background Thread 3 ] DEBUG Engine               - fullScreen: BooleanProperty [value: false]
19:22:15.385 [FXGL Background Thread 3 ] DEBUG Engine               - gameDifficulty: MEDIUM
19:22:15.385 [FXGL Background Thread 3 ] DEBUG Engine               - gameDifficultyProperty: ObjectProperty [value: MEDIUM]
19:22:15.385 [FXGL Background Thread 3 ] DEBUG Engine               - globalMusicVolume: 0.5
19:22:15.385 [FXGL Background Thread 3 ] DEBUG Engine               - globalMusicVolumeProperty: DoubleProperty [value: 0.5]
19:22:15.385 [FXGL Background Thread 3 ] DEBUG Engine               - globalSoundVolume: 0.5
19:22:15.385 [FXGL Background Thread 3 ] DEBUG Engine               - globalSoundVolumeProperty: DoubleProperty [value: 0.5]
19:22:15.385 [FXGL Background Thread 3 ] DEBUG Engine               - height: 672
19:22:15.385 [FXGL Background Thread 3 ] DEBUG Engine               - is3D: false
19:22:15.385 [FXGL Background Thread 3 ] DEBUG Engine               - isAndroid: false
19:22:15.386 [FXGL Background Thread 3 ] DEBUG Engine               - isBrowser: false
19:22:15.386 [FXGL Background Thread 3 ] DEBUG Engine               - isClickFeedbackEnabled: false
19:22:15.386 [FXGL Background Thread 3 ] DEBUG Engine               - isCloseConfirmation: false
19:22:15.386 [FXGL Background Thread 3 ] DEBUG Engine               - isDesktop: true
19:22:15.386 [FXGL Background Thread 3 ] DEBUG Engine               - isDeveloperMenuEnabled: false
19:22:15.386 [FXGL Background Thread 3 ] DEBUG Engine               - isEmbedded: false
19:22:15.386 [FXGL Background Thread 3 ] DEBUG Engine               - isEntityPreloadEnabled: true
19:22:15.386 [FXGL Background Thread 3 ] DEBUG Engine               - isExperimentalTiledLargeMap: false
19:22:15.386 [FXGL Background Thread 3 ] DEBUG Engine               - isFileSystemWriteAllowed: true
19:22:15.386 [FXGL Background Thread 3 ] DEBUG Engine               - isFullScreenAllowed: false
19:22:15.387 [FXGL Background Thread 3 ] DEBUG Engine               - isFullScreenFromStart: false
19:22:15.387 [FXGL Background Thread 3 ] DEBUG Engine               - isGameMenuEnabled: true
19:22:15.387 [FXGL Background Thread 3 ] DEBUG Engine               - isIOS: false
19:22:15.387 [FXGL Background Thread 3 ] DEBUG Engine               - isIntroEnabled: false
19:22:15.387 [FXGL Background Thread 3 ] DEBUG Engine               - isLinux: false
19:22:15.387 [FXGL Background Thread 3 ] DEBUG Engine               - isMac: false
19:22:15.388 [FXGL Background Thread 3 ] DEBUG Engine               - isMainMenuEnabled: true
19:22:15.388 [FXGL Background Thread 3 ] DEBUG Engine               - isManualResizeEnabled: false
19:22:15.388 [FXGL Background Thread 3 ] DEBUG Engine               - isMobile: false
19:22:15.388 [FXGL Background Thread 3 ] DEBUG Engine               - isNative: false
19:22:15.388 [FXGL Background Thread 3 ] DEBUG Engine               - isPauseMusicWhenMinimized: true
19:22:15.388 [FXGL Background Thread 3 ] DEBUG Engine               - isPreserveResizeRatio: false
19:22:15.388 [FXGL Background Thread 3 ] DEBUG Engine               - isProfilingEnabled: false
19:22:15.388 [FXGL Background Thread 3 ] DEBUG Engine               - isScaleAffectedOnResize: true
19:22:15.388 [FXGL Background Thread 3 ] DEBUG Engine               - isSingleStep: false
19:22:15.388 [FXGL Background Thread 3 ] DEBUG Engine               - isUserProfileEnabled: false
19:22:15.389 [FXGL Background Thread 3 ] DEBUG Engine               - isWindows: true
19:22:15.389 [FXGL Background Thread 3 ] DEBUG Engine               - language: ObjectProperty [value: ENGLISH]
19:22:15.389 [FXGL Background Thread 3 ] DEBUG Engine               - menuKey: ESCAPE
19:22:15.389 [FXGL Background Thread 3 ] DEBUG Engine               - mouseSensitivity: 0.2
19:22:15.389 [FXGL Background Thread 3 ] DEBUG Engine               - notificationViewClass: class com.almasb.fxgl.notification.view.XboxNotificationView
19:22:15.389 [FXGL Background Thread 3 ] DEBUG Engine               - pixelsPerMeter: 50.0
19:22:15.389 [FXGL Background Thread 3 ] DEBUG Engine               - platform: WINDOWS
19:22:15.389 [FXGL Background Thread 3 ] DEBUG Engine               - prefHeightProperty: ReadOnlyDoubleProperty [value: 672.0]
19:22:15.389 [FXGL Background Thread 3 ] DEBUG Engine               - prefWidthProperty: ReadOnlyDoubleProperty [value: 816.0]
19:22:15.389 [FXGL Background Thread 3 ] DEBUG Engine               - profileDir: profiles/
19:22:15.389 [FXGL Background Thread 3 ] DEBUG Engine               - profileName: StringProperty [value: DEFAULT]
19:22:15.389 [FXGL Background Thread 3 ] DEBUG Engine               - randomSeed: -1
19:22:15.389 [FXGL Background Thread 3 ] DEBUG Engine               - runtimeInfo: RuntimeInfo(platform=WINDOWS, version=17.1, build=24.03.2022 17.34)
19:22:15.391 [FXGL Background Thread 3 ] DEBUG Engine               - saveFileExt: sav
19:22:15.391 [FXGL Background Thread 3 ] DEBUG Engine               - scaledHeightProp$fxgl: DoubleProperty [bound, value: 672.0]
19:22:15.391 [FXGL Background Thread 3 ] DEBUG Engine               - scaledWidthProp$fxgl: DoubleProperty [bound, value: 816.0]
19:22:15.391 [FXGL Background Thread 3 ] DEBUG Engine               - sceneFactory: com.csu.tank.TankApp$1@669384f3
19:22:15.391 [FXGL Background Thread 3 ] DEBUG Engine               - secondsIn24h: 60
19:22:15.391 [FXGL Background Thread 3 ] DEBUG Engine               - soundMenuBack: menu/back.wav
19:22:15.391 [FXGL Background Thread 3 ] DEBUG Engine               - soundMenuPress: menu/press.wav
19:22:15.391 [FXGL Background Thread 3 ] DEBUG Engine               - soundMenuSelect: menu/select.wav
19:22:15.391 [FXGL Background Thread 3 ] DEBUG Engine               - soundNotification: core/notification.wav
19:22:15.391 [FXGL Background Thread 3 ] DEBUG Engine               - stageStyle: DECORATED
19:22:15.391 [FXGL Background Thread 3 ] DEBUG Engine               - supportedLanguages: [ENGLISH, FRENCH, GERMAN, HUNGARIAN, RUSSIAN]
19:22:15.391 [FXGL Background Thread 3 ] DEBUG Engine               - ticksPerSecond: -1
19:22:15.391 [FXGL Background Thread 3 ] DEBUG Engine               - title: 90 Tank
19:22:15.391 [FXGL Background Thread 3 ] DEBUG Engine               - urlGithub: https://github.com/AlmasB/FXGL
19:22:15.391 [FXGL Background Thread 3 ] DEBUG Engine               - urlLeaderboard: http://fxgl-top.herokuapp.com/
19:22:15.391 [FXGL Background Thread 3 ] DEBUG Engine               - urlPOM: https://raw.githubusercontent.com/AlmasB/FXGL/release/README.md
19:22:15.391 [FXGL Background Thread 3 ] DEBUG Engine               - userAppClass: class com.csu.tank.TankApp
19:22:15.391 [FXGL Background Thread 3 ] DEBUG Engine               - version: Version 0.3
19:22:15.391 [FXGL Background Thread 3 ] DEBUG Engine               - versionCheckDays: 7
19:22:15.392 [FXGL Background Thread 3 ] DEBUG Engine               - width: 816
19:22:15.392 [FXGL Background Thread 3 ] DEBUG Engine               - Logging services
19:22:15.392 [FXGL Background Thread 3 ] DEBUG Engine               - class com.almasb.fxgl.app.services.FXGLAssetLoaderService
19:22:15.392 [FXGL Background Thread 3 ] DEBUG Engine               - class com.almasb.fxgl.app.FXGLApplication$GameApplicationService
19:22:15.392 [FXGL Background Thread 3 ] DEBUG Engine               - class com.almasb.fxgl.app.services.FXGLDialogService
19:22:15.392 [FXGL Background Thread 3 ] DEBUG Engine               - class com.almasb.fxgl.app.services.IOTaskExecutorService
19:22:15.392 [FXGL Background Thread 3 ] DEBUG Engine               - class com.almasb.fxgl.io.FileSystemService
19:22:15.392 [FXGL Background Thread 3 ] DEBUG Engine               - class com.almasb.fxgl.localization.LocalizationService
19:22:15.392 [FXGL Background Thread 3 ] DEBUG Engine               - class com.almasb.fxgl.app.services.SystemBundleService
19:22:15.392 [FXGL Background Thread 3 ] DEBUG Engine               - class com.almasb.fxgl.profile.SaveLoadService
19:22:15.392 [FXGL Background Thread 3 ] DEBUG Engine               - class com.almasb.fxgl.ui.FXGLUIFactoryServiceProvider
19:22:15.392 [FXGL Background Thread 3 ] DEBUG Engine               - class com.almasb.fxgl.ui.FXGLDialogFactoryServiceProvider
19:22:15.392 [FXGL Background Thread 3 ] DEBUG Engine               - class com.almasb.fxgl.audio.AudioPlayer
19:22:15.392 [FXGL Background Thread 3 ] DEBUG Engine               - class com.almasb.fxgl.notification.impl.NotificationServiceProvider
19:22:15.392 [FXGL Background Thread 3 ] DEBUG Engine               - class com.almasb.fxgl.achievement.AchievementService
19:22:15.392 [FXGL Background Thread 3 ] DEBUG Engine               - class com.almasb.fxgl.cutscene.CutsceneService
19:22:15.392 [FXGL Background Thread 3 ] DEBUG Engine               - class com.almasb.fxgl.minigames.MiniGameService
19:22:15.392 [FXGL Background Thread 3 ] DEBUG Engine               - class com.almasb.fxgl.net.NetService
19:22:15.392 [FXGL Background Thread 3 ] DEBUG Engine               - class com.almasb.fxgl.app.services.UpdaterService
19:22:15.392 [FXGL Background Thread 3 ] DEBUG Engine               - class com.almasb.fxgl.dev.DevService
19:22:16.557 [JavaFX Application Thread] DEBUG FXGLAssetLoaderServi - Loading from file system: file:/C:/Users/wangshifu/IdeaProjects/git/target/classes/assets/sounds/select.wav
19:22:16.560 [JavaFX Application Thread] DEBUG Menu                 - fireNewGame()
19:22:16.560 [JavaFX Application Thread] DEBUG GameApplicationServi - Starting new game
19:22:16.560 [JavaFX Application Thread] DEBUG PrimaryStageWindow   - Pop state: GameMainMenu
19:22:16.560 [JavaFX Application Thread] DEBUG Input                - Clearing active input actions
19:22:16.561 [JavaFX Application Thread] DEBUG GameApplicationServi - Removing overlay from GameMainMenu and adding to FXGLMainMenuDummyScene
19:22:16.561 [JavaFX Application Thread] DEBUG PrimaryStageWindow   - FXGLMainMenuDummyScene <- GameMainMenu
19:22:16.561 [JavaFX Application Thread] DEBUG Input                - Clearing active input actions
19:22:16.565 [JavaFX Application Thread] DEBUG GameApplicationServi - Removing overlay from FXGLMainMenuDummyScene and adding to GameLoadingScene
19:22:16.565 [JavaFX Application Thread] DEBUG PrimaryStageWindow   - FXGLMainMenuDummyScene -> GameLoadingScene
19:22:16.566 [JavaFX Application Thread] DEBUG GameApplicationServi - Clearing previous game
19:22:16.566 [JavaFX Application Thread] DEBUG GameScene            - Clearing game scene
19:22:16.566 [JavaFX Application Thread] DEBUG GameWorld            - Clearing game world
19:22:16.566 [JavaFX Application Thread] DEBUG PhysicsWorld         - Clearing physics world
19:22:16.567 [FXGL Background Thread 2 ] DEBUG FXGLApplication      - Initializing game
19:22:16.568 [FXGL Background Thread 2 ] DEBUG FXGLAssetLoaderServi - Loading from file system: file:/C:/Users/wangshifu/IdeaProjects/git/target/classes/assets/properties/game.properties
19:22:16.572 [FXGL Background Thread 2 ] DEBUG FXGLAssetLoaderServi - Loading from file system: file:/C:/Users/wangshifu/IdeaProjects/git/target/classes/assets/textures/map/stone.png
19:22:16.573 [FXGL Background Thread 2 ] DEBUG FXGLAssetLoaderServi - Loading from file system: file:/C:/Users/wangshifu/IdeaProjects/git/target/classes/assets/textures/map/brick.png
19:22:16.576 [FXGL Background Thread 2 ] DEBUG FXGLAssetLoaderServi - Loading from file system: file:/C:/Users/wangshifu/IdeaProjects/git/target/classes/assets/textures/map/sea_anim.png
19:22:16.577 [FXGL Background Thread 2 ] DEBUG FXGLAssetLoaderServi - Loading from file system: file:/C:/Users/wangshifu/IdeaProjects/git/target/classes/assets/textures/explode/explode_level_2.png
19:22:16.585 [FXGL Background Thread 2 ] INFO  FXGLApplication      - Game initialization took: 0.018 sec
19:22:16.585 [JavaFX Application Thread] DEBUG Input                - Clearing active input actions
19:22:16.589 [JavaFX Application Thread] DEBUG GameApplicationServi - Removing overlay from GameLoadingScene and adding to GameScene
19:22:16.589 [JavaFX Application Thread] DEBUG PrimaryStageWindow   - GameLoadingScene -> GameScene
19:22:18.126 [JavaFX Application Thread] WARN  TMXLevelLoader       - TiledMap generated from 1.10.2. Supported version: 1.4.2. Some features may not be parsed fully.
19:22:18.138 [JavaFX Application Thread] DEBUG TMXLevelLoader       - Parsed TiledMap: file:/C:/Users/wangshifu/IdeaProjects/git/target/classes/assets/levels/vs.tmx
19:22:18.140 [JavaFX Application Thread] DEBUG TMXLevelLoader       - Creating tile layer entities
19:22:18.141 [JavaFX Application Thread] DEBUG TMXLevelLoader       - Creating object layer entities
19:22:18.194 [JavaFX Application Thread] DEBUG GameWorld            - Clearing removable entities
19:22:18.195 [JavaFX Application Thread] DEBUG GameWorld            - Setting level: com.almasb.fxgl.entity.level.Level@2fc21515
19:22:18.214 [JavaFX Application Thread] DEBUG FXGLAssetLoaderServi - Loading from file system: file:/C:/Users/wangshifu/IdeaProjects/git/target/classes/assets/textures/tank/H1U.png
19:22:18.218 [JavaFX Application Thread] DEBUG FXGLAssetLoaderServi - Loading from file system: file:/C:/Users/wangshifu/IdeaProjects/git/target/classes/assets/textures/tank/H2U.png
19:22:21.663 [JavaFX Application Thread] DEBUG FXGLAssetLoaderServi - Loading from file system: file:/C:/Users/wangshifu/IdeaProjects/git/target/classes/assets/sounds/normalFire.wav
19:22:21.667 [JavaFX Application Thread] DEBUG FXGLAssetLoaderServi - Loading from file system: file:/C:/Users/wangshifu/IdeaProjects/git/target/classes/assets/textures/bullet/normal.png
19:22:21.671 [JavaFX Application Thread] DEBUG FXGLAssetLoaderServi - Loading from file system: file:/C:/Users/wangshifu/IdeaProjects/git/target/classes/assets/sounds/normalBomb.wav
19:22:26.376 [JavaFX Application Thread] DEBUG FXGLApplication      - Exiting FXGL
19:22:26.376 [JavaFX Application Thread] DEBUG LoopRunner           - Stopping loop
19:22:26.376 [JavaFX Application Thread] DEBUG SystemBundleService  - Saving FXGL system data
19:22:26.378 [JavaFX Application Thread] DEBUG FileSystemAccess     - Writing to: C:\Users\wangshifu\IdeaProjects\git\system\fxgl.bundle
19:22:26.380 [JavaFX Application Thread] DEBUG Async                - Shutting down background threads
19:22:26.380 [JavaFX Application Thread] DEBUG PrimaryStageWindow   - Closing main window
19:22:26.415 [JavaFX Application Thread] DEBUG Logger               - Closing Logger
