10:00:57.944 [main                     ] DEBUG Logger               - Configured Logger
10:00:57.968 [main                     ] DEBUG GameApplication      - Logging settings
Title: 90 Tank
Version: Version 0.3
Width: 816
Height: 672
Fullscreen: false
Intro: false
Profiling: false
Single step:false
App Mode: DEVELOPER
Menu Key: ESCAPE
Stage Style: DECORATED
Scene Factory: class com.csu.tank.TankApp$1

10:00:58.256 [JavaFX Application Thread] DEBUG FXGLApplication      - Initializing FXGL
10:00:58.260 [JavaFX Application Thread] INFO  Engine               - FXGL-17.1 (24.03.2022 17.34) on WINDOWS (J:17.0.1 FX:18)
10:00:58.261 [JavaFX Application Thread] DEBUG Engine               - JRE Vendor Name: Oracle Corporation
10:00:58.261 [JavaFX Application Thread] DEBUG Engine               - Running on OS: Windows 10 version 10.0
10:00:58.261 [JavaFX Application Thread] DEBUG Engine               - Architecture: amd64
10:00:58.261 [JavaFX Application Thread] INFO  Engine               - Source code and latest versions at: https://github.com/AlmasB/FXGL
10:00:58.261 [JavaFX Application Thread] INFO  Engine               -       Ask questions and discuss at: https://github.com/AlmasB/FXGL/discussions
10:00:58.261 [JavaFX Application Thread] INFO  Engine               -              Join the FXGL chat at: https://gitter.im/AlmasB/FXGL
10:00:58.329 [JavaFX Application Thread] DEBUG PrimaryStageWindow   - Creating a JavaFX scene
10:00:58.368 [JavaFX Application Thread] DEBUG PrimaryStageWindow   - Target settings size: 816.0 x 672.0
10:00:58.368 [JavaFX Application Thread] DEBUG PrimaryStageWindow   - Scaled scene size:    816.0 x 672.0
10:00:58.369 [JavaFX Application Thread] DEBUG PrimaryStageWindow   - Scaled ratio: (1.0, 1.0)
10:00:58.369 [JavaFX Application Thread] DEBUG PrimaryStageWindow   - Set initial scene to GameStartupScene
10:00:58.374 [JavaFX Application Thread] DEBUG PrimaryStageWindow   - Opening main window
10:00:58.538 [JavaFX Application Thread] DEBUG PrimaryStageWindow   - Window border size: (14.4000244140625, 37.5999755859375)
10:00:58.538 [JavaFX Application Thread] DEBUG PrimaryStageWindow   - Scaled size: 816.0 x 672.0
10:00:58.538 [JavaFX Application Thread] DEBUG PrimaryStageWindow   - Scaled ratio: (1.0, 1.0)
10:00:58.538 [JavaFX Application Thread] DEBUG PrimaryStageWindow   - Scene size: 816.0 x 672.0
10:00:58.539 [JavaFX Application Thread] DEBUG PrimaryStageWindow   - Stage size: 830.4000244140625 x 709.5999755859375
10:00:58.544 [FXGL Background Thread 1 ] DEBUG Engine               - Initializing environment variables
10:00:58.571 [FXGL Background Thread 1 ] DEBUG FXGLAssetLoaderServi - User app class for loading assets: class com.csu.tank.TankApp
10:00:58.571 [FXGL Background Thread 1 ] DEBUG GameApplicationServi - Applying CSS: fxgl_dark.css
10:00:58.572 [FXGL Background Thread 1 ] DEBUG FXGLAssetLoaderServi - Loading from file system: jar:file:///C:/Users/wangshifu/.m2/repository/com/github/almasb/fxgl/17.1/fxgl-17.1.jar!/fxglassets/ui/css/fxgl_dark.css
10:00:58.591 [FXGL Background Thread 1 ] DEBUG GameApplicationServi - Applying CSS: tankApp.css
10:00:58.591 [FXGL Background Thread 1 ] DEBUG FXGLAssetLoaderServi - Loading from file system: file:/C:/Users/wangshifu/IdeaProjects/FXGL_Tank-main/target/classes/assets/ui/css/tankApp.css
10:00:58.592 [FXGL Background Thread 1 ] DEBUG GameApplicationServi - Initializing application scenes
10:00:58.596 [FXGL Background Thread 1 ] DEBUG GameWorld            - Game world initialized
10:00:58.639 [FXGL Background Thread 1 ] DEBUG PhysicsWorld         - Physics world initialized: appHeight=672, physics.ppm=50.0
10:00:58.639 [FXGL Background Thread 1 ] DEBUG PhysicsWorld         - Using strategy: BRUTE_FORCE
10:00:58.644 [FXGL Background Thread 1 ] DEBUG GameScene            - Game scene initialized: 816x672
10:00:58.648 [FXGL Background Thread 1 ] DEBUG FXGLAssetLoaderServi - Loading from file system: file:/C:/Users/wangshifu/IdeaProjects/FXGL_Tank-main/target/classes/assets/textures/ui/logo.png
10:00:58.659 [FXGL Background Thread 1 ] DEBUG FXGLAssetLoaderServi - Loading from file system: file:/C:/Users/wangshifu/IdeaProjects/FXGL_Tank-main/target/classes/assets/textures/ui/icon.png
10:00:58.671 [FXGL Background Thread 1 ] DEBUG FXGLAssetLoaderServi - Loading from file system: file:/C:/Users/wangshifu/IdeaProjects/FXGL_Tank-main/target/classes/assets/textures/ui/tankLoading.png
10:00:58.697 [FXGL Background Thread 1 ] DEBUG FXGLAssetLoaderServi - Loading from file system: file:/C:/Users/wangshifu/IdeaProjects/FXGL_Tank-main/target/classes/assets/textures/ui/fxgl.png
10:00:58.733 [FXGL Background Thread 1 ] DEBUG FXGL.DefaultMenu     - createMenuBodyGameMenu()
10:00:58.740 [FXGL Background Thread 1 ] DEBUG FXGL.DefaultMenu     - createOptionsMenu()
10:00:58.747 [FXGL Background Thread 1 ] DEBUG FXGLAssetLoaderServi - Loading from file system: jar:file:///C:/Users/wangshifu/.m2/repository/com/github/almasb/fxgl/17.1/fxgl-17.1.jar!/fxglassets/textures/particles/smoke.png
10:00:58.845 [FXGL Background Thread 1 ] DEBUG FXGLAssetLoaderServi - Loading from file system: jar:file:///C:/Users/wangshifu/.m2/repository/com/github/almasb/fxgl/17.1/fxgl-17.1.jar!/fxglassets/textures/particles/trace_horizontal.png
10:00:58.872 [FXGL Background Thread 1 ] DEBUG GameApplicationServi - Application scenes initialized
10:00:58.879 [FXGL Background Thread 1 ] DEBUG SystemBundleService  - Loading FXGL system data
10:00:58.883 [FXGL Background Thread 1 ] DEBUG FileSystemAccess     - Reading from: C:\Users\wangshifu\IdeaProjects\FXGL_Tank-main\system\fxgl.bundle
10:00:58.887 [FXGL Background Thread 1 ] DEBUG SystemBundleService  - Bundle FXGL: {}
10:00:58.887 [FXGL Background Thread 1 ] DEBUG UpdaterService       - Checking for updates
10:00:58.889 [FXGL Background Thread 4 ] DEBUG FXGLApplication      - Loading fonts
10:00:58.889 [FXGL Background Thread 1 ] DEBUG FXGLApplication      - Loading default localization
10:00:58.890 [FXGL Background Thread 4 ] DEBUG FXGLAssetLoaderServi - Loading from file system: jar:file:///C:/Users/wangshifu/.m2/repository/com/github/almasb/fxgl/17.1/fxgl-17.1.jar!/fxglassets/ui/fonts/VarelaRound-Regular.ttf
10:00:58.891 [FXGL Background Thread 1 ] DEBUG FXGLAssetLoaderServi - Loading from file system: jar:file:///C:/Users/wangshifu/.m2/repository/com/github/almasb/fxgl/17.1/fxgl-17.1.jar!/fxglassets/languages/english.lang
10:00:58.924 [FXGL Background Thread 1 ] INFO  FXGLApplication      - FXGL initialization took: 0.379 sec
10:00:58.931 [JavaFX Application Thread] DEBUG Input                - Registered new binding: action0 - Num Lock
10:00:58.933 [JavaFX Application Thread] DEBUG Input                - Registered new binding: action1 - W
10:00:58.934 [JavaFX Application Thread] DEBUG Input                - Registered new binding: action2 - S
10:00:58.936 [JavaFX Application Thread] DEBUG Input                - Registered new binding: action3 - A
10:00:58.937 [JavaFX Application Thread] DEBUG Input                - Registered new binding: action4 - D
10:00:58.939 [JavaFX Application Thread] DEBUG Input                - Registered new binding: action5 - Space
10:00:58.940 [JavaFX Application Thread] DEBUG Input                - Registered new binding: action6 - Up
10:00:58.941 [JavaFX Application Thread] DEBUG Input                - Registered new binding: action7 - Down
10:00:58.942 [JavaFX Application Thread] DEBUG Input                - Registered new binding: action8 - Left
10:00:58.943 [JavaFX Application Thread] DEBUG Input                - Registered new binding: action9 - Right
10:00:58.945 [JavaFX Application Thread] DEBUG Input                - Registered new binding: action10 - 0
10:00:58.951 [FXGL Background Thread 4 ] DEBUG FXGLAssetLoaderServi - Loading from file system: jar:file:///C:/Users/wangshifu/.m2/repository/com/github/almasb/fxgl/17.1/fxgl-17.1.jar!/fxglassets/ui/fonts/Abel-Regular.ttf
10:00:58.954 [JavaFX Application Thread] DEBUG FXGLAssetLoaderServi - Loading from file system: file:/C:/Users/wangshifu/IdeaProjects/FXGL_Tank-main/target/classes/assets/textures/ui/cursor.png
10:00:58.955 [FXGL Background Thread 4 ] DEBUG FXGLAssetLoaderServi - Loading from file system: jar:file:///C:/Users/wangshifu/.m2/repository/com/github/almasb/fxgl/17.1/fxgl-17.1.jar!/fxglassets/ui/fonts/TerminalLandMono-Regular.otf
10:00:58.957 [JavaFX Application Thread] DEBUG Input                - Registered new binding: Screenshot - CTRL+8
10:00:58.957 [JavaFX Application Thread] DEBUG Input                - Registered new binding: System info dump - CTRL+9
10:00:58.959 [JavaFX Application Thread] DEBUG Input                - Registered new binding: Restart - CTRL+R
10:00:58.959 [FXGL Background Thread 4 ] DEBUG FXGLAssetLoaderServi - Loading from file system: jar:file:///C:/Users/wangshifu/.m2/repository/com/github/almasb/fxgl/17.1/fxgl-17.1.jar!/fxglassets/ui/fonts/Courier-Prime.ttf
10:00:58.960 [JavaFX Application Thread] DEBUG Input                - Registered new binding: Toggle Debug Camera - CTRL+7
10:00:58.964 [JavaFX Application Thread] DEBUG LoopRunner           - Starting loop
10:00:58.964 [JavaFX Application Thread] DEBUG LoopRunner           - Initializing JavaFX AnimationTimerLoop
10:00:58.969 [JavaFX Application Thread] DEBUG Input                - Clearing active input actions
10:00:58.976 [JavaFX Application Thread] DEBUG GameApplicationServi - Removing overlay from GameStartupScene and adding to FXGLMainMenuDummyScene
10:00:58.977 [JavaFX Application Thread] DEBUG PrimaryStageWindow   - GameStartupScene -> FXGLMainMenuDummyScene
10:00:58.977 [JavaFX Application Thread] DEBUG PrimaryStageWindow   - Push state: GameMainMenu
10:00:58.978 [JavaFX Application Thread] DEBUG FXGLAssetLoaderServi - Loading from file system: file:/C:/Users/wangshifu/IdeaProjects/FXGL_Tank-main/target/classes/assets/sounds/mainMenuLoad.wav
10:00:59.060 [JavaFX Application Thread] DEBUG Input                - Clearing active input actions
10:00:59.065 [JavaFX Application Thread] DEBUG GameApplicationServi - Removing overlay from FXGLMainMenuDummyScene and adding to GameMainMenu
10:00:59.067 [JavaFX Application Thread] DEBUG PrimaryStageWindow   - FXGLMainMenuDummyScene -> GameMainMenu
10:00:59.067 [JavaFX Application Thread] DEBUG FXGLApplication      - Registering font factories with UI factory
10:00:59.228 [FXGL Background Thread 2 ] WARN  UpdaterService       - Failed to find updates: javax.net.ssl.SSLHandshakeException: PKIX path building failed: sun.security.provider.certpath.SunCertPathBuilderException: unable to find valid certification path to requested target
10:01:01.074 [JavaFX Application Thread] DEBUG FXGLAssetLoaderServi - Loading from file system: file:/C:/Users/wangshifu/IdeaProjects/FXGL_Tank-main/target/classes/assets/sounds/mainMenuHover.wav
10:01:01.889 [FXGL Background Thread 3 ] DEBUG Engine               - Logging environment variables
10:01:01.890 [FXGL Background Thread 3 ] DEBUG Engine               - achievements: []
10:01:01.890 [FXGL Background Thread 3 ] DEBUG Engine               - actualHeight: 672.0
10:01:01.890 [FXGL Background Thread 3 ] DEBUG Engine               - actualHeightProperty: ReadOnlyDoubleProperty [value: 672.0]
10:01:01.890 [FXGL Background Thread 3 ] DEBUG Engine               - actualWidth: 816.0
10:01:01.891 [FXGL Background Thread 3 ] DEBUG Engine               - actualWidthProperty: ReadOnlyDoubleProperty [value: 816.0]
10:01:01.891 [FXGL Background Thread 3 ] DEBUG Engine               - appIcon: ui/icon.png
10:01:01.891 [FXGL Background Thread 3 ] DEBUG Engine               - applicationMode: DEVELOPER
10:01:01.891 [FXGL Background Thread 3 ] DEBUG Engine               - cSSList: [fxgl_dark.css, tankApp.css]
10:01:01.891 [FXGL Background Thread 3 ] DEBUG Engine               - collisionDetectionStrategy: BRUTE_FORCE
10:01:01.891 [FXGL Background Thread 3 ] DEBUG Engine               - configClass: Optional.empty
10:01:01.891 [FXGL Background Thread 3 ] DEBUG Engine               - credits: []
10:01:01.894 [FXGL Background Thread 3 ] DEBUG Engine               - defaultCursor: CursorInfo(imageName=ui/cursor.png, hotspotX=0.0, hotspotY=0.0)
10:01:01.894 [FXGL Background Thread 3 ] DEBUG Engine               - devBBoxColorProperty: ObjectProperty [value: 0xff0000ff]
10:01:01.896 [FXGL Background Thread 3 ] DEBUG Engine               - devEnableDebugCameraProperty: BooleanProperty [value: false]
10:01:01.896 [FXGL Background Thread 3 ] DEBUG Engine               - devSensorColorProperty: ObjectProperty [value: 0xffff00ff]
10:01:01.896 [FXGL Background Thread 3 ] DEBUG Engine               - devShowBBoxProperty: BooleanProperty [value: false]
10:01:01.896 [FXGL Background Thread 3 ] DEBUG Engine               - devShowPositionProperty: BooleanProperty [value: false]
10:01:01.897 [FXGL Background Thread 3 ] DEBUG Engine               - enabledMenuItems: []
10:01:01.897 [FXGL Background Thread 3 ] DEBUG Engine               - engineServices: [class com.almasb.fxgl.app.services.FXGLAssetLoaderService, class com.almasb.fxgl.app.FXGLApplication$GameApplicationService, class com.almasb.fxgl.app.services.FXGLDialogService, class com.almasb.fxgl.app.services.IOTaskExecutorService, class com.almasb.fxgl.io.FileSystemService, class com.almasb.fxgl.localization.LocalizationService, class com.almasb.fxgl.app.services.SystemBundleService, class com.almasb.fxgl.profile.SaveLoadService, class com.almasb.fxgl.ui.FXGLUIFactoryServiceProvider, class com.almasb.fxgl.ui.FXGLDialogFactoryServiceProvider, class com.almasb.fxgl.audio.AudioPlayer, class com.almasb.fxgl.notification.impl.NotificationServiceProvider, class com.almasb.fxgl.achievement.AchievementService, class com.almasb.fxgl.cutscene.CutsceneService, class com.almasb.fxgl.minigames.MiniGameService, class com.almasb.fxgl.net.NetService, class com.almasb.fxgl.app.services.UpdaterService, class com.almasb.fxgl.dev.DevService]
10:01:01.897 [FXGL Background Thread 3 ] DEBUG Engine               - fontGame: Abel-Regular.ttf
10:01:01.897 [FXGL Background Thread 3 ] DEBUG Engine               - fontMono: TerminalLandMono-Regular.otf
10:01:01.897 [FXGL Background Thread 3 ] DEBUG Engine               - fontText: Courier-Prime.ttf
10:01:01.897 [FXGL Background Thread 3 ] DEBUG Engine               - fontUI: VarelaRound-Regular.ttf
10:01:01.897 [FXGL Background Thread 3 ] DEBUG Engine               - fullScreen: BooleanProperty [value: false]
10:01:01.898 [FXGL Background Thread 3 ] DEBUG Engine               - gameDifficulty: MEDIUM
10:01:01.898 [FXGL Background Thread 3 ] DEBUG Engine               - gameDifficultyProperty: ObjectProperty [value: MEDIUM]
10:01:01.898 [FXGL Background Thread 3 ] DEBUG Engine               - globalMusicVolume: 0.5
10:01:01.898 [FXGL Background Thread 3 ] DEBUG Engine               - globalMusicVolumeProperty: DoubleProperty [value: 0.5]
10:01:01.898 [FXGL Background Thread 3 ] DEBUG Engine               - globalSoundVolume: 0.5
10:01:01.898 [FXGL Background Thread 3 ] DEBUG Engine               - globalSoundVolumeProperty: DoubleProperty [value: 0.5]
10:01:01.898 [FXGL Background Thread 3 ] DEBUG Engine               - height: 672
10:01:01.899 [FXGL Background Thread 3 ] DEBUG Engine               - is3D: false
10:01:01.899 [FXGL Background Thread 3 ] DEBUG Engine               - isAndroid: false
10:01:01.899 [FXGL Background Thread 3 ] DEBUG Engine               - isBrowser: false
10:01:01.899 [FXGL Background Thread 3 ] DEBUG Engine               - isClickFeedbackEnabled: false
10:01:01.900 [FXGL Background Thread 3 ] DEBUG Engine               - isCloseConfirmation: false
10:01:01.900 [FXGL Background Thread 3 ] DEBUG Engine               - isDesktop: true
10:01:01.900 [FXGL Background Thread 3 ] DEBUG Engine               - isDeveloperMenuEnabled: false
10:01:01.900 [FXGL Background Thread 3 ] DEBUG Engine               - isEmbedded: false
10:01:01.900 [FXGL Background Thread 3 ] DEBUG Engine               - isEntityPreloadEnabled: true
10:01:01.900 [FXGL Background Thread 3 ] DEBUG Engine               - isExperimentalTiledLargeMap: false
10:01:01.900 [FXGL Background Thread 3 ] DEBUG Engine               - isFileSystemWriteAllowed: true
10:01:01.900 [FXGL Background Thread 3 ] DEBUG Engine               - isFullScreenAllowed: false
10:01:01.900 [FXGL Background Thread 3 ] DEBUG Engine               - isFullScreenFromStart: false
10:01:01.900 [FXGL Background Thread 3 ] DEBUG Engine               - isGameMenuEnabled: true
10:01:01.900 [FXGL Background Thread 3 ] DEBUG Engine               - isIOS: false
10:01:01.901 [FXGL Background Thread 3 ] DEBUG Engine               - isIntroEnabled: false
10:01:01.901 [FXGL Background Thread 3 ] DEBUG Engine               - isLinux: false
10:01:01.901 [FXGL Background Thread 3 ] DEBUG Engine               - isMac: false
10:01:01.901 [FXGL Background Thread 3 ] DEBUG Engine               - isMainMenuEnabled: true
10:01:01.901 [FXGL Background Thread 3 ] DEBUG Engine               - isManualResizeEnabled: false
10:01:01.901 [FXGL Background Thread 3 ] DEBUG Engine               - isMobile: false
10:01:01.901 [FXGL Background Thread 3 ] DEBUG Engine               - isNative: false
10:01:01.901 [FXGL Background Thread 3 ] DEBUG Engine               - isPauseMusicWhenMinimized: true
10:01:01.901 [FXGL Background Thread 3 ] DEBUG Engine               - isPreserveResizeRatio: false
10:01:01.902 [FXGL Background Thread 3 ] DEBUG Engine               - isProfilingEnabled: false
10:01:01.902 [FXGL Background Thread 3 ] DEBUG Engine               - isScaleAffectedOnResize: true
10:01:01.902 [FXGL Background Thread 3 ] DEBUG Engine               - isSingleStep: false
10:01:01.902 [FXGL Background Thread 3 ] DEBUG Engine               - isUserProfileEnabled: false
10:01:01.902 [FXGL Background Thread 3 ] DEBUG Engine               - isWindows: true
10:01:01.902 [FXGL Background Thread 3 ] DEBUG Engine               - language: ObjectProperty [value: ENGLISH]
10:01:01.903 [FXGL Background Thread 3 ] DEBUG Engine               - menuKey: ESCAPE
10:01:01.903 [FXGL Background Thread 3 ] DEBUG Engine               - mouseSensitivity: 0.2
10:01:01.903 [FXGL Background Thread 3 ] DEBUG Engine               - notificationViewClass: class com.almasb.fxgl.notification.view.XboxNotificationView
10:01:01.903 [FXGL Background Thread 3 ] DEBUG Engine               - pixelsPerMeter: 50.0
10:01:01.903 [FXGL Background Thread 3 ] DEBUG Engine               - platform: WINDOWS
10:01:01.903 [FXGL Background Thread 3 ] DEBUG Engine               - prefHeightProperty: ReadOnlyDoubleProperty [value: 672.0]
10:01:01.903 [FXGL Background Thread 3 ] DEBUG Engine               - prefWidthProperty: ReadOnlyDoubleProperty [value: 816.0]
10:01:01.903 [FXGL Background Thread 3 ] DEBUG Engine               - profileDir: profiles/
10:01:01.903 [FXGL Background Thread 3 ] DEBUG Engine               - profileName: StringProperty [value: DEFAULT]
10:01:01.904 [FXGL Background Thread 3 ] DEBUG Engine               - randomSeed: -1
10:01:01.904 [FXGL Background Thread 3 ] DEBUG Engine               - runtimeInfo: RuntimeInfo(platform=WINDOWS, version=17.1, build=24.03.2022 17.34)
10:01:01.904 [FXGL Background Thread 3 ] DEBUG Engine               - saveFileExt: sav
10:01:01.905 [FXGL Background Thread 3 ] DEBUG Engine               - scaledHeightProp$fxgl: DoubleProperty [bound, value: 672.0]
10:01:01.905 [FXGL Background Thread 3 ] DEBUG Engine               - scaledWidthProp$fxgl: DoubleProperty [bound, value: 816.0]
10:01:01.905 [FXGL Background Thread 3 ] DEBUG Engine               - sceneFactory: com.csu.tank.TankApp$1@389b6ded
10:01:01.905 [FXGL Background Thread 3 ] DEBUG Engine               - secondsIn24h: 60
10:01:01.905 [FXGL Background Thread 3 ] DEBUG Engine               - soundMenuBack: menu/back.wav
10:01:01.905 [FXGL Background Thread 3 ] DEBUG Engine               - soundMenuPress: menu/press.wav
10:01:01.905 [FXGL Background Thread 3 ] DEBUG Engine               - soundMenuSelect: menu/select.wav
10:01:01.905 [FXGL Background Thread 3 ] DEBUG Engine               - soundNotification: core/notification.wav
10:01:01.905 [FXGL Background Thread 3 ] DEBUG Engine               - stageStyle: DECORATED
10:01:01.905 [FXGL Background Thread 3 ] DEBUG Engine               - supportedLanguages: [ENGLISH, FRENCH, GERMAN, HUNGARIAN, RUSSIAN]
10:01:01.905 [FXGL Background Thread 3 ] DEBUG Engine               - ticksPerSecond: -1
10:01:01.905 [FXGL Background Thread 3 ] DEBUG Engine               - title: 90 Tank
10:01:01.905 [FXGL Background Thread 3 ] DEBUG Engine               - urlGithub: https://github.com/AlmasB/FXGL
10:01:01.905 [FXGL Background Thread 3 ] DEBUG Engine               - urlLeaderboard: http://fxgl-top.herokuapp.com/
10:01:01.905 [FXGL Background Thread 3 ] DEBUG Engine               - urlPOM: https://raw.githubusercontent.com/AlmasB/FXGL/release/README.md
10:01:01.905 [FXGL Background Thread 3 ] DEBUG Engine               - userAppClass: class com.csu.tank.TankApp
10:01:01.906 [FXGL Background Thread 3 ] DEBUG Engine               - version: Version 0.3
10:01:01.906 [FXGL Background Thread 3 ] DEBUG Engine               - versionCheckDays: 7
10:01:01.906 [FXGL Background Thread 3 ] DEBUG Engine               - width: 816
10:01:01.906 [FXGL Background Thread 3 ] DEBUG Engine               - Logging services
10:01:01.906 [FXGL Background Thread 3 ] DEBUG Engine               - class com.almasb.fxgl.app.services.FXGLAssetLoaderService
10:01:01.906 [FXGL Background Thread 3 ] DEBUG Engine               - class com.almasb.fxgl.app.FXGLApplication$GameApplicationService
10:01:01.906 [FXGL Background Thread 3 ] DEBUG Engine               - class com.almasb.fxgl.app.services.FXGLDialogService
10:01:01.906 [FXGL Background Thread 3 ] DEBUG Engine               - class com.almasb.fxgl.app.services.IOTaskExecutorService
10:01:01.906 [FXGL Background Thread 3 ] DEBUG Engine               - class com.almasb.fxgl.io.FileSystemService
10:01:01.906 [FXGL Background Thread 3 ] DEBUG Engine               - class com.almasb.fxgl.localization.LocalizationService
10:01:01.906 [FXGL Background Thread 3 ] DEBUG Engine               - class com.almasb.fxgl.app.services.SystemBundleService
10:01:01.906 [FXGL Background Thread 3 ] DEBUG Engine               - class com.almasb.fxgl.profile.SaveLoadService
10:01:01.906 [FXGL Background Thread 3 ] DEBUG Engine               - class com.almasb.fxgl.ui.FXGLUIFactoryServiceProvider
10:01:01.906 [FXGL Background Thread 3 ] DEBUG Engine               - class com.almasb.fxgl.ui.FXGLDialogFactoryServiceProvider
10:01:01.906 [FXGL Background Thread 3 ] DEBUG Engine               - class com.almasb.fxgl.audio.AudioPlayer
10:01:01.906 [FXGL Background Thread 3 ] DEBUG Engine               - class com.almasb.fxgl.notification.impl.NotificationServiceProvider
10:01:01.906 [FXGL Background Thread 3 ] DEBUG Engine               - class com.almasb.fxgl.achievement.AchievementService
10:01:01.906 [FXGL Background Thread 3 ] DEBUG Engine               - class com.almasb.fxgl.cutscene.CutsceneService
10:01:01.907 [FXGL Background Thread 3 ] DEBUG Engine               - class com.almasb.fxgl.minigames.MiniGameService
10:01:01.907 [FXGL Background Thread 3 ] DEBUG Engine               - class com.almasb.fxgl.net.NetService
10:01:01.907 [FXGL Background Thread 3 ] DEBUG Engine               - class com.almasb.fxgl.app.services.UpdaterService
10:01:01.907 [FXGL Background Thread 3 ] DEBUG Engine               - class com.almasb.fxgl.dev.DevService
10:01:01.907 [JavaFX Application Thread] DEBUG FXGLAssetLoaderServi - Loading from file system: file:/C:/Users/wangshifu/IdeaProjects/FXGL_Tank-main/target/classes/assets/sounds/select.wav
10:01:01.910 [JavaFX Application Thread] DEBUG Menu                 - fireNewGame()
10:01:01.910 [JavaFX Application Thread] DEBUG GameApplicationServi - Starting new game
10:01:01.910 [JavaFX Application Thread] DEBUG PrimaryStageWindow   - Pop state: GameMainMenu
10:01:01.910 [JavaFX Application Thread] DEBUG Input                - Clearing active input actions
10:01:01.911 [JavaFX Application Thread] DEBUG GameApplicationServi - Removing overlay from GameMainMenu and adding to FXGLMainMenuDummyScene
10:01:01.912 [JavaFX Application Thread] DEBUG PrimaryStageWindow   - FXGLMainMenuDummyScene <- GameMainMenu
10:01:01.912 [JavaFX Application Thread] DEBUG Input                - Clearing active input actions
10:01:01.918 [JavaFX Application Thread] DEBUG GameApplicationServi - Removing overlay from FXGLMainMenuDummyScene and adding to GameLoadingScene
10:01:01.918 [JavaFX Application Thread] DEBUG PrimaryStageWindow   - FXGLMainMenuDummyScene -> GameLoadingScene
10:01:01.918 [JavaFX Application Thread] DEBUG GameApplicationServi - Clearing previous game
10:01:01.918 [JavaFX Application Thread] DEBUG GameScene            - Clearing game scene
10:01:01.918 [JavaFX Application Thread] DEBUG GameWorld            - Clearing game world
10:01:01.918 [JavaFX Application Thread] DEBUG PhysicsWorld         - Clearing physics world
10:01:01.922 [FXGL Background Thread 2 ] DEBUG FXGLApplication      - Initializing game
10:01:01.925 [FXGL Background Thread 2 ] DEBUG FXGLAssetLoaderServi - Loading from file system: file:/C:/Users/wangshifu/IdeaProjects/FXGL_Tank-main/target/classes/assets/properties/game.properties
10:01:01.934 [FXGL Background Thread 2 ] DEBUG FXGLAssetLoaderServi - Loading from file system: file:/C:/Users/wangshifu/IdeaProjects/FXGL_Tank-main/target/classes/assets/textures/map/stone.png
10:01:01.934 [FXGL Background Thread 2 ] DEBUG FXGLAssetLoaderServi - Loading from file system: file:/C:/Users/wangshifu/IdeaProjects/FXGL_Tank-main/target/classes/assets/textures/map/brick.png
10:01:01.937 [FXGL Background Thread 2 ] DEBUG FXGLAssetLoaderServi - Loading from file system: file:/C:/Users/wangshifu/IdeaProjects/FXGL_Tank-main/target/classes/assets/textures/map/sea_anim.png
10:01:01.938 [FXGL Background Thread 2 ] DEBUG FXGLAssetLoaderServi - Loading from file system: file:/C:/Users/wangshifu/IdeaProjects/FXGL_Tank-main/target/classes/assets/textures/explode/explode_level_2.png
10:01:01.946 [FXGL Background Thread 2 ] INFO  FXGLApplication      - Game initialization took: 0.024 sec
10:01:01.947 [JavaFX Application Thread] DEBUG Input                - Clearing active input actions
10:01:01.951 [JavaFX Application Thread] DEBUG GameApplicationServi - Removing overlay from GameLoadingScene and adding to GameScene
10:01:01.951 [JavaFX Application Thread] DEBUG PrimaryStageWindow   - GameLoadingScene -> GameScene
10:01:03.479 [JavaFX Application Thread] WARN  TMXLevelLoader       - TiledMap generated from 1.8.4. Supported version: 1.4.2. Some features may not be parsed fully.
10:01:03.486 [JavaFX Application Thread] DEBUG TMXLevelLoader       - Parsed TiledMap: file:/C:/Users/wangshifu/IdeaProjects/FXGL_Tank-main/ConstructMap/level0.tmx
10:01:03.487 [JavaFX Application Thread] DEBUG TMXLevelLoader       - Creating tile layer entities
10:01:03.487 [JavaFX Application Thread] DEBUG TMXLevelLoader       - Creating object layer entities
10:01:03.509 [JavaFX Application Thread] DEBUG GameWorld            - Clearing removable entities
10:01:03.509 [JavaFX Application Thread] DEBUG GameWorld            - Setting level: com.almasb.fxgl.entity.level.Level@5b84c1ae
10:01:03.513 [JavaFX Application Thread] DEBUG FXGLAssetLoaderServi - Loading from file system: file:/C:/Users/wangshifu/IdeaProjects/FXGL_Tank-main/target/classes/assets/sounds/start.wav
10:01:03.522 [JavaFX Application Thread] DEBUG FXGLAssetLoaderServi - Loading from file system: file:/C:/Users/wangshifu/IdeaProjects/FXGL_Tank-main/target/classes/assets/textures/tank/H1U.png
10:01:03.527 [JavaFX Application Thread] DEBUG FXGLAssetLoaderServi - Loading from file system: file:/C:/Users/wangshifu/IdeaProjects/FXGL_Tank-main/target/classes/assets/textures/item/armed_helmet.png
10:01:03.537 [JavaFX Application Thread] DEBUG FXGLAssetLoaderServi - Loading from file system: file:/C:/Users/wangshifu/IdeaProjects/FXGL_Tank-main/target/classes/assets/textures/tank/H2U.png
10:01:03.549 [JavaFX Application Thread] DEBUG FXGLAssetLoaderServi - Loading from file system: file:/C:/Users/wangshifu/IdeaProjects/FXGL_Tank-main/target/classes/assets/textures/ui/enemy_pre.png
10:01:03.550 [JavaFX Application Thread] DEBUG FXGLAssetLoaderServi - Loading from file system: file:/C:/Users/wangshifu/IdeaProjects/FXGL_Tank-main/target/classes/assets/textures/ui/levelFlag.png
10:01:03.551 [JavaFX Application Thread] DEBUG FXGLAssetLoaderServi - Loading from file system: file:/C:/Users/wangshifu/IdeaProjects/FXGL_Tank-main/target/classes/assets/textures/ui/bulletLevel.png
10:01:03.554 [JavaFX Application Thread] DEBUG FXGLAssetLoaderServi - Loading from file system: file:/C:/Users/wangshifu/IdeaProjects/FXGL_Tank-main/target/classes/assets/textures/tank/spawnTank.png
10:01:03.556 [JavaFX Application Thread] DEBUG FXGLAssetLoaderServi - Loading from file system: file:/C:/Users/wangshifu/IdeaProjects/FXGL_Tank-main/target/classes/assets/textures/tank/E3U.png
10:01:03.558 [JavaFX Application Thread] DEBUG FXGLAssetLoaderServi - Loading from file system: file:/C:/Users/wangshifu/IdeaProjects/FXGL_Tank-main/target/classes/assets/textures/tank/E10U.png
10:01:03.560 [JavaFX Application Thread] DEBUG FXGLAssetLoaderServi - Loading from file system: file:/C:/Users/wangshifu/IdeaProjects/FXGL_Tank-main/target/classes/assets/textures/tank/E7U.png
10:01:04.684 [JavaFX Application Thread] DEBUG FXGLAssetLoaderServi - Loading from file system: file:/C:/Users/wangshifu/IdeaProjects/FXGL_Tank-main/target/classes/assets/sounds/normalFire.wav
10:01:04.688 [JavaFX Application Thread] DEBUG FXGLAssetLoaderServi - Loading from file system: file:/C:/Users/wangshifu/IdeaProjects/FXGL_Tank-main/target/classes/assets/textures/bullet/normal.png
10:01:05.963 [JavaFX Application Thread] DEBUG FXGLAssetLoaderServi - Loading from file system: file:/C:/Users/wangshifu/IdeaProjects/FXGL_Tank-main/target/classes/assets/sounds/normalBomb.wav
10:01:17.100 [JavaFX Application Thread] DEBUG PrimaryStageWindow   - Push state: SuccessScene
10:01:17.101 [JavaFX Application Thread] DEBUG Input                - Clearing active input actions
10:01:17.101 [JavaFX Application Thread] DEBUG GameApplicationServi - Removing overlay from GameScene and adding to SuccessScene
10:01:17.101 [JavaFX Application Thread] DEBUG PrimaryStageWindow   - GameScene -> SuccessScene
10:01:19.114 [JavaFX Application Thread] DEBUG PrimaryStageWindow   - Pop state: SuccessScene
10:01:19.115 [JavaFX Application Thread] DEBUG Input                - Clearing active input actions
10:01:19.115 [JavaFX Application Thread] DEBUG GameApplicationServi - Removing overlay from SuccessScene and adding to GameScene
10:01:19.115 [JavaFX Application Thread] DEBUG PrimaryStageWindow   - GameScene <- SuccessScene
10:01:20.622 [JavaFX Application Thread] WARN  TMXLevelLoader       - TiledMap generated from 1.10.2. Supported version: 1.4.2. Some features may not be parsed fully.
10:01:20.639 [JavaFX Application Thread] DEBUG TMXLevelLoader       - Parsed TiledMap: file:/C:/Users/wangshifu/IdeaProjects/FXGL_Tank-main/target/classes/assets/levels/level1.tmx
10:01:20.639 [JavaFX Application Thread] DEBUG TMXLevelLoader       - Creating tile layer entities
10:01:20.639 [JavaFX Application Thread] DEBUG TMXLevelLoader       - Creating object layer entities
10:01:20.678 [JavaFX Application Thread] DEBUG GameWorld            - Clearing removable entities
10:01:20.680 [JavaFX Application Thread] DEBUG GameWorld            - Setting level: com.almasb.fxgl.entity.level.Level@5bccd37a
10:01:20.686 [JavaFX Application Thread] DEBUG FXGLAssetLoaderServi - Loading from file system: file:/C:/Users/wangshifu/IdeaProjects/FXGL_Tank-main/target/classes/assets/textures/tank/E8U.png
10:01:20.690 [JavaFX Application Thread] DEBUG FXGLAssetLoaderServi - Loading from file system: file:/C:/Users/wangshifu/IdeaProjects/FXGL_Tank-main/target/classes/assets/textures/tank/E11U.png
10:01:29.354 [JavaFX Application Thread] DEBUG FXGLApplication      - Exiting FXGL
10:01:29.355 [JavaFX Application Thread] DEBUG LoopRunner           - Stopping loop
10:01:29.355 [JavaFX Application Thread] DEBUG SystemBundleService  - Saving FXGL system data
10:01:29.357 [JavaFX Application Thread] DEBUG FileSystemAccess     - Writing to: C:\Users\wangshifu\IdeaProjects\FXGL_Tank-main\system\fxgl.bundle
10:01:29.358 [JavaFX Application Thread] DEBUG Async                - Shutting down background threads
10:01:29.359 [JavaFX Application Thread] DEBUG PrimaryStageWindow   - Closing main window
10:01:29.389 [JavaFX Application Thread] DEBUG Logger               - Closing Logger
