09:53:52.293 [main                     ] DEBUG Logger               - Configured Logger
09:53:52.319 [main                     ] DEBUG GameApplication      - Logging settings
Title: 90 Tank
Version: Version 0.3
Width: 816
Height: 672
Fullscreen: false
Intro: false
Profiling: false
Single step:false
App Mode: DEVELOPER
Menu Key: ESCAPE
Stage Style: DECORATED
Scene Factory: class com.csu.tank.TankApp$1

09:53:52.615 [JavaFX Application Thread] DEBUG FXGLApplication      - Initializing FXGL
09:53:52.620 [JavaFX Application Thread] INFO  Engine               - FXGL-17.1 (24.03.2022 17.34) on WINDOWS (J:17.0.1 FX:18)
09:53:52.620 [JavaFX Application Thread] DEBUG Engine               - JRE Vendor Name: Oracle Corporation
09:53:52.620 [JavaFX Application Thread] DEBUG Engine               - Running on OS: Windows 10 version 10.0
09:53:52.621 [JavaFX Application Thread] DEBUG Engine               - Architecture: amd64
09:53:52.621 [JavaFX Application Thread] INFO  Engine               - Source code and latest versions at: https://github.com/AlmasB/FXGL
09:53:52.621 [JavaFX Application Thread] INFO  Engine               -       Ask questions and discuss at: https://github.com/AlmasB/FXGL/discussions
09:53:52.621 [JavaFX Application Thread] INFO  Engine               -              Join the FXGL chat at: https://gitter.im/AlmasB/FXGL
09:53:52.693 [JavaFX Application Thread] DEBUG PrimaryStageWindow   - Creating a JavaFX scene
09:53:52.731 [JavaFX Application Thread] DEBUG PrimaryStageWindow   - Target settings size: 816.0 x 672.0
09:53:52.732 [JavaFX Application Thread] DEBUG PrimaryStageWindow   - Scaled scene size:    816.0 x 672.0
09:53:52.732 [JavaFX Application Thread] DEBUG PrimaryStageWindow   - Scaled ratio: (1.0, 1.0)
09:53:52.733 [JavaFX Application Thread] DEBUG PrimaryStageWindow   - Set initial scene to GameStartupScene
09:53:52.737 [JavaFX Application Thread] DEBUG PrimaryStageWindow   - Opening main window
09:53:52.920 [JavaFX Application Thread] DEBUG PrimaryStageWindow   - Window border size: (14.4000244140625, 37.5999755859375)
09:53:52.921 [JavaFX Application Thread] DEBUG PrimaryStageWindow   - Scaled size: 816.0 x 672.0
09:53:52.921 [JavaFX Application Thread] DEBUG PrimaryStageWindow   - Scaled ratio: (1.0, 1.0)
09:53:52.921 [JavaFX Application Thread] DEBUG PrimaryStageWindow   - Scene size: 816.0 x 672.0
09:53:52.921 [JavaFX Application Thread] DEBUG PrimaryStageWindow   - Stage size: 830.4000244140625 x 709.5999755859375
09:53:52.928 [FXGL Background Thread 1 ] DEBUG Engine               - Initializing environment variables
09:53:52.952 [FXGL Background Thread 1 ] DEBUG FXGLAssetLoaderServi - User app class for loading assets: class com.csu.tank.TankApp
09:53:52.952 [FXGL Background Thread 1 ] DEBUG GameApplicationServi - Applying CSS: fxgl_dark.css
09:53:52.954 [FXGL Background Thread 1 ] DEBUG FXGLAssetLoaderServi - Loading from file system: jar:file:///C:/Users/wangshifu/.m2/repository/com/github/almasb/fxgl/17.1/fxgl-17.1.jar!/fxglassets/ui/css/fxgl_dark.css
09:53:52.969 [FXGL Background Thread 1 ] DEBUG GameApplicationServi - Applying CSS: tankApp.css
09:53:52.969 [FXGL Background Thread 1 ] DEBUG FXGLAssetLoaderServi - Loading from file system: file:/C:/Users/wangshifu/IdeaProjects/FXGL_Tank-main/target/classes/assets/ui/css/tankApp.css
09:53:52.970 [FXGL Background Thread 1 ] DEBUG GameApplicationServi - Initializing application scenes
09:53:52.973 [FXGL Background Thread 1 ] DEBUG GameWorld            - Game world initialized
09:53:53.023 [FXGL Background Thread 1 ] DEBUG PhysicsWorld         - Physics world initialized: appHeight=672, physics.ppm=50.0
09:53:53.023 [FXGL Background Thread 1 ] DEBUG PhysicsWorld         - Using strategy: BRUTE_FORCE
09:53:53.028 [FXGL Background Thread 1 ] DEBUG GameScene            - Game scene initialized: 816x672
09:53:53.031 [FXGL Background Thread 1 ] DEBUG FXGLAssetLoaderServi - Loading from file system: file:/C:/Users/wangshifu/IdeaProjects/FXGL_Tank-main/target/classes/assets/textures/ui/logo.png
09:53:53.047 [FXGL Background Thread 1 ] DEBUG FXGLAssetLoaderServi - Loading from file system: file:/C:/Users/wangshifu/IdeaProjects/FXGL_Tank-main/target/classes/assets/textures/ui/icon.png
09:53:53.056 [FXGL Background Thread 1 ] DEBUG FXGLAssetLoaderServi - Loading from file system: file:/C:/Users/wangshifu/IdeaProjects/FXGL_Tank-main/target/classes/assets/textures/ui/tankLoading.png
09:53:53.088 [FXGL Background Thread 1 ] DEBUG FXGLAssetLoaderServi - Loading from file system: file:/C:/Users/wangshifu/IdeaProjects/FXGL_Tank-main/target/classes/assets/textures/ui/fxgl.png
09:53:53.141 [FXGL Background Thread 1 ] DEBUG FXGL.DefaultMenu     - createMenuBodyGameMenu()
09:53:53.150 [FXGL Background Thread 1 ] DEBUG FXGL.DefaultMenu     - createOptionsMenu()
09:53:53.158 [FXGL Background Thread 1 ] DEBUG FXGLAssetLoaderServi - Loading from file system: jar:file:///C:/Users/wangshifu/.m2/repository/com/github/almasb/fxgl/17.1/fxgl-17.1.jar!/fxglassets/textures/particles/smoke.png
09:53:53.223 [FXGL Background Thread 1 ] DEBUG FXGLAssetLoaderServi - Loading from file system: jar:file:///C:/Users/wangshifu/.m2/repository/com/github/almasb/fxgl/17.1/fxgl-17.1.jar!/fxglassets/textures/particles/trace_horizontal.png
09:53:53.238 [FXGL Background Thread 1 ] DEBUG GameApplicationServi - Application scenes initialized
09:53:53.246 [FXGL Background Thread 1 ] DEBUG SystemBundleService  - Loading FXGL system data
09:53:53.250 [FXGL Background Thread 1 ] DEBUG FileSystemAccess     - Reading from: C:\Users\wangshifu\IdeaProjects\FXGL_Tank-main\system\fxgl.bundle
09:53:53.255 [FXGL Background Thread 1 ] DEBUG SystemBundleService  - Bundle FXGL: {}
09:53:53.256 [FXGL Background Thread 1 ] DEBUG UpdaterService       - Checking for updates
09:53:53.259 [FXGL Background Thread 4 ] DEBUG FXGLApplication      - Loading fonts
09:53:53.259 [FXGL Background Thread 4 ] DEBUG FXGLAssetLoaderServi - Loading from file system: jar:file:///C:/Users/wangshifu/.m2/repository/com/github/almasb/fxgl/17.1/fxgl-17.1.jar!/fxglassets/ui/fonts/VarelaRound-Regular.ttf
09:53:53.259 [FXGL Background Thread 1 ] DEBUG FXGLApplication      - Loading default localization
09:53:53.260 [FXGL Background Thread 1 ] DEBUG FXGLAssetLoaderServi - Loading from file system: jar:file:///C:/Users/wangshifu/.m2/repository/com/github/almasb/fxgl/17.1/fxgl-17.1.jar!/fxglassets/languages/english.lang
09:53:53.289 [FXGL Background Thread 1 ] INFO  FXGLApplication      - FXGL initialization took: 0.361 sec
09:53:53.298 [JavaFX Application Thread] DEBUG Input                - Registered new binding: action0 - Num Lock
09:53:53.301 [JavaFX Application Thread] DEBUG Input                - Registered new binding: action1 - W
09:53:53.302 [JavaFX Application Thread] DEBUG Input                - Registered new binding: action2 - S
09:53:53.303 [JavaFX Application Thread] DEBUG Input                - Registered new binding: action3 - A
09:53:53.304 [JavaFX Application Thread] DEBUG Input                - Registered new binding: action4 - D
09:53:53.305 [JavaFX Application Thread] DEBUG Input                - Registered new binding: action5 - Space
09:53:53.306 [JavaFX Application Thread] DEBUG Input                - Registered new binding: action6 - Up
09:53:53.307 [JavaFX Application Thread] DEBUG Input                - Registered new binding: action7 - Down
09:53:53.308 [JavaFX Application Thread] DEBUG Input                - Registered new binding: action8 - Left
09:53:53.309 [JavaFX Application Thread] DEBUG Input                - Registered new binding: action9 - Right
09:53:53.310 [JavaFX Application Thread] DEBUG Input                - Registered new binding: action10 - 0
09:53:53.321 [JavaFX Application Thread] DEBUG FXGLAssetLoaderServi - Loading from file system: file:/C:/Users/wangshifu/IdeaProjects/FXGL_Tank-main/target/classes/assets/textures/ui/cursor.png
09:53:53.322 [FXGL Background Thread 4 ] DEBUG FXGLAssetLoaderServi - Loading from file system: jar:file:///C:/Users/wangshifu/.m2/repository/com/github/almasb/fxgl/17.1/fxgl-17.1.jar!/fxglassets/ui/fonts/Abel-Regular.ttf
09:53:53.325 [FXGL Background Thread 4 ] DEBUG FXGLAssetLoaderServi - Loading from file system: jar:file:///C:/Users/wangshifu/.m2/repository/com/github/almasb/fxgl/17.1/fxgl-17.1.jar!/fxglassets/ui/fonts/TerminalLandMono-Regular.otf
09:53:53.327 [JavaFX Application Thread] DEBUG Input                - Registered new binding: Screenshot - CTRL+8
09:53:53.327 [FXGL Background Thread 4 ] DEBUG FXGLAssetLoaderServi - Loading from file system: jar:file:///C:/Users/wangshifu/.m2/repository/com/github/almasb/fxgl/17.1/fxgl-17.1.jar!/fxglassets/ui/fonts/Courier-Prime.ttf
09:53:53.328 [JavaFX Application Thread] DEBUG Input                - Registered new binding: System info dump - CTRL+9
09:53:53.329 [JavaFX Application Thread] DEBUG Input                - Registered new binding: Restart - CTRL+R
09:53:53.331 [JavaFX Application Thread] DEBUG Input                - Registered new binding: Toggle Debug Camera - CTRL+7
09:53:53.339 [JavaFX Application Thread] DEBUG LoopRunner           - Starting loop
09:53:53.339 [JavaFX Application Thread] DEBUG LoopRunner           - Initializing JavaFX AnimationTimerLoop
09:53:53.346 [JavaFX Application Thread] DEBUG Input                - Clearing active input actions
09:53:53.352 [JavaFX Application Thread] DEBUG GameApplicationServi - Removing overlay from GameStartupScene and adding to FXGLMainMenuDummyScene
09:53:53.352 [JavaFX Application Thread] DEBUG PrimaryStageWindow   - GameStartupScene -> FXGLMainMenuDummyScene
09:53:53.352 [JavaFX Application Thread] DEBUG PrimaryStageWindow   - Push state: GameMainMenu
09:53:53.353 [JavaFX Application Thread] DEBUG FXGLAssetLoaderServi - Loading from file system: file:/C:/Users/wangshifu/IdeaProjects/FXGL_Tank-main/target/classes/assets/sounds/mainMenuLoad.wav
09:53:53.445 [JavaFX Application Thread] DEBUG Input                - Clearing active input actions
09:53:53.450 [JavaFX Application Thread] DEBUG GameApplicationServi - Removing overlay from FXGLMainMenuDummyScene and adding to GameMainMenu
09:53:53.451 [JavaFX Application Thread] DEBUG PrimaryStageWindow   - FXGLMainMenuDummyScene -> GameMainMenu
09:53:53.452 [JavaFX Application Thread] DEBUG FXGLApplication      - Registering font factories with UI factory
09:53:53.620 [FXGL Background Thread 2 ] WARN  UpdaterService       - Failed to find updates: javax.net.ssl.SSLHandshakeException: PKIX path building failed: sun.security.provider.certpath.SunCertPathBuilderException: unable to find valid certification path to requested target
09:53:55.456 [JavaFX Application Thread] DEBUG FXGLAssetLoaderServi - Loading from file system: file:/C:/Users/wangshifu/IdeaProjects/FXGL_Tank-main/target/classes/assets/sounds/mainMenuHover.wav
09:53:56.259 [FXGL Background Thread 3 ] DEBUG Engine               - Logging environment variables
09:53:56.260 [FXGL Background Thread 3 ] DEBUG Engine               - achievements: []
09:53:56.260 [FXGL Background Thread 3 ] DEBUG Engine               - actualHeight: 672.0
09:53:56.261 [FXGL Background Thread 3 ] DEBUG Engine               - actualHeightProperty: ReadOnlyDoubleProperty [value: 672.0]
09:53:56.261 [FXGL Background Thread 3 ] DEBUG Engine               - actualWidth: 816.0
09:53:56.261 [FXGL Background Thread 3 ] DEBUG Engine               - actualWidthProperty: ReadOnlyDoubleProperty [value: 816.0]
09:53:56.262 [FXGL Background Thread 3 ] DEBUG Engine               - appIcon: ui/icon.png
09:53:56.262 [FXGL Background Thread 3 ] DEBUG Engine               - applicationMode: DEVELOPER
09:53:56.262 [FXGL Background Thread 3 ] DEBUG Engine               - cSSList: [fxgl_dark.css, tankApp.css]
09:53:56.262 [FXGL Background Thread 3 ] DEBUG Engine               - collisionDetectionStrategy: BRUTE_FORCE
09:53:56.262 [FXGL Background Thread 3 ] DEBUG Engine               - configClass: Optional.empty
09:53:56.262 [FXGL Background Thread 3 ] DEBUG Engine               - credits: []
09:53:56.264 [FXGL Background Thread 3 ] DEBUG Engine               - defaultCursor: CursorInfo(imageName=ui/cursor.png, hotspotX=0.0, hotspotY=0.0)
09:53:56.264 [FXGL Background Thread 3 ] DEBUG Engine               - devBBoxColorProperty: ObjectProperty [value: 0xff0000ff]
09:53:56.264 [FXGL Background Thread 3 ] DEBUG Engine               - devEnableDebugCameraProperty: BooleanProperty [value: false]
09:53:56.264 [FXGL Background Thread 3 ] DEBUG Engine               - devSensorColorProperty: ObjectProperty [value: 0xffff00ff]
09:53:56.265 [FXGL Background Thread 3 ] DEBUG Engine               - devShowBBoxProperty: BooleanProperty [value: false]
09:53:56.265 [FXGL Background Thread 3 ] DEBUG Engine               - devShowPositionProperty: BooleanProperty [value: false]
09:53:56.265 [FXGL Background Thread 3 ] DEBUG Engine               - enabledMenuItems: []
09:53:56.266 [FXGL Background Thread 3 ] DEBUG Engine               - engineServices: [class com.almasb.fxgl.app.services.FXGLAssetLoaderService, class com.almasb.fxgl.app.FXGLApplication$GameApplicationService, class com.almasb.fxgl.app.services.FXGLDialogService, class com.almasb.fxgl.app.services.IOTaskExecutorService, class com.almasb.fxgl.io.FileSystemService, class com.almasb.fxgl.localization.LocalizationService, class com.almasb.fxgl.app.services.SystemBundleService, class com.almasb.fxgl.profile.SaveLoadService, class com.almasb.fxgl.ui.FXGLUIFactoryServiceProvider, class com.almasb.fxgl.ui.FXGLDialogFactoryServiceProvider, class com.almasb.fxgl.audio.AudioPlayer, class com.almasb.fxgl.notification.impl.NotificationServiceProvider, class com.almasb.fxgl.achievement.AchievementService, class com.almasb.fxgl.cutscene.CutsceneService, class com.almasb.fxgl.minigames.MiniGameService, class com.almasb.fxgl.net.NetService, class com.almasb.fxgl.app.services.UpdaterService, class com.almasb.fxgl.dev.DevService]
09:53:56.266 [FXGL Background Thread 3 ] DEBUG Engine               - fontGame: Abel-Regular.ttf
09:53:56.266 [FXGL Background Thread 3 ] DEBUG Engine               - fontMono: TerminalLandMono-Regular.otf
09:53:56.267 [FXGL Background Thread 3 ] DEBUG Engine               - fontText: Courier-Prime.ttf
09:53:56.267 [FXGL Background Thread 3 ] DEBUG Engine               - fontUI: VarelaRound-Regular.ttf
09:53:56.267 [FXGL Background Thread 3 ] DEBUG Engine               - fullScreen: BooleanProperty [value: false]
09:53:56.267 [FXGL Background Thread 3 ] DEBUG Engine               - gameDifficulty: MEDIUM
09:53:56.267 [FXGL Background Thread 3 ] DEBUG Engine               - gameDifficultyProperty: ObjectProperty [value: MEDIUM]
09:53:56.267 [FXGL Background Thread 3 ] DEBUG Engine               - globalMusicVolume: 0.5
09:53:56.267 [FXGL Background Thread 3 ] DEBUG Engine               - globalMusicVolumeProperty: DoubleProperty [value: 0.5]
09:53:56.267 [FXGL Background Thread 3 ] DEBUG Engine               - globalSoundVolume: 0.5
09:53:56.267 [FXGL Background Thread 3 ] DEBUG Engine               - globalSoundVolumeProperty: DoubleProperty [value: 0.5]
09:53:56.267 [FXGL Background Thread 3 ] DEBUG Engine               - height: 672
09:53:56.268 [FXGL Background Thread 3 ] DEBUG Engine               - is3D: false
09:53:56.268 [FXGL Background Thread 3 ] DEBUG Engine               - isAndroid: false
09:53:56.268 [FXGL Background Thread 3 ] DEBUG Engine               - isBrowser: false
09:53:56.268 [FXGL Background Thread 3 ] DEBUG Engine               - isClickFeedbackEnabled: false
09:53:56.268 [FXGL Background Thread 3 ] DEBUG Engine               - isCloseConfirmation: false
09:53:56.268 [FXGL Background Thread 3 ] DEBUG Engine               - isDesktop: true
09:53:56.268 [FXGL Background Thread 3 ] DEBUG Engine               - isDeveloperMenuEnabled: false
09:53:56.268 [FXGL Background Thread 3 ] DEBUG Engine               - isEmbedded: false
09:53:56.268 [FXGL Background Thread 3 ] DEBUG Engine               - isEntityPreloadEnabled: true
09:53:56.268 [FXGL Background Thread 3 ] DEBUG Engine               - isExperimentalTiledLargeMap: false
09:53:56.268 [FXGL Background Thread 3 ] DEBUG Engine               - isFileSystemWriteAllowed: true
09:53:56.268 [FXGL Background Thread 3 ] DEBUG Engine               - isFullScreenAllowed: false
09:53:56.268 [FXGL Background Thread 3 ] DEBUG Engine               - isFullScreenFromStart: false
09:53:56.269 [FXGL Background Thread 3 ] DEBUG Engine               - isGameMenuEnabled: true
09:53:56.269 [FXGL Background Thread 3 ] DEBUG Engine               - isIOS: false
09:53:56.269 [FXGL Background Thread 3 ] DEBUG Engine               - isIntroEnabled: false
09:53:56.269 [FXGL Background Thread 3 ] DEBUG Engine               - isLinux: false
09:53:56.270 [FXGL Background Thread 3 ] DEBUG Engine               - isMac: false
09:53:56.270 [FXGL Background Thread 3 ] DEBUG Engine               - isMainMenuEnabled: true
09:53:56.270 [FXGL Background Thread 3 ] DEBUG Engine               - isManualResizeEnabled: false
09:53:56.270 [FXGL Background Thread 3 ] DEBUG Engine               - isMobile: false
09:53:56.270 [FXGL Background Thread 3 ] DEBUG Engine               - isNative: false
09:53:56.270 [FXGL Background Thread 3 ] DEBUG Engine               - isPauseMusicWhenMinimized: true
09:53:56.270 [FXGL Background Thread 3 ] DEBUG Engine               - isPreserveResizeRatio: false
09:53:56.270 [FXGL Background Thread 3 ] DEBUG Engine               - isProfilingEnabled: false
09:53:56.270 [FXGL Background Thread 3 ] DEBUG Engine               - isScaleAffectedOnResize: true
09:53:56.270 [FXGL Background Thread 3 ] DEBUG Engine               - isSingleStep: false
09:53:56.270 [FXGL Background Thread 3 ] DEBUG Engine               - isUserProfileEnabled: false
09:53:56.270 [FXGL Background Thread 3 ] DEBUG Engine               - isWindows: true
09:53:56.270 [FXGL Background Thread 3 ] DEBUG Engine               - language: ObjectProperty [value: ENGLISH]
09:53:56.270 [FXGL Background Thread 3 ] DEBUG Engine               - menuKey: ESCAPE
09:53:56.270 [FXGL Background Thread 3 ] DEBUG Engine               - mouseSensitivity: 0.2
09:53:56.270 [FXGL Background Thread 3 ] DEBUG Engine               - notificationViewClass: class com.almasb.fxgl.notification.view.XboxNotificationView
09:53:56.271 [FXGL Background Thread 3 ] DEBUG Engine               - pixelsPerMeter: 50.0
09:53:56.271 [FXGL Background Thread 3 ] DEBUG Engine               - platform: WINDOWS
09:53:56.271 [FXGL Background Thread 3 ] DEBUG Engine               - prefHeightProperty: ReadOnlyDoubleProperty [value: 672.0]
09:53:56.271 [FXGL Background Thread 3 ] DEBUG Engine               - prefWidthProperty: ReadOnlyDoubleProperty [value: 816.0]
09:53:56.271 [FXGL Background Thread 3 ] DEBUG Engine               - profileDir: profiles/
09:53:56.271 [FXGL Background Thread 3 ] DEBUG Engine               - profileName: StringProperty [value: DEFAULT]
09:53:56.272 [FXGL Background Thread 3 ] DEBUG Engine               - randomSeed: -1
09:53:56.272 [FXGL Background Thread 3 ] DEBUG Engine               - runtimeInfo: RuntimeInfo(platform=WINDOWS, version=17.1, build=24.03.2022 17.34)
09:53:56.272 [FXGL Background Thread 3 ] DEBUG Engine               - saveFileExt: sav
09:53:56.273 [FXGL Background Thread 3 ] DEBUG Engine               - scaledHeightProp$fxgl: DoubleProperty [bound, value: 672.0]
09:53:56.273 [FXGL Background Thread 3 ] DEBUG Engine               - scaledWidthProp$fxgl: DoubleProperty [bound, value: 816.0]
09:53:56.273 [FXGL Background Thread 3 ] DEBUG Engine               - sceneFactory: com.csu.tank.TankApp$1@9370f85
09:53:56.273 [FXGL Background Thread 3 ] DEBUG Engine               - secondsIn24h: 60
09:53:56.273 [FXGL Background Thread 3 ] DEBUG Engine               - soundMenuBack: menu/back.wav
09:53:56.273 [FXGL Background Thread 3 ] DEBUG Engine               - soundMenuPress: menu/press.wav
09:53:56.273 [FXGL Background Thread 3 ] DEBUG Engine               - soundMenuSelect: menu/select.wav
09:53:56.273 [FXGL Background Thread 3 ] DEBUG Engine               - soundNotification: core/notification.wav
09:53:56.273 [FXGL Background Thread 3 ] DEBUG Engine               - stageStyle: DECORATED
09:53:56.273 [FXGL Background Thread 3 ] DEBUG Engine               - supportedLanguages: [ENGLISH, FRENCH, GERMAN, HUNGARIAN, RUSSIAN]
09:53:56.273 [FXGL Background Thread 3 ] DEBUG Engine               - ticksPerSecond: -1
09:53:56.273 [FXGL Background Thread 3 ] DEBUG Engine               - title: 90 Tank
09:53:56.273 [FXGL Background Thread 3 ] DEBUG Engine               - urlGithub: https://github.com/AlmasB/FXGL
09:53:56.273 [FXGL Background Thread 3 ] DEBUG Engine               - urlLeaderboard: http://fxgl-top.herokuapp.com/
09:53:56.273 [FXGL Background Thread 3 ] DEBUG Engine               - urlPOM: https://raw.githubusercontent.com/AlmasB/FXGL/release/README.md
09:53:56.273 [FXGL Background Thread 3 ] DEBUG Engine               - userAppClass: class com.csu.tank.TankApp
09:53:56.273 [FXGL Background Thread 3 ] DEBUG Engine               - version: Version 0.3
09:53:56.274 [FXGL Background Thread 3 ] DEBUG Engine               - versionCheckDays: 7
09:53:56.274 [FXGL Background Thread 3 ] DEBUG Engine               - width: 816
09:53:56.274 [FXGL Background Thread 3 ] DEBUG Engine               - Logging services
09:53:56.274 [FXGL Background Thread 3 ] DEBUG Engine               - class com.almasb.fxgl.app.services.FXGLAssetLoaderService
09:53:56.274 [FXGL Background Thread 3 ] DEBUG Engine               - class com.almasb.fxgl.app.FXGLApplication$GameApplicationService
09:53:56.274 [FXGL Background Thread 3 ] DEBUG Engine               - class com.almasb.fxgl.app.services.FXGLDialogService
09:53:56.274 [FXGL Background Thread 3 ] DEBUG Engine               - class com.almasb.fxgl.app.services.IOTaskExecutorService
09:53:56.274 [FXGL Background Thread 3 ] DEBUG Engine               - class com.almasb.fxgl.io.FileSystemService
09:53:56.275 [FXGL Background Thread 3 ] DEBUG Engine               - class com.almasb.fxgl.localization.LocalizationService
09:53:56.275 [FXGL Background Thread 3 ] DEBUG Engine               - class com.almasb.fxgl.app.services.SystemBundleService
09:53:56.275 [FXGL Background Thread 3 ] DEBUG Engine               - class com.almasb.fxgl.profile.SaveLoadService
09:53:56.275 [FXGL Background Thread 3 ] DEBUG Engine               - class com.almasb.fxgl.ui.FXGLUIFactoryServiceProvider
09:53:56.275 [FXGL Background Thread 3 ] DEBUG Engine               - class com.almasb.fxgl.ui.FXGLDialogFactoryServiceProvider
09:53:56.275 [FXGL Background Thread 3 ] DEBUG Engine               - class com.almasb.fxgl.audio.AudioPlayer
09:53:56.275 [FXGL Background Thread 3 ] DEBUG Engine               - class com.almasb.fxgl.notification.impl.NotificationServiceProvider
09:53:56.275 [FXGL Background Thread 3 ] DEBUG Engine               - class com.almasb.fxgl.achievement.AchievementService
09:53:56.275 [FXGL Background Thread 3 ] DEBUG Engine               - class com.almasb.fxgl.cutscene.CutsceneService
09:53:56.275 [FXGL Background Thread 3 ] DEBUG Engine               - class com.almasb.fxgl.minigames.MiniGameService
09:53:56.275 [FXGL Background Thread 3 ] DEBUG Engine               - class com.almasb.fxgl.net.NetService
09:53:56.275 [FXGL Background Thread 3 ] DEBUG Engine               - class com.almasb.fxgl.app.services.UpdaterService
09:53:56.275 [FXGL Background Thread 3 ] DEBUG Engine               - class com.almasb.fxgl.dev.DevService
09:53:56.753 [JavaFX Application Thread] DEBUG FXGLAssetLoaderServi - Loading from file system: file:/C:/Users/wangshifu/IdeaProjects/FXGL_Tank-main/target/classes/assets/sounds/select.wav
09:53:56.755 [JavaFX Application Thread] DEBUG Menu                 - fireNewGame()
09:53:56.756 [JavaFX Application Thread] DEBUG GameApplicationServi - Starting new game
09:53:56.756 [JavaFX Application Thread] DEBUG PrimaryStageWindow   - Pop state: GameMainMenu
09:53:56.756 [JavaFX Application Thread] DEBUG Input                - Clearing active input actions
09:53:56.756 [JavaFX Application Thread] DEBUG GameApplicationServi - Removing overlay from GameMainMenu and adding to FXGLMainMenuDummyScene
09:53:56.757 [JavaFX Application Thread] DEBUG PrimaryStageWindow   - FXGLMainMenuDummyScene <- GameMainMenu
09:53:56.757 [JavaFX Application Thread] DEBUG Input                - Clearing active input actions
09:53:56.762 [JavaFX Application Thread] DEBUG GameApplicationServi - Removing overlay from FXGLMainMenuDummyScene and adding to GameLoadingScene
09:53:56.762 [JavaFX Application Thread] DEBUG PrimaryStageWindow   - FXGLMainMenuDummyScene -> GameLoadingScene
09:53:56.763 [JavaFX Application Thread] DEBUG GameApplicationServi - Clearing previous game
09:53:56.763 [JavaFX Application Thread] DEBUG GameScene            - Clearing game scene
09:53:56.763 [JavaFX Application Thread] DEBUG GameWorld            - Clearing game world
09:53:56.763 [JavaFX Application Thread] DEBUG PhysicsWorld         - Clearing physics world
09:53:56.764 [FXGL Background Thread 2 ] DEBUG FXGLApplication      - Initializing game
09:53:56.765 [FXGL Background Thread 2 ] DEBUG FXGLAssetLoaderServi - Loading from file system: file:/C:/Users/wangshifu/IdeaProjects/FXGL_Tank-main/target/classes/assets/properties/game.properties
09:53:56.771 [FXGL Background Thread 2 ] DEBUG FXGLAssetLoaderServi - Loading from file system: file:/C:/Users/wangshifu/IdeaProjects/FXGL_Tank-main/target/classes/assets/textures/map/stone.png
09:53:56.771 [FXGL Background Thread 2 ] DEBUG FXGLAssetLoaderServi - Loading from file system: file:/C:/Users/wangshifu/IdeaProjects/FXGL_Tank-main/target/classes/assets/textures/map/brick.png
09:53:56.774 [FXGL Background Thread 2 ] DEBUG FXGLAssetLoaderServi - Loading from file system: file:/C:/Users/wangshifu/IdeaProjects/FXGL_Tank-main/target/classes/assets/textures/map/sea_anim.png
09:53:56.775 [FXGL Background Thread 2 ] DEBUG FXGLAssetLoaderServi - Loading from file system: file:/C:/Users/wangshifu/IdeaProjects/FXGL_Tank-main/target/classes/assets/textures/explode/explode_level_2.png
09:53:56.786 [FXGL Background Thread 2 ] INFO  FXGLApplication      - Game initialization took: 0.022 sec
09:53:56.787 [JavaFX Application Thread] DEBUG Input                - Clearing active input actions
09:53:56.794 [JavaFX Application Thread] DEBUG GameApplicationServi - Removing overlay from GameLoadingScene and adding to GameScene
09:53:56.795 [JavaFX Application Thread] DEBUG PrimaryStageWindow   - GameLoadingScene -> GameScene
09:53:58.289 [JavaFX Application Thread] DEBUG LoopRunner           - Stopping loop
09:53:58.290 [JavaFX Application Thread] FATAL FXGLApplication      - Uncaught Exception:
java.lang.IllegalArgumentException: Property playerNum does not exist
	at com.almasb.fxgl.core@17.1/com.almasb.fxgl.core.collection.PropertyMap.get(PropertyMap.kt:251)
	at com.almasb.fxgl.core@17.1/com.almasb.fxgl.core.collection.PropertyMap.intProperty(PropertyMap.kt:162)
	at com.almasb.fxgl.core@17.1/com.almasb.fxgl.core.collection.PropertyMap.getInt(PropertyMap.kt:152)
	at com.almasb.fxgl.all@17.1/com.almasb.fxgl.dsl.FXGL$Companion.geti(FXGL.kt:306)
	at com.almasb.fxgl.all@17.1/com.almasb.fxgl.dsl.FXGL.geti(FXGL.kt)
	at FXGL_Tank/com.csu.tank.TankApp.startLevel(TankApp.java:316)
	at FXGL_Tank/com.csu.tank.TankApp.lambda$buildAndStartLevel$6(TankApp.java:298)
	at javafx.graphics@18/javafx.animation.Animation.runHandler(Animation.java:1102)
	at javafx.graphics@18/javafx.animation.Animation.finished(Animation.java:1096)
	at javafx.graphics@18/javafx.animation.AnimationAccessorImpl.finished(AnimationAccessorImpl.java:49)
	at javafx.graphics@18/com.sun.scenario.animation.shared.SingleLoopClipEnvelope.timePulse(SingleLoopClipEnvelope.java:107)
	at javafx.graphics@18/javafx.animation.Animation.doTimePulse(Animation.java:1189)
	at javafx.graphics@18/javafx.animation.Animation$1.lambda$timePulse$0(Animation.java:207)
	at java.base/java.security.AccessController.doPrivileged(AccessController.java:399)
	at javafx.graphics@18/javafx.animation.Animation$1.timePulse(Animation.java:206)
	at javafx.graphics@18/com.sun.scenario.animation.AbstractPrimaryTimer.timePulseImpl(AbstractPrimaryTimer.java:343)
	at javafx.graphics@18/com.sun.scenario.animation.AbstractPrimaryTimer$MainLoop.run(AbstractPrimaryTimer.java:266)
	at javafx.graphics@18/com.sun.javafx.tk.quantum.QuantumToolkit.pulse(QuantumToolkit.java:571)
	at javafx.graphics@18/com.sun.javafx.tk.quantum.QuantumToolkit.pulse(QuantumToolkit.java:555)
	at javafx.graphics@18/com.sun.javafx.tk.quantum.QuantumToolkit.pulseFromQueue(QuantumToolkit.java:548)
	at javafx.graphics@18/com.sun.javafx.tk.quantum.QuantumToolkit.lambda$runToolkit$11(QuantumToolkit.java:352)
	at javafx.graphics@18/com.sun.glass.ui.InvokeLaterDispatcher$Future.run(InvokeLaterDispatcher.java:96)
	at javafx.graphics@18/com.sun.glass.ui.win.WinApplication._runLoop(Native Method)
	at javafx.graphics@18/com.sun.glass.ui.win.WinApplication.lambda$runLoop$3(WinApplication.java:184)
	at java.base/java.lang.Thread.run(Thread.java:833)

09:53:58.291 [JavaFX Application Thread] FATAL FXGLApplication      - Application will now exit
09:53:58.308 [JavaFX Application Thread] DEBUG PrimaryStageWindow   - Push state: ErrorSubScene
09:53:58.308 [JavaFX Application Thread] DEBUG Input                - Clearing active input actions
09:53:58.310 [JavaFX Application Thread] DEBUG GameApplicationServi - Removing overlay from GameScene and adding to ErrorSubScene
09:53:58.310 [JavaFX Application Thread] DEBUG PrimaryStageWindow   - GameScene -> ErrorSubScene
09:54:01.344 [JavaFX Application Thread] DEBUG FXGLApplication      - Exiting FXGL
09:54:01.344 [JavaFX Application Thread] DEBUG Async                - Shutting down background threads
09:54:01.345 [JavaFX Application Thread] DEBUG PrimaryStageWindow   - Closing main window
09:54:01.393 [JavaFX Application Thread] DEBUG Logger               - Closing Logger
