19:41:27.312 [main                     ] DEBUG Logger               - Configured Logger
19:41:27.336 [main                     ] DEBUG GameApplication      - Logging settings
Title: 90 Tank
Version: Version 0.3
Width: 816
Height: 672
Fullscreen: false
Intro: false
Profiling: false
Single step:false
App Mode: DEVELOPER
Menu Key: ESCAPE
Stage Style: DECORATED
Scene Factory: class com.csu.tank.TankApp$1

19:41:27.619 [JavaFX Application Thread] DEBUG FXGLApplication      - Initializing FXGL
19:41:27.624 [JavaFX Application Thread] INFO  Engine               - FXGL-17.1 (24.03.2022 17.34) on WINDOWS (J:17.0.1 FX:18)
19:41:27.624 [JavaFX Application Thread] DEBUG Engine               - JRE Vendor Name: Oracle Corporation
19:41:27.624 [JavaFX Application Thread] DEBUG Engine               - Running on OS: Windows 10 version 10.0
19:41:27.625 [JavaFX Application Thread] DEBUG Engine               - Architecture: amd64
19:41:27.625 [JavaFX Application Thread] INFO  Engine               - Source code and latest versions at: https://github.com/AlmasB/FXGL
19:41:27.625 [JavaFX Application Thread] INFO  Engine               -       Ask questions and discuss at: https://github.com/AlmasB/FXGL/discussions
19:41:27.625 [JavaFX Application Thread] INFO  Engine               -              Join the FXGL chat at: https://gitter.im/AlmasB/FXGL
19:41:27.689 [JavaFX Application Thread] DEBUG PrimaryStageWindow   - Creating a JavaFX scene
19:41:27.732 [JavaFX Application Thread] DEBUG PrimaryStageWindow   - Target settings size: 816.0 x 672.0
19:41:27.732 [JavaFX Application Thread] DEBUG PrimaryStageWindow   - Scaled scene size:    816.0 x 672.0
19:41:27.732 [JavaFX Application Thread] DEBUG PrimaryStageWindow   - Scaled ratio: (1.0, 1.0)
19:41:27.733 [JavaFX Application Thread] DEBUG PrimaryStageWindow   - Set initial scene to GameStartupScene
19:41:27.737 [JavaFX Application Thread] DEBUG PrimaryStageWindow   - Opening main window
19:41:27.918 [JavaFX Application Thread] DEBUG PrimaryStageWindow   - Window border size: (14.4000244140625, 37.5999755859375)
19:41:27.918 [JavaFX Application Thread] DEBUG PrimaryStageWindow   - Scaled size: 816.0 x 672.0
19:41:27.919 [JavaFX Application Thread] DEBUG PrimaryStageWindow   - Scaled ratio: (1.0, 1.0)
19:41:27.919 [JavaFX Application Thread] DEBUG PrimaryStageWindow   - Scene size: 816.0 x 672.0
19:41:27.920 [JavaFX Application Thread] DEBUG PrimaryStageWindow   - Stage size: 830.4000244140625 x 709.5999755859375
19:41:27.929 [FXGL Background Thread 1 ] DEBUG Engine               - Initializing environment variables
19:41:27.967 [FXGL Background Thread 1 ] DEBUG FXGLAssetLoaderServi - User app class for loading assets: class com.csu.tank.TankApp
19:41:27.967 [FXGL Background Thread 1 ] DEBUG GameApplicationServi - Applying CSS: fxgl_dark.css
19:41:27.967 [FXGL Background Thread 1 ] DEBUG FXGLAssetLoaderServi - Loading from file system: jar:file:///C:/Users/wangshifu/.m2/repository/com/github/almasb/fxgl/17.1/fxgl-17.1.jar!/fxglassets/ui/css/fxgl_dark.css
19:41:27.984 [FXGL Background Thread 1 ] DEBUG GameApplicationServi - Applying CSS: tankApp.css
19:41:27.984 [FXGL Background Thread 1 ] DEBUG FXGLAssetLoaderServi - Loading from file system: file:/C:/Users/wangshifu/IdeaProjects/git/target/classes/assets/ui/css/tankApp.css
19:41:27.986 [FXGL Background Thread 1 ] DEBUG GameApplicationServi - Initializing application scenes
19:41:27.989 [FXGL Background Thread 1 ] DEBUG GameWorld            - Game world initialized
19:41:28.040 [FXGL Background Thread 1 ] DEBUG PhysicsWorld         - Physics world initialized: appHeight=672, physics.ppm=50.0
19:41:28.040 [FXGL Background Thread 1 ] DEBUG PhysicsWorld         - Using strategy: BRUTE_FORCE
19:41:28.043 [FXGL Background Thread 1 ] DEBUG GameScene            - Game scene initialized: 816x672
19:41:28.046 [FXGL Background Thread 1 ] DEBUG FXGLAssetLoaderServi - Loading from file system: file:/C:/Users/wangshifu/IdeaProjects/git/target/classes/assets/textures/ui/logo.png
19:41:28.059 [FXGL Background Thread 1 ] DEBUG FXGLAssetLoaderServi - Loading from file system: file:/C:/Users/wangshifu/IdeaProjects/git/target/classes/assets/textures/ui/icon.png
19:41:28.072 [FXGL Background Thread 1 ] DEBUG FXGLAssetLoaderServi - Loading from file system: file:/C:/Users/wangshifu/IdeaProjects/git/target/classes/assets/textures/ui/tankLoading.png
19:41:28.096 [FXGL Background Thread 1 ] DEBUG FXGLAssetLoaderServi - Loading from file system: file:/C:/Users/wangshifu/IdeaProjects/git/target/classes/assets/textures/ui/fxgl.png
19:41:28.141 [FXGL Background Thread 1 ] DEBUG FXGL.DefaultMenu     - createMenuBodyGameMenu()
19:41:28.149 [FXGL Background Thread 1 ] DEBUG FXGL.DefaultMenu     - createOptionsMenu()
19:41:28.157 [FXGL Background Thread 1 ] DEBUG FXGLAssetLoaderServi - Loading from file system: jar:file:///C:/Users/wangshifu/.m2/repository/com/github/almasb/fxgl/17.1/fxgl-17.1.jar!/fxglassets/textures/particles/smoke.png
19:41:28.245 [FXGL Background Thread 1 ] DEBUG FXGLAssetLoaderServi - Loading from file system: jar:file:///C:/Users/wangshifu/.m2/repository/com/github/almasb/fxgl/17.1/fxgl-17.1.jar!/fxglassets/textures/particles/trace_horizontal.png
19:41:28.265 [FXGL Background Thread 1 ] DEBUG GameApplicationServi - Application scenes initialized
19:41:28.275 [FXGL Background Thread 1 ] DEBUG SystemBundleService  - Loading FXGL system data
19:41:28.280 [FXGL Background Thread 1 ] DEBUG FileSystemAccess     - Reading from: C:\Users\wangshifu\IdeaProjects\git\system\fxgl.bundle
19:41:28.285 [FXGL Background Thread 1 ] DEBUG SystemBundleService  - Bundle FXGL: {}
19:41:28.285 [FXGL Background Thread 1 ] DEBUG UpdaterService       - Checking for updates
19:41:28.288 [FXGL Background Thread 4 ] DEBUG FXGLApplication      - Loading fonts
19:41:28.288 [FXGL Background Thread 1 ] DEBUG FXGLApplication      - Loading default localization
19:41:28.288 [FXGL Background Thread 4 ] DEBUG FXGLAssetLoaderServi - Loading from file system: jar:file:///C:/Users/wangshifu/.m2/repository/com/github/almasb/fxgl/17.1/fxgl-17.1.jar!/fxglassets/ui/fonts/VarelaRound-Regular.ttf
19:41:28.289 [FXGL Background Thread 1 ] DEBUG FXGLAssetLoaderServi - Loading from file system: jar:file:///C:/Users/wangshifu/.m2/repository/com/github/almasb/fxgl/17.1/fxgl-17.1.jar!/fxglassets/languages/english.lang
19:41:28.308 [FXGL Background Thread 1 ] INFO  FXGLApplication      - FXGL initialization took: 0.379 sec
19:41:28.315 [JavaFX Application Thread] DEBUG Input                - Registered new binding: action0 - Backspace
19:41:28.316 [JavaFX Application Thread] DEBUG Input                - Registered new binding: action1 - F1
19:41:28.317 [JavaFX Application Thread] DEBUG Input                - Registered new binding: action2 - W
19:41:28.318 [JavaFX Application Thread] DEBUG Input                - Registered new binding: action3 - S
19:41:28.319 [JavaFX Application Thread] DEBUG Input                - Registered new binding: action4 - A
19:41:28.319 [JavaFX Application Thread] DEBUG Input                - Registered new binding: action5 - D
19:41:28.320 [JavaFX Application Thread] DEBUG Input                - Registered new binding: action6 - Space
19:41:28.321 [JavaFX Application Thread] DEBUG Input                - Registered new binding: action7 - Up
19:41:28.322 [JavaFX Application Thread] DEBUG Input                - Registered new binding: action8 - Down
19:41:28.323 [JavaFX Application Thread] DEBUG Input                - Registered new binding: action9 - Left
19:41:28.323 [JavaFX Application Thread] DEBUG Input                - Registered new binding: action10 - Right
19:41:28.324 [JavaFX Application Thread] DEBUG Input                - Registered new binding: action11 - Numpad 0
19:41:28.325 [JavaFX Application Thread] DEBUG Input                - Registered new binding: action12 - Enter
19:41:28.331 [JavaFX Application Thread] DEBUG FXGLAssetLoaderServi - Loading from file system: file:/C:/Users/wangshifu/IdeaProjects/git/target/classes/assets/textures/ui/cursor.png
19:41:28.337 [JavaFX Application Thread] DEBUG Input                - Registered new binding: Screenshot - CTRL+8
19:41:28.339 [JavaFX Application Thread] DEBUG Input                - Registered new binding: System info dump - CTRL+9
19:41:28.340 [JavaFX Application Thread] DEBUG Input                - Registered new binding: Restart - CTRL+R
19:41:28.343 [JavaFX Application Thread] DEBUG Input                - Registered new binding: Toggle Debug Camera - CTRL+7
19:41:28.350 [JavaFX Application Thread] DEBUG LoopRunner           - Starting loop
19:41:28.351 [JavaFX Application Thread] DEBUG LoopRunner           - Initializing JavaFX AnimationTimerLoop
19:41:28.353 [FXGL Background Thread 4 ] DEBUG FXGLAssetLoaderServi - Loading from file system: jar:file:///C:/Users/wangshifu/.m2/repository/com/github/almasb/fxgl/17.1/fxgl-17.1.jar!/fxglassets/ui/fonts/Abel-Regular.ttf
19:41:28.357 [FXGL Background Thread 4 ] DEBUG FXGLAssetLoaderServi - Loading from file system: jar:file:///C:/Users/wangshifu/.m2/repository/com/github/almasb/fxgl/17.1/fxgl-17.1.jar!/fxglassets/ui/fonts/TerminalLandMono-Regular.otf
19:41:28.359 [FXGL Background Thread 4 ] DEBUG FXGLAssetLoaderServi - Loading from file system: jar:file:///C:/Users/wangshifu/.m2/repository/com/github/almasb/fxgl/17.1/fxgl-17.1.jar!/fxglassets/ui/fonts/Courier-Prime.ttf
19:41:28.362 [JavaFX Application Thread] DEBUG GameApplicationServi - Removing overlay from GameStartupScene and adding to FXGLMainMenuDummyScene
19:41:28.362 [JavaFX Application Thread] DEBUG PrimaryStageWindow   - GameStartupScene -> FXGLMainMenuDummyScene
19:41:28.362 [JavaFX Application Thread] DEBUG PrimaryStageWindow   - Push state: GameMainMenu
19:41:28.363 [JavaFX Application Thread] DEBUG FXGLAssetLoaderServi - Loading from file system: file:/C:/Users/wangshifu/IdeaProjects/git/target/classes/assets/sounds/mainMenuLoad.wav
19:41:28.450 [JavaFX Application Thread] DEBUG Input                - Clearing active input actions
19:41:28.458 [JavaFX Application Thread] DEBUG GameApplicationServi - Removing overlay from FXGLMainMenuDummyScene and adding to GameMainMenu
19:41:28.459 [JavaFX Application Thread] DEBUG PrimaryStageWindow   - FXGLMainMenuDummyScene -> GameMainMenu
19:41:28.563 [JavaFX Application Thread] DEBUG FXGLApplication      - Registering font factories with UI factory
19:41:28.640 [FXGL Background Thread 2 ] WARN  UpdaterService       - Failed to find updates: javax.net.ssl.SSLHandshakeException: PKIX path building failed: sun.security.provider.certpath.SunCertPathBuilderException: unable to find valid certification path to requested target
19:41:30.461 [JavaFX Application Thread] DEBUG FXGLAssetLoaderServi - Loading from file system: file:/C:/Users/wangshifu/IdeaProjects/git/target/classes/assets/sounds/mainMenuHover.wav
19:41:31.289 [FXGL Background Thread 3 ] DEBUG Engine               - Logging environment variables
19:41:31.289 [FXGL Background Thread 3 ] DEBUG Engine               - achievements: []
19:41:31.290 [FXGL Background Thread 3 ] DEBUG Engine               - actualHeight: 672.0
19:41:31.290 [FXGL Background Thread 3 ] DEBUG Engine               - actualHeightProperty: ReadOnlyDoubleProperty [value: 672.0]
19:41:31.290 [FXGL Background Thread 3 ] DEBUG Engine               - actualWidth: 816.0
19:41:31.290 [FXGL Background Thread 3 ] DEBUG Engine               - actualWidthProperty: ReadOnlyDoubleProperty [value: 816.0]
19:41:31.290 [FXGL Background Thread 3 ] DEBUG Engine               - appIcon: ui/icon.png
19:41:31.290 [FXGL Background Thread 3 ] DEBUG Engine               - applicationMode: DEVELOPER
19:41:31.290 [FXGL Background Thread 3 ] DEBUG Engine               - cSSList: [fxgl_dark.css, tankApp.css]
19:41:31.290 [FXGL Background Thread 3 ] DEBUG Engine               - collisionDetectionStrategy: BRUTE_FORCE
19:41:31.291 [FXGL Background Thread 3 ] DEBUG Engine               - configClass: Optional.empty
19:41:31.291 [FXGL Background Thread 3 ] DEBUG Engine               - credits: []
19:41:31.292 [FXGL Background Thread 3 ] DEBUG Engine               - defaultCursor: CursorInfo(imageName=ui/cursor.png, hotspotX=0.0, hotspotY=0.0)
19:41:31.292 [FXGL Background Thread 3 ] DEBUG Engine               - devBBoxColorProperty: ObjectProperty [value: 0xff0000ff]
19:41:31.293 [FXGL Background Thread 3 ] DEBUG Engine               - devEnableDebugCameraProperty: BooleanProperty [value: false]
19:41:31.293 [FXGL Background Thread 3 ] DEBUG Engine               - devSensorColorProperty: ObjectProperty [value: 0xffff00ff]
19:41:31.293 [FXGL Background Thread 3 ] DEBUG Engine               - devShowBBoxProperty: BooleanProperty [value: false]
19:41:31.294 [FXGL Background Thread 3 ] DEBUG Engine               - devShowPositionProperty: BooleanProperty [value: false]
19:41:31.294 [FXGL Background Thread 3 ] DEBUG Engine               - enabledMenuItems: []
19:41:31.294 [FXGL Background Thread 3 ] DEBUG Engine               - engineServices: [class com.almasb.fxgl.app.services.FXGLAssetLoaderService, class com.almasb.fxgl.app.FXGLApplication$GameApplicationService, class com.almasb.fxgl.app.services.FXGLDialogService, class com.almasb.fxgl.app.services.IOTaskExecutorService, class com.almasb.fxgl.io.FileSystemService, class com.almasb.fxgl.localization.LocalizationService, class com.almasb.fxgl.app.services.SystemBundleService, class com.almasb.fxgl.profile.SaveLoadService, class com.almasb.fxgl.ui.FXGLUIFactoryServiceProvider, class com.almasb.fxgl.ui.FXGLDialogFactoryServiceProvider, class com.almasb.fxgl.audio.AudioPlayer, class com.almasb.fxgl.notification.impl.NotificationServiceProvider, class com.almasb.fxgl.achievement.AchievementService, class com.almasb.fxgl.cutscene.CutsceneService, class com.almasb.fxgl.minigames.MiniGameService, class com.almasb.fxgl.net.NetService, class com.almasb.fxgl.app.services.UpdaterService, class com.almasb.fxgl.dev.DevService]
19:41:31.294 [FXGL Background Thread 3 ] DEBUG Engine               - fontGame: Abel-Regular.ttf
19:41:31.294 [FXGL Background Thread 3 ] DEBUG Engine               - fontMono: TerminalLandMono-Regular.otf
19:41:31.294 [FXGL Background Thread 3 ] DEBUG Engine               - fontText: Courier-Prime.ttf
19:41:31.294 [FXGL Background Thread 3 ] DEBUG Engine               - fontUI: VarelaRound-Regular.ttf
19:41:31.294 [FXGL Background Thread 3 ] DEBUG Engine               - fullScreen: BooleanProperty [value: false]
19:41:31.295 [FXGL Background Thread 3 ] DEBUG Engine               - gameDifficulty: MEDIUM
19:41:31.295 [FXGL Background Thread 3 ] DEBUG Engine               - gameDifficultyProperty: ObjectProperty [value: MEDIUM]
19:41:31.295 [FXGL Background Thread 3 ] DEBUG Engine               - globalMusicVolume: 0.5
19:41:31.295 [FXGL Background Thread 3 ] DEBUG Engine               - globalMusicVolumeProperty: DoubleProperty [value: 0.5]
19:41:31.295 [FXGL Background Thread 3 ] DEBUG Engine               - globalSoundVolume: 0.5
19:41:31.295 [FXGL Background Thread 3 ] DEBUG Engine               - globalSoundVolumeProperty: DoubleProperty [value: 0.5]
19:41:31.296 [FXGL Background Thread 3 ] DEBUG Engine               - height: 672
19:41:31.296 [FXGL Background Thread 3 ] DEBUG Engine               - is3D: false
19:41:31.296 [FXGL Background Thread 3 ] DEBUG Engine               - isAndroid: false
19:41:31.296 [FXGL Background Thread 3 ] DEBUG Engine               - isBrowser: false
19:41:31.296 [FXGL Background Thread 3 ] DEBUG Engine               - isClickFeedbackEnabled: false
19:41:31.296 [FXGL Background Thread 3 ] DEBUG Engine               - isCloseConfirmation: false
19:41:31.296 [FXGL Background Thread 3 ] DEBUG Engine               - isDesktop: true
19:41:31.296 [FXGL Background Thread 3 ] DEBUG Engine               - isDeveloperMenuEnabled: false
19:41:31.296 [FXGL Background Thread 3 ] DEBUG Engine               - isEmbedded: false
19:41:31.297 [FXGL Background Thread 3 ] DEBUG Engine               - isEntityPreloadEnabled: true
19:41:31.297 [FXGL Background Thread 3 ] DEBUG Engine               - isExperimentalTiledLargeMap: false
19:41:31.297 [FXGL Background Thread 3 ] DEBUG Engine               - isFileSystemWriteAllowed: true
19:41:31.297 [FXGL Background Thread 3 ] DEBUG Engine               - isFullScreenAllowed: false
19:41:31.297 [FXGL Background Thread 3 ] DEBUG Engine               - isFullScreenFromStart: false
19:41:31.297 [FXGL Background Thread 3 ] DEBUG Engine               - isGameMenuEnabled: true
19:41:31.297 [FXGL Background Thread 3 ] DEBUG Engine               - isIOS: false
19:41:31.297 [FXGL Background Thread 3 ] DEBUG Engine               - isIntroEnabled: false
19:41:31.297 [FXGL Background Thread 3 ] DEBUG Engine               - isLinux: false
19:41:31.297 [FXGL Background Thread 3 ] DEBUG Engine               - isMac: false
19:41:31.298 [FXGL Background Thread 3 ] DEBUG Engine               - isMainMenuEnabled: true
19:41:31.298 [FXGL Background Thread 3 ] DEBUG Engine               - isManualResizeEnabled: false
19:41:31.298 [FXGL Background Thread 3 ] DEBUG Engine               - isMobile: false
19:41:31.298 [FXGL Background Thread 3 ] DEBUG Engine               - isNative: false
19:41:31.298 [FXGL Background Thread 3 ] DEBUG Engine               - isPauseMusicWhenMinimized: true
19:41:31.298 [FXGL Background Thread 3 ] DEBUG Engine               - isPreserveResizeRatio: false
19:41:31.298 [FXGL Background Thread 3 ] DEBUG Engine               - isProfilingEnabled: false
19:41:31.298 [FXGL Background Thread 3 ] DEBUG Engine               - isScaleAffectedOnResize: true
19:41:31.298 [FXGL Background Thread 3 ] DEBUG Engine               - isSingleStep: false
19:41:31.298 [FXGL Background Thread 3 ] DEBUG Engine               - isUserProfileEnabled: false
19:41:31.298 [FXGL Background Thread 3 ] DEBUG Engine               - isWindows: true
19:41:31.298 [FXGL Background Thread 3 ] DEBUG Engine               - language: ObjectProperty [value: ENGLISH]
19:41:31.298 [FXGL Background Thread 3 ] DEBUG Engine               - menuKey: ESCAPE
19:41:31.298 [FXGL Background Thread 3 ] DEBUG Engine               - mouseSensitivity: 0.2
19:41:31.298 [FXGL Background Thread 3 ] DEBUG Engine               - notificationViewClass: class com.almasb.fxgl.notification.view.XboxNotificationView
19:41:31.298 [FXGL Background Thread 3 ] DEBUG Engine               - pixelsPerMeter: 50.0
19:41:31.299 [FXGL Background Thread 3 ] DEBUG Engine               - platform: WINDOWS
19:41:31.299 [FXGL Background Thread 3 ] DEBUG Engine               - prefHeightProperty: ReadOnlyDoubleProperty [value: 672.0]
19:41:31.299 [FXGL Background Thread 3 ] DEBUG Engine               - prefWidthProperty: ReadOnlyDoubleProperty [value: 816.0]
19:41:31.299 [FXGL Background Thread 3 ] DEBUG Engine               - profileDir: profiles/
19:41:31.299 [FXGL Background Thread 3 ] DEBUG Engine               - profileName: StringProperty [value: DEFAULT]
19:41:31.299 [FXGL Background Thread 3 ] DEBUG Engine               - randomSeed: -1
19:41:31.299 [FXGL Background Thread 3 ] DEBUG Engine               - runtimeInfo: RuntimeInfo(platform=WINDOWS, version=17.1, build=24.03.2022 17.34)
19:41:31.299 [FXGL Background Thread 3 ] DEBUG Engine               - saveFileExt: sav
19:41:31.300 [FXGL Background Thread 3 ] DEBUG Engine               - scaledHeightProp$fxgl: DoubleProperty [bound, value: 672.0]
19:41:31.300 [FXGL Background Thread 3 ] DEBUG Engine               - scaledWidthProp$fxgl: DoubleProperty [bound, value: 816.0]
19:41:31.300 [FXGL Background Thread 3 ] DEBUG Engine               - sceneFactory: com.csu.tank.TankApp$1@727d6b1c
19:41:31.300 [FXGL Background Thread 3 ] DEBUG Engine               - secondsIn24h: 60
19:41:31.300 [FXGL Background Thread 3 ] DEBUG Engine               - soundMenuBack: menu/back.wav
19:41:31.300 [FXGL Background Thread 3 ] DEBUG Engine               - soundMenuPress: menu/press.wav
19:41:31.300 [FXGL Background Thread 3 ] DEBUG Engine               - soundMenuSelect: menu/select.wav
19:41:31.300 [FXGL Background Thread 3 ] DEBUG Engine               - soundNotification: core/notification.wav
19:41:31.300 [FXGL Background Thread 3 ] DEBUG Engine               - stageStyle: DECORATED
19:41:31.300 [FXGL Background Thread 3 ] DEBUG Engine               - supportedLanguages: [ENGLISH, FRENCH, GERMAN, HUNGARIAN, RUSSIAN]
19:41:31.300 [FXGL Background Thread 3 ] DEBUG Engine               - ticksPerSecond: -1
19:41:31.300 [FXGL Background Thread 3 ] DEBUG Engine               - title: 90 Tank
19:41:31.300 [FXGL Background Thread 3 ] DEBUG Engine               - urlGithub: https://github.com/AlmasB/FXGL
19:41:31.300 [FXGL Background Thread 3 ] DEBUG Engine               - urlLeaderboard: http://fxgl-top.herokuapp.com/
19:41:31.300 [FXGL Background Thread 3 ] DEBUG Engine               - urlPOM: https://raw.githubusercontent.com/AlmasB/FXGL/release/README.md
19:41:31.300 [FXGL Background Thread 3 ] DEBUG Engine               - userAppClass: class com.csu.tank.TankApp
19:41:31.300 [FXGL Background Thread 3 ] DEBUG Engine               - version: Version 0.3
19:41:31.300 [FXGL Background Thread 3 ] DEBUG Engine               - versionCheckDays: 7
19:41:31.301 [FXGL Background Thread 3 ] DEBUG Engine               - width: 816
19:41:31.301 [FXGL Background Thread 3 ] DEBUG Engine               - Logging services
19:41:31.301 [FXGL Background Thread 3 ] DEBUG Engine               - class com.almasb.fxgl.app.services.FXGLAssetLoaderService
19:41:31.301 [FXGL Background Thread 3 ] DEBUG Engine               - class com.almasb.fxgl.app.FXGLApplication$GameApplicationService
19:41:31.301 [FXGL Background Thread 3 ] DEBUG Engine               - class com.almasb.fxgl.app.services.FXGLDialogService
19:41:31.301 [FXGL Background Thread 3 ] DEBUG Engine               - class com.almasb.fxgl.app.services.IOTaskExecutorService
19:41:31.301 [FXGL Background Thread 3 ] DEBUG Engine               - class com.almasb.fxgl.io.FileSystemService
19:41:31.301 [FXGL Background Thread 3 ] DEBUG Engine               - class com.almasb.fxgl.localization.LocalizationService
19:41:31.301 [FXGL Background Thread 3 ] DEBUG Engine               - class com.almasb.fxgl.app.services.SystemBundleService
19:41:31.301 [FXGL Background Thread 3 ] DEBUG Engine               - class com.almasb.fxgl.profile.SaveLoadService
19:41:31.301 [FXGL Background Thread 3 ] DEBUG Engine               - class com.almasb.fxgl.ui.FXGLUIFactoryServiceProvider
19:41:31.301 [FXGL Background Thread 3 ] DEBUG Engine               - class com.almasb.fxgl.ui.FXGLDialogFactoryServiceProvider
19:41:31.301 [FXGL Background Thread 3 ] DEBUG Engine               - class com.almasb.fxgl.audio.AudioPlayer
19:41:31.301 [FXGL Background Thread 3 ] DEBUG Engine               - class com.almasb.fxgl.notification.impl.NotificationServiceProvider
19:41:31.301 [FXGL Background Thread 3 ] DEBUG Engine               - class com.almasb.fxgl.achievement.AchievementService
19:41:31.301 [FXGL Background Thread 3 ] DEBUG Engine               - class com.almasb.fxgl.cutscene.CutsceneService
19:41:31.301 [FXGL Background Thread 3 ] DEBUG Engine               - class com.almasb.fxgl.minigames.MiniGameService
19:41:31.301 [FXGL Background Thread 3 ] DEBUG Engine               - class com.almasb.fxgl.net.NetService
19:41:31.301 [FXGL Background Thread 3 ] DEBUG Engine               - class com.almasb.fxgl.app.services.UpdaterService
19:41:31.301 [FXGL Background Thread 3 ] DEBUG Engine               - class com.almasb.fxgl.dev.DevService
19:41:31.430 [JavaFX Application Thread] DEBUG FXGLAssetLoaderServi - Loading from file system: file:/C:/Users/wangshifu/IdeaProjects/git/target/classes/assets/sounds/select.wav
19:41:31.433 [JavaFX Application Thread] DEBUG Menu                 - fireNewGame()
19:41:31.434 [JavaFX Application Thread] DEBUG GameApplicationServi - Starting new game
19:41:31.434 [JavaFX Application Thread] DEBUG PrimaryStageWindow   - Pop state: GameMainMenu
19:41:31.434 [JavaFX Application Thread] DEBUG Input                - Clearing active input actions
19:41:31.435 [JavaFX Application Thread] DEBUG GameApplicationServi - Removing overlay from GameMainMenu and adding to FXGLMainMenuDummyScene
19:41:31.435 [JavaFX Application Thread] DEBUG PrimaryStageWindow   - FXGLMainMenuDummyScene <- GameMainMenu
19:41:31.435 [JavaFX Application Thread] DEBUG Input                - Clearing active input actions
19:41:31.442 [JavaFX Application Thread] DEBUG GameApplicationServi - Removing overlay from FXGLMainMenuDummyScene and adding to GameLoadingScene
19:41:31.442 [JavaFX Application Thread] DEBUG PrimaryStageWindow   - FXGLMainMenuDummyScene -> GameLoadingScene
19:41:31.442 [JavaFX Application Thread] DEBUG GameApplicationServi - Clearing previous game
19:41:31.442 [JavaFX Application Thread] DEBUG GameScene            - Clearing game scene
19:41:31.442 [JavaFX Application Thread] DEBUG GameWorld            - Clearing game world
19:41:31.443 [JavaFX Application Thread] DEBUG PhysicsWorld         - Clearing physics world
19:41:31.444 [FXGL Background Thread 2 ] DEBUG FXGLApplication      - Initializing game
19:41:31.446 [FXGL Background Thread 2 ] DEBUG FXGLAssetLoaderServi - Loading from file system: file:/C:/Users/wangshifu/IdeaProjects/git/target/classes/assets/properties/game.properties
19:41:31.452 [FXGL Background Thread 2 ] DEBUG FXGLAssetLoaderServi - Loading from file system: file:/C:/Users/wangshifu/IdeaProjects/git/target/classes/assets/textures/map/stone.png
19:41:31.453 [FXGL Background Thread 2 ] DEBUG FXGLAssetLoaderServi - Loading from file system: file:/C:/Users/wangshifu/IdeaProjects/git/target/classes/assets/textures/map/brick.png
19:41:31.456 [FXGL Background Thread 2 ] DEBUG FXGLAssetLoaderServi - Loading from file system: file:/C:/Users/wangshifu/IdeaProjects/git/target/classes/assets/textures/map/sea_anim.png
19:41:31.456 [FXGL Background Thread 2 ] DEBUG FXGLAssetLoaderServi - Loading from file system: file:/C:/Users/wangshifu/IdeaProjects/git/target/classes/assets/textures/explode/explode_level_2.png
19:41:31.462 [FXGL Background Thread 2 ] INFO  FXGLApplication      - Game initialization took: 0.018 sec
19:41:31.463 [JavaFX Application Thread] DEBUG Input                - Clearing active input actions
19:41:31.471 [JavaFX Application Thread] DEBUG GameApplicationServi - Removing overlay from GameLoadingScene and adding to GameScene
19:41:31.471 [JavaFX Application Thread] DEBUG PrimaryStageWindow   - GameLoadingScene -> GameScene
19:41:32.991 [JavaFX Application Thread] WARN  TMXLevelLoader       - TiledMap generated from 1.10.2. Supported version: 1.4.2. Some features may not be parsed fully.
19:41:33.004 [JavaFX Application Thread] DEBUG TMXLevelLoader       - Parsed TiledMap: file:/C:/Users/wangshifu/IdeaProjects/git/target/classes/assets/levels/vs.tmx
19:41:33.005 [JavaFX Application Thread] DEBUG TMXLevelLoader       - Creating tile layer entities
19:41:33.005 [JavaFX Application Thread] DEBUG TMXLevelLoader       - Creating object layer entities
19:41:33.070 [JavaFX Application Thread] DEBUG GameWorld            - Clearing removable entities
19:41:33.071 [JavaFX Application Thread] DEBUG GameWorld            - Setting level: com.almasb.fxgl.entity.level.Level@32130d30
19:41:33.084 [JavaFX Application Thread] DEBUG FXGLAssetLoaderServi - Loading from file system: file:/C:/Users/wangshifu/IdeaProjects/git/target/classes/assets/textures/tank/H1U.png
19:41:33.089 [JavaFX Application Thread] DEBUG FXGLAssetLoaderServi - Loading from file system: file:/C:/Users/wangshifu/IdeaProjects/git/target/classes/assets/textures/tank/H2U.png
19:41:34.876 [JavaFX Application Thread] DEBUG FXGLAssetLoaderServi - Loading from file system: file:/C:/Users/wangshifu/IdeaProjects/git/target/classes/assets/sounds/normalFire.wav
19:41:34.884 [JavaFX Application Thread] DEBUG FXGLAssetLoaderServi - Loading from file system: file:/C:/Users/wangshifu/IdeaProjects/git/target/classes/assets/textures/bullet/normal.png
19:41:34.892 [JavaFX Application Thread] DEBUG FXGLAssetLoaderServi - Loading from file system: file:/C:/Users/wangshifu/IdeaProjects/git/target/classes/assets/sounds/normalBomb.wav
19:42:06.043 [JavaFX Application Thread] DEBUG FXGLApplication      - Exiting FXGL
19:42:06.043 [JavaFX Application Thread] DEBUG LoopRunner           - Stopping loop
19:42:06.043 [JavaFX Application Thread] DEBUG SystemBundleService  - Saving FXGL system data
19:42:06.045 [JavaFX Application Thread] DEBUG FileSystemAccess     - Writing to: C:\Users\wangshifu\IdeaProjects\git\system\fxgl.bundle
19:42:06.047 [JavaFX Application Thread] DEBUG Async                - Shutting down background threads
19:42:06.047 [JavaFX Application Thread] DEBUG PrimaryStageWindow   - Closing main window
19:42:06.093 [JavaFX Application Thread] DEBUG Logger               - Closing Logger
