19:12:44.847 [main                     ] DEBUG Logger               - Configured Logger
19:12:44.872 [main                     ] DEBUG GameApplication      - Logging settings
Title: 90 Tank
Version: Version 0.3
Width: 816
Height: 672
Fullscreen: false
Intro: false
Profiling: false
Single step:false
App Mode: DEVELOPER
Menu Key: ESCAPE
Stage Style: DECORATED
Scene Factory: class com.csu.tank.TankApp$1

19:12:45.177 [JavaFX Application Thread] DEBUG FXGLApplication      - Initializing FXGL
19:12:45.182 [JavaFX Application Thread] INFO  Engine               - FXGL-17.1 (24.03.2022 17.34) on WINDOWS (J:17.0.1 FX:18)
19:12:45.182 [JavaFX Application Thread] DEBUG Engine               - JRE Vendor Name: Oracle Corporation
19:12:45.183 [JavaFX Application Thread] DEBUG Engine               - Running on OS: Windows 10 version 10.0
19:12:45.183 [JavaFX Application Thread] DEBUG Engine               - Architecture: amd64
19:12:45.183 [JavaFX Application Thread] INFO  Engine               - Source code and latest versions at: https://github.com/AlmasB/FXGL
19:12:45.183 [JavaFX Application Thread] INFO  Engine               -       Ask questions and discuss at: https://github.com/AlmasB/FXGL/discussions
19:12:45.183 [JavaFX Application Thread] INFO  Engine               -              Join the FXGL chat at: https://gitter.im/AlmasB/FXGL
19:12:45.248 [JavaFX Application Thread] DEBUG PrimaryStageWindow   - Creating a JavaFX scene
19:12:45.286 [JavaFX Application Thread] DEBUG PrimaryStageWindow   - Target settings size: 816.0 x 672.0
19:12:45.286 [JavaFX Application Thread] DEBUG PrimaryStageWindow   - Scaled scene size:    816.0 x 672.0
19:12:45.286 [JavaFX Application Thread] DEBUG PrimaryStageWindow   - Scaled ratio: (1.0, 1.0)
19:12:45.287 [JavaFX Application Thread] DEBUG PrimaryStageWindow   - Set initial scene to GameStartupScene
19:12:45.292 [JavaFX Application Thread] DEBUG PrimaryStageWindow   - Opening main window
19:12:45.443 [JavaFX Application Thread] DEBUG PrimaryStageWindow   - Window border size: (14.4000244140625, 37.5999755859375)
19:12:45.443 [JavaFX Application Thread] DEBUG PrimaryStageWindow   - Scaled size: 816.0 x 672.0
19:12:45.443 [JavaFX Application Thread] DEBUG PrimaryStageWindow   - Scaled ratio: (1.0, 1.0)
19:12:45.444 [JavaFX Application Thread] DEBUG PrimaryStageWindow   - Scene size: 816.0 x 672.0
19:12:45.444 [JavaFX Application Thread] DEBUG PrimaryStageWindow   - Stage size: 830.4000244140625 x 709.5999755859375
19:12:45.450 [FXGL Background Thread 1 ] DEBUG Engine               - Initializing environment variables
19:12:45.478 [FXGL Background Thread 1 ] DEBUG FXGLAssetLoaderServi - User app class for loading assets: class com.csu.tank.TankApp
19:12:45.478 [FXGL Background Thread 1 ] DEBUG GameApplicationServi - Applying CSS: fxgl_dark.css
19:12:45.479 [FXGL Background Thread 1 ] DEBUG FXGLAssetLoaderServi - Loading from file system: jar:file:///C:/Users/wangshifu/.m2/repository/com/github/almasb/fxgl/17.1/fxgl-17.1.jar!/fxglassets/ui/css/fxgl_dark.css
19:12:45.501 [FXGL Background Thread 1 ] DEBUG GameApplicationServi - Applying CSS: tankApp.css
19:12:45.501 [FXGL Background Thread 1 ] DEBUG FXGLAssetLoaderServi - Loading from file system: file:/C:/Users/wangshifu/IdeaProjects/git/target/classes/assets/ui/css/tankApp.css
19:12:45.502 [FXGL Background Thread 1 ] DEBUG GameApplicationServi - Initializing application scenes
19:12:45.505 [FXGL Background Thread 1 ] DEBUG GameWorld            - Game world initialized
19:12:45.554 [FXGL Background Thread 1 ] DEBUG PhysicsWorld         - Physics world initialized: appHeight=672, physics.ppm=50.0
19:12:45.554 [FXGL Background Thread 1 ] DEBUG PhysicsWorld         - Using strategy: BRUTE_FORCE
19:12:45.557 [FXGL Background Thread 1 ] DEBUG GameScene            - Game scene initialized: 816x672
19:12:45.560 [FXGL Background Thread 1 ] DEBUG FXGLAssetLoaderServi - Loading from file system: file:/C:/Users/wangshifu/IdeaProjects/git/target/classes/assets/textures/ui/logo.png
19:12:45.576 [FXGL Background Thread 1 ] DEBUG FXGLAssetLoaderServi - Loading from file system: file:/C:/Users/wangshifu/IdeaProjects/git/target/classes/assets/textures/ui/icon.png
19:12:45.585 [FXGL Background Thread 1 ] DEBUG FXGLAssetLoaderServi - Loading from file system: file:/C:/Users/wangshifu/IdeaProjects/git/target/classes/assets/textures/ui/tankLoading.png
19:12:45.609 [FXGL Background Thread 1 ] DEBUG FXGLAssetLoaderServi - Loading from file system: file:/C:/Users/wangshifu/IdeaProjects/git/target/classes/assets/textures/ui/fxgl.png
19:12:45.654 [FXGL Background Thread 1 ] DEBUG FXGL.DefaultMenu     - createMenuBodyGameMenu()
19:12:45.665 [FXGL Background Thread 1 ] DEBUG FXGL.DefaultMenu     - createOptionsMenu()
19:12:45.672 [FXGL Background Thread 1 ] DEBUG FXGLAssetLoaderServi - Loading from file system: jar:file:///C:/Users/wangshifu/.m2/repository/com/github/almasb/fxgl/17.1/fxgl-17.1.jar!/fxglassets/textures/particles/smoke.png
19:12:45.760 [FXGL Background Thread 1 ] DEBUG FXGLAssetLoaderServi - Loading from file system: jar:file:///C:/Users/wangshifu/.m2/repository/com/github/almasb/fxgl/17.1/fxgl-17.1.jar!/fxglassets/textures/particles/trace_horizontal.png
19:12:45.775 [FXGL Background Thread 1 ] DEBUG GameApplicationServi - Application scenes initialized
19:12:45.786 [FXGL Background Thread 1 ] DEBUG SystemBundleService  - Loading FXGL system data
19:12:45.791 [FXGL Background Thread 1 ] DEBUG FileSystemAccess     - Reading from: C:\Users\wangshifu\IdeaProjects\git\system\fxgl.bundle
19:12:45.797 [FXGL Background Thread 1 ] DEBUG SystemBundleService  - Bundle FXGL: {}
19:12:45.797 [FXGL Background Thread 1 ] DEBUG UpdaterService       - Checking for updates
19:12:45.800 [FXGL Background Thread 4 ] DEBUG FXGLApplication      - Loading fonts
19:12:45.800 [FXGL Background Thread 1 ] DEBUG FXGLApplication      - Loading default localization
19:12:45.801 [FXGL Background Thread 4 ] DEBUG FXGLAssetLoaderServi - Loading from file system: jar:file:///C:/Users/wangshifu/.m2/repository/com/github/almasb/fxgl/17.1/fxgl-17.1.jar!/fxglassets/ui/fonts/VarelaRound-Regular.ttf
19:12:45.801 [FXGL Background Thread 1 ] DEBUG FXGLAssetLoaderServi - Loading from file system: jar:file:///C:/Users/wangshifu/.m2/repository/com/github/almasb/fxgl/17.1/fxgl-17.1.jar!/fxglassets/languages/english.lang
19:12:45.856 [FXGL Background Thread 1 ] INFO  FXGLApplication      - FXGL initialization took: 0.405 sec
19:12:45.857 [FXGL Background Thread 4 ] DEBUG FXGLAssetLoaderServi - Loading from file system: jar:file:///C:/Users/wangshifu/.m2/repository/com/github/almasb/fxgl/17.1/fxgl-17.1.jar!/fxglassets/ui/fonts/Abel-Regular.ttf
19:12:45.862 [FXGL Background Thread 4 ] DEBUG FXGLAssetLoaderServi - Loading from file system: jar:file:///C:/Users/wangshifu/.m2/repository/com/github/almasb/fxgl/17.1/fxgl-17.1.jar!/fxglassets/ui/fonts/TerminalLandMono-Regular.otf
19:12:45.865 [FXGL Background Thread 4 ] DEBUG FXGLAssetLoaderServi - Loading from file system: jar:file:///C:/Users/wangshifu/.m2/repository/com/github/almasb/fxgl/17.1/fxgl-17.1.jar!/fxglassets/ui/fonts/Courier-Prime.ttf
19:12:45.883 [JavaFX Application Thread] DEBUG Input                - Registered new binding: action0 - Backspace
19:12:45.885 [JavaFX Application Thread] DEBUG Input                - Registered new binding: action1 - F1
19:12:45.887 [JavaFX Application Thread] DEBUG Input                - Registered new binding: action2 - W
19:12:45.888 [JavaFX Application Thread] DEBUG Input                - Registered new binding: action3 - S
19:12:45.889 [JavaFX Application Thread] DEBUG Input                - Registered new binding: action4 - A
19:12:45.890 [JavaFX Application Thread] DEBUG Input                - Registered new binding: action5 - D
19:12:45.892 [JavaFX Application Thread] DEBUG Input                - Registered new binding: action6 - Space
19:12:45.893 [JavaFX Application Thread] DEBUG Input                - Registered new binding: action7 - Up
19:12:45.894 [JavaFX Application Thread] DEBUG Input                - Registered new binding: action8 - Down
19:12:45.895 [JavaFX Application Thread] DEBUG Input                - Registered new binding: action9 - Left
19:12:45.896 [JavaFX Application Thread] DEBUG Input                - Registered new binding: action10 - Right
19:12:45.898 [JavaFX Application Thread] DEBUG Input                - Registered new binding: action11 - Numpad 0
19:12:45.898 [JavaFX Application Thread] DEBUG Input                - Registered new binding: action12 - Enter
19:12:45.905 [JavaFX Application Thread] DEBUG FXGLAssetLoaderServi - Loading from file system: file:/C:/Users/wangshifu/IdeaProjects/git/target/classes/assets/textures/ui/cursor.png
19:12:45.910 [JavaFX Application Thread] DEBUG Input                - Registered new binding: Screenshot - CTRL+8
19:12:45.912 [JavaFX Application Thread] DEBUG Input                - Registered new binding: System info dump - CTRL+9
19:12:45.913 [JavaFX Application Thread] DEBUG Input                - Registered new binding: Restart - CTRL+R
19:12:45.915 [JavaFX Application Thread] DEBUG Input                - Registered new binding: Toggle Debug Camera - CTRL+7
19:12:45.921 [JavaFX Application Thread] DEBUG LoopRunner           - Starting loop
19:12:45.922 [JavaFX Application Thread] DEBUG LoopRunner           - Initializing JavaFX AnimationTimerLoop
19:12:45.928 [JavaFX Application Thread] DEBUG Input                - Clearing active input actions
19:12:45.935 [JavaFX Application Thread] DEBUG GameApplicationServi - Removing overlay from GameStartupScene and adding to FXGLMainMenuDummyScene
19:12:45.935 [JavaFX Application Thread] DEBUG PrimaryStageWindow   - GameStartupScene -> FXGLMainMenuDummyScene
19:12:45.935 [JavaFX Application Thread] DEBUG PrimaryStageWindow   - Push state: GameMainMenu
19:12:45.935 [JavaFX Application Thread] DEBUG FXGLAssetLoaderServi - Loading from file system: file:/C:/Users/wangshifu/IdeaProjects/git/target/classes/assets/sounds/mainMenuLoad.wav
19:12:46.010 [JavaFX Application Thread] DEBUG Input                - Clearing active input actions
19:12:46.012 [JavaFX Application Thread] DEBUG GameApplicationServi - Removing overlay from FXGLMainMenuDummyScene and adding to GameMainMenu
19:12:46.013 [JavaFX Application Thread] DEBUG PrimaryStageWindow   - FXGLMainMenuDummyScene -> GameMainMenu
19:12:46.023 [JavaFX Application Thread] DEBUG FXGLApplication      - Registering font factories with UI factory
19:12:46.175 [FXGL Background Thread 2 ] WARN  UpdaterService       - Failed to find updates: javax.net.ssl.SSLHandshakeException: PKIX path building failed: sun.security.provider.certpath.SunCertPathBuilderException: unable to find valid certification path to requested target
19:12:48.019 [JavaFX Application Thread] DEBUG FXGLAssetLoaderServi - Loading from file system: file:/C:/Users/wangshifu/IdeaProjects/git/target/classes/assets/sounds/mainMenuHover.wav
19:12:48.801 [FXGL Background Thread 3 ] DEBUG Engine               - Logging environment variables
19:12:48.802 [FXGL Background Thread 3 ] DEBUG Engine               - achievements: []
19:12:48.802 [FXGL Background Thread 3 ] DEBUG Engine               - actualHeight: 672.0
19:12:48.802 [FXGL Background Thread 3 ] DEBUG Engine               - actualHeightProperty: ReadOnlyDoubleProperty [value: 672.0]
19:12:48.802 [FXGL Background Thread 3 ] DEBUG Engine               - actualWidth: 816.0
19:12:48.802 [FXGL Background Thread 3 ] DEBUG Engine               - actualWidthProperty: ReadOnlyDoubleProperty [value: 816.0]
19:12:48.803 [FXGL Background Thread 3 ] DEBUG Engine               - appIcon: ui/icon.png
19:12:48.803 [FXGL Background Thread 3 ] DEBUG Engine               - applicationMode: DEVELOPER
19:12:48.803 [FXGL Background Thread 3 ] DEBUG Engine               - cSSList: [fxgl_dark.css, tankApp.css]
19:12:48.803 [FXGL Background Thread 3 ] DEBUG Engine               - collisionDetectionStrategy: BRUTE_FORCE
19:12:48.803 [FXGL Background Thread 3 ] DEBUG Engine               - configClass: Optional.empty
19:12:48.803 [FXGL Background Thread 3 ] DEBUG Engine               - credits: []
19:12:48.805 [FXGL Background Thread 3 ] DEBUG Engine               - defaultCursor: CursorInfo(imageName=ui/cursor.png, hotspotX=0.0, hotspotY=0.0)
19:12:48.805 [FXGL Background Thread 3 ] DEBUG Engine               - devBBoxColorProperty: ObjectProperty [value: 0xff0000ff]
19:12:48.805 [FXGL Background Thread 3 ] DEBUG Engine               - devEnableDebugCameraProperty: BooleanProperty [value: false]
19:12:48.805 [FXGL Background Thread 3 ] DEBUG Engine               - devSensorColorProperty: ObjectProperty [value: 0xffff00ff]
19:12:48.805 [FXGL Background Thread 3 ] DEBUG Engine               - devShowBBoxProperty: BooleanProperty [value: false]
19:12:48.805 [FXGL Background Thread 3 ] DEBUG Engine               - devShowPositionProperty: BooleanProperty [value: false]
19:12:48.806 [FXGL Background Thread 3 ] DEBUG Engine               - enabledMenuItems: []
19:12:48.806 [FXGL Background Thread 3 ] DEBUG Engine               - engineServices: [class com.almasb.fxgl.app.services.FXGLAssetLoaderService, class com.almasb.fxgl.app.FXGLApplication$GameApplicationService, class com.almasb.fxgl.app.services.FXGLDialogService, class com.almasb.fxgl.app.services.IOTaskExecutorService, class com.almasb.fxgl.io.FileSystemService, class com.almasb.fxgl.localization.LocalizationService, class com.almasb.fxgl.app.services.SystemBundleService, class com.almasb.fxgl.profile.SaveLoadService, class com.almasb.fxgl.ui.FXGLUIFactoryServiceProvider, class com.almasb.fxgl.ui.FXGLDialogFactoryServiceProvider, class com.almasb.fxgl.audio.AudioPlayer, class com.almasb.fxgl.notification.impl.NotificationServiceProvider, class com.almasb.fxgl.achievement.AchievementService, class com.almasb.fxgl.cutscene.CutsceneService, class com.almasb.fxgl.minigames.MiniGameService, class com.almasb.fxgl.net.NetService, class com.almasb.fxgl.app.services.UpdaterService, class com.almasb.fxgl.dev.DevService]
19:12:48.806 [FXGL Background Thread 3 ] DEBUG Engine               - fontGame: Abel-Regular.ttf
19:12:48.806 [FXGL Background Thread 3 ] DEBUG Engine               - fontMono: TerminalLandMono-Regular.otf
19:12:48.806 [FXGL Background Thread 3 ] DEBUG Engine               - fontText: Courier-Prime.ttf
19:12:48.806 [FXGL Background Thread 3 ] DEBUG Engine               - fontUI: VarelaRound-Regular.ttf
19:12:48.806 [FXGL Background Thread 3 ] DEBUG Engine               - fullScreen: BooleanProperty [value: false]
19:12:48.806 [FXGL Background Thread 3 ] DEBUG Engine               - gameDifficulty: MEDIUM
19:12:48.806 [FXGL Background Thread 3 ] DEBUG Engine               - gameDifficultyProperty: ObjectProperty [value: MEDIUM]
19:12:48.806 [FXGL Background Thread 3 ] DEBUG Engine               - globalMusicVolume: 0.5
19:12:48.806 [FXGL Background Thread 3 ] DEBUG Engine               - globalMusicVolumeProperty: DoubleProperty [value: 0.5]
19:12:48.806 [FXGL Background Thread 3 ] DEBUG Engine               - globalSoundVolume: 0.5
19:12:48.806 [FXGL Background Thread 3 ] DEBUG Engine               - globalSoundVolumeProperty: DoubleProperty [value: 0.5]
19:12:48.806 [FXGL Background Thread 3 ] DEBUG Engine               - height: 672
19:12:48.807 [FXGL Background Thread 3 ] DEBUG Engine               - is3D: false
19:12:48.807 [FXGL Background Thread 3 ] DEBUG Engine               - isAndroid: false
19:12:48.807 [FXGL Background Thread 3 ] DEBUG Engine               - isBrowser: false
19:12:48.807 [FXGL Background Thread 3 ] DEBUG Engine               - isClickFeedbackEnabled: false
19:12:48.807 [FXGL Background Thread 3 ] DEBUG Engine               - isCloseConfirmation: false
19:12:48.807 [FXGL Background Thread 3 ] DEBUG Engine               - isDesktop: true
19:12:48.807 [FXGL Background Thread 3 ] DEBUG Engine               - isDeveloperMenuEnabled: false
19:12:48.807 [FXGL Background Thread 3 ] DEBUG Engine               - isEmbedded: false
19:12:48.807 [FXGL Background Thread 3 ] DEBUG Engine               - isEntityPreloadEnabled: true
19:12:48.807 [FXGL Background Thread 3 ] DEBUG Engine               - isExperimentalTiledLargeMap: false
19:12:48.807 [FXGL Background Thread 3 ] DEBUG Engine               - isFileSystemWriteAllowed: true
19:12:48.807 [FXGL Background Thread 3 ] DEBUG Engine               - isFullScreenAllowed: false
19:12:48.807 [FXGL Background Thread 3 ] DEBUG Engine               - isFullScreenFromStart: false
19:12:48.807 [FXGL Background Thread 3 ] DEBUG Engine               - isGameMenuEnabled: true
19:12:48.807 [FXGL Background Thread 3 ] DEBUG Engine               - isIOS: false
19:12:48.807 [FXGL Background Thread 3 ] DEBUG Engine               - isIntroEnabled: false
19:12:48.807 [FXGL Background Thread 3 ] DEBUG Engine               - isLinux: false
19:12:48.807 [FXGL Background Thread 3 ] DEBUG Engine               - isMac: false
19:12:48.807 [FXGL Background Thread 3 ] DEBUG Engine               - isMainMenuEnabled: true
19:12:48.807 [FXGL Background Thread 3 ] DEBUG Engine               - isManualResizeEnabled: false
19:12:48.807 [FXGL Background Thread 3 ] DEBUG Engine               - isMobile: false
19:12:48.807 [FXGL Background Thread 3 ] DEBUG Engine               - isNative: false
19:12:48.807 [FXGL Background Thread 3 ] DEBUG Engine               - isPauseMusicWhenMinimized: true
19:12:48.808 [FXGL Background Thread 3 ] DEBUG Engine               - isPreserveResizeRatio: false
19:12:48.808 [FXGL Background Thread 3 ] DEBUG Engine               - isProfilingEnabled: false
19:12:48.808 [FXGL Background Thread 3 ] DEBUG Engine               - isScaleAffectedOnResize: true
19:12:48.808 [FXGL Background Thread 3 ] DEBUG Engine               - isSingleStep: false
19:12:48.808 [FXGL Background Thread 3 ] DEBUG Engine               - isUserProfileEnabled: false
19:12:48.808 [FXGL Background Thread 3 ] DEBUG Engine               - isWindows: true
19:12:48.808 [FXGL Background Thread 3 ] DEBUG Engine               - language: ObjectProperty [value: ENGLISH]
19:12:48.808 [FXGL Background Thread 3 ] DEBUG Engine               - menuKey: ESCAPE
19:12:48.808 [FXGL Background Thread 3 ] DEBUG Engine               - mouseSensitivity: 0.2
19:12:48.808 [FXGL Background Thread 3 ] DEBUG Engine               - notificationViewClass: class com.almasb.fxgl.notification.view.XboxNotificationView
19:12:48.808 [FXGL Background Thread 3 ] DEBUG Engine               - pixelsPerMeter: 50.0
19:12:48.808 [FXGL Background Thread 3 ] DEBUG Engine               - platform: WINDOWS
19:12:48.808 [FXGL Background Thread 3 ] DEBUG Engine               - prefHeightProperty: ReadOnlyDoubleProperty [value: 672.0]
19:12:48.808 [FXGL Background Thread 3 ] DEBUG Engine               - prefWidthProperty: ReadOnlyDoubleProperty [value: 816.0]
19:12:48.808 [FXGL Background Thread 3 ] DEBUG Engine               - profileDir: profiles/
19:12:48.808 [FXGL Background Thread 3 ] DEBUG Engine               - profileName: StringProperty [value: DEFAULT]
19:12:48.808 [FXGL Background Thread 3 ] DEBUG Engine               - randomSeed: -1
19:12:48.809 [FXGL Background Thread 3 ] DEBUG Engine               - runtimeInfo: RuntimeInfo(platform=WINDOWS, version=17.1, build=24.03.2022 17.34)
19:12:48.809 [FXGL Background Thread 3 ] DEBUG Engine               - saveFileExt: sav
19:12:48.809 [FXGL Background Thread 3 ] DEBUG Engine               - scaledHeightProp$fxgl: DoubleProperty [bound, value: 672.0]
19:12:48.809 [FXGL Background Thread 3 ] DEBUG Engine               - scaledWidthProp$fxgl: DoubleProperty [bound, value: 816.0]
19:12:48.809 [FXGL Background Thread 3 ] DEBUG Engine               - sceneFactory: com.csu.tank.TankApp$1@5b7bcebe
19:12:48.809 [FXGL Background Thread 3 ] DEBUG Engine               - secondsIn24h: 60
19:12:48.809 [FXGL Background Thread 3 ] DEBUG Engine               - soundMenuBack: menu/back.wav
19:12:48.809 [FXGL Background Thread 3 ] DEBUG Engine               - soundMenuPress: menu/press.wav
19:12:48.809 [FXGL Background Thread 3 ] DEBUG Engine               - soundMenuSelect: menu/select.wav
19:12:48.809 [FXGL Background Thread 3 ] DEBUG Engine               - soundNotification: core/notification.wav
19:12:48.809 [FXGL Background Thread 3 ] DEBUG Engine               - stageStyle: DECORATED
19:12:48.809 [FXGL Background Thread 3 ] DEBUG Engine               - supportedLanguages: [ENGLISH, FRENCH, GERMAN, HUNGARIAN, RUSSIAN]
19:12:48.809 [FXGL Background Thread 3 ] DEBUG Engine               - ticksPerSecond: -1
19:12:48.809 [FXGL Background Thread 3 ] DEBUG Engine               - title: 90 Tank
19:12:48.809 [FXGL Background Thread 3 ] DEBUG Engine               - urlGithub: https://github.com/AlmasB/FXGL
19:12:48.810 [FXGL Background Thread 3 ] DEBUG Engine               - urlLeaderboard: http://fxgl-top.herokuapp.com/
19:12:48.810 [FXGL Background Thread 3 ] DEBUG Engine               - urlPOM: https://raw.githubusercontent.com/AlmasB/FXGL/release/README.md
19:12:48.810 [FXGL Background Thread 3 ] DEBUG Engine               - userAppClass: class com.csu.tank.TankApp
19:12:48.810 [FXGL Background Thread 3 ] DEBUG Engine               - version: Version 0.3
19:12:48.810 [FXGL Background Thread 3 ] DEBUG Engine               - versionCheckDays: 7
19:12:48.810 [FXGL Background Thread 3 ] DEBUG Engine               - width: 816
19:12:48.810 [FXGL Background Thread 3 ] DEBUG Engine               - Logging services
19:12:48.810 [FXGL Background Thread 3 ] DEBUG Engine               - class com.almasb.fxgl.app.services.FXGLAssetLoaderService
19:12:48.810 [FXGL Background Thread 3 ] DEBUG Engine               - class com.almasb.fxgl.app.FXGLApplication$GameApplicationService
19:12:48.810 [FXGL Background Thread 3 ] DEBUG Engine               - class com.almasb.fxgl.app.services.FXGLDialogService
19:12:48.810 [FXGL Background Thread 3 ] DEBUG Engine               - class com.almasb.fxgl.app.services.IOTaskExecutorService
19:12:48.810 [FXGL Background Thread 3 ] DEBUG Engine               - class com.almasb.fxgl.io.FileSystemService
19:12:48.810 [FXGL Background Thread 3 ] DEBUG Engine               - class com.almasb.fxgl.localization.LocalizationService
19:12:48.810 [FXGL Background Thread 3 ] DEBUG Engine               - class com.almasb.fxgl.app.services.SystemBundleService
19:12:48.810 [FXGL Background Thread 3 ] DEBUG Engine               - class com.almasb.fxgl.profile.SaveLoadService
19:12:48.810 [FXGL Background Thread 3 ] DEBUG Engine               - class com.almasb.fxgl.ui.FXGLUIFactoryServiceProvider
19:12:48.810 [FXGL Background Thread 3 ] DEBUG Engine               - class com.almasb.fxgl.ui.FXGLDialogFactoryServiceProvider
19:12:48.810 [FXGL Background Thread 3 ] DEBUG Engine               - class com.almasb.fxgl.audio.AudioPlayer
19:12:48.810 [FXGL Background Thread 3 ] DEBUG Engine               - class com.almasb.fxgl.notification.impl.NotificationServiceProvider
19:12:48.810 [FXGL Background Thread 3 ] DEBUG Engine               - class com.almasb.fxgl.achievement.AchievementService
19:12:48.810 [FXGL Background Thread 3 ] DEBUG Engine               - class com.almasb.fxgl.cutscene.CutsceneService
19:12:48.810 [FXGL Background Thread 3 ] DEBUG Engine               - class com.almasb.fxgl.minigames.MiniGameService
19:12:48.810 [FXGL Background Thread 3 ] DEBUG Engine               - class com.almasb.fxgl.net.NetService
19:12:48.810 [FXGL Background Thread 3 ] DEBUG Engine               - class com.almasb.fxgl.app.services.UpdaterService
19:12:48.811 [FXGL Background Thread 3 ] DEBUG Engine               - class com.almasb.fxgl.dev.DevService
19:12:49.591 [JavaFX Application Thread] DEBUG FXGLAssetLoaderServi - Loading from file system: file:/C:/Users/wangshifu/IdeaProjects/git/target/classes/assets/sounds/select.wav
19:12:49.599 [JavaFX Application Thread] DEBUG FXGLAssetLoaderServi - Loading from file system: file:/C:/Users/wangshifu/IdeaProjects/git/target/classes/assets/textures/map/brick.png
19:12:49.600 [JavaFX Application Thread] DEBUG FXGLAssetLoaderServi - Loading from file system: file:/C:/Users/wangshifu/IdeaProjects/git/target/classes/assets/properties/game.properties
19:12:49.608 [JavaFX Application Thread] DEBUG FXGLAssetLoaderServi - Loading from file system: file:/C:/Users/wangshifu/IdeaProjects/git/target/classes/assets/textures/ui/drawCursor.png
19:12:49.612 [JavaFX Application Thread] DEBUG FXGLAssetLoaderServi - Loading from file system: file:/C:/Users/wangshifu/IdeaProjects/git/target/classes/assets/textures/map/stone.png
19:12:49.616 [JavaFX Application Thread] DEBUG FXGLAssetLoaderServi - Loading from file system: file:/C:/Users/wangshifu/IdeaProjects/git/target/classes/assets/textures/map/flag.png
19:12:49.617 [JavaFX Application Thread] DEBUG FXGLAssetLoaderServi - Loading from file system: file:/C:/Users/wangshifu/IdeaProjects/git/target/classes/assets/textures/map/brick4.png
19:12:49.618 [JavaFX Application Thread] DEBUG FXGLAssetLoaderServi - Loading from file system: file:/C:/Users/wangshifu/IdeaProjects/git/target/classes/assets/textures/map/stone4.png
19:12:49.619 [JavaFX Application Thread] DEBUG FXGLAssetLoaderServi - Loading from file system: file:/C:/Users/wangshifu/IdeaProjects/git/target/classes/assets/textures/map/snow.png
19:12:49.620 [JavaFX Application Thread] DEBUG FXGLAssetLoaderServi - Loading from file system: file:/C:/Users/wangshifu/IdeaProjects/git/target/classes/assets/textures/map/snow4.png
19:12:49.621 [JavaFX Application Thread] DEBUG FXGLAssetLoaderServi - Loading from file system: file:/C:/Users/wangshifu/IdeaProjects/git/target/classes/assets/textures/map/sea.png
19:12:49.622 [JavaFX Application Thread] DEBUG FXGLAssetLoaderServi - Loading from file system: file:/C:/Users/wangshifu/IdeaProjects/git/target/classes/assets/textures/map/sea4.png
19:12:49.622 [JavaFX Application Thread] DEBUG FXGLAssetLoaderServi - Loading from file system: file:/C:/Users/wangshifu/IdeaProjects/git/target/classes/assets/textures/map/greens.png
19:12:49.623 [JavaFX Application Thread] DEBUG FXGLAssetLoaderServi - Loading from file system: file:/C:/Users/wangshifu/IdeaProjects/git/target/classes/assets/textures/map/greens4.png
19:12:49.624 [JavaFX Application Thread] DEBUG FXGLAssetLoaderServi - Loading from file system: file:/C:/Users/wangshifu/IdeaProjects/git/target/classes/assets/textures/map/empty.png
19:12:49.625 [JavaFX Application Thread] DEBUG FXGLAssetLoaderServi - Loading from file system: file:/C:/Users/wangshifu/IdeaProjects/git/target/classes/assets/textures/map/empty4.png
19:12:52.036 [JavaFX Application Thread] DEBUG FXGLAssetLoaderServi - Loading from file system: file:/C:/Users/wangshifu/IdeaProjects/git/target/classes/assets/text/levelStart.txt
19:12:52.038 [JavaFX Application Thread] DEBUG FXGLAssetLoaderServi - Loading from file system: file:/C:/Users/wangshifu/IdeaProjects/git/target/classes/assets/text/levelEnd.txt
19:12:52.046 [JavaFX Application Thread] DEBUG PrimaryStageWindow   - Pop state: GameMainMenu
19:12:52.046 [JavaFX Application Thread] DEBUG Input                - Clearing active input actions
19:12:52.047 [JavaFX Application Thread] DEBUG GameApplicationServi - Removing overlay from GameMainMenu and adding to FXGLMainMenuDummyScene
19:12:52.047 [JavaFX Application Thread] DEBUG PrimaryStageWindow   - FXGLMainMenuDummyScene <- GameMainMenu
19:12:52.047 [JavaFX Application Thread] WARN  PrimaryStageWindow   - Cannot set to FXGLMainMenuDummyScene. Probably because subscenes are present.
19:12:52.047 [JavaFX Application Thread] DEBUG PrimaryStageWindow   - Push state: GameMainMenu
19:12:52.048 [JavaFX Application Thread] DEBUG Input                - Clearing active input actions
19:12:52.049 [JavaFX Application Thread] DEBUG GameApplicationServi - Removing overlay from FXGLMainMenuDummyScene and adding to GameMainMenu
19:12:52.049 [JavaFX Application Thread] DEBUG PrimaryStageWindow   - FXGLMainMenuDummyScene -> GameMainMenu
19:12:53.079 [JavaFX Application Thread] DEBUG FXGLApplication      - Exiting FXGL
19:12:53.079 [JavaFX Application Thread] DEBUG LoopRunner           - Stopping loop
19:12:53.079 [JavaFX Application Thread] DEBUG SystemBundleService  - Saving FXGL system data
19:12:53.080 [JavaFX Application Thread] DEBUG FileSystemAccess     - Writing to: C:\Users\wangshifu\IdeaProjects\git\system\fxgl.bundle
19:12:53.081 [JavaFX Application Thread] DEBUG Async                - Shutting down background threads
19:12:53.081 [JavaFX Application Thread] DEBUG PrimaryStageWindow   - Closing main window
19:12:53.114 [JavaFX Application Thread] DEBUG Logger               - Closing Logger
